
scontrol show job 1249732
JobId=1249732 JobName=shock_batch_31
   UserId=anthonyy(3152141) GroupId=anthonyy(3152141) MCS_label=N/A
   Priority=727148 Nice=0 Account=rrg-jphickey QOS=normal
   JobState=COMPLETING Reason=NonZeroExitCode Dependency=(null)
   Requeue=0 Restarts=0 BatchFlag=1 Reboot=0 ExitCode=2:0
   RunTime=00:00:22 TimeLimit=18:00:00 TimeMin=N/A
   SubmitTime=2026-03-29T05:37:36 EligibleTime=2026-03-29T05:37:36
   AccrueTime=2026-03-29T05:37:36
   StartTime=2026-03-29T05:37:37 EndTime=2026-03-29T05:37:59 Deadline=N/A
   SuspendTime=None SecsPreSuspend=0 LastSchedEval=2026-03-29T05:37:37 Scheduler=Main
   Partition=compute AllocNode:Sid=tri-login01:535238
   ReqNodeList=(null) ExcNodeList=(null)
   NodeList=tri0082
   BatchHost=tri0082
   NumNodes=1 NumCPUs=192 NumTasks=1 CPUs/Task=1 ReqB:S:C:T=0:0:*:*
   ReqTRES=cpu=1,mem=767000M,node=1,billing=1
   AllocTRES=cpu=192,mem=767000M,node=1,billing=192
   Socks/Node=* NtasksPerN:B:S:C=1:0:*:* CoreSpec=*
   MinCPUsNode=1 MinMemoryNode=767000M MinTmpDiskNode=0
   Features=(null) DelayBoot=00:00:00
   OverSubscribe=NO Contiguous=0 Licenses=(null) LicensesAlloc=(null) Network=(null)
   Command=/scratch/anthonyy/reentry/orion/config/run_extract_shock_surface.sh
   SubmitLine=SBATCH --comment /opt/slurm/bin/sbatch --export=NONE --get-user-env --job-name shock_batch_31 --nodes 1 --ntasks-per-node 1 --cpus-per-task 1 --mem 0 --time 18:00:00 --account rrg-jphickey --output shock_extract_%j.out --error shock_extract_%j.err --chdir /scratch/anthonyy/reentry/orion /scratch/anthonyy/reentry/orion/config/run_extract_shock_surface.sh /cvmfs/soft.computecanada.ca/easybuild/software/2023/x86-64-v4/Compiler/gcccore/python/3.11.5/bin/python3 /scratch/anthonyy/reentry/orion/config/generated/shock_manifests/shock_batch_31_20260329_053736.txt --export=NONE --get-user-env --job-name shock_batch_31 --nodes 1 --ntasks-per-node 1 --cpus-per-task 1 --mem 0 --time 18:00:00 --account rrg-jphickey --output shock_extract_%j.out --error shock_extract_%j.err --chdir /scratch/anthonyy/reentry/orion /scratch/anthonyy/reentry/orion/config/run_extract_shock_surface.sh /cvmfs/soft.computecanada.ca/easybuild/software/2023/x86-64-v4/Compiler/gcccore/python/3.11.5/bin/python3 /scratch/anthonyy/reentry/orion/config/generated/shock_manifests/shock_batch_31_20260329_053736.txt
   WorkDir=/scratch/anthonyy/reentry/orion
   Comment=/opt/slurm/bin/sbatch --export=NONE --get-user-env --job-name shock_batch_31 --nodes 1 --ntasks-per-node 1 --cpus-per-task 1 --mem 0 --time 18:00:00 --account rrg-jphickey --output shock_extract_%j.out --error shock_extract_%j.err --chdir /scratch/anthonyy/reentry/orion /scratch/anthonyy/reentry/orion/config/run_extract_shock_surface.sh /cvmfs/soft.computecanada.ca/easybuild/software/2023/x86-64-v4/Compiler/gcccore/python/3.11.5/bin/python3 /scratch/anthonyy/reentry/orion/config/generated/shock_manifests/shock_batch_31_20260329_053736.txt
   StdErr=/scratch/anthonyy/reentry/orion/shock_extract_1249732.err
   StdIn=/dev/null
   StdOut=/scratch/anthonyy/reentry/orion/shock_extract_1249732.out
   TresPerTask=cpu=1

sacct -j 1249732
JobID           JobName    Account    Elapsed  MaxVMSize     MaxRSS  SystemCPU    UserCPU ExitCode 
------------ ---------- ---------- ---------- ---------- ---------- ---------- ---------- -------- 
1249732      shock_bat+ rrg-jphic+   00:00:22                         00:00:00   00:00:00      0:0 
1249732.bat+      batch rrg-jphic+   00:00:22                         00:00:00   00:00:00      0:0 
1249732.ext+     extern rrg-jphic+   00:00:22                         00:00:00   00:00:00      0:0 

