The following modules were not unloaded:
  (Use "module --force purge" to unload all):

  1) CCconfig        6)  ucx/1.14.1         11) flexiblas/3.3.1
  2) gentoo/2023     7)  libfabric/1.18.0   12) aocl-blas/5.1
  3) gcccore/.12.3   8)  pmix/4.2.4         13) aocl-lapack/5.1
  4) gcc/12.3        9)  ucc/1.2.0          14) StdEnv/2023
  5) hwloc/2.9.1     10) openmpi/4.1.5
[tri0962][[13191,2496],41][btl_tcp.c:559:mca_btl_tcp_recv_blocking] recv(71) failed: Connection reset by peer (104)
[tri0962][[13191,2496],54][btl_tcp.c:559:mca_btl_tcp_recv_blocking] recv(71) failed: Connection reset by peer (104)
[tri0962][[13191,2496],63][btl_tcp.c:559:mca_btl_tcp_recv_blocking] recv(71) failed: Connection reset by peer (104)
[tri0962][[13191,2496],41][btl_tcp.c:559:mca_btl_tcp_recv_blocking] recv(71) failed: Connection reset by peer (104)
[tri0962][[13191,2496],53][btl_tcp.c:559:mca_btl_tcp_recv_blocking] recv(71) failed: Connection reset by peer (104)
[tri0962][[13191,2496],3][btl_tcp.c:559:mca_btl_tcp_recv_blocking] recv(71) failed: Connection reset by peer (104)
[tri0962][[13191,2496],53][btl_tcp.c:559:mca_btl_tcp_recv_blocking] recv(71) failed: Connection reset by peer (104)
[tri0962][[13191,2496],54][btl_tcp.c:559:mca_btl_tcp_recv_blocking] recv(71) failed: Connection reset by peer (104)
[tri0962][[13191,2496],63][btl_tcp.c:559:mca_btl_tcp_recv_blocking] recv(71) failed: Connection reset by peer (104)
[tri0962][[13191,2496],41][btl_tcp.c:559:mca_btl_tcp_recv_blocking] recv(71) failed: Connection reset by peer (104)
[tri0962][[13191,2496],3][btl_tcp.c:559:mca_btl_tcp_recv_blocking] recv(71) failed: Connection reset by peer (104)
[tri0962][[13191,2496],2][btl_tcp.c:559:mca_btl_tcp_recv_blocking] recv(71) failed: Connection reset by peer (104)
[tri0962][[13191,2496],7][btl_tcp.c:559:mca_btl_tcp_recv_blocking] recv(71) failed: Connection reset by peer (104)
[tri0962][[13191,2496],42][btl_tcp.c:559:mca_btl_tcp_recv_blocking] recv(71) failed: Connection reset by peer (104)
[tri0962][[13191,2496],0][btl_tcp.c:559:mca_btl_tcp_recv_blocking] recv(72) failed: Connection reset by peer (104)
[tri0962][[13191,2496],32][btl_tcp.c:559:mca_btl_tcp_recv_blocking] recv(71) failed: Connection reset by peer (104)
[tri0962][[13191,2496],7][btl_tcp.c:559:mca_btl_tcp_recv_blocking] recv(71) failed: Connection reset by peer (104)
[tri0962][[13191,2496],42][btl_tcp.c:559:mca_btl_tcp_recv_blocking] recv(71) failed: Connection reset by peer (104)
[tri0962][[13191,2496],2][btl_tcp.c:559:mca_btl_tcp_recv_blocking] recv(71) failed: Connection reset by peer (104)
[tri0962][[13191,2496],0][btl_tcp.c:559:mca_btl_tcp_recv_blocking] recv(72) failed: Connection reset by peer (104)
[tri0962][[13191,2496],32][btl_tcp.c:559:mca_btl_tcp_recv_blocking] recv(71) failed: Connection reset by peer (104)
[tri0962][[13191,2496],4][btl_tcp.c:559:mca_btl_tcp_recv_blocking] recv(71) failed: Connection reset by peer (104)
[tri0962][[13191,2496],28][btl_tcp.c:559:mca_btl_tcp_recv_blocking] recv(71) failed: Connection reset by peer (104)
[tri0962][[13191,2496],38][btl_tcp.c:559:mca_btl_tcp_recv_blocking] recv(71) failed: Connection reset by peer (104)
[tri0962][[13191,2496],46][btl_tcp.c:559:mca_btl_tcp_recv_blocking] recv(71) failed: Connection reset by peer (104)
[tri0962][[13191,2496],37][btl_tcp.c:559:mca_btl_tcp_recv_blocking] recv(71) failed: Connection reset by peer (104)
[tri0962][[13191,2496],28][btl_tcp.c:559:mca_btl_tcp_recv_blocking] recv(71) failed: Connection reset by peer (104)
[tri0962][[13191,2496],33][btl_tcp.c:559:mca_btl_tcp_recv_blocking] recv(71) failed: Connection reset by peer (104)
[tri0962][[13191,2496],4][btl_tcp.c:559:mca_btl_tcp_recv_blocking] recv(71) failed: Connection reset by peer (104)
[tri0962][[13191,2496],37][btl_tcp.c:559:mca_btl_tcp_recv_blocking] recv(71) failed: Connection reset by peer (104)
[tri0962][[13191,2496],38][btl_tcp.c:559:mca_btl_tcp_recv_blocking] recv(71) failed: Connection reset by peer (104)
[tri0962][[13191,2496],46][btl_tcp.c:559:mca_btl_tcp_recv_blocking] recv(71) failed: Connection reset by peer (104)
[tri0962][[13191,2496],50][btl_tcp.c:559:mca_btl_tcp_recv_blocking] recv(71) failed: Connection reset by peer (104)
[tri0962][[13191,2496],47][btl_tcp.c:559:mca_btl_tcp_recv_blocking] recv(71) failed: Connection reset by peer (104)
[tri0962][[13191,2496],22][btl_tcp.c:559:mca_btl_tcp_recv_blocking] recv(71) failed: Connection reset by peer (104)
[tri0962][[13191,2496],52][btl_tcp.c:559:mca_btl_tcp_recv_blocking] recv(71) failed: Connection reset by peer (104)
[tri0962][[13191,2496],53][btl_tcp.c:559:mca_btl_tcp_recv_blocking] recv(71) failed: Connection reset by peer (104)
[tri0962][[13191,2496],33][btl_tcp.c:559:mca_btl_tcp_recv_blocking] recv(71) failed: Connection reset by peer (104)
[tri0962][[13191,2496],34][btl_tcp.c:559:mca_btl_tcp_recv_blocking] recv(71) failed: Connection reset by peer (104)
[tri0962][[13191,2496],50][btl_tcp.c:559:mca_btl_tcp_recv_blocking] recv(71) failed: Connection reset by peer (104)
[tri0962][[13191,2496],22][btl_tcp.c:559:mca_btl_tcp_recv_blocking] recv(71) failed: Connection reset by peer (104)
[tri0962][[13191,2496],52][btl_tcp.c:559:mca_btl_tcp_recv_blocking] recv(71) failed: Connection reset by peer (104)
[tri0962][[13191,2496],47][btl_tcp.c:559:mca_btl_tcp_recv_blocking] recv(71) failed: Connection reset by peer (104)
[tri0962][[13191,2496],30][btl_tcp.c:559:mca_btl_tcp_recv_blocking] recv(71) failed: Connection reset by peer (104)
[tri0962][[13191,2496],57][btl_tcp.c:559:mca_btl_tcp_recv_blocking] recv(71) failed: Connection reset by peer (104)
[tri0962][[13191,2496],40][btl_tcp.c:559:mca_btl_tcp_recv_blocking] recv(71) failed: Connection reset by peer (104)
[tri0962][[13191,2496],29][btl_tcp.c:559:mca_btl_tcp_recv_blocking] recv(71) failed: Connection reset by peer (104)
[tri0962][[13191,2496],54][btl_tcp.c:559:mca_btl_tcp_recv_blocking] recv(71) failed: Connection reset by peer (104)
[tri0962][[13191,2496],63][btl_tcp.c:559:mca_btl_tcp_recv_blocking] recv(71) failed: Connection reset by peer (104)
[tri0962][[13191,2496],34][btl_tcp.c:559:mca_btl_tcp_recv_blocking] recv(71) failed: Connection reset by peer (104)
[tri0962][[13191,2496],60][btl_tcp.c:559:mca_btl_tcp_recv_blocking] recv(71) failed: Connection reset by peer (104)
[tri0962][[13191,2496],45][btl_tcp.c:559:mca_btl_tcp_recv_blocking] recv(71) failed: Connection reset by peer (104)
[tri0962][[13191,2496],40][btl_tcp.c:559:mca_btl_tcp_recv_blocking] recv(71) failed: Connection reset by peer (104)
[tri0962][[13191,2496],57][btl_tcp.c:559:mca_btl_tcp_recv_blocking] recv(71) failed: Connection reset by peer (104)
[tri0962][[13191,2496],29][btl_tcp.c:559:mca_btl_tcp_recv_blocking] recv(71) failed: Connection reset by peer (104)
[tri0962][[13191,2496],30][btl_tcp.c:559:mca_btl_tcp_recv_blocking] recv(71) failed: Connection reset by peer (104)
[tri0962][[13191,2496],16][btl_tcp.c:559:mca_btl_tcp_recv_blocking] recv(71) failed: Connection reset by peer (104)
[tri0962][[13191,2496],55][btl_tcp.c:559:mca_btl_tcp_recv_blocking] recv(71) failed: Connection reset by peer (104)
[tri0962][[13191,2496],9][btl_tcp.c:559:mca_btl_tcp_recv_blocking] recv(71) failed: Connection reset by peer (104)
[tri0962][[13191,2496],49][btl_tcp.c:559:mca_btl_tcp_recv_blocking] recv(71) failed: Connection reset by peer (104)
[tri0962][[13191,2496],41][btl_tcp.c:559:mca_btl_tcp_recv_blocking] recv(71) failed: Connection reset by peer (104)
[tri0962][[13191,2496],63][btl_tcp.c:559:mca_btl_tcp_recv_blocking] recv(71) failed: Connection reset by peer (104)
[tri0962][[13191,2496],3][btl_tcp.c:559:mca_btl_tcp_recv_blocking] recv(71) failed: Connection reset by peer (104)
[tri0962][[13191,2496],60][btl_tcp.c:559:mca_btl_tcp_recv_blocking] recv(71) failed: Connection reset by peer (104)
[tri0962][[13191,2496],18][btl_tcp.c:559:mca_btl_tcp_recv_blocking] recv(71) failed: Connection reset by peer (104)
[tri0962][[13191,2496],7][btl_tcp.c:559:mca_btl_tcp_recv_blocking] recv(71) failed: Connection reset by peer (104)
[tri0962][[13191,2496],9][btl_tcp.c:559:mca_btl_tcp_recv_blocking] recv(71) failed: Connection reset by peer (104)
[tri0962][[13191,2496],55][btl_tcp.c:559:mca_btl_tcp_recv_blocking] recv(71) failed: Connection reset by peer (104)
[tri0962][[13191,2496],16][btl_tcp.c:559:mca_btl_tcp_recv_blocking] recv(71) failed: Connection reset by peer (104)
[tri0962][[13191,2496],49][btl_tcp.c:559:mca_btl_tcp_recv_blocking] recv(71) failed: Connection reset by peer (104)
[tri0962][[13191,2496],11][btl_tcp.c:559:mca_btl_tcp_recv_blocking] recv(71) failed: Connection reset by peer (104)
[tri0962][[13191,2496],61][btl_tcp.c:559:mca_btl_tcp_recv_blocking] recv(71) failed: Connection reset by peer (104)
[tri0962][[13191,2496],59][btl_tcp.c:559:mca_btl_tcp_recv_blocking] recv(71) failed: Connection reset by peer (104)
[tri0962][[13191,2496],20][btl_tcp.c:559:mca_btl_tcp_recv_blocking] recv(71) failed: Connection reset by peer (104)
[tri0962][[13191,2496],42][btl_tcp.c:559:mca_btl_tcp_recv_blocking] recv(71) failed: Connection reset by peer (104)
[tri0962][[13191,2496],18][btl_tcp.c:559:mca_btl_tcp_recv_blocking] recv(71) failed: Connection reset by peer (104)
[tri0962][[13191,2496],31][btl_tcp.c:559:mca_btl_tcp_recv_blocking] recv(71) failed: Connection reset by peer (104)
[tri0962][[13191,2496],2][btl_tcp.c:559:mca_btl_tcp_recv_blocking] recv(71) failed: Connection reset by peer (104)
[tri0962][[13191,2496],11][btl_tcp.c:559:mca_btl_tcp_recv_blocking] recv(71) failed: Connection reset by peer (104)
[tri0962][[13191,2496],61][btl_tcp.c:559:mca_btl_tcp_recv_blocking] recv(71) failed: Connection reset by peer (104)
[tri0962][[13191,2496],59][btl_tcp.c:559:mca_btl_tcp_recv_blocking] recv(71) failed: Connection reset by peer (104)
[tri0962][[13191,2496],20][btl_tcp.c:559:mca_btl_tcp_recv_blocking] recv(71) failed: Connection reset by peer (104)
[tri0962][[13191,2496],39][btl_tcp.c:559:mca_btl_tcp_recv_blocking] recv(71) failed: Connection reset by peer (104)
[tri0962][[13191,2496],21][btl_tcp.c:559:mca_btl_tcp_recv_blocking] recv(71) failed: Connection reset by peer (104)
[tri0962][[13191,2496],14][btl_tcp.c:559:mca_btl_tcp_recv_blocking] recv(71) failed: Connection reset by peer (104)
[tri0962][[13191,2496],48][btl_tcp.c:559:mca_btl_tcp_recv_blocking] recv(71) failed: Connection reset by peer (104)
[tri0962][[13191,2496],0][btl_tcp.c:559:mca_btl_tcp_recv_blocking] recv(72) failed: Connection reset by peer (104)
[tri0962][[13191,2496],31][btl_tcp.c:559:mca_btl_tcp_recv_blocking] recv(71) failed: Connection reset by peer (104)
[tri0962][[13191,2496],17][btl_tcp.c:559:mca_btl_tcp_recv_blocking] recv(71) failed: Connection reset by peer (104)
[tri0962][[13191,2496],32][btl_tcp.c:559:mca_btl_tcp_recv_blocking] recv(71) failed: Connection reset by peer (104)
[tri0962][[13191,2496],39][btl_tcp.c:559:mca_btl_tcp_recv_blocking] recv(71) failed: Connection reset by peer (104)
[tri0962][[13191,2496],14][btl_tcp.c:559:mca_btl_tcp_recv_blocking] recv(71) failed: Connection reset by peer (104)
[tri0962][[13191,2496],21][btl_tcp.c:559:mca_btl_tcp_recv_blocking] recv(71) failed: Connection reset by peer (104)
[tri0962][[13191,2496],48][btl_tcp.c:559:mca_btl_tcp_recv_blocking] recv(71) failed: Connection reset by peer (104)
[tri0962][[13191,2496],12][btl_tcp.c:559:mca_btl_tcp_recv_blocking] recv(71) failed: Connection reset by peer (104)
[tri0962][[13191,2496],62][btl_tcp.c:559:mca_btl_tcp_recv_blocking] recv(71) failed: Connection reset by peer (104)
[tri0962][[13191,2496],5][btl_tcp.c:559:mca_btl_tcp_recv_blocking] recv(71) failed: Connection reset by peer (104)
[tri0962][[13191,2496],19][btl_tcp.c:559:mca_btl_tcp_recv_blocking] recv(71) failed: Connection reset by peer (104)
[tri0962][[13191,2496],28][btl_tcp.c:559:mca_btl_tcp_recv_blocking] recv(71) failed: Connection reset by peer (104)
[tri0962][[13191,2496],17][btl_tcp.c:559:mca_btl_tcp_recv_blocking] recv(71) failed: Connection reset by peer (104)
[tri0962][[13191,2496],6][btl_tcp.c:559:mca_btl_tcp_recv_blocking] recv(71) failed: Connection reset by peer (104)
[tri0962][[13191,2496],4][btl_tcp.c:559:mca_btl_tcp_recv_blocking] recv(71) failed: Connection reset by peer (104)
[tri0962][[13191,2496],62][btl_tcp.c:559:mca_btl_tcp_recv_blocking] recv(71) failed: Connection reset by peer (104)
[tri0962][[13191,2496],5][btl_tcp.c:559:mca_btl_tcp_recv_blocking] recv(71) failed: Connection reset by peer (104)
[tri0962][[13191,2496],12][btl_tcp.c:559:mca_btl_tcp_recv_blocking] recv(71) failed: Connection reset by peer (104)
[tri0962][[13191,2496],19][btl_tcp.c:559:mca_btl_tcp_recv_blocking] recv(71) failed: Connection reset by peer (104)
[tri0962][[13191,2496],26][btl_tcp.c:559:mca_btl_tcp_recv_blocking] recv(71) failed: Connection reset by peer (104)
[tri0962][[13191,2496],56][btl_tcp.c:559:mca_btl_tcp_recv_blocking] recv(71) failed: Connection reset by peer (104)
[tri0962][[13191,2496],58][btl_tcp.c:559:mca_btl_tcp_recv_blocking] recv(71) failed: Connection reset by peer (104)
[tri0962][[13191,2496],24][btl_tcp.c:559:mca_btl_tcp_recv_blocking] recv(71) failed: Connection reset by peer (104)
[tri0962][[13191,2496],37][btl_tcp.c:559:mca_btl_tcp_recv_blocking] recv(71) failed: Connection reset by peer (104)
[tri0962][[13191,2496],6][btl_tcp.c:559:mca_btl_tcp_recv_blocking] recv(71) failed: Connection reset by peer (104)
[tri0962][[13191,2496],27][btl_tcp.c:559:mca_btl_tcp_recv_blocking] recv(71) failed: Connection reset by peer (104)
[tri0962][[13191,2496],38][btl_tcp.c:559:mca_btl_tcp_recv_blocking] recv(71) failed: Connection reset by peer (104)
[tri0962][[13191,2496],56][btl_tcp.c:559:mca_btl_tcp_recv_blocking] recv(71) failed: Connection reset by peer (104)
[tri0962][[13191,2496],26][btl_tcp.c:559:mca_btl_tcp_recv_blocking] recv(71) failed: Connection reset by peer (104)
[tri0962][[13191,2496],58][btl_tcp.c:559:mca_btl_tcp_recv_blocking] recv(71) failed: Connection reset by peer (104)
[tri0962][[13191,2496],24][btl_tcp.c:559:mca_btl_tcp_recv_blocking] recv(71) failed: Connection reset by peer (104)
[tri0962][[13191,2496],45][btl_tcp.c:559:mca_btl_tcp_recv_blocking] recv(71) failed: Connection reset by peer (104)
[tri0962][[13191,2496],43][btl_tcp.c:559:mca_btl_tcp_recv_blocking] recv(71) failed: Connection reset by peer (104)
[tri0962][[13191,2496],35][btl_tcp.c:559:mca_btl_tcp_recv_blocking] recv(71) failed: Connection reset by peer (104)
[tri0962][[13191,2496],46][btl_tcp.c:559:mca_btl_tcp_recv_blocking] recv(71) failed: Connection reset by peer (104)
[tri0962][[13191,2496],13][btl_tcp.c:559:mca_btl_tcp_recv_blocking] recv(71) failed: Connection reset by peer (104)
[tri0962][[13191,2496],27][btl_tcp.c:559:mca_btl_tcp_recv_blocking] recv(71) failed: Connection reset by peer (104)
[tri0962][[13191,2496],10][btl_tcp.c:559:mca_btl_tcp_recv_blocking] recv(71) failed: Connection reset by peer (104)
[tri0962][[13191,2496],45][btl_tcp.c:559:mca_btl_tcp_recv_blocking] recv(71) failed: Connection reset by peer (104)
[tri0962][[13191,2496],43][btl_tcp.c:559:mca_btl_tcp_recv_blocking] recv(71) failed: Connection reset by peer (104)
[tri0962][[13191,2496],35][btl_tcp.c:559:mca_btl_tcp_recv_blocking] recv(71) failed: Connection reset by peer (104)
[tri0962][[13191,2496],13][btl_tcp.c:559:mca_btl_tcp_recv_blocking] recv(71) failed: Connection reset by peer (104)
[tri0962][[13191,2496],10][btl_tcp.c:559:mca_btl_tcp_recv_blocking] recv(71) failed: Connection reset by peer (104)
[tri0962][[13191,2496],53][btl_tcp.c:559:mca_btl_tcp_recv_blocking] recv(71) failed: Connection reset by peer (104)
[tri0962][[13191,2496],28][btl_tcp.c:559:mca_btl_tcp_recv_blocking] recv(71) failed: Connection reset by peer (104)
[tri0962][[13191,2496],4][btl_tcp.c:559:mca_btl_tcp_recv_blocking] recv(71) failed: Connection reset by peer (104)
[tri0962][[13191,2496],41][btl_tcp.c:559:mca_btl_tcp_recv_blocking] recv(71) failed: Connection reset by peer (104)
[tri0962][[13191,2496],54][btl_tcp.c:559:mca_btl_tcp_recv_blocking] recv(71) failed: Connection reset by peer (104)
[tri0962][[13191,2496],37][btl_tcp.c:559:mca_btl_tcp_recv_blocking] recv(71) failed: Connection reset by peer (104)
[tri0962][[13191,2496],38][btl_tcp.c:559:mca_btl_tcp_recv_blocking] recv(71) failed: Connection reset by peer (104)
[tri0962][[13191,2496],47][btl_tcp.c:559:mca_btl_tcp_recv_blocking] recv(71) failed: Connection reset by peer (104)
[tri0962][[13191,2496],32][btl_tcp.c:559:mca_btl_tcp_recv_blocking] recv(71) failed: Connection reset by peer (104)
[tri0962][[13191,2496],63][btl_tcp.c:559:mca_btl_tcp_recv_blocking] recv(71) failed: Connection reset by peer (104)
[tri0962][[13191,2496],53][btl_tcp.c:559:mca_btl_tcp_recv_blocking] recv(71) failed: Connection reset by peer (104)
[tri0962][[13191,2496],61][btl_tcp.c:559:mca_btl_tcp_recv_blocking] recv(71) failed: Connection reset by peer (104)
[tri0962][[13191,2496],40][btl_tcp.c:559:mca_btl_tcp_recv_blocking] recv(71) failed: Connection reset by peer (104)
[tri0962][[13191,2496],11][btl_tcp.c:559:mca_btl_tcp_recv_blocking] recv(71) failed: Connection reset by peer (104)
[tri0962][[13191,2496],18][btl_tcp.c:559:mca_btl_tcp_recv_blocking] recv(71) failed: Connection reset by peer (104)
[tri0962][[13191,2496],57][btl_tcp.c:559:mca_btl_tcp_recv_blocking] recv(71) failed: Connection reset by peer (104)
[tri0962][[13191,2496],29][btl_tcp.c:559:mca_btl_tcp_recv_blocking] recv(71) failed: Connection reset by peer (104)
[tri0962][[13191,2496],59][btl_tcp.c:559:mca_btl_tcp_recv_blocking] recv(71) failed: Connection reset by peer (104)
[tri0962][[13191,2496],34][btl_tcp.c:559:mca_btl_tcp_recv_blocking] recv(71) failed: Connection reset by peer (104)
[tri0962][[13191,2496],49][btl_tcp.c:559:mca_btl_tcp_recv_blocking] recv(71) failed: Connection reset by peer (104)
[tri0962][[13191,2496],48][btl_tcp.c:559:mca_btl_tcp_recv_blocking] recv(71) failed: Connection reset by peer (104)
[tri0962][[13191,2496],54][btl_tcp.c:559:mca_btl_tcp_recv_blocking] recv(71) failed: Connection reset by peer (104)
[tri0962][[13191,2496],62][btl_tcp.c:559:mca_btl_tcp_recv_blocking] recv(71) failed: Connection reset by peer (104)
[tri0962][[13191,2496],13][btl_tcp.c:559:mca_btl_tcp_recv_blocking] recv(71) failed: Connection reset by peer (104)
[tri0962][[13191,2496],35][btl_tcp.c:559:mca_btl_tcp_recv_blocking] recv(71) failed: Connection reset by peer (104)
[tri0962][[13191,2496],19][btl_tcp.c:559:mca_btl_tcp_recv_blocking] recv(71) failed: Connection reset by peer (104)
[tri0962][[13191,2496],45][btl_tcp.c:559:mca_btl_tcp_recv_blocking] recv(71) failed: Connection reset by peer (104)
[tri0962][[13191,2496],12][btl_tcp.c:559:mca_btl_tcp_recv_blocking] recv(71) failed: Connection reset by peer (104)
[tri0962][[13191,2496],5][btl_tcp.c:559:mca_btl_tcp_recv_blocking] recv(71) failed: Connection reset by peer (104)
[tri0962][[13191,2496],43][btl_tcp.c:559:mca_btl_tcp_recv_blocking] recv(71) failed: Connection reset by peer (104)
[tri0962][[13191,2496],10][btl_tcp.c:559:mca_btl_tcp_recv_blocking] recv(71) failed: Connection reset by peer (104)
[tri0962][[13191,2496],17][btl_tcp.c:559:mca_btl_tcp_recv_blocking] recv(71) failed: Connection reset by peer (104)
[tri0962][[13191,2496],39][btl_tcp.c:559:mca_btl_tcp_recv_blocking] recv(71) failed: Connection reset by peer (104)
[tri0962][[13191,2496],14][btl_tcp.c:559:mca_btl_tcp_recv_blocking] recv(71) failed: Connection reset by peer (104)
[tri0962][[13191,2496],6][btl_tcp.c:559:mca_btl_tcp_recv_blocking] recv(71) failed: Connection reset by peer (104)
[tri0962][[13191,2496],21][btl_tcp.c:559:mca_btl_tcp_recv_blocking] recv(71) failed: Connection reset by peer (104)
[tri0962][[13191,2496],31][btl_tcp.c:559:mca_btl_tcp_recv_blocking] recv(71) failed: Connection reset by peer (104)
[tri0962][[13191,2496],56][btl_tcp.c:559:mca_btl_tcp_recv_blocking] recv(71) failed: Connection reset by peer (104)
[tri0962][[13191,2496],58][btl_tcp.c:559:mca_btl_tcp_recv_blocking] recv(71) failed: Connection reset by peer (104)
[tri0962][[13191,2496],26][btl_tcp.c:559:mca_btl_tcp_recv_blocking] recv(71) failed: Connection reset by peer (104)
[tri0962][[13191,2496],27][btl_tcp.c:559:mca_btl_tcp_recv_blocking] recv(71) failed: Connection reset by peer (104)
[tri0962][[13191,2496],24][btl_tcp.c:559:mca_btl_tcp_recv_blocking] recv(71) failed: Connection reset by peer (104)
[tri0962][[13191,2496],63][btl_tcp.c:559:mca_btl_tcp_recv_blocking] recv(71) failed: Connection reset by peer (104)
[tri0962][[13191,2496],55][btl_tcp.c:559:mca_btl_tcp_recv_blocking] recv(71) failed: Connection reset by peer (104)
[tri0962][[13191,2496],50][btl_tcp.c:559:mca_btl_tcp_recv_blocking] recv(71) failed: Connection reset by peer (104)
[tri0962][[13191,2496],60][btl_tcp.c:559:mca_btl_tcp_recv_blocking] recv(71) failed: Connection reset by peer (104)
[tri0962][[13191,2496],52][btl_tcp.c:559:mca_btl_tcp_recv_blocking] recv(71) failed: Connection reset by peer (104)
[tri0962][[13191,2496],9][btl_tcp.c:559:mca_btl_tcp_recv_blocking] recv(71) failed: Connection reset by peer (104)
[tri0962][[13191,2496],30][btl_tcp.c:559:mca_btl_tcp_recv_blocking] recv(71) failed: Connection reset by peer (104)
[tri0962][[13191,2496],16][btl_tcp.c:559:mca_btl_tcp_recv_blocking] recv(71) failed: Connection reset by peer (104)
[tri0962][[13191,2496],33][btl_tcp.c:559:mca_btl_tcp_recv_blocking] recv(71) failed: Connection reset by peer (104)
[tri0962][[13191,2496],22][btl_tcp.c:559:mca_btl_tcp_recv_blocking] recv(71) failed: Connection reset by peer (104)
[tri0962][[13191,2496],20][btl_tcp.c:559:mca_btl_tcp_recv_blocking] recv(71) failed: Connection reset by peer (104)
[tri0962][[13191,2496],41][btl_tcp.c:559:mca_btl_tcp_recv_blocking] recv(71) failed: Connection reset by peer (104)
[tri0962][[13191,2496],2][btl_tcp.c:559:mca_btl_tcp_recv_blocking] recv(71) failed: Connection reset by peer (104)
[tri0962][[13191,2496],3][btl_tcp.c:559:mca_btl_tcp_recv_blocking] recv(71) failed: Connection reset by peer (104)
[tri0962][[13191,2496],46][btl_tcp.c:559:mca_btl_tcp_recv_blocking] recv(71) failed: Connection reset by peer (104)
[tri0962][[13191,2496],0][btl_tcp.c:559:mca_btl_tcp_recv_blocking] recv(72) failed: Connection reset by peer (104)
[tri0962][[13191,2496],7][btl_tcp.c:559:mca_btl_tcp_recv_blocking] recv(71) failed: Connection reset by peer (104)
[tri0962][[13191,2496],42][btl_tcp.c:559:mca_btl_tcp_recv_blocking] recv(71) failed: Connection reset by peer (104)
[tri0962][[13191,2496],3][btl_tcp.c:559:mca_btl_tcp_recv_blocking] recv(71) failed: Connection reset by peer (104)
[tri0962][[13191,2496],7][btl_tcp.c:559:mca_btl_tcp_recv_blocking] recv(71) failed: Connection reset by peer (104)
[tri0962][[13191,2496],42][btl_tcp.c:559:mca_btl_tcp_recv_blocking] recv(71) failed: Connection reset by peer (104)
[tri0962][[13191,2496],2][btl_tcp.c:559:mca_btl_tcp_recv_blocking] recv(71) failed: Connection reset by peer (104)
[tri0962][[13191,2496],0][btl_tcp.c:559:mca_btl_tcp_recv_blocking] recv(72) failed: Connection reset by peer (104)
[tri0962][[13191,2496],32][btl_tcp.c:559:mca_btl_tcp_recv_blocking] recv(71) failed: Connection reset by peer (104)
[tri0962][[13191,2496],28][btl_tcp.c:559:mca_btl_tcp_recv_blocking] recv(71) failed: Connection reset by peer (104)
[tri0962][[13191,2496],4][btl_tcp.c:559:mca_btl_tcp_recv_blocking] recv(71) failed: Connection reset by peer (104)
[tri0962][[13191,2496],37][btl_tcp.c:559:mca_btl_tcp_recv_blocking] recv(71) failed: Connection reset by peer (104)
[tri0962][[13191,2496],38][btl_tcp.c:559:mca_btl_tcp_recv_blocking] recv(71) failed: Connection reset by peer (104)
[tri0962][[13191,2496],46][btl_tcp.c:559:mca_btl_tcp_recv_blocking] recv(71) failed: Connection reset by peer (104)
[tri0962][[13191,2496],33][btl_tcp.c:559:mca_btl_tcp_recv_blocking] recv(71) failed: Connection reset by peer (104)
[tri0962][[13191,2496],50][btl_tcp.c:559:mca_btl_tcp_recv_blocking] recv(71) failed: Connection reset by peer (104)
[tri0962][[13191,2496],53][btl_tcp.c:559:mca_btl_tcp_recv_blocking] recv(71) failed: Connection reset by peer (104)
[tri0962][[13191,2496],22][btl_tcp.c:559:mca_btl_tcp_recv_blocking] recv(71) failed: Connection reset by peer (104)
[tri0962][[13191,2496],52][btl_tcp.c:559:mca_btl_tcp_recv_blocking] recv(71) failed: Connection reset by peer (104)
[tri0962][[13191,2496],47][btl_tcp.c:559:mca_btl_tcp_recv_blocking] recv(71) failed: Connection reset by peer (104)
[tri0962][[13191,2496],34][btl_tcp.c:559:mca_btl_tcp_recv_blocking] recv(71) failed: Connection reset by peer (104)
[tri0962][[13191,2496],40][btl_tcp.c:559:mca_btl_tcp_recv_blocking] recv(71) failed: Connection reset by peer (104)
[tri0962][[13191,2496],57][btl_tcp.c:559:mca_btl_tcp_recv_blocking] recv(71) failed: Connection reset by peer (104)
[tri0962][[13191,2496],16][btl_tcp.c:559:mca_btl_tcp_recv_blocking] recv(71) failed: Connection reset by peer (104)
[tri0962][[13191,2496],29][btl_tcp.c:559:mca_btl_tcp_recv_blocking] recv(71) failed: Connection reset by peer (104)
[tri0962][[13191,2496],16][btl_tcp.c:559:mca_btl_tcp_recv_blocking] recv(71) failed: Connection reset by peer (104)
[tri0962][[13191,2496],30][btl_tcp.c:559:mca_btl_tcp_recv_blocking] recv(71) failed: Connection reset by peer (104)
[tri0962][[13191,2496],57][btl_tcp.c:559:mca_btl_tcp_recv_blocking] recv(71) failed: Connection reset by peer (104)
[tri0962][[13191,2496],60][btl_tcp.c:559:mca_btl_tcp_recv_blocking] recv(71) failed: Connection reset by peer (104)
[tri0962][[13191,2496],57][btl_tcp.c:559:mca_btl_tcp_recv_blocking] recv(71) failed: Connection reset by peer (104)
[tri0962][[13191,2496],9][btl_tcp.c:559:mca_btl_tcp_recv_blocking] recv(71) failed: Connection reset by peer (104)
[tri0962][[13191,2496],57][btl_tcp.c:559:mca_btl_tcp_recv_blocking] recv(71) failed: Connection reset by peer (104)
[tri0962][[13191,2496],55][btl_tcp.c:559:mca_btl_tcp_recv_blocking] recv(71) failed: Connection reset by peer (104)
[tri0962][[13191,2496],57][btl_tcp.c:559:mca_btl_tcp_recv_blocking] recv(71) failed: Connection reset by peer (104)
[tri0962][[13191,2496],16][btl_tcp.c:559:mca_btl_tcp_recv_blocking] recv(71) failed: Connection reset by peer (104)
[tri0962][[13191,2496],54][btl_tcp.c:559:mca_btl_tcp_recv_blocking] recv(71) failed: Connection reset by peer (104)
[tri0962][[13191,2496],57][btl_tcp.c:559:mca_btl_tcp_recv_blocking] recv(71) failed: Connection reset by peer (104)
[tri0962][[13191,2496],49][btl_tcp.c:559:mca_btl_tcp_recv_blocking] recv(71) failed: Connection reset by peer (104)
[tri0962][[13191,2496],18][btl_tcp.c:559:mca_btl_tcp_recv_blocking] recv(71) failed: Connection reset by peer (104)
[tri0962][[13191,2496],11][btl_tcp.c:559:mca_btl_tcp_recv_blocking] recv(71) failed: Connection reset by peer (104)
[tri0962][[13191,2496],61][btl_tcp.c:559:mca_btl_tcp_recv_blocking] recv(71) failed: Connection reset by peer (104)
[tri0962][[13191,2496],59][btl_tcp.c:559:mca_btl_tcp_recv_blocking] recv(71) failed: Connection reset by peer (104)
[tri0962][[13191,2496],20][btl_tcp.c:559:mca_btl_tcp_recv_blocking] recv(71) failed: Connection reset by peer (104)
[tri0962][[13191,2496],31][btl_tcp.c:559:mca_btl_tcp_recv_blocking] recv(71) failed: Connection reset by peer (104)
[tri0962][[13191,2496],39][btl_tcp.c:559:mca_btl_tcp_recv_blocking] recv(71) failed: Connection reset by peer (104)
[tri0962][[13191,2496],14][btl_tcp.c:559:mca_btl_tcp_recv_blocking] recv(71) failed: Connection reset by peer (104)
[tri0962][[13191,2496],21][btl_tcp.c:559:mca_btl_tcp_recv_blocking] recv(71) failed: Connection reset by peer (104)
[tri0962][[13191,2496],16][btl_tcp.c:559:mca_btl_tcp_recv_blocking] recv(71) failed: Connection reset by peer (104)
[tri0962][[13191,2496],48][btl_tcp.c:559:mca_btl_tcp_recv_blocking] recv(71) failed: Connection reset by peer (104)
[tri0962][[13191,2496],17][btl_tcp.c:559:mca_btl_tcp_recv_blocking] recv(71) failed: Connection reset by peer (104)
[tri0962][[13191,2496],63][btl_tcp.c:559:mca_btl_tcp_recv_blocking] recv(71) failed: Connection reset by peer (104)
[tri0962][[13191,2496],62][btl_tcp.c:559:mca_btl_tcp_recv_blocking] recv(71) failed: Connection reset by peer (104)
[tri0962][[13191,2496],5][btl_tcp.c:559:mca_btl_tcp_recv_blocking] recv(71) failed: Connection reset by peer (104)
[tri0962][[13191,2496],16][btl_tcp.c:559:mca_btl_tcp_recv_blocking] recv(71) failed: Connection reset by peer (104)
[tri0962][[13191,2496],16][btl_tcp.c:559:mca_btl_tcp_recv_blocking] recv(71) failed: Connection reset by peer (104)
[tri0962][[13191,2496],12][btl_tcp.c:559:mca_btl_tcp_recv_blocking] recv(71) failed: Connection reset by peer (104)
[tri0962][[13191,2496],19][btl_tcp.c:559:mca_btl_tcp_recv_blocking] recv(71) failed: Connection reset by peer (104)
[tri0962][[13191,2496],6][btl_tcp.c:559:mca_btl_tcp_recv_blocking] recv(71) failed: Connection reset by peer (104)
[tri0962][[13191,2496],56][btl_tcp.c:559:mca_btl_tcp_recv_blocking] recv(71) failed: Connection reset by peer (104)
[tri0962][[13191,2496],26][btl_tcp.c:559:mca_btl_tcp_recv_blocking] recv(71) failed: Connection reset by peer (104)
[tri0962][[13191,2496],58][btl_tcp.c:559:mca_btl_tcp_recv_blocking] recv(71) failed: Connection reset by peer (104)
[tri0962][[13191,2496],24][btl_tcp.c:559:mca_btl_tcp_recv_blocking] recv(71) failed: Connection reset by peer (104)
[tri0962][[13191,2496],27][btl_tcp.c:559:mca_btl_tcp_recv_blocking] recv(71) failed: Connection reset by peer (104)
[tri0962][[13191,2496],45][btl_tcp.c:559:mca_btl_tcp_recv_blocking] recv(71) failed: Connection reset by peer (104)
[tri0962][[13191,2496],43][btl_tcp.c:559:mca_btl_tcp_recv_blocking] recv(71) failed: Connection reset by peer (104)
[tri0962][[13191,2496],41][btl_tcp.c:559:mca_btl_tcp_recv_blocking] recv(71) failed: Connection reset by peer (104)
[tri0962][[13191,2496],35][btl_tcp.c:559:mca_btl_tcp_recv_blocking] recv(71) failed: Connection reset by peer (104)
[tri0962][[13191,2496],13][btl_tcp.c:559:mca_btl_tcp_recv_blocking] recv(71) failed: Connection reset by peer (104)
[tri0962][[13191,2496],10][btl_tcp.c:559:mca_btl_tcp_recv_blocking] recv(71) failed: Connection reset by peer (104)
[tri0962][[13191,2496],32][btl_tcp.c:559:mca_btl_tcp_recv_blocking] recv(71) failed: Connection reset by peer (104)
[tri0962][[13191,2496],28][btl_tcp.c:559:mca_btl_tcp_recv_blocking] recv(71) failed: Connection reset by peer (104)
[tri0962][[13191,2496],63][btl_tcp.c:559:mca_btl_tcp_recv_blocking] recv(71) failed: Connection reset by peer (104)
[tri0962][[13191,2496],3][btl_tcp.c:559:mca_btl_tcp_recv_blocking] recv(71) failed: Connection reset by peer (104)
[tri0962][[13191,2496],41][btl_tcp.c:559:mca_btl_tcp_recv_blocking] recv(71) failed: Connection reset by peer (104)
[tri0962][[13191,2496],53][btl_tcp.c:559:mca_btl_tcp_recv_blocking] recv(71) failed: Connection reset by peer (104)
[tri0962][[13191,2496],42][btl_tcp.c:559:mca_btl_tcp_recv_blocking] recv(71) failed: Connection reset by peer (104)
[tri0962][[13191,2496],54][btl_tcp.c:559:mca_btl_tcp_recv_blocking] recv(71) failed: Connection reset by peer (104)
[tri0962][[13191,2496],32][btl_tcp.c:559:mca_btl_tcp_recv_blocking] recv(71) failed: Connection reset by peer (104)
[tri0962][[13191,2496],7][btl_tcp.c:559:mca_btl_tcp_recv_blocking] recv(71) failed: Connection reset by peer (104)
[tri0962][[13191,2496],2][btl_tcp.c:559:mca_btl_tcp_recv_blocking] recv(71) failed: Connection reset by peer (104)
[tri0962][[13191,2496],28][btl_tcp.c:559:mca_btl_tcp_recv_blocking] recv(71) failed: Connection reset by peer (104)
[tri0962][[13191,2496],52][btl_tcp.c:559:mca_btl_tcp_recv_blocking] recv(71) failed: Connection reset by peer (104)
[tri0962][[13191,2496],47][btl_tcp.c:559:mca_btl_tcp_recv_blocking] recv(71) failed: Connection reset by peer (104)
[tri0962][[13191,2496],22][btl_tcp.c:559:mca_btl_tcp_recv_blocking] recv(71) failed: Connection reset by peer (104)
[tri0962][[13191,2496],0][btl_tcp.c:559:mca_btl_tcp_recv_blocking] recv(72) failed: Connection reset by peer (104)
[tri0962][[13191,2496],4][btl_tcp.c:559:mca_btl_tcp_recv_blocking] recv(71) failed: Connection reset by peer (104)
[tri0962][[13191,2496],34][btl_tcp.c:559:mca_btl_tcp_recv_blocking] recv(71) failed: Connection reset by peer (104)
[tri0962][[13191,2496],50][btl_tcp.c:559:mca_btl_tcp_recv_blocking] recv(71) failed: Connection reset by peer (104)
[tri0962][[13191,2496],38][btl_tcp.c:559:mca_btl_tcp_recv_blocking] recv(71) failed: Connection reset by peer (104)
[tri0962][[13191,2496],46][btl_tcp.c:559:mca_btl_tcp_recv_blocking] recv(71) failed: Connection reset by peer (104)
[tri0962][[13191,2496],37][btl_tcp.c:559:mca_btl_tcp_recv_blocking] recv(71) failed: Connection reset by peer (104)
[tri0962][[13191,2496],33][btl_tcp.c:559:mca_btl_tcp_recv_blocking] recv(71) failed: Connection reset by peer (104)
[tri0962][[13191,2496],30][btl_tcp.c:559:mca_btl_tcp_recv_blocking] recv(71) failed: Connection reset by peer (104)
[tri0962][[13191,2496],40][btl_tcp.c:559:mca_btl_tcp_recv_blocking] recv(71) failed: Connection reset by peer (104)
[tri0962][[13191,2496],60][btl_tcp.c:559:mca_btl_tcp_recv_blocking] recv(71) failed: Connection reset by peer (104)
[tri0962][[13191,2496],55][btl_tcp.c:559:mca_btl_tcp_recv_blocking] recv(71) failed: Connection reset by peer (104)
[tri0962][[13191,2496],18][btl_tcp.c:559:mca_btl_tcp_recv_blocking] recv(71) failed: Connection reset by peer (104)
[tri0962][[13191,2496],31][btl_tcp.c:559:mca_btl_tcp_recv_blocking] recv(71) failed: Connection reset by peer (104)
[tri0962][[13191,2496],16][btl_tcp.c:559:mca_btl_tcp_recv_blocking] recv(71) failed: Connection reset by peer (104)
[tri0962][[13191,2496],61][btl_tcp.c:559:mca_btl_tcp_recv_blocking] recv(71) failed: Connection reset by peer (104)
[tri0962][[13191,2496],57][btl_tcp.c:559:mca_btl_tcp_recv_blocking] recv(71) failed: Connection reset by peer (104)
[tri0962][[13191,2496],9][btl_tcp.c:559:mca_btl_tcp_recv_blocking] recv(71) failed: Connection reset by peer (104)
[tri0962][[13191,2496],11][btl_tcp.c:559:mca_btl_tcp_recv_blocking] recv(71) failed: Connection reset by peer (104)
[tri0962][[13191,2496],14][btl_tcp.c:559:mca_btl_tcp_recv_blocking] recv(71) failed: Connection reset by peer (104)
[tri0962][[13191,2496],17][btl_tcp.c:559:mca_btl_tcp_recv_blocking] recv(71) failed: Connection reset by peer (104)
[tri0962][[13191,2496],62][btl_tcp.c:559:mca_btl_tcp_recv_blocking] recv(71) failed: Connection reset by peer (104)
[tri0962][[13191,2496],20][btl_tcp.c:559:mca_btl_tcp_recv_blocking] recv(71) failed: Connection reset by peer (104)
[tri0962][[13191,2496],21][btl_tcp.c:559:mca_btl_tcp_recv_blocking] recv(71) failed: Connection reset by peer (104)
[tri0962][[13191,2496],49][btl_tcp.c:559:mca_btl_tcp_recv_blocking] recv(71) failed: Connection reset by peer (104)
[tri0962][[13191,2496],29][btl_tcp.c:559:mca_btl_tcp_recv_blocking] recv(71) failed: Connection reset by peer (104)
[tri0962][[13191,2496],39][btl_tcp.c:559:mca_btl_tcp_recv_blocking] recv(71) failed: Connection reset by peer (104)
[tri0962][[13191,2496],59][btl_tcp.c:559:mca_btl_tcp_recv_blocking] recv(71) failed: Connection reset by peer (104)
[tri0962][[13191,2496],10][btl_tcp.c:559:mca_btl_tcp_recv_blocking] recv(71) failed: Connection reset by peer (104)
[tri0962][[13191,2496],24][btl_tcp.c:559:mca_btl_tcp_recv_blocking] recv(71) failed: Connection reset by peer (104)
[tri0962][[13191,2496],45][btl_tcp.c:559:mca_btl_tcp_recv_blocking] recv(71) failed: Connection reset by peer (104)
[tri0962][[13191,2496],43][btl_tcp.c:559:mca_btl_tcp_recv_blocking] recv(71) failed: Connection reset by peer (104)
[tri0962][[13191,2496],58][btl_tcp.c:559:mca_btl_tcp_recv_blocking] recv(71) failed: Connection reset by peer (104)
[tri0962][[13191,2496],19][btl_tcp.c:559:mca_btl_tcp_recv_blocking] recv(71) failed: Connection reset by peer (104)
[tri0962][[13191,2496],48][btl_tcp.c:559:mca_btl_tcp_recv_blocking] recv(71) failed: Connection reset by peer (104)
[tri0962][[13191,2496],35][btl_tcp.c:559:mca_btl_tcp_recv_blocking] recv(71) failed: Connection reset by peer (104)
[tri0962][[13191,2496],26][btl_tcp.c:559:mca_btl_tcp_recv_blocking] recv(71) failed: Connection reset by peer (104)
[tri0962][[13191,2496],56][btl_tcp.c:559:mca_btl_tcp_recv_blocking] recv(71) failed: Connection reset by peer (104)
[tri0962][[13191,2496],5][btl_tcp.c:559:mca_btl_tcp_recv_blocking] recv(71) failed: Connection reset by peer (104)
[tri0962][[13191,2496],12][btl_tcp.c:559:mca_btl_tcp_recv_blocking] recv(71) failed: Connection reset by peer (104)
[tri0962][[13191,2496],13][btl_tcp.c:559:mca_btl_tcp_recv_blocking] recv(71) failed: Connection reset by peer (104)
[tri0962][[13191,2496],6][btl_tcp.c:559:mca_btl_tcp_recv_blocking] recv(71) failed: Connection reset by peer (104)
[tri0962][[13191,2496],27][btl_tcp.c:559:mca_btl_tcp_recv_blocking] recv(71) failed: Connection reset by peer (104)
[tri1071][[13191,2496],104][btl_tcp.c:559:mca_btl_tcp_recv_blocking] recv(71) failed: Connection reset by peer (104)
[tri1071][[13191,2496],81][btl_tcp.c:559:mca_btl_tcp_recv_blocking] recv(71) failed: Connection reset by peer (104)
[tri1071][[13191,2496],79][btl_tcp.c:559:mca_btl_tcp_recv_blocking] recv(71) failed: Connection reset by peer (104)
[tri1071][[13191,2496],76][btl_tcp.c:559:mca_btl_tcp_recv_blocking] recv(71) failed: Connection reset by peer (104)
[tri1071][[13191,2496],85][btl_tcp.c:559:mca_btl_tcp_recv_blocking] recv(71) failed: Connection reset by peer (104)
[tri1071][[13191,2496],102][btl_tcp.c:559:mca_btl_tcp_recv_blocking] recv(71) failed: Connection reset by peer (104)
[tri1071][[13191,2496],76][btl_tcp.c:559:mca_btl_tcp_recv_blocking] recv(71) failed: Connection reset by peer (104)
[tri1071][[13191,2496],79][btl_tcp.c:559:mca_btl_tcp_recv_blocking] recv(71) failed: Connection reset by peer (104)
[tri1071][[13191,2496],81][btl_tcp.c:559:mca_btl_tcp_recv_blocking] recv(71) failed: Connection reset by peer (104)
[tri1071][[13191,2496],86][btl_tcp.c:559:mca_btl_tcp_recv_blocking] recv(71) failed: Connection reset by peer (104)
[tri1071][[13191,2496],89][btl_tcp.c:559:mca_btl_tcp_recv_blocking] recv(71) failed: Connection reset by peer (104)
[tri1071][[13191,2496],100][btl_tcp.c:559:mca_btl_tcp_recv_blocking] recv(71) failed: Connection reset by peer (104)
[tri1071][[13191,2496],85][btl_tcp.c:559:mca_btl_tcp_recv_blocking] recv(71) failed: Connection reset by peer (104)
[tri1071][[13191,2496],102][btl_tcp.c:559:mca_btl_tcp_recv_blocking] recv(71) failed: Connection reset by peer (104)
[tri1071][[13191,2496],121][btl_tcp.c:559:mca_btl_tcp_recv_blocking] recv(71) failed: Connection reset by peer (104)
[tri1071][[13191,2496],109][btl_tcp.c:559:mca_btl_tcp_recv_blocking] recv(71) failed: Connection reset by peer (104)
[tri1071][[13191,2496],89][btl_tcp.c:559:mca_btl_tcp_recv_blocking] recv(71) failed: Connection reset by peer (104)
[tri1071][[13191,2496],100][btl_tcp.c:559:mca_btl_tcp_recv_blocking] recv(71) failed: Connection reset by peer (104)
[tri1071][[13191,2496],86][btl_tcp.c:559:mca_btl_tcp_recv_blocking] recv(71) failed: Connection reset by peer (104)
[tri1071][[13191,2496],84][btl_tcp.c:559:mca_btl_tcp_recv_blocking] recv(71) failed: Connection reset by peer (104)
[tri1071][[13191,2496],78][btl_tcp.c:559:mca_btl_tcp_recv_blocking] recv(71) failed: Connection reset by peer (104)
[tri1071][[13191,2496],127][btl_tcp.c:559:mca_btl_tcp_recv_blocking] recv(71) failed: Connection reset by peer (104)
[tri1071][[13191,2496],121][btl_tcp.c:559:mca_btl_tcp_recv_blocking] recv(71) failed: Connection reset by peer (104)
[tri1071][[13191,2496],109][btl_tcp.c:559:mca_btl_tcp_recv_blocking] recv(71) failed: Connection reset by peer (104)
[tri1071][[13191,2496],92][btl_tcp.c:559:mca_btl_tcp_recv_blocking] recv(71) failed: Connection reset by peer (104)
[tri1071][[13191,2496],105][btl_tcp.c:559:mca_btl_tcp_recv_blocking] recv(71) failed: Connection reset by peer (104)
[tri1071][[13191,2496],84][btl_tcp.c:559:mca_btl_tcp_recv_blocking] recv(71) failed: Connection reset by peer (104)
[tri1071][[13191,2496],78][btl_tcp.c:559:mca_btl_tcp_recv_blocking] recv(71) failed: Connection reset by peer (104)
[tri1071][[13191,2496],127][btl_tcp.c:559:mca_btl_tcp_recv_blocking] recv(71) failed: Connection reset by peer (104)
[tri1071][[13191,2496],113][btl_tcp.c:559:mca_btl_tcp_recv_blocking] recv(71) failed: Connection reset by peer (104)
[tri1071][[13191,2496],99][btl_tcp.c:559:mca_btl_tcp_recv_blocking] recv(71) failed: Connection reset by peer (104)
[tri1071][[13191,2496],116][btl_tcp.c:559:mca_btl_tcp_recv_blocking] recv(71) failed: Connection reset by peer (104)
[tri1071][[13191,2496],92][btl_tcp.c:559:mca_btl_tcp_recv_blocking] recv(71) failed: Connection reset by peer (104)
[tri1071][[13191,2496],117][btl_tcp.c:559:mca_btl_tcp_recv_blocking] recv(71) failed: Connection reset by peer (104)
[tri1071][[13191,2496],105][btl_tcp.c:559:mca_btl_tcp_recv_blocking] recv(71) failed: Connection reset by peer (104)
[tri1071][[13191,2496],123][btl_tcp.c:559:mca_btl_tcp_recv_blocking] recv(71) failed: Connection reset by peer (104)
[tri1071][[13191,2496],76][btl_tcp.c:559:mca_btl_tcp_recv_blocking] recv(71) failed: Connection reset by peer (104)
[tri1071][[13191,2496],113][btl_tcp.c:559:mca_btl_tcp_recv_blocking] recv(71) failed: Connection reset by peer (104)
[tri1071][[13191,2496],99][btl_tcp.c:559:mca_btl_tcp_recv_blocking] recv(71) failed: Connection reset by peer (104)
[tri1071][[13191,2496],116][btl_tcp.c:559:mca_btl_tcp_recv_blocking] recv(71) failed: Connection reset by peer (104)
[tri1071][[13191,2496],96][btl_tcp.c:559:mca_btl_tcp_recv_blocking] recv(71) failed: Connection reset by peer (104)
[tri1071][[13191,2496],110][btl_tcp.c:559:mca_btl_tcp_recv_blocking] recv(71) failed: Connection reset by peer (104)
[tri1071][[13191,2496],82][btl_tcp.c:559:mca_btl_tcp_recv_blocking] recv(71) failed: Connection reset by peer (104)
[tri1071][[13191,2496],117][btl_tcp.c:559:mca_btl_tcp_recv_blocking] recv(71) failed: Connection reset by peer (104)
[tri1071][[13191,2496],70][btl_tcp.c:559:mca_btl_tcp_recv_blocking] recv(71) failed: Connection reset by peer (104)
[tri1071][[13191,2496],123][btl_tcp.c:559:mca_btl_tcp_recv_blocking] recv(71) failed: Connection reset by peer (104)
[tri1071][[13191,2496],125][btl_tcp.c:559:mca_btl_tcp_recv_blocking] recv(71) failed: Connection reset by peer (104)
[tri1071][[13191,2496],79][btl_tcp.c:559:mca_btl_tcp_recv_blocking] recv(71) failed: Connection reset by peer (104)
[tri1071][[13191,2496],81][btl_tcp.c:559:mca_btl_tcp_recv_blocking] recv(71) failed: Connection reset by peer (104)
[tri1071][[13191,2496],96][btl_tcp.c:559:mca_btl_tcp_recv_blocking] recv(71) failed: Connection reset by peer (104)
[tri1071][[13191,2496],110][btl_tcp.c:559:mca_btl_tcp_recv_blocking] recv(71) failed: Connection reset by peer (104)
[tri1071][[13191,2496],82][btl_tcp.c:559:mca_btl_tcp_recv_blocking] recv(71) failed: Connection reset by peer (104)
[tri1071][[13191,2496],120][btl_tcp.c:559:mca_btl_tcp_recv_blocking] recv(71) failed: Connection reset by peer (104)
[tri1071][[13191,2496],114][btl_tcp.c:559:mca_btl_tcp_recv_blocking] recv(71) failed: Connection reset by peer (104)
[tri1071][[13191,2496],126][btl_tcp.c:559:mca_btl_tcp_recv_blocking] recv(71) failed: Connection reset by peer (104)
[tri1071][[13191,2496],70][btl_tcp.c:559:mca_btl_tcp_recv_blocking] recv(71) failed: Connection reset by peer (104)
[tri1071][[13191,2496],97][btl_tcp.c:559:mca_btl_tcp_recv_blocking] recv(71) failed: Connection reset by peer (104)
[tri1071][[13191,2496],125][btl_tcp.c:559:mca_btl_tcp_recv_blocking] recv(71) failed: Connection reset by peer (104)
[tri1071][[13191,2496],111][btl_tcp.c:559:mca_btl_tcp_recv_blocking] recv(71) failed: Connection reset by peer (104)
[tri1071][[13191,2496],104][btl_tcp.c:559:mca_btl_tcp_recv_blocking] recv(71) failed: Connection reset by peer (104)
[tri1071][[13191,2496],85][btl_tcp.c:559:mca_btl_tcp_recv_blocking] recv(72) failed: Connection reset by peer (104)
[tri1071][[13191,2496],85][btl_tcp.c:559:mca_btl_tcp_recv_blocking] recv(71) failed: Connection reset by peer (104)
[tri1071][[13191,2496],102][btl_tcp.c:559:mca_btl_tcp_recv_blocking] recv(71) failed: Connection reset by peer (104)
[tri1071][[13191,2496],114][btl_tcp.c:559:mca_btl_tcp_recv_blocking] recv(71) failed: Connection reset by peer (104)
[tri1071][[13191,2496],126][btl_tcp.c:559:mca_btl_tcp_recv_blocking] recv(71) failed: Connection reset by peer (104)
[tri1071][[13191,2496],120][btl_tcp.c:559:mca_btl_tcp_recv_blocking] recv(71) failed: Connection reset by peer (104)
[tri1071][[13191,2496],83][btl_tcp.c:559:mca_btl_tcp_recv_blocking] recv(71) failed: Connection reset by peer (104)
[tri1071][[13191,2496],71][btl_tcp.c:559:mca_btl_tcp_recv_blocking] recv(71) failed: Connection reset by peer (104)
[tri1071][[13191,2496],88][btl_tcp.c:559:mca_btl_tcp_recv_blocking] recv(71) failed: Connection reset by peer (104)
[tri1071][[13191,2496],97][btl_tcp.c:559:mca_btl_tcp_recv_blocking] recv(71) failed: Connection reset by peer (104)
[tri1071][[13191,2496],67][btl_tcp.c:559:mca_btl_tcp_recv_blocking] recv(71) failed: Connection reset by peer (104)
[tri1071][[13191,2496],111][btl_tcp.c:559:mca_btl_tcp_recv_blocking] recv(71) failed: Connection reset by peer (104)
[tri1071][[13191,2496],101][btl_tcp.c:559:mca_btl_tcp_recv_blocking] recv(71) failed: Connection reset by peer (104)
[tri1071][[13191,2496],89][btl_tcp.c:559:mca_btl_tcp_recv_blocking] recv(71) failed: Connection reset by peer (104)
[tri1071][[13191,2496],100][btl_tcp.c:559:mca_btl_tcp_recv_blocking] recv(71) failed: Connection reset by peer (104)
[tri1071][[13191,2496],71][btl_tcp.c:559:mca_btl_tcp_recv_blocking] recv(71) failed: Connection reset by peer (104)
[tri1071][[13191,2496],83][btl_tcp.c:559:mca_btl_tcp_recv_blocking] recv(71) failed: Connection reset by peer (104)
[tri1071][[13191,2496],88][btl_tcp.c:559:mca_btl_tcp_recv_blocking] recv(71) failed: Connection reset by peer (104)
[tri1071][[13191,2496],77][btl_tcp.c:559:mca_btl_tcp_recv_blocking] recv(71) failed: Connection reset by peer (104)
[tri1071][[13191,2496],65][btl_tcp.c:559:mca_btl_tcp_recv_blocking] recv(71) failed: Connection reset by peer (104)
[tri1071][[13191,2496],69][btl_tcp.c:559:mca_btl_tcp_recv_blocking] recv(71) failed: Connection reset by peer (104)
[tri1071][[13191,2496],67][btl_tcp.c:559:mca_btl_tcp_recv_blocking] recv(71) failed: Connection reset by peer (104)
[tri1071][[13191,2496],98][btl_tcp.c:559:mca_btl_tcp_recv_blocking] recv(71) failed: Connection reset by peer (104)
[tri1071][[13191,2496],101][btl_tcp.c:559:mca_btl_tcp_recv_blocking] recv(71) failed: Connection reset by peer (104)
[tri1071][[13191,2496],107][btl_tcp.c:559:mca_btl_tcp_recv_blocking] recv(71) failed: Connection reset by peer (104)
[tri1071][[13191,2496],86][btl_tcp.c:559:mca_btl_tcp_recv_blocking] recv(71) failed: Connection reset by peer (104)
[tri1071][[13191,2496],121][btl_tcp.c:559:mca_btl_tcp_recv_blocking] recv(71) failed: Connection reset by peer (104)
[tri1071][[13191,2496],65][btl_tcp.c:559:mca_btl_tcp_recv_blocking] recv(71) failed: Connection reset by peer (104)
[tri1071][[13191,2496],77][btl_tcp.c:559:mca_btl_tcp_recv_blocking] recv(71) failed: Connection reset by peer (104)
[tri1071][[13191,2496],69][btl_tcp.c:559:mca_btl_tcp_recv_blocking] recv(71) failed: Connection reset by peer (104)
[tri1071][[13191,2496],80][btl_tcp.c:559:mca_btl_tcp_recv_blocking] recv(71) failed: Connection reset by peer (104)
[tri1071][[13191,2496],122][btl_tcp.c:559:mca_btl_tcp_recv_blocking] recv(71) failed: Connection reset by peer (104)
[tri1071][[13191,2496],64][btl_tcp.c:559:mca_btl_tcp_recv_blocking] recv(71) failed: Connection reset by peer (104)
[tri1071][[13191,2496],98][btl_tcp.c:559:mca_btl_tcp_recv_blocking] recv(71) failed: Connection reset by peer (104)
[tri1071][[13191,2496],75][btl_tcp.c:559:mca_btl_tcp_recv_blocking] recv(71) failed: Connection reset by peer (104)
[tri1071][[13191,2496],107][btl_tcp.c:559:mca_btl_tcp_recv_blocking] recv(71) failed: Connection reset by peer (104)
[tri1071][[13191,2496],68][btl_tcp.c:559:mca_btl_tcp_recv_blocking] recv(71) failed: Connection reset by peer (104)
[tri1071][[13191,2496],109][btl_tcp.c:559:mca_btl_tcp_recv_blocking] recv(71) failed: Connection reset by peer (104)
[tri1071][[13191,2496],84][btl_tcp.c:559:mca_btl_tcp_recv_blocking] recv(71) failed: Connection reset by peer (104)
[tri1071][[13191,2496],122][btl_tcp.c:559:mca_btl_tcp_recv_blocking] recv(71) failed: Connection reset by peer (104)
[tri1071][[13191,2496],80][btl_tcp.c:559:mca_btl_tcp_recv_blocking] recv(71) failed: Connection reset by peer (104)
[tri1071][[13191,2496],64][btl_tcp.c:559:mca_btl_tcp_recv_blocking] recv(71) failed: Connection reset by peer (104)
[tri1071][[13191,2496],73][btl_tcp.c:559:mca_btl_tcp_recv_blocking] recv(71) failed: Connection reset by peer (104)
[tri1071][[13191,2496],66][btl_tcp.c:559:mca_btl_tcp_recv_blocking] recv(71) failed: Connection reset by peer (104)
[tri1071][[13191,2496],108][btl_tcp.c:559:mca_btl_tcp_recv_blocking] recv(71) failed: Connection reset by peer (104)
[tri1071][[13191,2496],75][btl_tcp.c:559:mca_btl_tcp_recv_blocking] recv(71) failed: Connection reset by peer (104)
[tri1071][[13191,2496],93][btl_tcp.c:559:mca_btl_tcp_recv_blocking] recv(71) failed: Connection reset by peer (104)
[tri1071][[13191,2496],68][btl_tcp.c:559:mca_btl_tcp_recv_blocking] recv(71) failed: Connection reset by peer (104)
[tri1071][[13191,2496],118][btl_tcp.c:559:mca_btl_tcp_recv_blocking] recv(71) failed: Connection reset by peer (104)
[tri1071][[13191,2496],78][btl_tcp.c:559:mca_btl_tcp_recv_blocking] recv(71) failed: Connection reset by peer (104)
[tri1071][[13191,2496],127][btl_tcp.c:559:mca_btl_tcp_recv_blocking] recv(71) failed: Connection reset by peer (104)
[tri1071][[13191,2496],73][btl_tcp.c:559:mca_btl_tcp_recv_blocking] recv(71) failed: Connection reset by peer (104)
[tri1071][[13191,2496],66][btl_tcp.c:559:mca_btl_tcp_recv_blocking] recv(71) failed: Connection reset by peer (104)
[tri1071][[13191,2496],108][btl_tcp.c:559:mca_btl_tcp_recv_blocking] recv(71) failed: Connection reset by peer (104)
[tri1071][[13191,2496],104][btl_tcp.c:559:mca_btl_tcp_recv_blocking] recv(71) failed: Connection reset by peer (104)
[tri1071][[13191,2496],95][btl_tcp.c:559:mca_btl_tcp_recv_blocking] recv(71) failed: Connection reset by peer (104)
[tri1071][[13191,2496],106][btl_tcp.c:559:mca_btl_tcp_recv_blocking] recv(71) failed: Connection reset by peer (104)
[tri1071][[13191,2496],93][btl_tcp.c:559:mca_btl_tcp_recv_blocking] recv(71) failed: Connection reset by peer (104)
[tri1071][[13191,2496],118][btl_tcp.c:559:mca_btl_tcp_recv_blocking] recv(71) failed: Connection reset by peer (104)
[tri1071][[13191,2496],103][btl_tcp.c:559:mca_btl_tcp_recv_blocking] recv(71) failed: Connection reset by peer (104)
[tri1071][[13191,2496],92][btl_tcp.c:559:mca_btl_tcp_recv_blocking] recv(71) failed: Connection reset by peer (104)
[tri1071][[13191,2496],124][btl_tcp.c:559:mca_btl_tcp_recv_blocking] recv(71) failed: Connection reset by peer (104)
[tri1071][[13191,2496],105][btl_tcp.c:559:mca_btl_tcp_recv_blocking] recv(71) failed: Connection reset by peer (104)
[tri1071][[13191,2496],104][btl_tcp.c:559:mca_btl_tcp_recv_blocking] recv(71) failed: Connection reset by peer (104)
[tri1071][[13191,2496],106][btl_tcp.c:559:mca_btl_tcp_recv_blocking] recv(71) failed: Connection reset by peer (104)
[tri1071][[13191,2496],95][btl_tcp.c:559:mca_btl_tcp_recv_blocking] recv(71) failed: Connection reset by peer (104)
[tri1071][[13191,2496],112][btl_tcp.c:559:mca_btl_tcp_recv_blocking] recv(71) failed: Connection reset by peer (104)
[tri1071][[13191,2496],103][btl_tcp.c:559:mca_btl_tcp_recv_blocking] recv(71) failed: Connection reset by peer (104)
[tri1071][[13191,2496],124][btl_tcp.c:559:mca_btl_tcp_recv_blocking] recv(71) failed: Connection reset by peer (104)
[tri1071][[13191,2496],112][btl_tcp.c:559:mca_btl_tcp_recv_blocking] recv(71) failed: Connection reset by peer (104)
[tri1071][[13191,2496],121][btl_tcp.c:559:mca_btl_tcp_recv_blocking] recv(71) failed: Connection reset by peer (104)
[tri1071][[13191,2496],89][btl_tcp.c:559:mca_btl_tcp_recv_blocking] recv(71) failed: Connection reset by peer (104)
[tri1071][[13191,2496],123][btl_tcp.c:559:mca_btl_tcp_recv_blocking] recv(71) failed: Connection reset by peer (104)
[tri1071][[13191,2496],113][btl_tcp.c:559:mca_btl_tcp_recv_blocking] recv(71) failed: Connection reset by peer (104)
[tri1071][[13191,2496],99][btl_tcp.c:559:mca_btl_tcp_recv_blocking] recv(71) failed: Connection reset by peer (104)
[tri1071][[13191,2496],100][btl_tcp.c:559:mca_btl_tcp_recv_blocking] recv(71) failed: Connection reset by peer (104)
[tri1071][[13191,2496],109][btl_tcp.c:559:mca_btl_tcp_recv_blocking] recv(71) failed: Connection reset by peer (104)
[tri1071][[13191,2496],117][btl_tcp.c:559:mca_btl_tcp_recv_blocking] recv(71) failed: Connection reset by peer (104)
[tri1071][[13191,2496],116][btl_tcp.c:559:mca_btl_tcp_recv_blocking] recv(71) failed: Connection reset by peer (104)
[tri1071][[13191,2496],86][btl_tcp.c:559:mca_btl_tcp_recv_blocking] recv(71) failed: Connection reset by peer (104)
[tri1071][[13191,2496],111][btl_tcp.c:559:mca_btl_tcp_recv_blocking] recv(71) failed: Connection reset by peer (104)
[tri1071][[13191,2496],114][btl_tcp.c:559:mca_btl_tcp_recv_blocking] recv(71) failed: Connection reset by peer (104)
[tri1071][[13191,2496],97][btl_tcp.c:559:mca_btl_tcp_recv_blocking] recv(71) failed: Connection reset by peer (104)
[tri1071][[13191,2496],65][btl_tcp.c:559:mca_btl_tcp_recv_blocking] recv(71) failed: Connection reset by peer (104)
[tri1071][[13191,2496],69][btl_tcp.c:559:mca_btl_tcp_recv_blocking] recv(71) failed: Connection reset by peer (104)
[tri1071][[13191,2496],98][btl_tcp.c:559:mca_btl_tcp_recv_blocking] recv(71) failed: Connection reset by peer (104)
[tri1071][[13191,2496],120][btl_tcp.c:559:mca_btl_tcp_recv_blocking] recv(71) failed: Connection reset by peer (104)
[tri1071][[13191,2496],126][btl_tcp.c:559:mca_btl_tcp_recv_blocking] recv(71) failed: Connection reset by peer (104)
[tri1071][[13191,2496],77][btl_tcp.c:559:mca_btl_tcp_recv_blocking] recv(71) failed: Connection reset by peer (104)
[tri1071][[13191,2496],107][btl_tcp.c:559:mca_btl_tcp_recv_blocking] recv(71) failed: Connection reset by peer (104)
[tri1071][[13191,2496],76][btl_tcp.c:559:mca_btl_tcp_recv_blocking] recv(71) failed: Connection reset by peer (104)
[tri1071][[13191,2496],118][btl_tcp.c:559:mca_btl_tcp_recv_blocking] recv(71) failed: Connection reset by peer (104)
[tri1071][[13191,2496],103][btl_tcp.c:559:mca_btl_tcp_recv_blocking] recv(71) failed: Connection reset by peer (104)
[tri1071][[13191,2496],95][btl_tcp.c:559:mca_btl_tcp_recv_blocking] recv(71) failed: Connection reset by peer (104)
[tri1071][[13191,2496],124][btl_tcp.c:559:mca_btl_tcp_recv_blocking] recv(71) failed: Connection reset by peer (104)
[tri1071][[13191,2496],104][btl_tcp.c:559:mca_btl_tcp_recv_blocking] recv(71) failed: Connection reset by peer (104)
[tri1071][[13191,2496],93][btl_tcp.c:559:mca_btl_tcp_recv_blocking] recv(71) failed: Connection reset by peer (104)
[tri1071][[13191,2496],66][btl_tcp.c:559:mca_btl_tcp_recv_blocking] recv(71) failed: Connection reset by peer (104)
[tri1071][[13191,2496],108][btl_tcp.c:559:mca_btl_tcp_recv_blocking] recv(71) failed: Connection reset by peer (104)
[tri1071][[13191,2496],112][btl_tcp.c:559:mca_btl_tcp_recv_blocking] recv(71) failed: Connection reset by peer (104)
[tri1071][[13191,2496],79][btl_tcp.c:559:mca_btl_tcp_recv_blocking] recv(71) failed: Connection reset by peer (104)
[tri1071][[13191,2496],122][btl_tcp.c:559:mca_btl_tcp_recv_blocking] recv(71) failed: Connection reset by peer (104)
[tri1071][[13191,2496],80][btl_tcp.c:559:mca_btl_tcp_recv_blocking] recv(71) failed: Connection reset by peer (104)
[tri1071][[13191,2496],75][btl_tcp.c:559:mca_btl_tcp_recv_blocking] recv(71) failed: Connection reset by peer (104)
[tri1071][[13191,2496],73][btl_tcp.c:559:mca_btl_tcp_recv_blocking] recv(71) failed: Connection reset by peer (104)
[tri1071][[13191,2496],106][btl_tcp.c:559:mca_btl_tcp_recv_blocking] recv(71) failed: Connection reset by peer (104)
[tri1071][[13191,2496],67][btl_tcp.c:559:mca_btl_tcp_recv_blocking] recv(71) failed: Connection reset by peer (104)
[tri1071][[13191,2496],64][btl_tcp.c:559:mca_btl_tcp_recv_blocking] recv(71) failed: Connection reset by peer (104)
[tri1071][[13191,2496],101][btl_tcp.c:559:mca_btl_tcp_recv_blocking] recv(71) failed: Connection reset by peer (104)
[tri1071][[13191,2496],88][btl_tcp.c:559:mca_btl_tcp_recv_blocking] recv(71) failed: Connection reset by peer (104)
[tri1071][[13191,2496],68][btl_tcp.c:559:mca_btl_tcp_recv_blocking] recv(71) failed: Connection reset by peer (104)
[tri1071][[13191,2496],81][btl_tcp.c:559:mca_btl_tcp_recv_blocking] recv(71) failed: Connection reset by peer (104)
[tri1071][[13191,2496],92][btl_tcp.c:559:mca_btl_tcp_recv_blocking] recv(71) failed: Connection reset by peer (104)
[tri1071][[13191,2496],70][btl_tcp.c:559:mca_btl_tcp_recv_blocking] recv(71) failed: Connection reset by peer (104)
[tri1071][[13191,2496],71][btl_tcp.c:559:mca_btl_tcp_recv_blocking] recv(71) failed: Connection reset by peer (104)
[tri1071][[13191,2496],127][btl_tcp.c:559:mca_btl_tcp_recv_blocking] recv(71) failed: Connection reset by peer (104)
[tri1071][[13191,2496],110][btl_tcp.c:559:mca_btl_tcp_recv_blocking] recv(71) failed: Connection reset by peer (104)
[tri1071][[13191,2496],82][btl_tcp.c:559:mca_btl_tcp_recv_blocking] recv(71) failed: Connection reset by peer (104)
[tri1071][[13191,2496],105][btl_tcp.c:559:mca_btl_tcp_recv_blocking] recv(71) failed: Connection reset by peer (104)
[tri1071][[13191,2496],83][btl_tcp.c:559:mca_btl_tcp_recv_blocking] recv(71) failed: Connection reset by peer (104)
[tri1071][[13191,2496],96][btl_tcp.c:559:mca_btl_tcp_recv_blocking] recv(71) failed: Connection reset by peer (104)
[tri1071][[13191,2496],125][btl_tcp.c:559:mca_btl_tcp_recv_blocking] recv(71) failed: Connection reset by peer (104)
[tri1071][[13191,2496],85][btl_tcp.c:559:mca_btl_tcp_recv_blocking] recv(71) failed: Connection reset by peer (104)
[tri1071][[13191,2496],79][btl_tcp.c:559:mca_btl_tcp_recv_blocking] recv(71) failed: Connection reset by peer (104)
[tri1071][[13191,2496],81][btl_tcp.c:559:mca_btl_tcp_recv_blocking] recv(71) failed: Connection reset by peer (104)
[tri1071][[13191,2496],85][btl_tcp.c:559:mca_btl_tcp_recv_blocking] recv(71) failed: Connection reset by peer (104)
[tri1071][[13191,2496],102][btl_tcp.c:559:mca_btl_tcp_recv_blocking] recv(71) failed: Connection reset by peer (104)
[tri1071][[13191,2496],84][btl_tcp.c:559:mca_btl_tcp_recv_blocking] recv(71) failed: Connection reset by peer (104)
[tri1071][[13191,2496],76][btl_tcp.c:559:mca_btl_tcp_recv_blocking] recv(71) failed: Connection reset by peer (104)
[tri1071][[13191,2496],78][btl_tcp.c:559:mca_btl_tcp_recv_blocking] recv(71) failed: Connection reset by peer (104)
[tri1071][[13191,2496],102][btl_tcp.c:559:mca_btl_tcp_recv_blocking] recv(71) failed: Connection reset by peer (104)
[tri1071][[13191,2496],89][btl_tcp.c:559:mca_btl_tcp_recv_blocking] recv(72) failed: Connection reset by peer (104)
[tri1071][[13191,2496],100][btl_tcp.c:559:mca_btl_tcp_recv_blocking] recv(71) failed: Connection reset by peer (104)
[tri1071][[13191,2496],86][btl_tcp.c:559:mca_btl_tcp_recv_blocking] recv(71) failed: Connection reset by peer (104)
[tri1071][[13191,2496],121][btl_tcp.c:559:mca_btl_tcp_recv_blocking] recv(71) failed: Connection reset by peer (104)
[tri1071][[13191,2496],109][btl_tcp.c:559:mca_btl_tcp_recv_blocking] recv(71) failed: Connection reset by peer (104)
[tri1071][[13191,2496],84][btl_tcp.c:559:mca_btl_tcp_recv_blocking] recv(71) failed: Connection reset by peer (104)
[tri1071][[13191,2496],78][btl_tcp.c:559:mca_btl_tcp_recv_blocking] recv(71) failed: Connection reset by peer (104)
[tri1071][[13191,2496],127][btl_tcp.c:559:mca_btl_tcp_recv_blocking] recv(71) failed: Connection reset by peer (104)
[tri1071][[13191,2496],92][btl_tcp.c:559:mca_btl_tcp_recv_blocking] recv(71) failed: Connection reset by peer (104)
[tri1071][[13191,2496],105][btl_tcp.c:559:mca_btl_tcp_recv_blocking] recv(71) failed: Connection reset by peer (104)
[tri1071][[13191,2496],113][btl_tcp.c:559:mca_btl_tcp_recv_blocking] recv(71) failed: Connection reset by peer (104)
[tri1071][[13191,2496],99][btl_tcp.c:559:mca_btl_tcp_recv_blocking] recv(71) failed: Connection reset by peer (104)
[tri1071][[13191,2496],89][btl_tcp.c:559:mca_btl_tcp_recv_blocking] recv(71) failed: Connection reset by peer (104)
[tri1071][[13191,2496],116][btl_tcp.c:559:mca_btl_tcp_recv_blocking] recv(71) failed: Connection reset by peer (104)
[tri1071][[13191,2496],117][btl_tcp.c:559:mca_btl_tcp_recv_blocking] recv(71) failed: Connection reset by peer (104)
[tri1071][[13191,2496],123][btl_tcp.c:559:mca_btl_tcp_recv_blocking] recv(71) failed: Connection reset by peer (104)
[tri1071][[13191,2496],97][btl_tcp.c:559:mca_btl_tcp_recv_blocking] recv(71) failed: Connection reset by peer (104)
[tri1071][[13191,2496],96][btl_tcp.c:559:mca_btl_tcp_recv_blocking] recv(71) failed: Connection reset by peer (104)
[tri1071][[13191,2496],97][btl_tcp.c:559:mca_btl_tcp_recv_blocking] recv(71) failed: Connection reset by peer (104)
[tri1071][[13191,2496],110][btl_tcp.c:559:mca_btl_tcp_recv_blocking] recv(71) failed: Connection reset by peer (104)
[tri1071][[13191,2496],70][btl_tcp.c:559:mca_btl_tcp_recv_blocking] recv(71) failed: Connection reset by peer (104)
[tri1071][[13191,2496],82][btl_tcp.c:559:mca_btl_tcp_recv_blocking] recv(71) failed: Connection reset by peer (104)
[tri1071][[13191,2496],70][btl_tcp.c:559:mca_btl_tcp_recv_blocking] recv(71) failed: Connection reset by peer (104)
[tri1071][[13191,2496],70][btl_tcp.c:559:mca_btl_tcp_recv_blocking] recv(71) failed: Connection reset by peer (104)
[tri1071][[13191,2496],70][btl_tcp.c:559:mca_btl_tcp_recv_blocking] recv(71) failed: Connection reset by peer (104)
[tri1071][[13191,2496],125][btl_tcp.c:559:mca_btl_tcp_recv_blocking] recv(71) failed: Connection reset by peer (104)
[tri1071][[13191,2496],114][btl_tcp.c:559:mca_btl_tcp_recv_blocking] recv(71) failed: Connection reset by peer (104)
[tri1071][[13191,2496],70][btl_tcp.c:559:mca_btl_tcp_recv_blocking] recv(71) failed: Connection reset by peer (104)
[tri1071][[13191,2496],126][btl_tcp.c:559:mca_btl_tcp_recv_blocking] recv(71) failed: Connection reset by peer (104)
[tri1071][[13191,2496],70][btl_tcp.c:559:mca_btl_tcp_recv_blocking] recv(71) failed: Connection reset by peer (104)
[tri1071][[13191,2496],120][btl_tcp.c:559:mca_btl_tcp_recv_blocking] recv(71) failed: Connection reset by peer (104)
[tri1071][[13191,2496],97][btl_tcp.c:559:mca_btl_tcp_recv_blocking] recv(71) failed: Connection reset by peer (104)
[tri1071][[13191,2496],100][btl_tcp.c:559:mca_btl_tcp_recv_blocking] recv(71) failed: Connection reset by peer (104)
[tri1071][[13191,2496],111][btl_tcp.c:559:mca_btl_tcp_recv_blocking] recv(71) failed: Connection reset by peer (104)
[tri1071][[13191,2496],71][btl_tcp.c:559:mca_btl_tcp_recv_blocking] recv(71) failed: Connection reset by peer (104)
[tri1071][[13191,2496],83][btl_tcp.c:559:mca_btl_tcp_recv_blocking] recv(71) failed: Connection reset by peer (104)
[tri1071][[13191,2496],88][btl_tcp.c:559:mca_btl_tcp_recv_blocking] recv(71) failed: Connection reset by peer (104)
[tri1071][[13191,2496],67][btl_tcp.c:559:mca_btl_tcp_recv_blocking] recv(71) failed: Connection reset by peer (104)
[tri1071][[13191,2496],101][btl_tcp.c:559:mca_btl_tcp_recv_blocking] recv(71) failed: Connection reset by peer (104)
[tri1071][[13191,2496],65][btl_tcp.c:559:mca_btl_tcp_recv_blocking] recv(71) failed: Connection reset by peer (104)
[tri1071][[13191,2496],77][btl_tcp.c:559:mca_btl_tcp_recv_blocking] recv(71) failed: Connection reset by peer (104)
[tri1071][[13191,2496],69][btl_tcp.c:559:mca_btl_tcp_recv_blocking] recv(71) failed: Connection reset by peer (104)
[tri1071][[13191,2496],97][btl_tcp.c:559:mca_btl_tcp_recv_blocking] recv(71) failed: Connection reset by peer (104)
[tri1071][[13191,2496],98][btl_tcp.c:559:mca_btl_tcp_recv_blocking] recv(71) failed: Connection reset by peer (104)
[tri1071][[13191,2496],107][btl_tcp.c:559:mca_btl_tcp_recv_blocking] recv(71) failed: Connection reset by peer (104)
[tri1071][[13191,2496],122][btl_tcp.c:559:mca_btl_tcp_recv_blocking] recv(71) failed: Connection reset by peer (104)
[tri1071][[13191,2496],86][btl_tcp.c:559:mca_btl_tcp_recv_blocking] recv(71) failed: Connection reset by peer (104)
[tri1071][[13191,2496],80][btl_tcp.c:559:mca_btl_tcp_recv_blocking] recv(71) failed: Connection reset by peer (104)
[tri1071][[13191,2496],97][btl_tcp.c:559:mca_btl_tcp_recv_blocking] recv(71) failed: Connection reset by peer (104)
[tri1071][[13191,2496],97][btl_tcp.c:559:mca_btl_tcp_recv_blocking] recv(71) failed: Connection reset by peer (104)
[tri1071][[13191,2496],64][btl_tcp.c:559:mca_btl_tcp_recv_blocking] recv(71) failed: Connection reset by peer (104)
[tri1071][[13191,2496],75][btl_tcp.c:559:mca_btl_tcp_recv_blocking] recv(71) failed: Connection reset by peer (104)
[tri1071][[13191,2496],68][btl_tcp.c:559:mca_btl_tcp_recv_blocking] recv(71) failed: Connection reset by peer (104)
[tri1071][[13191,2496],73][btl_tcp.c:559:mca_btl_tcp_recv_blocking] recv(71) failed: Connection reset by peer (104)
[tri1071][[13191,2496],66][btl_tcp.c:559:mca_btl_tcp_recv_blocking] recv(71) failed: Connection reset by peer (104)
[tri1071][[13191,2496],108][btl_tcp.c:559:mca_btl_tcp_recv_blocking] recv(71) failed: Connection reset by peer (104)
[tri1071][[13191,2496],93][btl_tcp.c:559:mca_btl_tcp_recv_blocking] recv(71) failed: Connection reset by peer (104)
[tri1071][[13191,2496],118][btl_tcp.c:559:mca_btl_tcp_recv_blocking] recv(71) failed: Connection reset by peer (104)
[tri1071][[13191,2496],104][btl_tcp.c:559:mca_btl_tcp_recv_blocking] recv(71) failed: Connection reset by peer (104)
[tri1071][[13191,2496],106][btl_tcp.c:559:mca_btl_tcp_recv_blocking] recv(71) failed: Connection reset by peer (104)
[tri1071][[13191,2496],95][btl_tcp.c:559:mca_btl_tcp_recv_blocking] recv(71) failed: Connection reset by peer (104)
[tri1071][[13191,2496],121][btl_tcp.c:559:mca_btl_tcp_recv_blocking] recv(71) failed: Connection reset by peer (104)
[tri1071][[13191,2496],103][btl_tcp.c:559:mca_btl_tcp_recv_blocking] recv(71) failed: Connection reset by peer (104)
[tri1071][[13191,2496],124][btl_tcp.c:559:mca_btl_tcp_recv_blocking] recv(71) failed: Connection reset by peer (104)
[tri1071][[13191,2496],112][btl_tcp.c:559:mca_btl_tcp_recv_blocking] recv(71) failed: Connection reset by peer (104)
[tri1071][[13191,2496],109][btl_tcp.c:559:mca_btl_tcp_recv_blocking] recv(71) failed: Connection reset by peer (104)
[tri1071][[13191,2496],113][btl_tcp.c:559:mca_btl_tcp_recv_blocking] recv(71) failed: Connection reset by peer (104)
[tri1071][[13191,2496],81][btl_tcp.c:559:mca_btl_tcp_recv_blocking] recv(71) failed: Connection reset by peer (104)
[tri1071][[13191,2496],100][btl_tcp.c:559:mca_btl_tcp_recv_blocking] recv(71) failed: Connection reset by peer (104)
[tri1071][[13191,2496],78][btl_tcp.c:559:mca_btl_tcp_recv_blocking] recv(71) failed: Connection reset by peer (104)
[tri1071][[13191,2496],89][btl_tcp.c:559:mca_btl_tcp_recv_blocking] recv(71) failed: Connection reset by peer (104)
[tri1071][[13191,2496],105][btl_tcp.c:559:mca_btl_tcp_recv_blocking] recv(71) failed: Connection reset by peer (104)
[tri1071][[13191,2496],109][btl_tcp.c:559:mca_btl_tcp_recv_blocking] recv(71) failed: Connection reset by peer (104)
[tri1071][[13191,2496],86][btl_tcp.c:559:mca_btl_tcp_recv_blocking] recv(71) failed: Connection reset by peer (104)
[tri1071][[13191,2496],76][btl_tcp.c:559:mca_btl_tcp_recv_blocking] recv(71) failed: Connection reset by peer (104)
[tri1071][[13191,2496],84][btl_tcp.c:559:mca_btl_tcp_recv_blocking] recv(71) failed: Connection reset by peer (104)
[tri1071][[13191,2496],79][btl_tcp.c:559:mca_btl_tcp_recv_blocking] recv(71) failed: Connection reset by peer (104)
[tri1071][[13191,2496],85][btl_tcp.c:559:mca_btl_tcp_recv_blocking] recv(71) failed: Connection reset by peer (104)
[tri1071][[13191,2496],92][btl_tcp.c:559:mca_btl_tcp_recv_blocking] recv(71) failed: Connection reset by peer (104)
[tri1071][[13191,2496],99][btl_tcp.c:559:mca_btl_tcp_recv_blocking] recv(71) failed: Connection reset by peer (104)
[tri1071][[13191,2496],102][btl_tcp.c:559:mca_btl_tcp_recv_blocking] recv(71) failed: Connection reset by peer (104)
[tri1071][[13191,2496],110][btl_tcp.c:559:mca_btl_tcp_recv_blocking] recv(71) failed: Connection reset by peer (104)
[tri1071][[13191,2496],97][btl_tcp.c:559:mca_btl_tcp_recv_blocking] recv(71) failed: Connection reset by peer (104)
[tri1071][[13191,2496],82][btl_tcp.c:559:mca_btl_tcp_recv_blocking] recv(71) failed: Connection reset by peer (104)
[tri1071][[13191,2496],88][btl_tcp.c:559:mca_btl_tcp_recv_blocking] recv(71) failed: Connection reset by peer (104)
[tri1071][[13191,2496],70][btl_tcp.c:559:mca_btl_tcp_recv_blocking] recv(71) failed: Connection reset by peer (104)
[tri1071][[13191,2496],114][btl_tcp.c:559:mca_btl_tcp_recv_blocking] recv(71) failed: Connection reset by peer (104)
[tri1071][[13191,2496],69][btl_tcp.c:559:mca_btl_tcp_recv_blocking] recv(71) failed: Connection reset by peer (104)
[tri1071][[13191,2496],113][btl_tcp.c:559:mca_btl_tcp_recv_blocking] recv(71) failed: Connection reset by peer (104)
[tri1071][[13191,2496],71][btl_tcp.c:559:mca_btl_tcp_recv_blocking] recv(71) failed: Connection reset by peer (104)
[tri1071][[13191,2496],96][btl_tcp.c:559:mca_btl_tcp_recv_blocking] recv(71) failed: Connection reset by peer (104)
[tri1071][[13191,2496],125][btl_tcp.c:559:mca_btl_tcp_recv_blocking] recv(71) failed: Connection reset by peer (104)
[tri1071][[13191,2496],120][btl_tcp.c:559:mca_btl_tcp_recv_blocking] recv(71) failed: Connection reset by peer (104)
[tri1071][[13191,2496],77][btl_tcp.c:559:mca_btl_tcp_recv_blocking] recv(71) failed: Connection reset by peer (104)
[tri1071][[13191,2496],117][btl_tcp.c:559:mca_btl_tcp_recv_blocking] recv(71) failed: Connection reset by peer (104)
[tri1071][[13191,2496],83][btl_tcp.c:559:mca_btl_tcp_recv_blocking] recv(71) failed: Connection reset by peer (104)
[tri1071][[13191,2496],126][btl_tcp.c:559:mca_btl_tcp_recv_blocking] recv(71) failed: Connection reset by peer (104)
[tri1071][[13191,2496],121][btl_tcp.c:559:mca_btl_tcp_recv_blocking] recv(71) failed: Connection reset by peer (104)
[tri1071][[13191,2496],127][btl_tcp.c:559:mca_btl_tcp_recv_blocking] recv(71) failed: Connection reset by peer (104)
[tri1071][[13191,2496],75][btl_tcp.c:559:mca_btl_tcp_recv_blocking] recv(71) failed: Connection reset by peer (104)
[tri1071][[13191,2496],67][btl_tcp.c:559:mca_btl_tcp_recv_blocking] recv(71) failed: Connection reset by peer (104)
[tri1071][[13191,2496],80][btl_tcp.c:559:mca_btl_tcp_recv_blocking] recv(71) failed: Connection reset by peer (104)
[tri1071][[13191,2496],98][btl_tcp.c:559:mca_btl_tcp_recv_blocking] recv(71) failed: Connection reset by peer (104)
[tri1071][[13191,2496],123][btl_tcp.c:559:mca_btl_tcp_recv_blocking] recv(71) failed: Connection reset by peer (104)
[tri1071][[13191,2496],118][btl_tcp.c:559:mca_btl_tcp_recv_blocking] recv(71) failed: Connection reset by peer (104)
[tri1071][[13191,2496],101][btl_tcp.c:559:mca_btl_tcp_recv_blocking] recv(71) failed: Connection reset by peer (104)
[tri1071][[13191,2496],66][btl_tcp.c:559:mca_btl_tcp_recv_blocking] recv(71) failed: Connection reset by peer (104)
[tri1071][[13191,2496],65][btl_tcp.c:559:mca_btl_tcp_recv_blocking] recv(71) failed: Connection reset by peer (104)
[tri1071][[13191,2496],73][btl_tcp.c:559:mca_btl_tcp_recv_blocking] recv(71) failed: Connection reset by peer (104)
[tri1071][[13191,2496],107][btl_tcp.c:559:mca_btl_tcp_recv_blocking] recv(71) failed: Connection reset by peer (104)
[tri1071][[13191,2496],111][btl_tcp.c:559:mca_btl_tcp_recv_blocking] recv(71) failed: Connection reset by peer (104)
[tri1071][[13191,2496],122][btl_tcp.c:559:mca_btl_tcp_recv_blocking] recv(71) failed: Connection reset by peer (104)
[tri1071][[13191,2496],64][btl_tcp.c:559:mca_btl_tcp_recv_blocking] recv(71) failed: Connection reset by peer (104)
[tri1071][[13191,2496],116][btl_tcp.c:559:mca_btl_tcp_recv_blocking] recv(71) failed: Connection reset by peer (104)
[tri1071][[13191,2496],108][btl_tcp.c:559:mca_btl_tcp_recv_blocking] recv(71) failed: Connection reset by peer (104)
[tri1071][[13191,2496],112][btl_tcp.c:559:mca_btl_tcp_recv_blocking] recv(71) failed: Connection reset by peer (104)
[tri1071][[13191,2496],124][btl_tcp.c:559:mca_btl_tcp_recv_blocking] recv(71) failed: Connection reset by peer (104)
[tri1071][[13191,2496],103][btl_tcp.c:559:mca_btl_tcp_recv_blocking] recv(71) failed: Connection reset by peer (104)
[tri1071][[13191,2496],95][btl_tcp.c:559:mca_btl_tcp_recv_blocking] recv(71) failed: Connection reset by peer (104)
[tri1071][[13191,2496],68][btl_tcp.c:559:mca_btl_tcp_recv_blocking] recv(71) failed: Connection reset by peer (104)
[tri1071][[13191,2496],93][btl_tcp.c:559:mca_btl_tcp_recv_blocking] recv(71) failed: Connection reset by peer (104)
[tri1071][[13191,2496],106][btl_tcp.c:559:mca_btl_tcp_recv_blocking] recv(71) failed: Connection reset by peer (104)
[tri1071][[13191,2496],104][btl_tcp.c:559:mca_btl_tcp_recv_blocking] recv(71) failed: Connection reset by peer (104)
srun: Job step aborted: Waiting up to 62 seconds for job step to finish.
slurmstepd: error: *** JOB 1052887 ON tri0962 CANCELLED AT 2026-02-24T20:25:10 DUE TO TIME LIMIT ***
slurmstepd: error: *** STEP 1052887.0 ON tri0962 CANCELLED AT 2026-02-24T20:25:10 DUE TO TIME LIMIT ***
