The following modules were not unloaded:
  (Use "module --force purge" to unload all):

  1) gentoo/2023
[tri0608][[16915,20719],52][btl_tcp.c:559:mca_btl_tcp_recv_blocking] recv(71) failed: Connection reset by peer (104)
[tri0608][[16915,20719],31][btl_tcp.c:559:mca_btl_tcp_recv_blocking] recv(71) failed: Connection reset by peer (104)
[tri0608][[16915,20719],43][btl_tcp.c:559:mca_btl_tcp_recv_blocking] recv(71) failed: Connection reset by peer (104)
[tri0608][[16915,20719],21][btl_tcp.c:559:mca_btl_tcp_recv_blocking] recv(71) failed: Connection reset by peer (104)
[tri0608][[16915,20719],60][btl_tcp.c:559:mca_btl_tcp_recv_blocking] recv(71) failed: Connection reset by peer (104)
[tri0608][[16915,20719],36][btl_tcp.c:559:mca_btl_tcp_recv_blocking] recv(71) failed: Connection reset by peer (104)
[tri0608][[16915,20719],43][btl_tcp.c:559:mca_btl_tcp_recv_blocking] recv(71) failed: Connection reset by peer (104)
[tri0608][[16915,20719],31][btl_tcp.c:559:mca_btl_tcp_recv_blocking] recv(71) failed: Connection reset by peer (104)
[tri0608][[16915,20719],2][btl_tcp.c:559:mca_btl_tcp_recv_blocking] recv(71) failed: Connection reset by peer (104)
[tri0608][[16915,20719],59][btl_tcp.c:559:mca_btl_tcp_recv_blocking] recv(71) failed: Connection reset by peer (104)
[tri0608][[16915,20719],60][btl_tcp.c:559:mca_btl_tcp_recv_blocking] recv(71) failed: Connection reset by peer (104)
[tri0608][[16915,20719],36][btl_tcp.c:559:mca_btl_tcp_recv_blocking] recv(71) failed: Connection reset by peer (104)
[tri0608][[16915,20719],21][btl_tcp.c:559:mca_btl_tcp_recv_blocking] recv(71) failed: Connection reset by peer (104)
[tri0608][[16915,20719],46][btl_tcp.c:559:mca_btl_tcp_recv_blocking] recv(71) failed: Connection reset by peer (104)
[tri0608][[16915,20719],13][btl_tcp.c:559:mca_btl_tcp_recv_blocking] recv(71) failed: Connection reset by peer (104)
[tri0608][[16915,20719],35][btl_tcp.c:559:mca_btl_tcp_recv_blocking] recv(71) failed: Connection reset by peer (104)
[tri0608][[16915,20719],59][btl_tcp.c:559:mca_btl_tcp_recv_blocking] recv(71) failed: Connection reset by peer (104)
[tri0608][[16915,20719],2][btl_tcp.c:559:mca_btl_tcp_recv_blocking] recv(71) failed: Connection reset by peer (104)
[tri0608][[16915,20719],34][btl_tcp.c:559:mca_btl_tcp_recv_blocking] recv(71) failed: Connection reset by peer (104)
[tri0608][[16915,20719],7][btl_tcp.c:559:mca_btl_tcp_recv_blocking] recv(71) failed: Connection reset by peer (104)
[tri0608][[16915,20719],46][btl_tcp.c:559:mca_btl_tcp_recv_blocking] recv(71) failed: Connection reset by peer (104)
[tri0608][[16915,20719],35][btl_tcp.c:559:mca_btl_tcp_recv_blocking] recv(71) failed: Connection reset by peer (104)
[tri0608][[16915,20719],13][btl_tcp.c:559:mca_btl_tcp_recv_blocking] recv(71) failed: Connection reset by peer (104)
[tri0608][[16915,20719],10][btl_tcp.c:559:mca_btl_tcp_recv_blocking] recv(71) failed: Connection reset by peer (104)
[tri0608][[16915,20719],18][btl_tcp.c:559:mca_btl_tcp_recv_blocking] recv(71) failed: Connection reset by peer (104)
[tri0608][[16915,20719],19][btl_tcp.c:559:mca_btl_tcp_recv_blocking] recv(71) failed: Connection reset by peer (104)
[tri0608][[16915,20719],34][btl_tcp.c:559:mca_btl_tcp_recv_blocking] recv(71) failed: Connection reset by peer (104)
[tri0608][[16915,20719],7][btl_tcp.c:559:mca_btl_tcp_recv_blocking] recv(71) failed: Connection reset by peer (104)
[tri0608][[16915,20719],45][btl_tcp.c:559:mca_btl_tcp_recv_blocking] recv(71) failed: Connection reset by peer (104)
[tri0608][[16915,20719],44][btl_tcp.c:559:mca_btl_tcp_recv_blocking] recv(71) failed: Connection reset by peer (104)
[tri0608][[16915,20719],19][btl_tcp.c:559:mca_btl_tcp_recv_blocking] recv(71) failed: Connection reset by peer (104)
[tri0608][[16915,20719],10][btl_tcp.c:559:mca_btl_tcp_recv_blocking] recv(71) failed: Connection reset by peer (104)
[tri0608][[16915,20719],18][btl_tcp.c:559:mca_btl_tcp_recv_blocking] recv(71) failed: Connection reset by peer (104)
[tri0608][[16915,20719],52][btl_tcp.c:559:mca_btl_tcp_recv_blocking] recv(71) failed: Connection reset by peer (104)
[tri0608][[16915,20719],28][btl_tcp.c:559:mca_btl_tcp_recv_blocking] recv(71) failed: Connection reset by peer (104)
[tri0608][[16915,20719],30][btl_tcp.c:559:mca_btl_tcp_recv_blocking] recv(71) failed: Connection reset by peer (104)
[tri0608][[16915,20719],45][btl_tcp.c:559:mca_btl_tcp_recv_blocking] recv(71) failed: Connection reset by peer (104)
[tri0608][[16915,20719],44][btl_tcp.c:559:mca_btl_tcp_recv_blocking] recv(71) failed: Connection reset by peer (104)
[tri0608][[16915,20719],43][btl_tcp.c:559:mca_btl_tcp_recv_blocking] recv(71) failed: Connection reset by peer (104)
[tri0608][[16915,20719],61][btl_tcp.c:559:mca_btl_tcp_recv_blocking] recv(71) failed: Connection reset by peer (104)
[tri0608][[16915,20719],4][btl_tcp.c:559:mca_btl_tcp_recv_blocking] recv(71) failed: Connection reset by peer (104)
[tri0608][[16915,20719],52][btl_tcp.c:559:mca_btl_tcp_recv_blocking] recv(71) failed: Connection reset by peer (104)
[tri0608][[16915,20719],28][btl_tcp.c:559:mca_btl_tcp_recv_blocking] recv(71) failed: Connection reset by peer (104)
[tri0608][[16915,20719],30][btl_tcp.c:559:mca_btl_tcp_recv_blocking] recv(71) failed: Connection reset by peer (104)
[tri0608][[16915,20719],23][btl_tcp.c:559:mca_btl_tcp_recv_blocking] recv(71) failed: Connection reset by peer (104)
[tri0608][[16915,20719],57][btl_tcp.c:559:mca_btl_tcp_recv_blocking] recv(71) failed: Connection reset by peer (104)
[tri0608][[16915,20719],47][btl_tcp.c:559:mca_btl_tcp_recv_blocking] recv(71) failed: Connection reset by peer (104)
[tri0608][[16915,20719],31][btl_tcp.c:559:mca_btl_tcp_recv_blocking] recv(71) failed: Connection reset by peer (104)
[tri0608][[16915,20719],4][btl_tcp.c:559:mca_btl_tcp_recv_blocking] recv(71) failed: Connection reset by peer (104)
[tri0608][[16915,20719],61][btl_tcp.c:559:mca_btl_tcp_recv_blocking] recv(71) failed: Connection reset by peer (104)
[tri0608][[16915,20719],17][btl_tcp.c:559:mca_btl_tcp_recv_blocking] recv(71) failed: Connection reset by peer (104)
[tri0608][[16915,20719],60][btl_tcp.c:559:mca_btl_tcp_recv_blocking] recv(71) failed: Connection reset by peer (104)
[tri0608][[16915,20719],38][btl_tcp.c:559:mca_btl_tcp_recv_blocking] recv(71) failed: Connection reset by peer (104)
[tri0608][[16915,20719],23][btl_tcp.c:559:mca_btl_tcp_recv_blocking] recv(71) failed: Connection reset by peer (104)
[tri0608][[16915,20719],32][btl_tcp.c:559:mca_btl_tcp_recv_blocking] recv(71) failed: Connection reset by peer (104)
[tri0608][[16915,20719],57][btl_tcp.c:559:mca_btl_tcp_recv_blocking] recv(71) failed: Connection reset by peer (104)
[tri0608][[16915,20719],47][btl_tcp.c:559:mca_btl_tcp_recv_blocking] recv(71) failed: Connection reset by peer (104)
[tri0608][[16915,20719],25][btl_tcp.c:559:mca_btl_tcp_recv_blocking] recv(71) failed: Connection reset by peer (104)
[tri0608][[16915,20719],48][btl_tcp.c:559:mca_btl_tcp_recv_blocking] recv(71) failed: Connection reset by peer (104)
[tri0608][[16915,20719],49][btl_tcp.c:559:mca_btl_tcp_recv_blocking] recv(71) failed: Connection reset by peer (104)
[tri0608][[16915,20719],36][btl_tcp.c:559:mca_btl_tcp_recv_blocking] recv(71) failed: Connection reset by peer (104)
[tri0608][[16915,20719],31][btl_tcp.c:559:mca_btl_tcp_recv_blocking] recv(71) failed: Connection reset by peer (104)
[tri0608][[16915,20719],17][btl_tcp.c:559:mca_btl_tcp_recv_blocking] recv(71) failed: Connection reset by peer (104)
[tri0608][[16915,20719],38][btl_tcp.c:559:mca_btl_tcp_recv_blocking] recv(71) failed: Connection reset by peer (104)
[tri0608][[16915,20719],21][btl_tcp.c:559:mca_btl_tcp_recv_blocking] recv(71) failed: Connection reset by peer (104)
[tri0608][[16915,20719],24][btl_tcp.c:559:mca_btl_tcp_recv_blocking] recv(71) failed: Connection reset by peer (104)
[tri0608][[16915,20719],62][btl_tcp.c:559:mca_btl_tcp_recv_blocking] recv(71) failed: Connection reset by peer (104)
[tri0608][[16915,20719],32][btl_tcp.c:559:mca_btl_tcp_recv_blocking] recv(71) failed: Connection reset by peer (104)
[tri0608][[16915,20719],1][btl_tcp.c:559:mca_btl_tcp_recv_blocking] recv(71) failed: Connection reset by peer (104)
[tri0608][[16915,20719],25][btl_tcp.c:559:mca_btl_tcp_recv_blocking] recv(71) failed: Connection reset by peer (104)
[tri0608][[16915,20719],48][btl_tcp.c:559:mca_btl_tcp_recv_blocking] recv(71) failed: Connection reset by peer (104)
[tri0608][[16915,20719],8][btl_tcp.c:559:mca_btl_tcp_recv_blocking] recv(71) failed: Connection reset by peer (104)
[tri0608][[16915,20719],41][btl_tcp.c:559:mca_btl_tcp_recv_blocking] recv(71) failed: Connection reset by peer (104)
[tri0608][[16915,20719],59][btl_tcp.c:559:mca_btl_tcp_recv_blocking] recv(71) failed: Connection reset by peer (104)
[tri0608][[16915,20719],24][btl_tcp.c:559:mca_btl_tcp_recv_blocking] recv(71) failed: Connection reset by peer (104)
[tri0608][[16915,20719],62][btl_tcp.c:559:mca_btl_tcp_recv_blocking] recv(71) failed: Connection reset by peer (104)
[tri0608][[16915,20719],2][btl_tcp.c:559:mca_btl_tcp_recv_blocking] recv(71) failed: Connection reset by peer (104)
[tri0608][[16915,20719],63][btl_tcp.c:559:mca_btl_tcp_recv_blocking] recv(71) failed: Connection reset by peer (104)
[tri0608][[16915,20719],58][btl_tcp.c:559:mca_btl_tcp_recv_blocking] recv(71) failed: Connection reset by peer (104)
[tri0608][[16915,20719],1][btl_tcp.c:559:mca_btl_tcp_recv_blocking] recv(71) failed: Connection reset by peer (104)
[tri0608][[16915,20719],50][btl_tcp.c:559:mca_btl_tcp_recv_blocking] recv(71) failed: Connection reset by peer (104)
[tri0608][[16915,20719],8][btl_tcp.c:559:mca_btl_tcp_recv_blocking] recv(71) failed: Connection reset by peer (104)
[tri0608][[16915,20719],41][btl_tcp.c:559:mca_btl_tcp_recv_blocking] recv(71) failed: Connection reset by peer (104)
[tri0608][[16915,20719],56][btl_tcp.c:559:mca_btl_tcp_recv_blocking] recv(71) failed: Connection reset by peer (104)
[tri0608][[16915,20719],20][btl_tcp.c:559:mca_btl_tcp_recv_blocking] recv(71) failed: Connection reset by peer (104)
[tri0608][[16915,20719],46][btl_tcp.c:559:mca_btl_tcp_recv_blocking] recv(71) failed: Connection reset by peer (104)
[tri0608][[16915,20719],63][btl_tcp.c:559:mca_btl_tcp_recv_blocking] recv(71) failed: Connection reset by peer (104)
[tri0608][[16915,20719],58][btl_tcp.c:559:mca_btl_tcp_recv_blocking] recv(71) failed: Connection reset by peer (104)
[tri0608][[16915,20719],35][btl_tcp.c:559:mca_btl_tcp_recv_blocking] recv(71) failed: Connection reset by peer (104)
[tri0608][[16915,20719],16][btl_tcp.c:559:mca_btl_tcp_recv_blocking] recv(71) failed: Connection reset by peer (104)
[tri0608][[16915,20719],6][btl_tcp.c:559:mca_btl_tcp_recv_blocking] recv(71) failed: Connection reset by peer (104)
[tri0608][[16915,20719],50][btl_tcp.c:559:mca_btl_tcp_recv_blocking] recv(71) failed: Connection reset by peer (104)
[tri0608][[16915,20719],14][btl_tcp.c:559:mca_btl_tcp_recv_blocking] recv(71) failed: Connection reset by peer (104)
[tri0608][[16915,20719],56][btl_tcp.c:559:mca_btl_tcp_recv_blocking] recv(71) failed: Connection reset by peer (104)
[tri0608][[16915,20719],20][btl_tcp.c:559:mca_btl_tcp_recv_blocking] recv(71) failed: Connection reset by peer (104)
[tri0608][[16915,20719],15][btl_tcp.c:559:mca_btl_tcp_recv_blocking] recv(71) failed: Connection reset by peer (104)
[tri0608][[16915,20719],22][btl_tcp.c:559:mca_btl_tcp_recv_blocking] recv(71) failed: Connection reset by peer (104)
[tri0608][[16915,20719],13][btl_tcp.c:559:mca_btl_tcp_recv_blocking] recv(71) failed: Connection reset by peer (104)
[tri0608][[16915,20719],16][btl_tcp.c:559:mca_btl_tcp_recv_blocking] recv(71) failed: Connection reset by peer (104)
[tri0608][[16915,20719],6][btl_tcp.c:559:mca_btl_tcp_recv_blocking] recv(71) failed: Connection reset by peer (104)
[tri0608][[16915,20719],9][btl_tcp.c:559:mca_btl_tcp_recv_blocking] recv(71) failed: Connection reset by peer (104)
[tri0608][[16915,20719],34][btl_tcp.c:559:mca_btl_tcp_recv_blocking] recv(71) failed: Connection reset by peer (104)
[tri0608][[16915,20719],37][btl_tcp.c:559:mca_btl_tcp_recv_blocking] recv(71) failed: Connection reset by peer (104)
[tri0608][[16915,20719],14][btl_tcp.c:559:mca_btl_tcp_recv_blocking] recv(71) failed: Connection reset by peer (104)
[tri0608][[16915,20719],3][btl_tcp.c:559:mca_btl_tcp_recv_blocking] recv(71) failed: Connection reset by peer (104)
[tri0608][[16915,20719],22][btl_tcp.c:559:mca_btl_tcp_recv_blocking] recv(71) failed: Connection reset by peer (104)
[tri0608][[16915,20719],15][btl_tcp.c:559:mca_btl_tcp_recv_blocking] recv(71) failed: Connection reset by peer (104)
[tri0608][[16915,20719],27][btl_tcp.c:559:mca_btl_tcp_recv_blocking] recv(71) failed: Connection reset by peer (104)
[tri0608][[16915,20719],11][btl_tcp.c:559:mca_btl_tcp_recv_blocking] recv(71) failed: Connection reset by peer (104)
[tri0608][[16915,20719],7][btl_tcp.c:559:mca_btl_tcp_recv_blocking] recv(71) failed: Connection reset by peer (104)
[tri0608][[16915,20719],9][btl_tcp.c:559:mca_btl_tcp_recv_blocking] recv(71) failed: Connection reset by peer (104)
[tri0608][[16915,20719],37][btl_tcp.c:559:mca_btl_tcp_recv_blocking] recv(71) failed: Connection reset by peer (104)
[tri0608][[16915,20719],19][btl_tcp.c:559:mca_btl_tcp_recv_blocking] recv(71) failed: Connection reset by peer (104)
[tri0608][[16915,20719],49][btl_tcp.c:559:mca_btl_tcp_recv_blocking] recv(71) failed: Connection reset by peer (104)
[tri0608][[16915,20719],53][btl_tcp.c:559:mca_btl_tcp_recv_blocking] recv(71) failed: Connection reset by peer (104)
[tri0608][[16915,20719],3][btl_tcp.c:559:mca_btl_tcp_recv_blocking] recv(71) failed: Connection reset by peer (104)
[tri0608][[16915,20719],42][btl_tcp.c:559:mca_btl_tcp_recv_blocking] recv(71) failed: Connection reset by peer (104)
[tri0608][[16915,20719],11][btl_tcp.c:559:mca_btl_tcp_recv_blocking] recv(71) failed: Connection reset by peer (104)
[tri0608][[16915,20719],27][btl_tcp.c:559:mca_btl_tcp_recv_blocking] recv(71) failed: Connection reset by peer (104)
[tri0608][[16915,20719],51][btl_tcp.c:559:mca_btl_tcp_recv_blocking] recv(71) failed: Connection reset by peer (104)
[tri0608][[16915,20719],39][btl_tcp.c:559:mca_btl_tcp_recv_blocking] recv(71) failed: Connection reset by peer (104)
[tri0608][[16915,20719],10][btl_tcp.c:559:mca_btl_tcp_recv_blocking] recv(71) failed: Connection reset by peer (104)
[tri0608][[16915,20719],49][btl_tcp.c:559:mca_btl_tcp_recv_blocking] recv(71) failed: Connection reset by peer (104)
[tri0608][[16915,20719],18][btl_tcp.c:559:mca_btl_tcp_recv_blocking] recv(71) failed: Connection reset by peer (104)
[tri0608][[16915,20719],33][btl_tcp.c:559:mca_btl_tcp_recv_blocking] recv(71) failed: Connection reset by peer (104)
[tri0608][[16915,20719],42][btl_tcp.c:559:mca_btl_tcp_recv_blocking] recv(71) failed: Connection reset by peer (104)
[tri0608][[16915,20719],51][btl_tcp.c:559:mca_btl_tcp_recv_blocking] recv(71) failed: Connection reset by peer (104)
[tri0608][[16915,20719],39][btl_tcp.c:559:mca_btl_tcp_recv_blocking] recv(71) failed: Connection reset by peer (104)
[tri0608][[16915,20719],33][btl_tcp.c:559:mca_btl_tcp_recv_blocking] recv(71) failed: Connection reset by peer (104)
[tri0608][[16915,20719],43][btl_tcp.c:559:mca_btl_tcp_recv_blocking] recv(71) failed: Connection reset by peer (104)
[tri0608][[16915,20719],34][btl_tcp.c:559:mca_btl_tcp_recv_blocking] recv(71) failed: Connection reset by peer (104)
[tri0608][[16915,20719],19][btl_tcp.c:559:mca_btl_tcp_recv_blocking] recv(71) failed: Connection reset by peer (104)
[tri0608][[16915,20719],36][btl_tcp.c:559:mca_btl_tcp_recv_blocking] recv(71) failed: Connection reset by peer (104)
[tri0608][[16915,20719],60][btl_tcp.c:559:mca_btl_tcp_recv_blocking] recv(71) failed: Connection reset by peer (104)
[tri0608][[16915,20719],10][btl_tcp.c:559:mca_btl_tcp_recv_blocking] recv(71) failed: Connection reset by peer (104)
[tri0608][[16915,20719],30][btl_tcp.c:559:mca_btl_tcp_recv_blocking] recv(71) failed: Connection reset by peer (104)
[tri0608][[16915,20719],13][btl_tcp.c:559:mca_btl_tcp_recv_blocking] recv(71) failed: Connection reset by peer (104)
[tri0608][[16915,20719],31][btl_tcp.c:559:mca_btl_tcp_recv_blocking] recv(71) failed: Connection reset by peer (104)
[tri0608][[16915,20719],7][btl_tcp.c:559:mca_btl_tcp_recv_blocking] recv(71) failed: Connection reset by peer (104)
[tri0608][[16915,20719],43][btl_tcp.c:559:mca_btl_tcp_recv_blocking] recv(71) failed: Connection reset by peer (104)
[tri0608][[16915,20719],48][btl_tcp.c:559:mca_btl_tcp_recv_blocking] recv(71) failed: Connection reset by peer (104)
[tri0608][[16915,20719],8][btl_tcp.c:559:mca_btl_tcp_recv_blocking] recv(71) failed: Connection reset by peer (104)
[tri0608][[16915,20719],23][btl_tcp.c:559:mca_btl_tcp_recv_blocking] recv(71) failed: Connection reset by peer (104)
[tri0608][[16915,20719],24][btl_tcp.c:559:mca_btl_tcp_recv_blocking] recv(71) failed: Connection reset by peer (104)
[tri0608][[16915,20719],57][btl_tcp.c:559:mca_btl_tcp_recv_blocking] recv(71) failed: Connection reset by peer (104)
[tri0608][[16915,20719],1][btl_tcp.c:559:mca_btl_tcp_recv_blocking] recv(71) failed: Connection reset by peer (104)
[tri0608][[16915,20719],4][btl_tcp.c:559:mca_btl_tcp_recv_blocking] recv(71) failed: Connection reset by peer (104)
[tri0608][[16915,20719],61][btl_tcp.c:559:mca_btl_tcp_recv_blocking] recv(71) failed: Connection reset by peer (104)
[tri0608][[16915,20719],62][btl_tcp.c:559:mca_btl_tcp_recv_blocking] recv(71) failed: Connection reset by peer (104)
[tri0608][[16915,20719],20][btl_tcp.c:559:mca_btl_tcp_recv_blocking] recv(71) failed: Connection reset by peer (104)
[tri0608][[16915,20719],31][btl_tcp.c:559:mca_btl_tcp_recv_blocking] recv(71) failed: Connection reset by peer (104)
[tri0608][[16915,20719],16][btl_tcp.c:559:mca_btl_tcp_recv_blocking] recv(71) failed: Connection reset by peer (104)
[tri0608][[16915,20719],51][btl_tcp.c:559:mca_btl_tcp_recv_blocking] recv(71) failed: Connection reset by peer (104)
[tri0608][[16915,20719],39][btl_tcp.c:559:mca_btl_tcp_recv_blocking] recv(71) failed: Connection reset by peer (104)
[tri0608][[16915,20719],15][btl_tcp.c:559:mca_btl_tcp_recv_blocking] recv(71) failed: Connection reset by peer (104)
[tri0608][[16915,20719],22][btl_tcp.c:559:mca_btl_tcp_recv_blocking] recv(71) failed: Connection reset by peer (104)
[tri0608][[16915,20719],14][btl_tcp.c:559:mca_btl_tcp_recv_blocking] recv(71) failed: Connection reset by peer (104)
[tri0608][[16915,20719],42][btl_tcp.c:559:mca_btl_tcp_recv_blocking] recv(71) failed: Connection reset by peer (104)
[tri0608][[16915,20719],6][btl_tcp.c:559:mca_btl_tcp_recv_blocking] recv(71) failed: Connection reset by peer (104)
[tri0608][[16915,20719],33][btl_tcp.c:559:mca_btl_tcp_recv_blocking] recv(71) failed: Connection reset by peer (104)
[tri0608][[16915,20719],50][btl_tcp.c:559:mca_btl_tcp_recv_blocking] recv(71) failed: Connection reset by peer (104)
[tri0608][[16915,20719],56][btl_tcp.c:559:mca_btl_tcp_recv_blocking] recv(71) failed: Connection reset by peer (104)
[tri0608][[16915,20719],49][btl_tcp.c:559:mca_btl_tcp_recv_blocking] recv(71) failed: Connection reset by peer (104)
[tri0608][[16915,20719],9][btl_tcp.c:559:mca_btl_tcp_recv_blocking] recv(71) failed: Connection reset by peer (104)
[tri0608][[16915,20719],63][btl_tcp.c:559:mca_btl_tcp_recv_blocking] recv(71) failed: Connection reset by peer (104)
[tri0608][[16915,20719],58][btl_tcp.c:559:mca_btl_tcp_recv_blocking] recv(71) failed: Connection reset by peer (104)
[tri0608][[16915,20719],3][btl_tcp.c:559:mca_btl_tcp_recv_blocking] recv(71) failed: Connection reset by peer (104)
[tri0608][[16915,20719],37][btl_tcp.c:559:mca_btl_tcp_recv_blocking] recv(71) failed: Connection reset by peer (104)
[tri0608][[16915,20719],11][btl_tcp.c:559:mca_btl_tcp_recv_blocking] recv(71) failed: Connection reset by peer (104)
[tri0608][[16915,20719],27][btl_tcp.c:559:mca_btl_tcp_recv_blocking] recv(71) failed: Connection reset by peer (104)
[tri0608][[16915,20719],60][btl_tcp.c:559:mca_btl_tcp_recv_blocking] recv(71) failed: Connection reset by peer (104)
[tri0608][[16915,20719],32][btl_tcp.c:559:mca_btl_tcp_recv_blocking] recv(71) failed: Connection reset by peer (104)
[tri0608][[16915,20719],52][btl_tcp.c:559:mca_btl_tcp_recv_blocking] recv(71) failed: Connection reset by peer (104)
[tri0608][[16915,20719],38][btl_tcp.c:559:mca_btl_tcp_recv_blocking] recv(71) failed: Connection reset by peer (104)
[tri0608][[16915,20719],41][btl_tcp.c:559:mca_btl_tcp_recv_blocking] recv(71) failed: Connection reset by peer (104)
[tri0608][[16915,20719],28][btl_tcp.c:559:mca_btl_tcp_recv_blocking] recv(71) failed: Connection reset by peer (104)
[tri0608][[16915,20719],25][btl_tcp.c:559:mca_btl_tcp_recv_blocking] recv(71) failed: Connection reset by peer (104)
[tri0608][[16915,20719],44][btl_tcp.c:559:mca_btl_tcp_recv_blocking] recv(71) failed: Connection reset by peer (104)
[tri0608][[16915,20719],45][btl_tcp.c:559:mca_btl_tcp_recv_blocking] recv(71) failed: Connection reset by peer (104)
[tri0608][[16915,20719],17][btl_tcp.c:559:mca_btl_tcp_recv_blocking] recv(71) failed: Connection reset by peer (104)
[tri0608][[16915,20719],47][btl_tcp.c:559:mca_btl_tcp_recv_blocking] recv(71) failed: Connection reset by peer (104)
[tri0608][[16915,20719],36][btl_tcp.c:559:mca_btl_tcp_recv_blocking] recv(71) failed: Connection reset by peer (104)
[tri0608][[16915,20719],2][btl_tcp.c:559:mca_btl_tcp_recv_blocking] recv(71) failed: Connection reset by peer (104)
[tri0608][[16915,20719],21][btl_tcp.c:559:mca_btl_tcp_recv_blocking] recv(71) failed: Connection reset by peer (104)
[tri0608][[16915,20719],35][btl_tcp.c:559:mca_btl_tcp_recv_blocking] recv(71) failed: Connection reset by peer (104)
[tri0608][[16915,20719],46][btl_tcp.c:559:mca_btl_tcp_recv_blocking] recv(71) failed: Connection reset by peer (104)
[tri0608][[16915,20719],18][btl_tcp.c:559:mca_btl_tcp_recv_blocking] recv(71) failed: Connection reset by peer (104)
[tri0608][[16915,20719],59][btl_tcp.c:559:mca_btl_tcp_recv_blocking] recv(71) failed: Connection reset by peer (104)
[tri0608][[16915,20719],21][btl_tcp.c:559:mca_btl_tcp_recv_blocking] recv(71) failed: Connection reset by peer (104)
[tri0608][[16915,20719],59][btl_tcp.c:559:mca_btl_tcp_recv_blocking] recv(71) failed: Connection reset by peer (104)
[tri0608][[16915,20719],2][btl_tcp.c:559:mca_btl_tcp_recv_blocking] recv(71) failed: Connection reset by peer (104)
[tri0608][[16915,20719],46][btl_tcp.c:559:mca_btl_tcp_recv_blocking] recv(71) failed: Connection reset by peer (104)
[tri0608][[16915,20719],35][btl_tcp.c:559:mca_btl_tcp_recv_blocking] recv(71) failed: Connection reset by peer (104)
[tri0608][[16915,20719],13][btl_tcp.c:559:mca_btl_tcp_recv_blocking] recv(71) failed: Connection reset by peer (104)
[tri0608][[16915,20719],34][btl_tcp.c:559:mca_btl_tcp_recv_blocking] recv(71) failed: Connection reset by peer (104)
[tri0608][[16915,20719],7][btl_tcp.c:559:mca_btl_tcp_recv_blocking] recv(71) failed: Connection reset by peer (104)
[tri0608][[16915,20719],19][btl_tcp.c:559:mca_btl_tcp_recv_blocking] recv(71) failed: Connection reset by peer (104)
[tri0608][[16915,20719],10][btl_tcp.c:559:mca_btl_tcp_recv_blocking] recv(71) failed: Connection reset by peer (104)
[tri0608][[16915,20719],18][btl_tcp.c:559:mca_btl_tcp_recv_blocking] recv(71) failed: Connection reset by peer (104)
[tri0608][[16915,20719],45][btl_tcp.c:559:mca_btl_tcp_recv_blocking] recv(71) failed: Connection reset by peer (104)
[tri0608][[16915,20719],43][btl_tcp.c:559:mca_btl_tcp_recv_blocking] recv(71) failed: Connection reset by peer (104)
[tri0608][[16915,20719],44][btl_tcp.c:559:mca_btl_tcp_recv_blocking] recv(72) failed: Connection reset by peer (104)
[tri0608][[16915,20719],52][btl_tcp.c:559:mca_btl_tcp_recv_blocking] recv(71) failed: Connection reset by peer (104)
[tri0608][[16915,20719],28][btl_tcp.c:559:mca_btl_tcp_recv_blocking] recv(71) failed: Connection reset by peer (104)
[tri0608][[16915,20719],30][btl_tcp.c:559:mca_btl_tcp_recv_blocking] recv(71) failed: Connection reset by peer (104)
[tri0608][[16915,20719],48][btl_tcp.c:559:mca_btl_tcp_recv_blocking] recv(71) failed: Connection reset by peer (104)
[tri0608][[16915,20719],4][btl_tcp.c:559:mca_btl_tcp_recv_blocking] recv(71) failed: Connection reset by peer (104)
[tri0608][[16915,20719],48][btl_tcp.c:559:mca_btl_tcp_recv_blocking] recv(71) failed: Connection reset by peer (104)
[tri0608][[16915,20719],61][btl_tcp.c:559:mca_btl_tcp_recv_blocking] recv(71) failed: Connection reset by peer (104)
[tri0608][[16915,20719],23][btl_tcp.c:559:mca_btl_tcp_recv_blocking] recv(71) failed: Connection reset by peer (104)
[tri0608][[16915,20719],57][btl_tcp.c:559:mca_btl_tcp_recv_blocking] recv(71) failed: Connection reset by peer (104)
[tri0608][[16915,20719],57][btl_tcp.c:559:mca_btl_tcp_recv_blocking] recv(71) failed: Connection reset by peer (104)
[tri0608][[16915,20719],57][btl_tcp.c:559:mca_btl_tcp_recv_blocking] recv(71) failed: Connection reset by peer (104)
[tri0608][[16915,20719],47][btl_tcp.c:559:mca_btl_tcp_recv_blocking] recv(71) failed: Connection reset by peer (104)
[tri0608][[16915,20719],57][btl_tcp.c:559:mca_btl_tcp_recv_blocking] recv(71) failed: Connection reset by peer (104)
[tri0608][[16915,20719],17][btl_tcp.c:559:mca_btl_tcp_recv_blocking] recv(71) failed: Connection reset by peer (104)
[tri0608][[16915,20719],57][btl_tcp.c:559:mca_btl_tcp_recv_blocking] recv(71) failed: Connection reset by peer (104)
[tri0608][[16915,20719],38][btl_tcp.c:559:mca_btl_tcp_recv_blocking] recv(71) failed: Connection reset by peer (104)
[tri0608][[16915,20719],32][btl_tcp.c:559:mca_btl_tcp_recv_blocking] recv(71) failed: Connection reset by peer (104)
[tri0608][[16915,20719],57][btl_tcp.c:559:mca_btl_tcp_recv_blocking] recv(71) failed: Connection reset by peer (104)
[tri0608][[16915,20719],31][btl_tcp.c:559:mca_btl_tcp_recv_blocking] recv(71) failed: Connection reset by peer (104)
[tri0608][[16915,20719],25][btl_tcp.c:559:mca_btl_tcp_recv_blocking] recv(71) failed: Connection reset by peer (104)
[tri0608][[16915,20719],48][btl_tcp.c:559:mca_btl_tcp_recv_blocking] recv(71) failed: Connection reset by peer (104)
[tri0608][[16915,20719],24][btl_tcp.c:559:mca_btl_tcp_recv_blocking] recv(71) failed: Connection reset by peer (104)
[tri0608][[16915,20719],62][btl_tcp.c:559:mca_btl_tcp_recv_blocking] recv(71) failed: Connection reset by peer (104)
[tri0608][[16915,20719],1][btl_tcp.c:559:mca_btl_tcp_recv_blocking] recv(71) failed: Connection reset by peer (104)
[tri0608][[16915,20719],8][btl_tcp.c:559:mca_btl_tcp_recv_blocking] recv(71) failed: Connection reset by peer (104)
[tri0608][[16915,20719],41][btl_tcp.c:559:mca_btl_tcp_recv_blocking] recv(71) failed: Connection reset by peer (104)
[tri0608][[16915,20719],63][btl_tcp.c:559:mca_btl_tcp_recv_blocking] recv(71) failed: Connection reset by peer (104)
[tri0608][[16915,20719],58][btl_tcp.c:559:mca_btl_tcp_recv_blocking] recv(71) failed: Connection reset by peer (104)
[tri0608][[16915,20719],50][btl_tcp.c:559:mca_btl_tcp_recv_blocking] recv(71) failed: Connection reset by peer (104)
[tri0608][[16915,20719],56][btl_tcp.c:559:mca_btl_tcp_recv_blocking] recv(71) failed: Connection reset by peer (104)
[tri0608][[16915,20719],20][btl_tcp.c:559:mca_btl_tcp_recv_blocking] recv(71) failed: Connection reset by peer (104)
[tri0608][[16915,20719],60][btl_tcp.c:559:mca_btl_tcp_recv_blocking] recv(71) failed: Connection reset by peer (104)
[tri0608][[16915,20719],16][btl_tcp.c:559:mca_btl_tcp_recv_blocking] recv(71) failed: Connection reset by peer (104)
[tri0608][[16915,20719],6][btl_tcp.c:559:mca_btl_tcp_recv_blocking] recv(71) failed: Connection reset by peer (104)
[tri0608][[16915,20719],14][btl_tcp.c:559:mca_btl_tcp_recv_blocking] recv(71) failed: Connection reset by peer (104)
[tri0608][[16915,20719],48][btl_tcp.c:559:mca_btl_tcp_recv_blocking] recv(71) failed: Connection reset by peer (104)
[tri0608][[16915,20719],22][btl_tcp.c:559:mca_btl_tcp_recv_blocking] recv(71) failed: Connection reset by peer (104)
[tri0608][[16915,20719],15][btl_tcp.c:559:mca_btl_tcp_recv_blocking] recv(71) failed: Connection reset by peer (104)
[tri0608][[16915,20719],9][btl_tcp.c:559:mca_btl_tcp_recv_blocking] recv(71) failed: Connection reset by peer (104)
[tri0608][[16915,20719],37][btl_tcp.c:559:mca_btl_tcp_recv_blocking] recv(71) failed: Connection reset by peer (104)
[tri0608][[16915,20719],48][btl_tcp.c:559:mca_btl_tcp_recv_blocking] recv(71) failed: Connection reset by peer (104)
[tri0608][[16915,20719],48][btl_tcp.c:559:mca_btl_tcp_recv_blocking] recv(71) failed: Connection reset by peer (104)
[tri0608][[16915,20719],3][btl_tcp.c:559:mca_btl_tcp_recv_blocking] recv(71) failed: Connection reset by peer (104)
[tri0608][[16915,20719],11][btl_tcp.c:559:mca_btl_tcp_recv_blocking] recv(71) failed: Connection reset by peer (104)
[tri0608][[16915,20719],27][btl_tcp.c:559:mca_btl_tcp_recv_blocking] recv(71) failed: Connection reset by peer (104)
[tri0608][[16915,20719],49][btl_tcp.c:559:mca_btl_tcp_recv_blocking] recv(71) failed: Connection reset by peer (104)
[tri0608][[16915,20719],36][btl_tcp.c:559:mca_btl_tcp_recv_blocking] recv(71) failed: Connection reset by peer (104)
[tri0608][[16915,20719],42][btl_tcp.c:559:mca_btl_tcp_recv_blocking] recv(71) failed: Connection reset by peer (104)
[tri0608][[16915,20719],51][btl_tcp.c:559:mca_btl_tcp_recv_blocking] recv(71) failed: Connection reset by peer (104)
[tri0608][[16915,20719],39][btl_tcp.c:559:mca_btl_tcp_recv_blocking] recv(71) failed: Connection reset by peer (104)
[tri0608][[16915,20719],33][btl_tcp.c:559:mca_btl_tcp_recv_blocking] recv(71) failed: Connection reset by peer (104)
[tri0608][[16915,20719],13][btl_tcp.c:559:mca_btl_tcp_recv_blocking] recv(71) failed: Connection reset by peer (104)
[tri0608][[16915,20719],34][btl_tcp.c:559:mca_btl_tcp_recv_blocking] recv(71) failed: Connection reset by peer (104)
[tri0608][[16915,20719],31][btl_tcp.c:559:mca_btl_tcp_recv_blocking] recv(71) failed: Connection reset by peer (104)
[tri0608][[16915,20719],21][btl_tcp.c:559:mca_btl_tcp_recv_blocking] recv(71) failed: Connection reset by peer (104)
[tri0608][[16915,20719],36][btl_tcp.c:559:mca_btl_tcp_recv_blocking] recv(71) failed: Connection reset by peer (104)
[tri0608][[16915,20719],43][btl_tcp.c:559:mca_btl_tcp_recv_blocking] recv(71) failed: Connection reset by peer (104)
[tri0608][[16915,20719],60][btl_tcp.c:559:mca_btl_tcp_recv_blocking] recv(71) failed: Connection reset by peer (104)
[tri0608][[16915,20719],59][btl_tcp.c:559:mca_btl_tcp_recv_blocking] recv(71) failed: Connection reset by peer (104)
[tri0608][[16915,20719],2][btl_tcp.c:559:mca_btl_tcp_recv_blocking] recv(71) failed: Connection reset by peer (104)
[tri0608][[16915,20719],13][btl_tcp.c:559:mca_btl_tcp_recv_blocking] recv(71) failed: Connection reset by peer (104)
[tri0608][[16915,20719],46][btl_tcp.c:559:mca_btl_tcp_recv_blocking] recv(71) failed: Connection reset by peer (104)
[tri0608][[16915,20719],35][btl_tcp.c:559:mca_btl_tcp_recv_blocking] recv(71) failed: Connection reset by peer (104)
[tri0608][[16915,20719],7][btl_tcp.c:559:mca_btl_tcp_recv_blocking] recv(71) failed: Connection reset by peer (104)
[tri0608][[16915,20719],34][btl_tcp.c:559:mca_btl_tcp_recv_blocking] recv(71) failed: Connection reset by peer (104)
[tri0608][[16915,20719],10][btl_tcp.c:559:mca_btl_tcp_recv_blocking] recv(71) failed: Connection reset by peer (104)
[tri0608][[16915,20719],18][btl_tcp.c:559:mca_btl_tcp_recv_blocking] recv(71) failed: Connection reset by peer (104)
[tri0608][[16915,20719],44][btl_tcp.c:559:mca_btl_tcp_recv_blocking] recv(71) failed: Connection reset by peer (104)
[tri0608][[16915,20719],19][btl_tcp.c:559:mca_btl_tcp_recv_blocking] recv(71) failed: Connection reset by peer (104)
[tri0608][[16915,20719],30][btl_tcp.c:559:mca_btl_tcp_recv_blocking] recv(71) failed: Connection reset by peer (104)
[tri0608][[16915,20719],45][btl_tcp.c:559:mca_btl_tcp_recv_blocking] recv(71) failed: Connection reset by peer (104)
[tri0608][[16915,20719],38][btl_tcp.c:559:mca_btl_tcp_recv_blocking] recv(71) failed: Connection reset by peer (104)
[tri0608][[16915,20719],52][btl_tcp.c:559:mca_btl_tcp_recv_blocking] recv(71) failed: Connection reset by peer (104)
[tri0608][[16915,20719],28][btl_tcp.c:559:mca_btl_tcp_recv_blocking] recv(71) failed: Connection reset by peer (104)
[tri0608][[16915,20719],25][btl_tcp.c:559:mca_btl_tcp_recv_blocking] recv(71) failed: Connection reset by peer (104)
[tri0608][[16915,20719],4][btl_tcp.c:559:mca_btl_tcp_recv_blocking] recv(71) failed: Connection reset by peer (104)
[tri0608][[16915,20719],32][btl_tcp.c:559:mca_btl_tcp_recv_blocking] recv(71) failed: Connection reset by peer (104)
[tri0608][[16915,20719],48][btl_tcp.c:559:mca_btl_tcp_recv_blocking] recv(71) failed: Connection reset by peer (104)
[tri0608][[16915,20719],61][btl_tcp.c:559:mca_btl_tcp_recv_blocking] recv(71) failed: Connection reset by peer (104)
[tri0608][[16915,20719],23][btl_tcp.c:559:mca_btl_tcp_recv_blocking] recv(71) failed: Connection reset by peer (104)
[tri0608][[16915,20719],24][btl_tcp.c:559:mca_btl_tcp_recv_blocking] recv(71) failed: Connection reset by peer (104)
[tri0608][[16915,20719],62][btl_tcp.c:559:mca_btl_tcp_recv_blocking] recv(71) failed: Connection reset by peer (104)
[tri0608][[16915,20719],57][btl_tcp.c:559:mca_btl_tcp_recv_blocking] recv(71) failed: Connection reset by peer (104)
[tri0608][[16915,20719],1][btl_tcp.c:559:mca_btl_tcp_recv_blocking] recv(71) failed: Connection reset by peer (104)
[tri0608][[16915,20719],47][btl_tcp.c:559:mca_btl_tcp_recv_blocking] recv(71) failed: Connection reset by peer (104)
[tri0608][[16915,20719],17][btl_tcp.c:559:mca_btl_tcp_recv_blocking] recv(71) failed: Connection reset by peer (104)
[tri0608][[16915,20719],8][btl_tcp.c:559:mca_btl_tcp_recv_blocking] recv(71) failed: Connection reset by peer (104)
[tri0608][[16915,20719],41][btl_tcp.c:559:mca_btl_tcp_recv_blocking] recv(71) failed: Connection reset by peer (104)
[tri0608][[16915,20719],63][btl_tcp.c:559:mca_btl_tcp_recv_blocking] recv(71) failed: Connection reset by peer (104)
[tri0608][[16915,20719],58][btl_tcp.c:559:mca_btl_tcp_recv_blocking] recv(71) failed: Connection reset by peer (104)
[tri0608][[16915,20719],50][btl_tcp.c:559:mca_btl_tcp_recv_blocking] recv(71) failed: Connection reset by peer (104)
[tri0608][[16915,20719],37][btl_tcp.c:559:mca_btl_tcp_recv_blocking] recv(71) failed: Connection reset by peer (104)
[tri0608][[16915,20719],3][btl_tcp.c:559:mca_btl_tcp_recv_blocking] recv(71) failed: Connection reset by peer (104)
[tri0608][[16915,20719],56][btl_tcp.c:559:mca_btl_tcp_recv_blocking] recv(71) failed: Connection reset by peer (104)
[tri0608][[16915,20719],11][btl_tcp.c:559:mca_btl_tcp_recv_blocking] recv(71) failed: Connection reset by peer (104)
[tri0608][[16915,20719],20][btl_tcp.c:559:mca_btl_tcp_recv_blocking] recv(71) failed: Connection reset by peer (104)
[tri0608][[16915,20719],16][btl_tcp.c:559:mca_btl_tcp_recv_blocking] recv(71) failed: Connection reset by peer (104)
[tri0608][[16915,20719],27][btl_tcp.c:559:mca_btl_tcp_recv_blocking] recv(71) failed: Connection reset by peer (104)
[tri0608][[16915,20719],49][btl_tcp.c:559:mca_btl_tcp_recv_blocking] recv(71) failed: Connection reset by peer (104)
[tri0608][[16915,20719],6][btl_tcp.c:559:mca_btl_tcp_recv_blocking] recv(71) failed: Connection reset by peer (104)
[tri0608][[16915,20719],42][btl_tcp.c:559:mca_btl_tcp_recv_blocking] recv(71) failed: Connection reset by peer (104)
[tri0608][[16915,20719],51][btl_tcp.c:559:mca_btl_tcp_recv_blocking] recv(71) failed: Connection reset by peer (104)
[tri0608][[16915,20719],14][btl_tcp.c:559:mca_btl_tcp_recv_blocking] recv(71) failed: Connection reset by peer (104)
[tri0608][[16915,20719],39][btl_tcp.c:559:mca_btl_tcp_recv_blocking] recv(71) failed: Connection reset by peer (104)
[tri0608][[16915,20719],33][btl_tcp.c:559:mca_btl_tcp_recv_blocking] recv(71) failed: Connection reset by peer (104)
[tri0608][[16915,20719],22][btl_tcp.c:559:mca_btl_tcp_recv_blocking] recv(71) failed: Connection reset by peer (104)
[tri0608][[16915,20719],15][btl_tcp.c:559:mca_btl_tcp_recv_blocking] recv(71) failed: Connection reset by peer (104)
[tri0608][[16915,20719],9][btl_tcp.c:559:mca_btl_tcp_recv_blocking] recv(71) failed: Connection reset by peer (104)
[tri1008][[16915,20719],67][btl_tcp.c:559:mca_btl_tcp_recv_blocking] recv(71) failed: Connection reset by peer (104)
[tri1008][[16915,20719],76][btl_tcp.c:559:mca_btl_tcp_recv_blocking] recv(71) failed: Connection reset by peer (104)
[tri1008][[16915,20719],115][btl_tcp.c:559:mca_btl_tcp_recv_blocking] recv(71) failed: Connection reset by peer (104)
[tri1008][[16915,20719],87][btl_tcp.c:559:mca_btl_tcp_recv_blocking] recv(71) failed: Connection reset by peer (104)
[tri1008][[16915,20719],67][btl_tcp.c:559:mca_btl_tcp_recv_blocking] recv(71) failed: Connection reset by peer (104)
[tri1008][[16915,20719],82][btl_tcp.c:559:mca_btl_tcp_recv_blocking] recv(71) failed: Connection reset by peer (104)
[tri1008][[16915,20719],82][btl_tcp.c:559:mca_btl_tcp_recv_blocking] recv(71) failed: Connection reset by peer (104)
[tri1008][[16915,20719],115][btl_tcp.c:559:mca_btl_tcp_recv_blocking] recv(71) failed: Connection reset by peer (104)
[tri1008][[16915,20719],76][btl_tcp.c:559:mca_btl_tcp_recv_blocking] recv(71) failed: Connection reset by peer (104)
[tri1008][[16915,20719],87][btl_tcp.c:559:mca_btl_tcp_recv_blocking] recv(71) failed: Connection reset by peer (104)
[tri1008][[16915,20719],67][btl_tcp.c:559:mca_btl_tcp_recv_blocking] recv(71) failed: Connection reset by peer (104)
[tri1008][[16915,20719],88][btl_tcp.c:559:mca_btl_tcp_recv_blocking] recv(71) failed: Connection reset by peer (104)
[tri1008][[16915,20719],66][btl_tcp.c:559:mca_btl_tcp_recv_blocking] recv(71) failed: Connection reset by peer (104)
[tri1008][[16915,20719],112][btl_tcp.c:559:mca_btl_tcp_recv_blocking] recv(71) failed: Connection reset by peer (104)
[tri1008][[16915,20719],124][btl_tcp.c:559:mca_btl_tcp_recv_blocking] recv(71) failed: Connection reset by peer (104)
[tri1008][[16915,20719],111][btl_tcp.c:559:mca_btl_tcp_recv_blocking] recv(71) failed: Connection reset by peer (104)
[tri1008][[16915,20719],88][btl_tcp.c:559:mca_btl_tcp_recv_blocking] recv(71) failed: Connection reset by peer (104)
[tri1008][[16915,20719],66][btl_tcp.c:559:mca_btl_tcp_recv_blocking] recv(71) failed: Connection reset by peer (104)
[tri1008][[16915,20719],111][btl_tcp.c:559:mca_btl_tcp_recv_blocking] recv(71) failed: Connection reset by peer (104)
[tri1008][[16915,20719],112][btl_tcp.c:559:mca_btl_tcp_recv_blocking] recv(71) failed: Connection reset by peer (104)
[tri1008][[16915,20719],124][btl_tcp.c:559:mca_btl_tcp_recv_blocking] recv(71) failed: Connection reset by peer (104)
[tri1008][[16915,20719],120][btl_tcp.c:559:mca_btl_tcp_recv_blocking] recv(71) failed: Connection reset by peer (104)
[tri1008][[16915,20719],121][btl_tcp.c:559:mca_btl_tcp_recv_blocking] recv(71) failed: Connection reset by peer (104)
[tri1008][[16915,20719],114][btl_tcp.c:559:mca_btl_tcp_recv_blocking] recv(71) failed: Connection reset by peer (104)
[tri1008][[16915,20719],99][btl_tcp.c:559:mca_btl_tcp_recv_blocking] recv(71) failed: Connection reset by peer (104)
[tri1008][[16915,20719],70][btl_tcp.c:559:mca_btl_tcp_recv_blocking] recv(71) failed: Connection reset by peer (104)
[tri1008][[16915,20719],99][btl_tcp.c:559:mca_btl_tcp_recv_blocking] recv(71) failed: Connection reset by peer (104)
[tri1008][[16915,20719],70][btl_tcp.c:559:mca_btl_tcp_recv_blocking] recv(71) failed: Connection reset by peer (104)
[tri1008][[16915,20719],120][btl_tcp.c:559:mca_btl_tcp_recv_blocking] recv(71) failed: Connection reset by peer (104)
[tri1008][[16915,20719],121][btl_tcp.c:559:mca_btl_tcp_recv_blocking] recv(71) failed: Connection reset by peer (104)
[tri1008][[16915,20719],114][btl_tcp.c:559:mca_btl_tcp_recv_blocking] recv(71) failed: Connection reset by peer (104)
[tri1008][[16915,20719],68][btl_tcp.c:559:mca_btl_tcp_recv_blocking] recv(71) failed: Connection reset by peer (104)
[tri1008][[16915,20719],104][btl_tcp.c:559:mca_btl_tcp_recv_blocking] recv(71) failed: Connection reset by peer (104)
[tri1008][[16915,20719],77][btl_tcp.c:559:mca_btl_tcp_recv_blocking] recv(71) failed: Connection reset by peer (104)
[tri1008][[16915,20719],126][btl_tcp.c:559:mca_btl_tcp_recv_blocking] recv(71) failed: Connection reset by peer (104)
[tri1008][[16915,20719],102][btl_tcp.c:559:mca_btl_tcp_recv_blocking] recv(71) failed: Connection reset by peer (104)
[tri1008][[16915,20719],82][btl_tcp.c:559:mca_btl_tcp_recv_blocking] recv(71) failed: Connection reset by peer (104)
[tri1008][[16915,20719],77][btl_tcp.c:559:mca_btl_tcp_recv_blocking] recv(71) failed: Connection reset by peer (104)
[tri1008][[16915,20719],104][btl_tcp.c:559:mca_btl_tcp_recv_blocking] recv(71) failed: Connection reset by peer (104)
[tri1008][[16915,20719],68][btl_tcp.c:559:mca_btl_tcp_recv_blocking] recv(71) failed: Connection reset by peer (104)
[tri1008][[16915,20719],102][btl_tcp.c:559:mca_btl_tcp_recv_blocking] recv(71) failed: Connection reset by peer (104)
[tri1008][[16915,20719],126][btl_tcp.c:559:mca_btl_tcp_recv_blocking] recv(71) failed: Connection reset by peer (104)
[tri1008][[16915,20719],85][btl_tcp.c:559:mca_btl_tcp_recv_blocking] recv(71) failed: Connection reset by peer (104)
[tri1008][[16915,20719],78][btl_tcp.c:559:mca_btl_tcp_recv_blocking] recv(71) failed: Connection reset by peer (104)
[tri1008][[16915,20719],79][btl_tcp.c:559:mca_btl_tcp_recv_blocking] recv(71) failed: Connection reset by peer (104)
[tri1008][[16915,20719],74][btl_tcp.c:559:mca_btl_tcp_recv_blocking] recv(71) failed: Connection reset by peer (104)
[tri1008][[16915,20719],115][btl_tcp.c:559:mca_btl_tcp_recv_blocking] recv(71) failed: Connection reset by peer (104)
[tri1008][[16915,20719],113][btl_tcp.c:559:mca_btl_tcp_recv_blocking] recv(71) failed: Connection reset by peer (104)
[tri1008][[16915,20719],76][btl_tcp.c:559:mca_btl_tcp_recv_blocking] recv(71) failed: Connection reset by peer (104)
[tri1008][[16915,20719],85][btl_tcp.c:559:mca_btl_tcp_recv_blocking] recv(71) failed: Connection reset by peer (104)
[tri1008][[16915,20719],78][btl_tcp.c:559:mca_btl_tcp_recv_blocking] recv(71) failed: Connection reset by peer (104)
[tri1008][[16915,20719],106][btl_tcp.c:559:mca_btl_tcp_recv_blocking] recv(71) failed: Connection reset by peer (104)
[tri1008][[16915,20719],100][btl_tcp.c:559:mca_btl_tcp_recv_blocking] recv(71) failed: Connection reset by peer (104)
[tri1008][[16915,20719],86][btl_tcp.c:559:mca_btl_tcp_recv_blocking] recv(71) failed: Connection reset by peer (104)
[tri1008][[16915,20719],87][btl_tcp.c:559:mca_btl_tcp_recv_blocking] recv(71) failed: Connection reset by peer (104)
[tri1008][[16915,20719],113][btl_tcp.c:559:mca_btl_tcp_recv_blocking] recv(71) failed: Connection reset by peer (104)
[tri1008][[16915,20719],79][btl_tcp.c:559:mca_btl_tcp_recv_blocking] recv(71) failed: Connection reset by peer (104)
[tri1008][[16915,20719],74][btl_tcp.c:559:mca_btl_tcp_recv_blocking] recv(71) failed: Connection reset by peer (104)
[tri1008][[16915,20719],127][btl_tcp.c:559:mca_btl_tcp_recv_blocking] recv(71) failed: Connection reset by peer (104)
[tri1008][[16915,20719],91][btl_tcp.c:559:mca_btl_tcp_recv_blocking] recv(71) failed: Connection reset by peer (104)
[tri1008][[16915,20719],84][btl_tcp.c:559:mca_btl_tcp_recv_blocking] recv(71) failed: Connection reset by peer (104)
[tri1008][[16915,20719],76][btl_tcp.c:559:mca_btl_tcp_recv_blocking] recv(71) failed: Connection reset by peer (104)
[tri1008][[16915,20719],67][btl_tcp.c:559:mca_btl_tcp_recv_blocking] recv(71) failed: Connection reset by peer (104)
[tri1008][[16915,20719],106][btl_tcp.c:559:mca_btl_tcp_recv_blocking] recv(71) failed: Connection reset by peer (104)
[tri1008][[16915,20719],100][btl_tcp.c:559:mca_btl_tcp_recv_blocking] recv(71) failed: Connection reset by peer (104)
[tri1008][[16915,20719],117][btl_tcp.c:559:mca_btl_tcp_recv_blocking] recv(71) failed: Connection reset by peer (104)
[tri1008][[16915,20719],71][btl_tcp.c:559:mca_btl_tcp_recv_blocking] recv(71) failed: Connection reset by peer (104)
[tri1008][[16915,20719],88][btl_tcp.c:559:mca_btl_tcp_recv_blocking] recv(71) failed: Connection reset by peer (104)
[tri1008][[16915,20719],127][btl_tcp.c:559:mca_btl_tcp_recv_blocking] recv(71) failed: Connection reset by peer (104)
[tri1008][[16915,20719],91][btl_tcp.c:559:mca_btl_tcp_recv_blocking] recv(71) failed: Connection reset by peer (104)
[tri1008][[16915,20719],84][btl_tcp.c:559:mca_btl_tcp_recv_blocking] recv(71) failed: Connection reset by peer (104)
[tri1008][[16915,20719],110][btl_tcp.c:559:mca_btl_tcp_recv_blocking] recv(71) failed: Connection reset by peer (104)
[tri1008][[16915,20719],116][btl_tcp.c:559:mca_btl_tcp_recv_blocking] recv(71) failed: Connection reset by peer (104)
[tri1008][[16915,20719],119][btl_tcp.c:559:mca_btl_tcp_recv_blocking] recv(71) failed: Connection reset by peer (104)
[tri1008][[16915,20719],66][btl_tcp.c:559:mca_btl_tcp_recv_blocking] recv(71) failed: Connection reset by peer (104)
[tri1008][[16915,20719],117][btl_tcp.c:559:mca_btl_tcp_recv_blocking] recv(71) failed: Connection reset by peer (104)
[tri1008][[16915,20719],71][btl_tcp.c:559:mca_btl_tcp_recv_blocking] recv(71) failed: Connection reset by peer (104)
[tri1008][[16915,20719],101][btl_tcp.c:559:mca_btl_tcp_recv_blocking] recv(71) failed: Connection reset by peer (104)
[tri1008][[16915,20719],108][btl_tcp.c:559:mca_btl_tcp_recv_blocking] recv(71) failed: Connection reset by peer (104)
[tri1008][[16915,20719],111][btl_tcp.c:559:mca_btl_tcp_recv_blocking] recv(71) failed: Connection reset by peer (104)
[tri1008][[16915,20719],110][btl_tcp.c:559:mca_btl_tcp_recv_blocking] recv(71) failed: Connection reset by peer (104)
[tri1008][[16915,20719],116][btl_tcp.c:559:mca_btl_tcp_recv_blocking] recv(71) failed: Connection reset by peer (104)
[tri1008][[16915,20719],119][btl_tcp.c:559:mca_btl_tcp_recv_blocking] recv(71) failed: Connection reset by peer (104)
[tri1008][[16915,20719],109][btl_tcp.c:559:mca_btl_tcp_recv_blocking] recv(71) failed: Connection reset by peer (104)
[tri1008][[16915,20719],125][btl_tcp.c:559:mca_btl_tcp_recv_blocking] recv(71) failed: Connection reset by peer (104)
[tri1008][[16915,20719],94][btl_tcp.c:559:mca_btl_tcp_recv_blocking] recv(71) failed: Connection reset by peer (104)
[tri1008][[16915,20719],112][btl_tcp.c:559:mca_btl_tcp_recv_blocking] recv(71) failed: Connection reset by peer (104)
[tri1008][[16915,20719],101][btl_tcp.c:559:mca_btl_tcp_recv_blocking] recv(71) failed: Connection reset by peer (104)
[tri1008][[16915,20719],108][btl_tcp.c:559:mca_btl_tcp_recv_blocking] recv(71) failed: Connection reset by peer (104)
[tri1008][[16915,20719],69][btl_tcp.c:559:mca_btl_tcp_recv_blocking] recv(71) failed: Connection reset by peer (104)
[tri1008][[16915,20719],122][btl_tcp.c:559:mca_btl_tcp_recv_blocking] recv(71) failed: Connection reset by peer (104)
[tri1008][[16915,20719],124][btl_tcp.c:559:mca_btl_tcp_recv_blocking] recv(71) failed: Connection reset by peer (104)
[tri1008][[16915,20719],125][btl_tcp.c:559:mca_btl_tcp_recv_blocking] recv(71) failed: Connection reset by peer (104)
[tri1008][[16915,20719],109][btl_tcp.c:559:mca_btl_tcp_recv_blocking] recv(71) failed: Connection reset by peer (104)
[tri1008][[16915,20719],96][btl_tcp.c:559:mca_btl_tcp_recv_blocking] recv(71) failed: Connection reset by peer (104)
[tri1008][[16915,20719],92][btl_tcp.c:559:mca_btl_tcp_recv_blocking] recv(71) failed: Connection reset by peer (104)
[tri1008][[16915,20719],94][btl_tcp.c:559:mca_btl_tcp_recv_blocking] recv(71) failed: Connection reset by peer (104)
[tri1008][[16915,20719],83][btl_tcp.c:559:mca_btl_tcp_recv_blocking] recv(71) failed: Connection reset by peer (104)
[tri1008][[16915,20719],99][btl_tcp.c:559:mca_btl_tcp_recv_blocking] recv(71) failed: Connection reset by peer (104)
[tri1008][[16915,20719],69][btl_tcp.c:559:mca_btl_tcp_recv_blocking] recv(71) failed: Connection reset by peer (104)
[tri1008][[16915,20719],122][btl_tcp.c:559:mca_btl_tcp_recv_blocking] recv(71) failed: Connection reset by peer (104)
[tri1008][[16915,20719],65][btl_tcp.c:559:mca_btl_tcp_recv_blocking] recv(71) failed: Connection reset by peer (104)
[tri1008][[16915,20719],105][btl_tcp.c:559:mca_btl_tcp_recv_blocking] recv(71) failed: Connection reset by peer (104)
[tri1008][[16915,20719],70][btl_tcp.c:559:mca_btl_tcp_recv_blocking] recv(71) failed: Connection reset by peer (104)
[tri1008][[16915,20719],96][btl_tcp.c:559:mca_btl_tcp_recv_blocking] recv(71) failed: Connection reset by peer (104)
[tri1008][[16915,20719],92][btl_tcp.c:559:mca_btl_tcp_recv_blocking] recv(71) failed: Connection reset by peer (104)
[tri1008][[16915,20719],73][btl_tcp.c:559:mca_btl_tcp_recv_blocking] recv(71) failed: Connection reset by peer (104)
[tri1008][[16915,20719],81][btl_tcp.c:559:mca_btl_tcp_recv_blocking] recv(71) failed: Connection reset by peer (104)
[tri1008][[16915,20719],83][btl_tcp.c:559:mca_btl_tcp_recv_blocking] recv(71) failed: Connection reset by peer (104)
[tri1008][[16915,20719],103][btl_tcp.c:559:mca_btl_tcp_recv_blocking] recv(71) failed: Connection reset by peer (104)
[tri1008][[16915,20719],120][btl_tcp.c:559:mca_btl_tcp_recv_blocking] recv(71) failed: Connection reset by peer (104)
[tri1008][[16915,20719],105][btl_tcp.c:559:mca_btl_tcp_recv_blocking] recv(71) failed: Connection reset by peer (104)
[tri1008][[16915,20719],65][btl_tcp.c:559:mca_btl_tcp_recv_blocking] recv(71) failed: Connection reset by peer (104)
[tri1008][[16915,20719],86][btl_tcp.c:559:mca_btl_tcp_recv_blocking] recv(71) failed: Connection reset by peer (104)
[tri1008][[16915,20719],93][btl_tcp.c:559:mca_btl_tcp_recv_blocking] recv(71) failed: Connection reset by peer (104)
[tri1008][[16915,20719],121][btl_tcp.c:559:mca_btl_tcp_recv_blocking] recv(71) failed: Connection reset by peer (104)
[tri1008][[16915,20719],81][btl_tcp.c:559:mca_btl_tcp_recv_blocking] recv(71) failed: Connection reset by peer (104)
[tri1008][[16915,20719],73][btl_tcp.c:559:mca_btl_tcp_recv_blocking] recv(71) failed: Connection reset by peer (104)
[tri1008][[16915,20719],64][btl_tcp.c:559:mca_btl_tcp_recv_blocking] recv(71) failed: Connection reset by peer (104)
[tri1008][[16915,20719],98][btl_tcp.c:559:mca_btl_tcp_recv_blocking] recv(71) failed: Connection reset by peer (104)
[tri1008][[16915,20719],103][btl_tcp.c:559:mca_btl_tcp_recv_blocking] recv(71) failed: Connection reset by peer (104)
[tri1008][[16915,20719],123][btl_tcp.c:559:mca_btl_tcp_recv_blocking] recv(71) failed: Connection reset by peer (104)
[tri1008][[16915,20719],114][btl_tcp.c:559:mca_btl_tcp_recv_blocking] recv(71) failed: Connection reset by peer (104)
[tri1008][[16915,20719],86][btl_tcp.c:559:mca_btl_tcp_recv_blocking] recv(71) failed: Connection reset by peer (104)
[tri1008][[16915,20719],93][btl_tcp.c:559:mca_btl_tcp_recv_blocking] recv(71) failed: Connection reset by peer (104)
[tri1008][[16915,20719],90][btl_tcp.c:559:mca_btl_tcp_recv_blocking] recv(71) failed: Connection reset by peer (104)
[tri1008][[16915,20719],64][btl_tcp.c:559:mca_btl_tcp_recv_blocking] recv(71) failed: Connection reset by peer (104)
[tri1008][[16915,20719],98][btl_tcp.c:559:mca_btl_tcp_recv_blocking] recv(71) failed: Connection reset by peer (104)
[tri1008][[16915,20719],123][btl_tcp.c:559:mca_btl_tcp_recv_blocking] recv(71) failed: Connection reset by peer (104)
[tri1008][[16915,20719],90][btl_tcp.c:559:mca_btl_tcp_recv_blocking] recv(71) failed: Connection reset by peer (104)
[tri1008][[16915,20719],82][btl_tcp.c:559:mca_btl_tcp_recv_blocking] recv(71) failed: Connection reset by peer (104)
[tri1008][[16915,20719],70][btl_tcp.c:559:mca_btl_tcp_recv_blocking] recv(71) failed: Connection reset by peer (104)
[tri1008][[16915,20719],99][btl_tcp.c:559:mca_btl_tcp_recv_blocking] recv(71) failed: Connection reset by peer (104)
[tri1008][[16915,20719],87][btl_tcp.c:559:mca_btl_tcp_recv_blocking] recv(71) failed: Connection reset by peer (104)
[tri1008][[16915,20719],115][btl_tcp.c:559:mca_btl_tcp_recv_blocking] recv(71) failed: Connection reset by peer (104)
[tri1008][[16915,20719],120][btl_tcp.c:559:mca_btl_tcp_recv_blocking] recv(71) failed: Connection reset by peer (104)
[tri1008][[16915,20719],121][btl_tcp.c:559:mca_btl_tcp_recv_blocking] recv(71) failed: Connection reset by peer (104)
[tri1008][[16915,20719],124][btl_tcp.c:559:mca_btl_tcp_recv_blocking] recv(71) failed: Connection reset by peer (104)
[tri1008][[16915,20719],126][btl_tcp.c:559:mca_btl_tcp_recv_blocking] recv(71) failed: Connection reset by peer (104)
[tri1008][[16915,20719],76][btl_tcp.c:559:mca_btl_tcp_recv_blocking] recv(71) failed: Connection reset by peer (104)
[tri1008][[16915,20719],116][btl_tcp.c:559:mca_btl_tcp_recv_blocking] recv(71) failed: Connection reset by peer (104)
[tri1008][[16915,20719],84][btl_tcp.c:559:mca_btl_tcp_recv_blocking] recv(71) failed: Connection reset by peer (104)
[tri1008][[16915,20719],85][btl_tcp.c:559:mca_btl_tcp_recv_blocking] recv(71) failed: Connection reset by peer (104)
[tri1008][[16915,20719],110][btl_tcp.c:559:mca_btl_tcp_recv_blocking] recv(71) failed: Connection reset by peer (104)
[tri1008][[16915,20719],117][btl_tcp.c:559:mca_btl_tcp_recv_blocking] recv(71) failed: Connection reset by peer (104)
[tri1008][[16915,20719],78][btl_tcp.c:559:mca_btl_tcp_recv_blocking] recv(71) failed: Connection reset by peer (104)
[tri1008][[16915,20719],113][btl_tcp.c:559:mca_btl_tcp_recv_blocking] recv(71) failed: Connection reset by peer (104)
[tri1008][[16915,20719],71][btl_tcp.c:559:mca_btl_tcp_recv_blocking] recv(71) failed: Connection reset by peer (104)
[tri1008][[16915,20719],79][btl_tcp.c:559:mca_btl_tcp_recv_blocking] recv(71) failed: Connection reset by peer (104)
[tri1008][[16915,20719],94][btl_tcp.c:559:mca_btl_tcp_recv_blocking] recv(71) failed: Connection reset by peer (104)
[tri1008][[16915,20719],82][btl_tcp.c:559:mca_btl_tcp_recv_blocking] recv(71) failed: Connection reset by peer (104)
[tri1008][[16915,20719],69][btl_tcp.c:559:mca_btl_tcp_recv_blocking] recv(71) failed: Connection reset by peer (104)
[tri1008][[16915,20719],98][btl_tcp.c:559:mca_btl_tcp_recv_blocking] recv(71) failed: Connection reset by peer (104)
[tri1008][[16915,20719],123][btl_tcp.c:559:mca_btl_tcp_recv_blocking] recv(71) failed: Connection reset by peer (104)
[tri1008][[16915,20719],93][btl_tcp.c:559:mca_btl_tcp_recv_blocking] recv(71) failed: Connection reset by peer (104)
[tri1008][[16915,20719],83][btl_tcp.c:559:mca_btl_tcp_recv_blocking] recv(71) failed: Connection reset by peer (104)
[tri1008][[16915,20719],92][btl_tcp.c:559:mca_btl_tcp_recv_blocking] recv(71) failed: Connection reset by peer (104)
[tri1008][[16915,20719],96][btl_tcp.c:559:mca_btl_tcp_recv_blocking] recv(71) failed: Connection reset by peer (104)
[tri1008][[16915,20719],64][btl_tcp.c:559:mca_btl_tcp_recv_blocking] recv(71) failed: Connection reset by peer (104)
[tri1008][[16915,20719],122][btl_tcp.c:559:mca_btl_tcp_recv_blocking] recv(71) failed: Connection reset by peer (104)
[tri1008][[16915,20719],90][btl_tcp.c:559:mca_btl_tcp_recv_blocking] recv(71) failed: Connection reset by peer (104)
[tri1008][[16915,20719],115][btl_tcp.c:559:mca_btl_tcp_recv_blocking] recv(71) failed: Connection reset by peer (104)
[tri1008][[16915,20719],125][btl_tcp.c:559:mca_btl_tcp_recv_blocking] recv(71) failed: Connection reset by peer (104)
[tri1008][[16915,20719],86][btl_tcp.c:559:mca_btl_tcp_recv_blocking] recv(71) failed: Connection reset by peer (104)
[tri1008][[16915,20719],105][btl_tcp.c:559:mca_btl_tcp_recv_blocking] recv(71) failed: Connection reset by peer (104)
[tri1008][[16915,20719],101][btl_tcp.c:559:mca_btl_tcp_recv_blocking] recv(71) failed: Connection reset by peer (104)
[tri1008][[16915,20719],108][btl_tcp.c:559:mca_btl_tcp_recv_blocking] recv(71) failed: Connection reset by peer (104)
[tri1008][[16915,20719],109][btl_tcp.c:559:mca_btl_tcp_recv_blocking] recv(71) failed: Connection reset by peer (104)
[tri1008][[16915,20719],81][btl_tcp.c:559:mca_btl_tcp_recv_blocking] recv(71) failed: Connection reset by peer (104)
[tri1008][[16915,20719],65][btl_tcp.c:559:mca_btl_tcp_recv_blocking] recv(71) failed: Connection reset by peer (104)
[tri1008][[16915,20719],73][btl_tcp.c:559:mca_btl_tcp_recv_blocking] recv(71) failed: Connection reset by peer (104)
[tri1008][[16915,20719],103][btl_tcp.c:559:mca_btl_tcp_recv_blocking] recv(71) failed: Connection reset by peer (104)
[tri1008][[16915,20719],76][btl_tcp.c:559:mca_btl_tcp_recv_blocking] recv(71) failed: Connection reset by peer (104)
[tri1008][[16915,20719],91][btl_tcp.c:559:mca_btl_tcp_recv_blocking] recv(71) failed: Connection reset by peer (104)
[tri1008][[16915,20719],77][btl_tcp.c:559:mca_btl_tcp_recv_blocking] recv(71) failed: Connection reset by peer (104)
[tri1008][[16915,20719],100][btl_tcp.c:559:mca_btl_tcp_recv_blocking] recv(71) failed: Connection reset by peer (104)
[tri1008][[16915,20719],102][btl_tcp.c:559:mca_btl_tcp_recv_blocking] recv(71) failed: Connection reset by peer (104)
[tri1008][[16915,20719],74][btl_tcp.c:559:mca_btl_tcp_recv_blocking] recv(71) failed: Connection reset by peer (104)
[tri1008][[16915,20719],127][btl_tcp.c:559:mca_btl_tcp_recv_blocking] recv(71) failed: Connection reset by peer (104)
[tri1008][[16915,20719],68][btl_tcp.c:559:mca_btl_tcp_recv_blocking] recv(71) failed: Connection reset by peer (104)
[tri1008][[16915,20719],119][btl_tcp.c:559:mca_btl_tcp_recv_blocking] recv(71) failed: Connection reset by peer (104)
[tri1008][[16915,20719],104][btl_tcp.c:559:mca_btl_tcp_recv_blocking] recv(71) failed: Connection reset by peer (104)
[tri1008][[16915,20719],106][btl_tcp.c:559:mca_btl_tcp_recv_blocking] recv(71) failed: Connection reset by peer (104)
[tri1008][[16915,20719],87][btl_tcp.c:559:mca_btl_tcp_recv_blocking] recv(71) failed: Connection reset by peer (104)
[tri1008][[16915,20719],111][btl_tcp.c:559:mca_btl_tcp_recv_blocking] recv(71) failed: Connection reset by peer (104)
[tri1008][[16915,20719],67][btl_tcp.c:559:mca_btl_tcp_recv_blocking] recv(71) failed: Connection reset by peer (104)
[tri1008][[16915,20719],88][btl_tcp.c:559:mca_btl_tcp_recv_blocking] recv(71) failed: Connection reset by peer (104)
[tri1008][[16915,20719],112][btl_tcp.c:559:mca_btl_tcp_recv_blocking] recv(71) failed: Connection reset by peer (104)
[tri1008][[16915,20719],114][btl_tcp.c:559:mca_btl_tcp_recv_blocking] recv(71) failed: Connection reset by peer (104)
[tri1008][[16915,20719],66][btl_tcp.c:559:mca_btl_tcp_recv_blocking] recv(71) failed: Connection reset by peer (104)
[tri1008][[16915,20719],67][btl_tcp.c:559:mca_btl_tcp_recv_blocking] recv(71) failed: Connection reset by peer (104)
[tri1008][[16915,20719],88][btl_tcp.c:559:mca_btl_tcp_recv_blocking] recv(71) failed: Connection reset by peer (104)
[tri1008][[16915,20719],66][btl_tcp.c:559:mca_btl_tcp_recv_blocking] recv(71) failed: Connection reset by peer (104)
[tri1008][[16915,20719],111][btl_tcp.c:559:mca_btl_tcp_recv_blocking] recv(71) failed: Connection reset by peer (104)
[tri1008][[16915,20719],112][btl_tcp.c:559:mca_btl_tcp_recv_blocking] recv(71) failed: Connection reset by peer (104)
[tri1008][[16915,20719],124][btl_tcp.c:559:mca_btl_tcp_recv_blocking] recv(71) failed: Connection reset by peer (104)
[tri1008][[16915,20719],99][btl_tcp.c:559:mca_btl_tcp_recv_blocking] recv(71) failed: Connection reset by peer (104)
[tri1008][[16915,20719],70][btl_tcp.c:559:mca_btl_tcp_recv_blocking] recv(71) failed: Connection reset by peer (104)
[tri1008][[16915,20719],120][btl_tcp.c:559:mca_btl_tcp_recv_blocking] recv(71) failed: Connection reset by peer (104)
[tri1008][[16915,20719],121][btl_tcp.c:559:mca_btl_tcp_recv_blocking] recv(71) failed: Connection reset by peer (104)
[tri1008][[16915,20719],114][btl_tcp.c:559:mca_btl_tcp_recv_blocking] recv(71) failed: Connection reset by peer (104)
[tri1008][[16915,20719],77][btl_tcp.c:559:mca_btl_tcp_recv_blocking] recv(71) failed: Connection reset by peer (104)
[tri1008][[16915,20719],104][btl_tcp.c:559:mca_btl_tcp_recv_blocking] recv(71) failed: Connection reset by peer (104)
[tri1008][[16915,20719],82][btl_tcp.c:559:mca_btl_tcp_recv_blocking] recv(71) failed: Connection reset by peer (104)
[tri1008][[16915,20719],68][btl_tcp.c:559:mca_btl_tcp_recv_blocking] recv(71) failed: Connection reset by peer (104)
[tri1008][[16915,20719],84][btl_tcp.c:559:mca_btl_tcp_recv_blocking] recv(71) failed: Connection reset by peer (104)
[tri1008][[16915,20719],102][btl_tcp.c:559:mca_btl_tcp_recv_blocking] recv(71) failed: Connection reset by peer (104)
[tri1008][[16915,20719],84][btl_tcp.c:559:mca_btl_tcp_recv_blocking] recv(71) failed: Connection reset by peer (104)
[tri1008][[16915,20719],126][btl_tcp.c:559:mca_btl_tcp_recv_blocking] recv(71) failed: Connection reset by peer (104)
[tri1008][[16915,20719],85][btl_tcp.c:559:mca_btl_tcp_recv_blocking] recv(71) failed: Connection reset by peer (104)
[tri1008][[16915,20719],78][btl_tcp.c:559:mca_btl_tcp_recv_blocking] recv(71) failed: Connection reset by peer (104)
[tri1008][[16915,20719],78][btl_tcp.c:559:mca_btl_tcp_recv_blocking] recv(71) failed: Connection reset by peer (104)
[tri1008][[16915,20719],78][btl_tcp.c:559:mca_btl_tcp_recv_blocking] recv(71) failed: Connection reset by peer (104)
[tri1008][[16915,20719],113][btl_tcp.c:559:mca_btl_tcp_recv_blocking] recv(71) failed: Connection reset by peer (104)
[tri1008][[16915,20719],79][btl_tcp.c:559:mca_btl_tcp_recv_blocking] recv(71) failed: Connection reset by peer (104)
[tri1008][[16915,20719],78][btl_tcp.c:559:mca_btl_tcp_recv_blocking] recv(71) failed: Connection reset by peer (104)
[tri1008][[16915,20719],74][btl_tcp.c:559:mca_btl_tcp_recv_blocking] recv(71) failed: Connection reset by peer (104)
[tri1008][[16915,20719],78][btl_tcp.c:559:mca_btl_tcp_recv_blocking] recv(71) failed: Connection reset by peer (104)
[tri1008][[16915,20719],106][btl_tcp.c:559:mca_btl_tcp_recv_blocking] recv(71) failed: Connection reset by peer (104)
[tri1008][[16915,20719],78][btl_tcp.c:559:mca_btl_tcp_recv_blocking] recv(71) failed: Connection reset by peer (104)
[tri1008][[16915,20719],100][btl_tcp.c:559:mca_btl_tcp_recv_blocking] recv(71) failed: Connection reset by peer (104)
[tri1008][[16915,20719],127][btl_tcp.c:559:mca_btl_tcp_recv_blocking] recv(71) failed: Connection reset by peer (104)
[tri1008][[16915,20719],91][btl_tcp.c:559:mca_btl_tcp_recv_blocking] recv(71) failed: Connection reset by peer (104)
[tri1008][[16915,20719],115][btl_tcp.c:559:mca_btl_tcp_recv_blocking] recv(71) failed: Connection reset by peer (104)
[tri1008][[16915,20719],84][btl_tcp.c:559:mca_btl_tcp_recv_blocking] recv(71) failed: Connection reset by peer (104)
[tri1008][[16915,20719],117][btl_tcp.c:559:mca_btl_tcp_recv_blocking] recv(71) failed: Connection reset by peer (104)
[tri1008][[16915,20719],71][btl_tcp.c:559:mca_btl_tcp_recv_blocking] recv(71) failed: Connection reset by peer (104)
[tri1008][[16915,20719],110][btl_tcp.c:559:mca_btl_tcp_recv_blocking] recv(71) failed: Connection reset by peer (104)
[tri1008][[16915,20719],116][btl_tcp.c:559:mca_btl_tcp_recv_blocking] recv(71) failed: Connection reset by peer (104)
[tri1008][[16915,20719],119][btl_tcp.c:559:mca_btl_tcp_recv_blocking] recv(71) failed: Connection reset by peer (104)
[tri1008][[16915,20719],101][btl_tcp.c:559:mca_btl_tcp_recv_blocking] recv(71) failed: Connection reset by peer (104)
[tri1008][[16915,20719],108][btl_tcp.c:559:mca_btl_tcp_recv_blocking] recv(71) failed: Connection reset by peer (104)
[tri1008][[16915,20719],125][btl_tcp.c:559:mca_btl_tcp_recv_blocking] recv(71) failed: Connection reset by peer (104)
[tri1008][[16915,20719],84][btl_tcp.c:559:mca_btl_tcp_recv_blocking] recv(71) failed: Connection reset by peer (104)
[tri1008][[16915,20719],109][btl_tcp.c:559:mca_btl_tcp_recv_blocking] recv(71) failed: Connection reset by peer (104)
[tri1008][[16915,20719],94][btl_tcp.c:559:mca_btl_tcp_recv_blocking] recv(71) failed: Connection reset by peer (104)
[tri1008][[16915,20719],69][btl_tcp.c:559:mca_btl_tcp_recv_blocking] recv(71) failed: Connection reset by peer (104)
[tri1008][[16915,20719],76][btl_tcp.c:559:mca_btl_tcp_recv_blocking] recv(71) failed: Connection reset by peer (104)
[tri1008][[16915,20719],84][btl_tcp.c:559:mca_btl_tcp_recv_blocking] recv(71) failed: Connection reset by peer (104)
[tri1008][[16915,20719],84][btl_tcp.c:559:mca_btl_tcp_recv_blocking] recv(71) failed: Connection reset by peer (104)
[tri1008][[16915,20719],122][btl_tcp.c:559:mca_btl_tcp_recv_blocking] recv(71) failed: Connection reset by peer (104)
[tri1008][[16915,20719],96][btl_tcp.c:559:mca_btl_tcp_recv_blocking] recv(71) failed: Connection reset by peer (104)
[tri1008][[16915,20719],92][btl_tcp.c:559:mca_btl_tcp_recv_blocking] recv(71) failed: Connection reset by peer (104)
[tri1008][[16915,20719],83][btl_tcp.c:559:mca_btl_tcp_recv_blocking] recv(71) failed: Connection reset by peer (104)
[tri1008][[16915,20719],105][btl_tcp.c:559:mca_btl_tcp_recv_blocking] recv(71) failed: Connection reset by peer (104)
[tri1008][[16915,20719],65][btl_tcp.c:559:mca_btl_tcp_recv_blocking] recv(71) failed: Connection reset by peer (104)
[tri1008][[16915,20719],81][btl_tcp.c:559:mca_btl_tcp_recv_blocking] recv(71) failed: Connection reset by peer (104)
[tri1008][[16915,20719],73][btl_tcp.c:559:mca_btl_tcp_recv_blocking] recv(71) failed: Connection reset by peer (104)
[tri1008][[16915,20719],103][btl_tcp.c:559:mca_btl_tcp_recv_blocking] recv(71) failed: Connection reset by peer (104)
[tri1008][[16915,20719],86][btl_tcp.c:559:mca_btl_tcp_recv_blocking] recv(71) failed: Connection reset by peer (104)
[tri1008][[16915,20719],93][btl_tcp.c:559:mca_btl_tcp_recv_blocking] recv(71) failed: Connection reset by peer (104)
[tri1008][[16915,20719],64][btl_tcp.c:559:mca_btl_tcp_recv_blocking] recv(71) failed: Connection reset by peer (104)
[tri1008][[16915,20719],87][btl_tcp.c:559:mca_btl_tcp_recv_blocking] recv(71) failed: Connection reset by peer (104)
[tri1008][[16915,20719],98][btl_tcp.c:559:mca_btl_tcp_recv_blocking] recv(71) failed: Connection reset by peer (104)
[tri1008][[16915,20719],123][btl_tcp.c:559:mca_btl_tcp_recv_blocking] recv(71) failed: Connection reset by peer (104)
[tri1008][[16915,20719],90][btl_tcp.c:559:mca_btl_tcp_recv_blocking] recv(71) failed: Connection reset by peer (104)
[tri1008][[16915,20719],124][btl_tcp.c:559:mca_btl_tcp_recv_blocking] recv(71) failed: Connection reset by peer (104)
[tri1008][[16915,20719],99][btl_tcp.c:559:mca_btl_tcp_recv_blocking] recv(71) failed: Connection reset by peer (104)
[tri1008][[16915,20719],76][btl_tcp.c:559:mca_btl_tcp_recv_blocking] recv(71) failed: Connection reset by peer (104)
[tri1008][[16915,20719],67][btl_tcp.c:559:mca_btl_tcp_recv_blocking] recv(71) failed: Connection reset by peer (104)
[tri1008][[16915,20719],87][btl_tcp.c:559:mca_btl_tcp_recv_blocking] recv(71) failed: Connection reset by peer (104)
[tri1008][[16915,20719],115][btl_tcp.c:559:mca_btl_tcp_recv_blocking] recv(71) failed: Connection reset by peer (104)
[tri1008][[16915,20719],82][btl_tcp.c:559:mca_btl_tcp_recv_blocking] recv(71) failed: Connection reset by peer (104)
[tri1008][[16915,20719],66][btl_tcp.c:559:mca_btl_tcp_recv_blocking] recv(71) failed: Connection reset by peer (104)
[tri1008][[16915,20719],111][btl_tcp.c:559:mca_btl_tcp_recv_blocking] recv(71) failed: Connection reset by peer (104)
[tri1008][[16915,20719],124][btl_tcp.c:559:mca_btl_tcp_recv_blocking] recv(71) failed: Connection reset by peer (104)
[tri1008][[16915,20719],88][btl_tcp.c:559:mca_btl_tcp_recv_blocking] recv(71) failed: Connection reset by peer (104)
[tri1008][[16915,20719],112][btl_tcp.c:559:mca_btl_tcp_recv_blocking] recv(71) failed: Connection reset by peer (104)
[tri1008][[16915,20719],70][btl_tcp.c:559:mca_btl_tcp_recv_blocking] recv(71) failed: Connection reset by peer (104)
[tri1008][[16915,20719],120][btl_tcp.c:559:mca_btl_tcp_recv_blocking] recv(71) failed: Connection reset by peer (104)
[tri1008][[16915,20719],121][btl_tcp.c:559:mca_btl_tcp_recv_blocking] recv(71) failed: Connection reset by peer (104)
[tri1008][[16915,20719],114][btl_tcp.c:559:mca_btl_tcp_recv_blocking] recv(71) failed: Connection reset by peer (104)
[tri1008][[16915,20719],104][btl_tcp.c:559:mca_btl_tcp_recv_blocking] recv(71) failed: Connection reset by peer (104)
[tri1008][[16915,20719],68][btl_tcp.c:559:mca_btl_tcp_recv_blocking] recv(71) failed: Connection reset by peer (104)
[tri1008][[16915,20719],126][btl_tcp.c:559:mca_btl_tcp_recv_blocking] recv(71) failed: Connection reset by peer (104)
[tri1008][[16915,20719],99][btl_tcp.c:559:mca_btl_tcp_recv_blocking] recv(71) failed: Connection reset by peer (104)
[tri1008][[16915,20719],77][btl_tcp.c:559:mca_btl_tcp_recv_blocking] recv(71) failed: Connection reset by peer (104)
[tri1008][[16915,20719],102][btl_tcp.c:559:mca_btl_tcp_recv_blocking] recv(71) failed: Connection reset by peer (104)
[tri1008][[16915,20719],79][btl_tcp.c:559:mca_btl_tcp_recv_blocking] recv(71) failed: Connection reset by peer (104)
[tri1008][[16915,20719],85][btl_tcp.c:559:mca_btl_tcp_recv_blocking] recv(71) failed: Connection reset by peer (104)
[tri1008][[16915,20719],74][btl_tcp.c:559:mca_btl_tcp_recv_blocking] recv(71) failed: Connection reset by peer (104)
[tri1008][[16915,20719],106][btl_tcp.c:559:mca_btl_tcp_recv_blocking] recv(71) failed: Connection reset by peer (104)
[tri1008][[16915,20719],100][btl_tcp.c:559:mca_btl_tcp_recv_blocking] recv(71) failed: Connection reset by peer (104)
[tri1008][[16915,20719],127][btl_tcp.c:559:mca_btl_tcp_recv_blocking] recv(71) failed: Connection reset by peer (104)
[tri1008][[16915,20719],101][btl_tcp.c:559:mca_btl_tcp_recv_blocking] recv(71) failed: Connection reset by peer (104)
[tri1008][[16915,20719],108][btl_tcp.c:559:mca_btl_tcp_recv_blocking] recv(71) failed: Connection reset by peer (104)
[tri1008][[16915,20719],125][btl_tcp.c:559:mca_btl_tcp_recv_blocking] recv(71) failed: Connection reset by peer (104)
[tri1008][[16915,20719],78][btl_tcp.c:559:mca_btl_tcp_recv_blocking] recv(71) failed: Connection reset by peer (104)
[tri1008][[16915,20719],84][btl_tcp.c:559:mca_btl_tcp_recv_blocking] recv(71) failed: Connection reset by peer (104)
[tri1008][[16915,20719],91][btl_tcp.c:559:mca_btl_tcp_recv_blocking] recv(71) failed: Connection reset by peer (104)
[tri1008][[16915,20719],94][btl_tcp.c:559:mca_btl_tcp_recv_blocking] recv(71) failed: Connection reset by peer (104)
[tri1008][[16915,20719],109][btl_tcp.c:559:mca_btl_tcp_recv_blocking] recv(71) failed: Connection reset by peer (104)
[tri1008][[16915,20719],117][btl_tcp.c:559:mca_btl_tcp_recv_blocking] recv(71) failed: Connection reset by peer (104)
[tri1008][[16915,20719],71][btl_tcp.c:559:mca_btl_tcp_recv_blocking] recv(71) failed: Connection reset by peer (104)
[tri1008][[16915,20719],113][btl_tcp.c:559:mca_btl_tcp_recv_blocking] recv(71) failed: Connection reset by peer (104)
[tri1008][[16915,20719],69][btl_tcp.c:559:mca_btl_tcp_recv_blocking] recv(71) failed: Connection reset by peer (104)
[tri1008][[16915,20719],110][btl_tcp.c:559:mca_btl_tcp_recv_blocking] recv(71) failed: Connection reset by peer (104)
[tri1008][[16915,20719],64][btl_tcp.c:559:mca_btl_tcp_recv_blocking] recv(71) failed: Connection reset by peer (104)
[tri1008][[16915,20719],122][btl_tcp.c:559:mca_btl_tcp_recv_blocking] recv(71) failed: Connection reset by peer (104)
[tri1008][[16915,20719],96][btl_tcp.c:559:mca_btl_tcp_recv_blocking] recv(71) failed: Connection reset by peer (104)
[tri1008][[16915,20719],98][btl_tcp.c:559:mca_btl_tcp_recv_blocking] recv(71) failed: Connection reset by peer (104)
[tri1008][[16915,20719],116][btl_tcp.c:559:mca_btl_tcp_recv_blocking] recv(71) failed: Connection reset by peer (104)
[tri1008][[16915,20719],92][btl_tcp.c:559:mca_btl_tcp_recv_blocking] recv(71) failed: Connection reset by peer (104)
[tri1008][[16915,20719],83][btl_tcp.c:559:mca_btl_tcp_recv_blocking] recv(71) failed: Connection reset by peer (104)
[tri1008][[16915,20719],119][btl_tcp.c:559:mca_btl_tcp_recv_blocking] recv(71) failed: Connection reset by peer (104)
[tri1008][[16915,20719],123][btl_tcp.c:559:mca_btl_tcp_recv_blocking] recv(71) failed: Connection reset by peer (104)
[tri1008][[16915,20719],90][btl_tcp.c:559:mca_btl_tcp_recv_blocking] recv(71) failed: Connection reset by peer (104)
[tri1008][[16915,20719],105][btl_tcp.c:559:mca_btl_tcp_recv_blocking] recv(71) failed: Connection reset by peer (104)
[tri1008][[16915,20719],73][btl_tcp.c:559:mca_btl_tcp_recv_blocking] recv(71) failed: Connection reset by peer (104)
[tri1008][[16915,20719],81][btl_tcp.c:559:mca_btl_tcp_recv_blocking] recv(71) failed: Connection reset by peer (104)
[tri1008][[16915,20719],65][btl_tcp.c:559:mca_btl_tcp_recv_blocking] recv(71) failed: Connection reset by peer (104)
[tri1008][[16915,20719],103][btl_tcp.c:559:mca_btl_tcp_recv_blocking] recv(71) failed: Connection reset by peer (104)
[tri1008][[16915,20719],86][btl_tcp.c:559:mca_btl_tcp_recv_blocking] recv(71) failed: Connection reset by peer (104)
[tri1008][[16915,20719],93][btl_tcp.c:559:mca_btl_tcp_recv_blocking] recv(71) failed: Connection reset by peer (104)
srun: Job step aborted: Waiting up to 62 seconds for job step to finish.
slurmstepd: error: *** JOB 1094561 ON tri0608 CANCELLED AT 2026-03-03T16:44:13 DUE TO TIME LIMIT ***
slurmstepd: error: *** STEP 1094561.0 ON tri0608 CANCELLED AT 2026-03-03T16:44:13 DUE TO TIME LIMIT ***
