
scontrol show job 1056883
JobId=1056883 JobName=interactive
   UserId=anthonyy(3152141) GroupId=anthonyy(3152141) MCS_label=N/A
   Priority=754063 Nice=0 Account=rrg-jphickey QOS=normal
   JobState=COMPLETING Reason=None Dependency=(null)
   Requeue=0 Restarts=0 BatchFlag=0 Reboot=0 ExitCode=0:0
   RunTime=00:43:28 TimeLimit=02:00:00 TimeMin=N/A
   SubmitTime=2026-02-24T21:32:05 EligibleTime=2026-02-24T21:32:05
   AccrueTime=2026-02-24T21:32:05
   StartTime=2026-02-24T21:52:44 EndTime=2026-02-24T22:36:12 Deadline=N/A
   SuspendTime=None SecsPreSuspend=0 LastSchedEval=2026-02-24T21:52:44 Scheduler=Main
   Partition=compute AllocNode:Sid=tri-login06:1004503
   ReqNodeList=(null) ExcNodeList=(null)
   NodeList=tri0747
   BatchHost=tri0747
   NumNodes=1 NumCPUs=192 NumTasks=64 CPUs/Task=1 ReqB:S:C:T=0:0:*:*
   ReqTRES=cpu=64,mem=767000M,node=1,billing=64
   AllocTRES=cpu=192,mem=767000M,node=1,billing=192
   Socks/Node=* NtasksPerN:B:S:C=64:0:*:* CoreSpec=*
   MinCPUsNode=64 MinMemoryNode=767000M MinTmpDiskNode=0
   Features=(null) DelayBoot=00:00:00
   OverSubscribe=NO Contiguous=0 Licenses=(null) Network=(null)
   Command=/bin/sh
   WorkDir=/scratch/anthonyy/reentry/orion/cases/m9_course
   Comment=/opt/slurm/bin/salloc --account=rrg-jphickey --nodes=1 --ntasks-per-node=64 --time=02:00:00 
   

sacct -j 1056883
JobID           JobName    Account    Elapsed  MaxVMSize     MaxRSS  SystemCPU    UserCPU ExitCode 
------------ ---------- ---------- ---------- ---------- ---------- ---------- ---------- -------- 
1056883      interacti+ rrg-jphic+   00:43:28                         00:00:00   00:00:00      0:0 
1056883.int+ interacti+ rrg-jphic+   00:43:28                         00:00:00   00:00:00      0:0 
1056883.ext+     extern rrg-jphic+   00:44:27          0          0   00:00:00   00:00:00      0:0 

