
scontrol show job 1198917
JobId=1198917 JobName=m6_aoa15
   UserId=anthonyy(3152141) GroupId=anthonyy(3152141) MCS_label=N/A
   Priority=541882 Nice=0 Account=rrg-jphickey QOS=normal
   JobState=COMPLETING Reason=Prolog Dependency=(null)
   Requeue=0 Restarts=0 BatchFlag=1 Reboot=0 ExitCode=0:54
   RunTime=00:00:01 TimeLimit=18:00:00 TimeMin=N/A
   SubmitTime=2026-03-19T02:41:46 EligibleTime=2026-03-19T02:41:46
   AccrueTime=2026-03-19T02:41:46
   StartTime=2026-03-19T02:46:47 EndTime=2026-03-19T02:46:48 Deadline=N/A
   SuspendTime=None SecsPreSuspend=0 LastSchedEval=2026-03-19T02:46:47 Scheduler=Main
   Partition=compute AllocNode:Sid=tri-login05:535502
   ReqNodeList=(null) ExcNodeList=(null)
   NodeList=tri[0291,0755]
   BatchHost=tri0291
   NumNodes=2 NumCPUs=384 NumTasks=128 CPUs/Task=1 ReqB:S:C:T=0:0:*:*
   ReqTRES=cpu=128,mem=1534000M,node=2,billing=128
   AllocTRES=cpu=384,mem=1534000M,node=2,billing=384
   Socks/Node=* NtasksPerN:B:S:C=64:0:*:* CoreSpec=*
   MinCPUsNode=64 MinMemoryNode=767000M MinTmpDiskNode=0
   Features=(null) DelayBoot=00:00:00
   OverSubscribe=NO Contiguous=0 Licenses=(null) Network=(null)
   Command=/scratch/anthonyy/reentry/orion/config/run.sh
   WorkDir=/scratch/anthonyy/reentry/orion/cases/m6_aoa15
   Comment=/opt/slurm/bin/sbatch --export=NONE --get-user-env=L --job-name m6_aoa15 --nodes 2 --ntasks-per-node 64 --cpus-per-task 1 --mem 0 --time 18:00:00 --account rrg-jphickey --output orion_%j.out --error orion_%j.err --chdir /scratch/anthonyy/reentry/orion/cases/m6_aoa15 /scratch/anthonyy/reentry/orion/config/run.sh /scratch/anthonyy/reentry/orion/config/generated/m6_aoa15.cfg 
   StdErr=/scratch/anthonyy/reentry/orion/cases/m6_aoa15/orion_1198917.err
   StdIn=/dev/null
   StdOut=/scratch/anthonyy/reentry/orion/cases/m6_aoa15/orion_1198917.out
   TresPerTask=cpu=1
   

sacct -j 1198917
JobID           JobName    Account    Elapsed  MaxVMSize     MaxRSS  SystemCPU    UserCPU ExitCode 
------------ ---------- ---------- ---------- ---------- ---------- ---------- ---------- -------- 
1198917        m6_aoa15 rrg-jphic+   00:00:00                         00:00:00   00:00:00      0:0 

