Nodes: tri[0976,0978]
Tasks: 128
NPN:   64

-------------------------------------------------------------------------
|    ___ _   _ ___                                                      |
|   / __| | | |_  )   Release 7.5.1 "Blackbird"                         |
|   \__ \ |_| |/ /                                                      |
|   |___/\___//___|   Suite (Computational Fluid Dynamics Code)         |
|                                                                       |
-------------------------------------------------------------------------
| SU2 Project Website: https://su2code.github.io                        |
|                                                                       |
| The SU2 Project is maintained by the SU2 Foundation                   |
| (http://su2foundation.org)                                            |
-------------------------------------------------------------------------
| Copyright 2012-2023, SU2 Contributors                                 |
|                                                                       |
| SU2 is free software; you can redistribute it and/or                  |
| modify it under the terms of the GNU Lesser General Public            |
| License as published by the Free Software Foundation; either          |
| version 2.1 of the License, or (at your option) any later version.    |
|                                                                       |
| SU2 is distributed in the hope that it will be useful,                |
| but WITHOUT ANY WARRANTY; without even the implied warranty of        |
| MERCHANTABILITY or FITNESS FOR A PARTICULAR PURPOSE. See the GNU      |
| Lesser General Public License for more details.                       |
|                                                                       |
| You should have received a copy of the GNU Lesser General Public      |
| License along with SU2. If not, see <http://www.gnu.org/licenses/>.   |
-------------------------------------------------------------------------

Parsing config file for zone 0

----------------- Physical Case Definition ( Zone 0 ) -------------------
Compressible RANS equations.
Turbulence model: Spalart-Allmaras-noft2
Hybrid RANS/LES: No Hybrid RANS/LES
Mach number: 6.
Angle of attack (AoA): 15 deg, and angle of sideslip (AoS): 0 deg.
Reynolds number: 6.86229e+08. Reference length 5.
No restart solution, use the values at infinity (freestream).
Non-Dimensional simulation (V=1.0, Rho=1.0, T=1.0 at the farfield).
The reference area will be computed using y(2D) or z(3D) projection.
The semi-span will be computed using the max y(3D) value.
The reference length is 0.64607 m.
Reference origin for moment evaluation is (0.25, 0, 0).
Surface(s) where the force coefficients are evaluated: ORION_SURFACE.

Input mesh file name: ../../mesh/fine.su2

--------------- Space Numerical Integration ( Zone 0 ) ------------------
Jameson-Schmidt-Turkel scheme (2nd order in space) for the flow inviscid terms.
JST viscous coefficients (2nd & 4th): 0.5, 0.02.
The method includes a grid stretching correction (p = 0.3).
Scalar upwind solver for the turbulence model.
First order integration in space.
Average of gradients with correction (viscous flow terms).
Average of gradients with correction (viscous turbulence terms).
Gradient for upwind reconstruction: Green-Gauss.
Gradient for viscous and source terms: Green-Gauss.

--------------- Time Numerical Integration  ( Zone 0 ) ------------------
Local time stepping (steady state simulation).
Euler implicit method for the flow equations.
FGMRES is used for solving the linear system.
Using a ILU(0) preconditioning.
Convergence criteria of the linear solver: 1e-06.
Max number of linear iterations: 100.
CFL adaptation. Factor down: 0.5, factor up: 1.1,
                lower limit: 0.05, upper limit: 0.5,
                acceptable linear residual: 0.001.
Courant-Friedrichs-Lewy number:     0.03
Euler implicit time integration for the turbulence model.

------------------ Convergence Criteria  ( Zone 0 ) ---------------------
Maximum number of solver subiterations: 999999.
Begin convergence monitoring at iteration 5.
Residual minimum value: 1e-5.
Cauchy series min. value: 1e-10.
Number of Cauchy elements: 100.
Begin windowed time average at iteration 0.

-------------------- Output Information ( Zone 0 ) ----------------------
File writing frequency: 
+------------------------------------+
|                     File| Frequency|
+------------------------------------+
|                  RESTART|       150|
|                 PARAVIEW|       150|
|         SURFACE_PARAVIEW|       150|
+------------------------------------+
Writing the convergence history file every 1 inner iterations.
Writing the screen convergence history every 1 inner iterations.
The tabular file format is CSV (.csv).
Convergence history file name: history.
Forces breakdown file name: forces_breakdown.dat.
Surface file name: surface_flow.
Volume file name: flow.
Restart file name: restart_flow.

------------- Config File Boundary Information ( Zone 0 ) ---------------
+-----------------------------------------------------------------------+
|                        Marker Type|                        Marker Name|
+-----------------------------------------------------------------------+
|                          Far-field|                           FARFIELD|
+-----------------------------------------------------------------------+
|                     Heat flux wall|                      ORION_SURFACE|
+-----------------------------------------------------------------------+

-------------------- Output Preprocessing ( Zone 0 ) --------------------

WARNING: SURFACE_PRESSURE_DROP can only be computed for at least 2 surfaces (outlet, inlet, ...)

Screen output fields: INNER_ITER, WALL_TIME, MIN_DELTA_TIME, MAX_DELTA_TIME, MIN_CFL, MAX_CFL, AVG_CFL, RMS_DENSITY, RMS_MOMENTUM-X, RMS_MOMENTUM-Y, RMS_MOMENTUM-Z, RMS_ENERGY, RMS_NU_TILDE, DRAG
History output group(s): ITER, RMS_RES
Convergence field(s): RMS_DENSITY
Warning: No (valid) fields chosen for time convergence monitoring. Time convergence monitoring inactive.
Volume output fields: MACH, PRESSURE, TEMPERATURE, DENSITY, HEAT_FLUX, Y_PLUS, COORDINATES, SOLUTION

------------------- Geometry Preprocessing ( Zone 0 ) -------------------
Three dimensional problem.
62211324 grid points before partitioning.
190879888 volume elements before partitioning.
2 surface markers.
4104 boundary elements in index 0 (Marker = FARFIELD).
1824836 boundary elements in index 1 (Marker = ORION_SURFACE).
Executing the partitioning functions.
Building the graph adjacency structure.
Calling ParMETIS... graph partitioning complete (4959327 edge cuts).
Distributing ParMETIS coloring.
Rebalancing vertices.
Rebalancing volume element connectivity.
Rebalancing markers and surface elements.
66952290 vertices including ghost points. 
197997438 interior elements including halo cells. 
103171259 tetrahedra.
94500655 prisms.
325524 pyramids.
Establishing MPI communication patterns.
Setting point connectivity.
Renumbering points (Reverse Cuthill McKee Ordering).
Recomputing point connectivity.
Setting element connectivity.
Checking the numerical grid orientation.
All volume elements are correctly orientend.
All surface elements are correctly orientend.
Identifying edges and vertices.
Setting the control volume structure.
Volume of the computational grid: 535693.
Searching for the closest normal neighbors to the surfaces.
Storing a mapping from global to local point index.
Compute the surface curvature.
Max K: 132.896. Mean K: 3.9104. Standard deviation K: 7.49569.
Checking for periodicity.
Computing mesh quality statistics for the dual control volumes.
+--------------------------------------------------------------+
|           Mesh Quality Metric|        Minimum|        Maximum|
+--------------------------------------------------------------+
|    Orthogonality Angle (deg.)|        53.0661|             90|
|     CV Face Area Aspect Ratio|        1.01143|        75298.5|
|           CV Sub-Volume Ratio|        1.00029|        45.0258|
+--------------------------------------------------------------+
Finding max control volume width.
Communicating number of neighbors.
Reference area = 11.531 m^2.
Semi-span length = 2.49999 m.
Wetted area = 57.9072 m^2.
Area projection in the x-plane = 19.6343 m^2, y-plane = 11.531 m^2, z-plane = 11.531 m^2.
Max. coordinate in the x-direction = 2.575 m, y-direction = 2.49999 m, z-direction = 2.49999 m.
Min. coordinate in the x-direction = -0.71 m, y-direction = -2.49999 m, z-direction = -2.5 m.
Computing wall distances.

-------------------- Solver Preprocessing ( Zone 0 ) --------------------
Viscous flow: Computing pressure using the ideal gas law
based on the free-stream temperature and a density computed
from the Reynolds number.
Force coefficients computed using free-stream values.

-- Models:
+------------------------------------------------------------------------------+
|          Viscosity Model|        Conductivity Model|              Fluid Model|
+------------------------------------------------------------------------------+
|               SUTHERLAND|          CONSTANT_PRANDTL|             STANDARD_AIR|
+------------------------------------------------------------------------------+
-- Fluid properties:
+------------------------------------------------------------------------------+
|                  Name|    Dim. value|    Ref. value|      Unit|Non-dim. value|
+------------------------------------------------------------------------------+
|        Ref. Viscosity|     1.716e-05|       2455.73|   N.s/m^2|   6.98773e-09|
|      Sutherland Temp.|        273.15|        288.15|         K|      0.947944|
|     Sutherland Const.|         110.4|        288.15|         K|      0.383134|
+------------------------------------------------------------------------------+
|        Prandtl (Lam.)|             -|             -|         -|          0.72|
|       Prandtl (Turb.)|             -|             -|         -|           0.9|
+------------------------------------------------------------------------------+
|          Gas Constant|       287.058|       14467.7|  N.m/kg.K|     0.0198413|
|      Spec. Heat Ratio|             -|             -|         -|           1.4|
+------------------------------------------------------------------------------+
-- Initial and free-stream conditions:
+------------------------------------------------------------------------------+
|                  Name|    Dim. value|    Ref. value|      Unit|Non-dim. value|
+------------------------------------------------------------------------------+
|       Static Pressure|       99485.6|   5.01407e+06|        Pa|     0.0198413|
|               Density|       1.20274|       1.20274|    kg/m^3|             1|
|           Temperature|        288.15|        288.15|         K|             1|
|          Total Energy|   2.29123e+06|   4.16887e+06|   m^2/s^2|      0.549603|
|            Velocity-X|       1972.21|       2041.78|       m/s|      0.965926|
|            Velocity-Y|             0|       2041.78|       m/s|             0|
|            Velocity-Z|       528.452|       2041.78|       m/s|      0.258819|
|    Velocity Magnitude|       2041.78|       2041.78|       m/s|             1|
+------------------------------------------------------------------------------+
|             Viscosity|    1.7893e-05|       2455.73|   N.s/m^2|    7.2862e-09|
|          Conductivity|             -|   3.55289e+07|   W/m^2.K|             -|
|     Turb. Kin. Energy|       15633.3|   4.16887e+06|   m^2/s^2|       0.00375|
|     Spec. Dissipation|   1.05085e+08|       2041.78|       1/s|       51467.1|
+------------------------------------------------------------------------------+
|           Mach Number|             -|             -|         -|             6|
|       Reynolds Number|             -|             -|         -|   6.86229e+08|
+------------------------------------------------------------------------------+
Initialize Jacobian structure (Navier-Stokes). MG level: 0.
Initialize Jacobian structure (SA model).

------------------- Numerics Preprocessing ( Zone 0 ) -------------------

----------------- Integration Preprocessing ( Zone 0 ) ------------------

------------------- Iteration Preprocessing ( Zone 0 ) ------------------
Euler/Navier-Stokes/RANS fluid iteration.

------------------------------ Begin Solver -----------------------------

Simulation Run using the Single-zone Driver
WARNING: SU2 was not compiled for an AVX-capable architecture. Performance could be better,
         see https://su2code.github.io/docs_v7/Build-SU2-Linux-MacOS/#compiler-optimizations
+-------------------------------------------------------------------------------------------------------------------------------------------------------------------------------------+
|  Inner_Iter|   Time(sec)|      Min DT|      Max DT|     Min CFL|     Max CFL|     Avg CFL|    rms[Rho]|   rms[RhoU]|   rms[RhoV]|   rms[RhoW]|   rms[RhoE]|     rms[nu]|          CD|
+-------------------------------------------------------------------------------------------------------------------------------------------------------------------------------------+
|           0|  4.8928e+00|  6.4275e-09|  4.6287e-02|  5.0000e-02|  5.0000e-02|  5.0000e-02|   -5.257098|  -15.986873|  -17.586617|  -16.557569|   -5.501646|  -13.257925|    0.397636|
|           1|  4.7853e+00|  1.7657e-08|  7.7145e-02|  5.5000e-02|  5.5000e-02|  5.5000e-02|   -5.407602|   -5.458446|   -6.425741|   -5.968890|   -5.643306|  -13.044733|    0.419496|
|           2|  4.6962e+00|  1.9252e-08|  8.4860e-02|  6.0500e-02|  6.0500e-02|  6.0500e-02|   -5.407973|   -5.467085|   -6.433932|   -5.975861|   -5.643948|  -13.062566|    0.443436|
|           3|  4.6418e+00|  2.0746e-08|  9.3346e-02|  6.6550e-02|  6.6550e-02|  6.6550e-02|   -5.408258|   -5.475228|   -6.442290|   -5.982360|   -5.644344|  -13.078912|    0.469620|
|           4|  4.6135e+00|  2.2313e-08|  1.0268e-01|  7.3205e-02|  7.3205e-02|  7.3205e-02|   -5.408456|   -5.483061|   -6.450816|   -5.988539|   -5.644516|  -13.094934|    0.498237|
|           5|  4.5799e+00|  2.3960e-08|  1.1295e-01|  8.0526e-02|  8.0526e-02|  8.0526e-02|   -5.408559|   -5.490726|   -6.459503|   -5.994509|   -5.644475|  -13.110734|    0.529502|

----------------------------- Solver Exit -------------------------------
All convergence criteria satisfied.
+-----------------------------------------------------------------------+
|      Convergence Field     |     Value    |   Criterion  |  Converged |
+-----------------------------------------------------------------------+
|                    rms[Rho]|      -5.40856|          < -5|         Yes|
+-----------------------------------------------------------------------+
-------------------------------------------------------------------------
+-----------------------------------------------------------------------+
|        File Writing Summary       |              Filename             |
+-----------------------------------------------------------------------+
|SU2 binary restart                 |restart_flow.dat                   |
|Paraview                           |flow.vtu                           |
|Paraview surface                   |surface_flow.vtu                   |
+-----------------------------------------------------------------------+

------------------------- Solver Postprocessing -------------------------
Deleted CNumerics container.
Deleted CIntegration container.
Deleted CSolver container.
Deleted CIteration container.
Deleted CInterface container.
Deleted CGeometry container.
Deleted CFreeFormDefBox class.
Deleted CSurfaceMovement class.
Deleted CVolumetricMovement class.
Deleted CConfig container.
Deleted nInst container.
Deleted COutput class.
-------------------------------------------------------------------------

------------------------- Exit Success (SU2_CFD) ------------------------


scontrol show job 1173449
JobId=1173449 JobName=m6_aoa15
   UserId=anthonyy(3152141) GroupId=anthonyy(3152141) MCS_label=N/A
   Priority=531101 Nice=0 Account=rrg-jphickey QOS=normal
   JobState=COMPLETING Reason=None Dependency=(null)
   Requeue=0 Restarts=0 BatchFlag=1 Reboot=0 ExitCode=0:0
   RunTime=00:09:23 TimeLimit=18:00:00 TimeMin=N/A
   SubmitTime=2026-03-13T02:10:53 EligibleTime=2026-03-13T02:10:53
   AccrueTime=2026-03-13T02:10:53
   StartTime=2026-03-14T22:28:28 EndTime=2026-03-14T22:37:51 Deadline=N/A
   SuspendTime=None SecsPreSuspend=0 LastSchedEval=2026-03-14T22:28:28 Scheduler=Main
   Partition=compute AllocNode:Sid=tri-login04:2949162
   ReqNodeList=(null) ExcNodeList=(null)
   NodeList=tri[0976,0978]
   BatchHost=tri0976
   NumNodes=2 NumCPUs=384 NumTasks=128 CPUs/Task=1 ReqB:S:C:T=0:0:*:*
   ReqTRES=cpu=128,mem=1534000M,node=2,billing=128
   AllocTRES=cpu=384,mem=1534000M,node=2,billing=384
   Socks/Node=* NtasksPerN:B:S:C=64:0:*:* CoreSpec=*
   MinCPUsNode=64 MinMemoryNode=767000M MinTmpDiskNode=0
   Features=(null) DelayBoot=00:00:00
   OverSubscribe=NO Contiguous=0 Licenses=(null) Network=(null)
   Command=/scratch/anthonyy/reentry/orion/cases/m6_aoa15/run.sh
   WorkDir=/scratch/anthonyy/reentry/orion/cases/m6_aoa15
   Comment=/opt/slurm/bin/sbatch --export=NONE --get-user-env=L run.sh 
   StdErr=/scratch/anthonyy/reentry/orion/cases/m6_aoa15/orion_1173449.err
   StdIn=/dev/null
   StdOut=/scratch/anthonyy/reentry/orion/cases/m6_aoa15/orion_1173449.out
   TresPerTask=cpu=1
   

sacct -j 1173449
JobID           JobName    Account    Elapsed  MaxVMSize     MaxRSS  SystemCPU    UserCPU ExitCode 
------------ ---------- ---------- ---------- ---------- ---------- ---------- ---------- -------- 
1173449        m6_aoa15 rrg-jphic+   00:09:23                         00:00:00   00:00:00      0:0 
1173449.bat+      batch rrg-jphic+   00:09:23                         00:00:00   00:00:00      0:0 
1173449.ext+     extern rrg-jphic+   00:09:23                         00:00:00   00:00:00      0:0 
1173449.0       SU2_CFD rrg-jphic+   00:09:18                         00:00:00   00:00:00      0:0 

