The following modules were not unloaded:
  (Use "module --force purge" to unload all):

  1) gentoo/2023
[tri1042][[2261,25982],54][btl_tcp.c:559:mca_btl_tcp_recv_blocking] recv(71) failed: Connection reset by peer (104)
[tri1042][[2261,25982],14][btl_tcp.c:559:mca_btl_tcp_recv_blocking] recv(71) failed: Connection reset by peer (104)
[tri1042][[2261,25982],1][btl_tcp.c:559:mca_btl_tcp_recv_blocking] recv(71) failed: Connection reset by peer (104)
[tri1042][[2261,25982],47][btl_tcp.c:559:mca_btl_tcp_recv_blocking] recv(71) failed: Connection reset by peer (104)
[tri1042][[2261,25982],56][btl_tcp.c:559:mca_btl_tcp_recv_blocking] recv(71) failed: Connection reset by peer (104)
[tri1042][[2261,25982],62][btl_tcp.c:559:mca_btl_tcp_recv_blocking] recv(71) failed: Connection reset by peer (104)
[tri1042][[2261,25982],47][btl_tcp.c:559:mca_btl_tcp_recv_blocking] recv(71) failed: Connection reset by peer (104)
[tri1042][[2261,25982],1][btl_tcp.c:559:mca_btl_tcp_recv_blocking] recv(71) failed: Connection reset by peer (104)
[tri1042][[2261,25982],14][btl_tcp.c:559:mca_btl_tcp_recv_blocking] recv(71) failed: Connection reset by peer (104)
[tri1042][[2261,25982],11][btl_tcp.c:559:mca_btl_tcp_recv_blocking] recv(71) failed: Connection reset by peer (104)
[tri1042][[2261,25982],40][btl_tcp.c:559:mca_btl_tcp_recv_blocking] recv(71) failed: Connection reset by peer (104)
[tri1042][[2261,25982],9][btl_tcp.c:559:mca_btl_tcp_recv_blocking] recv(71) failed: Connection reset by peer (104)
[tri1042][[2261,25982],62][btl_tcp.c:559:mca_btl_tcp_recv_blocking] recv(71) failed: Connection reset by peer (104)
[tri1042][[2261,25982],56][btl_tcp.c:559:mca_btl_tcp_recv_blocking] recv(71) failed: Connection reset by peer (104)
[tri1042][[2261,25982],6][btl_tcp.c:559:mca_btl_tcp_recv_blocking] recv(71) failed: Connection reset by peer (104)
[tri1042][[2261,25982],10][btl_tcp.c:559:mca_btl_tcp_recv_blocking] recv(71) failed: Connection reset by peer (104)
[tri1042][[2261,25982],9][btl_tcp.c:559:mca_btl_tcp_recv_blocking] recv(71) failed: Connection reset by peer (104)
[tri1042][[2261,25982],11][btl_tcp.c:559:mca_btl_tcp_recv_blocking] recv(71) failed: Connection reset by peer (104)
[tri1042][[2261,25982],40][btl_tcp.c:559:mca_btl_tcp_recv_blocking] recv(71) failed: Connection reset by peer (104)
[tri1042][[2261,25982],3][btl_tcp.c:559:mca_btl_tcp_recv_blocking] recv(71) failed: Connection reset by peer (104)
[tri1042][[2261,25982],5][btl_tcp.c:559:mca_btl_tcp_recv_blocking] recv(71) failed: Connection reset by peer (104)
[tri1042][[2261,25982],61][btl_tcp.c:559:mca_btl_tcp_recv_blocking] recv(71) failed: Connection reset by peer (104)
[tri1042][[2261,25982],6][btl_tcp.c:559:mca_btl_tcp_recv_blocking] recv(71) failed: Connection reset by peer (104)
[tri1042][[2261,25982],10][btl_tcp.c:559:mca_btl_tcp_recv_blocking] recv(71) failed: Connection reset by peer (104)
[tri1042][[2261,25982],27][btl_tcp.c:559:mca_btl_tcp_recv_blocking] recv(71) failed: Connection reset by peer (104)
[tri1042][[2261,25982],32][btl_tcp.c:559:mca_btl_tcp_recv_blocking] recv(71) failed: Connection reset by peer (104)
[tri1042][[2261,25982],3][btl_tcp.c:559:mca_btl_tcp_recv_blocking] recv(71) failed: Connection reset by peer (104)
[tri1042][[2261,25982],61][btl_tcp.c:559:mca_btl_tcp_recv_blocking] recv(71) failed: Connection reset by peer (104)
[tri1042][[2261,25982],5][btl_tcp.c:559:mca_btl_tcp_recv_blocking] recv(71) failed: Connection reset by peer (104)
[tri1042][[2261,25982],8][btl_tcp.c:559:mca_btl_tcp_recv_blocking] recv(71) failed: Connection reset by peer (104)
[tri1042][[2261,25982],58][btl_tcp.c:559:mca_btl_tcp_recv_blocking] recv(71) failed: Connection reset by peer (104)
[tri1042][[2261,25982],13][btl_tcp.c:559:mca_btl_tcp_recv_blocking] recv(71) failed: Connection reset by peer (104)
[tri1042][[2261,25982],32][btl_tcp.c:559:mca_btl_tcp_recv_blocking] recv(71) failed: Connection reset by peer (104)
[tri1042][[2261,25982],27][btl_tcp.c:559:mca_btl_tcp_recv_blocking] recv(71) failed: Connection reset by peer (104)
[tri1042][[2261,25982],12][btl_tcp.c:559:mca_btl_tcp_recv_blocking] recv(71) failed: Connection reset by peer (104)
[tri1042][[2261,25982],22][btl_tcp.c:559:mca_btl_tcp_recv_blocking] recv(71) failed: Connection reset by peer (104)
[tri1042][[2261,25982],8][btl_tcp.c:559:mca_btl_tcp_recv_blocking] recv(71) failed: Connection reset by peer (104)
[tri1042][[2261,25982],58][btl_tcp.c:559:mca_btl_tcp_recv_blocking] recv(71) failed: Connection reset by peer (104)
[tri1042][[2261,25982],13][btl_tcp.c:559:mca_btl_tcp_recv_blocking] recv(71) failed: Connection reset by peer (104)
[tri1042][[2261,25982],54][btl_tcp.c:559:mca_btl_tcp_recv_blocking] recv(71) failed: Connection reset by peer (104)
[tri1042][[2261,25982],26][btl_tcp.c:559:mca_btl_tcp_recv_blocking] recv(71) failed: Connection reset by peer (104)
[tri1042][[2261,25982],48][btl_tcp.c:559:mca_btl_tcp_recv_blocking] recv(71) failed: Connection reset by peer (104)
[tri1042][[2261,25982],47][btl_tcp.c:559:mca_btl_tcp_recv_blocking] recv(71) failed: Connection reset by peer (104)
[tri1042][[2261,25982],22][btl_tcp.c:559:mca_btl_tcp_recv_blocking] recv(71) failed: Connection reset by peer (104)
[tri1042][[2261,25982],12][btl_tcp.c:559:mca_btl_tcp_recv_blocking] recv(71) failed: Connection reset by peer (104)
[tri1042][[2261,25982],16][btl_tcp.c:559:mca_btl_tcp_recv_blocking] recv(71) failed: Connection reset by peer (104)
[tri1042][[2261,25982],55][btl_tcp.c:559:mca_btl_tcp_recv_blocking] recv(71) failed: Connection reset by peer (104)
[tri1042][[2261,25982],1][btl_tcp.c:559:mca_btl_tcp_recv_blocking] recv(71) failed: Connection reset by peer (104)
[tri1042][[2261,25982],26][btl_tcp.c:559:mca_btl_tcp_recv_blocking] recv(71) failed: Connection reset by peer (104)
[tri1042][[2261,25982],48][btl_tcp.c:559:mca_btl_tcp_recv_blocking] recv(71) failed: Connection reset by peer (104)
[tri1042][[2261,25982],54][btl_tcp.c:559:mca_btl_tcp_recv_blocking] recv(71) failed: Connection reset by peer (104)
[tri1042][[2261,25982],41][btl_tcp.c:559:mca_btl_tcp_recv_blocking] recv(71) failed: Connection reset by peer (104)
[tri1042][[2261,25982],38][btl_tcp.c:559:mca_btl_tcp_recv_blocking] recv(71) failed: Connection reset by peer (104)
[tri1042][[2261,25982],7][btl_tcp.c:559:mca_btl_tcp_recv_blocking] recv(71) failed: Connection reset by peer (104)
[tri1042][[2261,25982],14][btl_tcp.c:559:mca_btl_tcp_recv_blocking] recv(71) failed: Connection reset by peer (104)
[tri1042][[2261,25982],16][btl_tcp.c:559:mca_btl_tcp_recv_blocking] recv(71) failed: Connection reset by peer (104)
[tri1042][[2261,25982],55][btl_tcp.c:559:mca_btl_tcp_recv_blocking] recv(71) failed: Connection reset by peer (104)
[tri1042][[2261,25982],36][btl_tcp.c:559:mca_btl_tcp_recv_blocking] recv(71) failed: Connection reset by peer (104)
[tri1042][[2261,25982],42][btl_tcp.c:559:mca_btl_tcp_recv_blocking] recv(71) failed: Connection reset by peer (104)
[tri1042][[2261,25982],20][btl_tcp.c:559:mca_btl_tcp_recv_blocking] recv(71) failed: Connection reset by peer (104)
[tri1042][[2261,25982],62][btl_tcp.c:559:mca_btl_tcp_recv_blocking] recv(71) failed: Connection reset by peer (104)
[tri1042][[2261,25982],56][btl_tcp.c:559:mca_btl_tcp_recv_blocking] recv(71) failed: Connection reset by peer (104)
[tri1042][[2261,25982],41][btl_tcp.c:559:mca_btl_tcp_recv_blocking] recv(71) failed: Connection reset by peer (104)
[tri1042][[2261,25982],38][btl_tcp.c:559:mca_btl_tcp_recv_blocking] recv(71) failed: Connection reset by peer (104)
[tri1042][[2261,25982],7][btl_tcp.c:559:mca_btl_tcp_recv_blocking] recv(71) failed: Connection reset by peer (104)
[tri1042][[2261,25982],23][btl_tcp.c:559:mca_btl_tcp_recv_blocking] recv(71) failed: Connection reset by peer (104)
[tri1042][[2261,25982],28][btl_tcp.c:559:mca_btl_tcp_recv_blocking] recv(71) failed: Connection reset by peer (104)
[tri1042][[2261,25982],51][btl_tcp.c:559:mca_btl_tcp_recv_blocking] recv(71) failed: Connection reset by peer (104)
[tri1042][[2261,25982],56][btl_tcp.c:559:mca_btl_tcp_recv_blocking] recv(71) failed: Connection reset by peer (104)
[tri1042][[2261,25982],36][btl_tcp.c:559:mca_btl_tcp_recv_blocking] recv(71) failed: Connection reset by peer (104)
[tri1042][[2261,25982],42][btl_tcp.c:559:mca_btl_tcp_recv_blocking] recv(71) failed: Connection reset by peer (104)
[tri1042][[2261,25982],29][btl_tcp.c:559:mca_btl_tcp_recv_blocking] recv(71) failed: Connection reset by peer (104)
[tri1042][[2261,25982],50][btl_tcp.c:559:mca_btl_tcp_recv_blocking] recv(71) failed: Connection reset by peer (104)
[tri1042][[2261,25982],9][btl_tcp.c:559:mca_btl_tcp_recv_blocking] recv(71) failed: Connection reset by peer (104)
[tri1042][[2261,25982],23][btl_tcp.c:559:mca_btl_tcp_recv_blocking] recv(71) failed: Connection reset by peer (104)
[tri1042][[2261,25982],28][btl_tcp.c:559:mca_btl_tcp_recv_blocking] recv(71) failed: Connection reset by peer (104)
[tri1042][[2261,25982],51][btl_tcp.c:559:mca_btl_tcp_recv_blocking] recv(71) failed: Connection reset by peer (104)
[tri1042][[2261,25982],17][btl_tcp.c:559:mca_btl_tcp_recv_blocking] recv(71) failed: Connection reset by peer (104)
[tri1042][[2261,25982],49][btl_tcp.c:559:mca_btl_tcp_recv_blocking] recv(71) failed: Connection reset by peer (104)
[tri1042][[2261,25982],43][btl_tcp.c:559:mca_btl_tcp_recv_blocking] recv(71) failed: Connection reset by peer (104)
[tri1042][[2261,25982],11][btl_tcp.c:559:mca_btl_tcp_recv_blocking] recv(71) failed: Connection reset by peer (104)
[tri1042][[2261,25982],29][btl_tcp.c:559:mca_btl_tcp_recv_blocking] recv(71) failed: Connection reset by peer (104)
[tri1042][[2261,25982],50][btl_tcp.c:559:mca_btl_tcp_recv_blocking] recv(71) failed: Connection reset by peer (104)
[tri1042][[2261,25982],35][btl_tcp.c:559:mca_btl_tcp_recv_blocking] recv(71) failed: Connection reset by peer (104)
[tri1042][[2261,25982],15][btl_tcp.c:559:mca_btl_tcp_recv_blocking] recv(71) failed: Connection reset by peer (104)
[tri1042][[2261,25982],40][btl_tcp.c:559:mca_btl_tcp_recv_blocking] recv(71) failed: Connection reset by peer (104)
[tri1042][[2261,25982],17][btl_tcp.c:559:mca_btl_tcp_recv_blocking] recv(71) failed: Connection reset by peer (104)
[tri1042][[2261,25982],43][btl_tcp.c:559:mca_btl_tcp_recv_blocking] recv(71) failed: Connection reset by peer (104)
[tri1042][[2261,25982],49][btl_tcp.c:559:mca_btl_tcp_recv_blocking] recv(71) failed: Connection reset by peer (104)
[tri1042][[2261,25982],34][btl_tcp.c:559:mca_btl_tcp_recv_blocking] recv(71) failed: Connection reset by peer (104)
[tri1042][[2261,25982],18][btl_tcp.c:559:mca_btl_tcp_recv_blocking] recv(71) failed: Connection reset by peer (104)
[tri1042][[2261,25982],2][btl_tcp.c:559:mca_btl_tcp_recv_blocking] recv(71) failed: Connection reset by peer (104)
[tri1042][[2261,25982],6][btl_tcp.c:559:mca_btl_tcp_recv_blocking] recv(71) failed: Connection reset by peer (104)
[tri1042][[2261,25982],35][btl_tcp.c:559:mca_btl_tcp_recv_blocking] recv(71) failed: Connection reset by peer (104)
[tri1042][[2261,25982],15][btl_tcp.c:559:mca_btl_tcp_recv_blocking] recv(71) failed: Connection reset by peer (104)
[tri1042][[2261,25982],24][btl_tcp.c:559:mca_btl_tcp_recv_blocking] recv(71) failed: Connection reset by peer (104)
[tri1042][[2261,25982],31][btl_tcp.c:559:mca_btl_tcp_recv_blocking] recv(71) failed: Connection reset by peer (104)
[tri1042][[2261,25982],10][btl_tcp.c:559:mca_btl_tcp_recv_blocking] recv(71) failed: Connection reset by peer (104)
[tri1042][[2261,25982],34][btl_tcp.c:559:mca_btl_tcp_recv_blocking] recv(71) failed: Connection reset by peer (104)
[tri1042][[2261,25982],18][btl_tcp.c:559:mca_btl_tcp_recv_blocking] recv(71) failed: Connection reset by peer (104)
[tri1042][[2261,25982],2][btl_tcp.c:559:mca_btl_tcp_recv_blocking] recv(71) failed: Connection reset by peer (104)
[tri1042][[2261,25982],53][btl_tcp.c:559:mca_btl_tcp_recv_blocking] recv(71) failed: Connection reset by peer (104)
[tri1042][[2261,25982],52][btl_tcp.c:559:mca_btl_tcp_recv_blocking] recv(71) failed: Connection reset by peer (104)
[tri1042][[2261,25982],44][btl_tcp.c:559:mca_btl_tcp_recv_blocking] recv(71) failed: Connection reset by peer (104)
[tri1042][[2261,25982],3][btl_tcp.c:559:mca_btl_tcp_recv_blocking] recv(71) failed: Connection reset by peer (104)
[tri1042][[2261,25982],24][btl_tcp.c:559:mca_btl_tcp_recv_blocking] recv(71) failed: Connection reset by peer (104)
[tri1042][[2261,25982],31][btl_tcp.c:559:mca_btl_tcp_recv_blocking] recv(71) failed: Connection reset by peer (104)
[tri1042][[2261,25982],46][btl_tcp.c:559:mca_btl_tcp_recv_blocking] recv(71) failed: Connection reset by peer (104)
[tri1042][[2261,25982],59][btl_tcp.c:559:mca_btl_tcp_recv_blocking] recv(71) failed: Connection reset by peer (104)
[tri1042][[2261,25982],61][btl_tcp.c:559:mca_btl_tcp_recv_blocking] recv(71) failed: Connection reset by peer (104)
[tri1042][[2261,25982],53][btl_tcp.c:559:mca_btl_tcp_recv_blocking] recv(71) failed: Connection reset by peer (104)
[tri1042][[2261,25982],44][btl_tcp.c:559:mca_btl_tcp_recv_blocking] recv(71) failed: Connection reset by peer (104)
[tri1042][[2261,25982],52][btl_tcp.c:559:mca_btl_tcp_recv_blocking] recv(71) failed: Connection reset by peer (104)
[tri1042][[2261,25982],20][btl_tcp.c:559:mca_btl_tcp_recv_blocking] recv(71) failed: Connection reset by peer (104)
[tri1042][[2261,25982],39][btl_tcp.c:559:mca_btl_tcp_recv_blocking] recv(71) failed: Connection reset by peer (104)
[tri1042][[2261,25982],57][btl_tcp.c:559:mca_btl_tcp_recv_blocking] recv(71) failed: Connection reset by peer (104)
[tri1042][[2261,25982],5][btl_tcp.c:559:mca_btl_tcp_recv_blocking] recv(71) failed: Connection reset by peer (104)
[tri1042][[2261,25982],46][btl_tcp.c:559:mca_btl_tcp_recv_blocking] recv(71) failed: Connection reset by peer (104)
[tri1042][[2261,25982],59][btl_tcp.c:559:mca_btl_tcp_recv_blocking] recv(71) failed: Connection reset by peer (104)
[tri1042][[2261,25982],4][btl_tcp.c:559:mca_btl_tcp_recv_blocking] recv(71) failed: Connection reset by peer (104)
[tri1042][[2261,25982],60][btl_tcp.c:559:mca_btl_tcp_recv_blocking] recv(71) failed: Connection reset by peer (104)
[tri1042][[2261,25982],32][btl_tcp.c:559:mca_btl_tcp_recv_blocking] recv(71) failed: Connection reset by peer (104)
[tri1042][[2261,25982],20][btl_tcp.c:559:mca_btl_tcp_recv_blocking] recv(71) failed: Connection reset by peer (104)
[tri1042][[2261,25982],39][btl_tcp.c:559:mca_btl_tcp_recv_blocking] recv(71) failed: Connection reset by peer (104)
[tri1042][[2261,25982],57][btl_tcp.c:559:mca_btl_tcp_recv_blocking] recv(71) failed: Connection reset by peer (104)
[tri1042][[2261,25982],63][btl_tcp.c:559:mca_btl_tcp_recv_blocking] recv(71) failed: Connection reset by peer (104)
[tri1042][[2261,25982],27][btl_tcp.c:559:mca_btl_tcp_recv_blocking] recv(71) failed: Connection reset by peer (104)
[tri1042][[2261,25982],4][btl_tcp.c:559:mca_btl_tcp_recv_blocking] recv(71) failed: Connection reset by peer (104)
[tri1042][[2261,25982],60][btl_tcp.c:559:mca_btl_tcp_recv_blocking] recv(71) failed: Connection reset by peer (104)
[tri1042][[2261,25982],63][btl_tcp.c:559:mca_btl_tcp_recv_blocking] recv(71) failed: Connection reset by peer (104)
[tri1042][[2261,25982],14][btl_tcp.c:559:mca_btl_tcp_recv_blocking] recv(71) failed: Connection reset by peer (104)
[tri1042][[2261,25982],47][btl_tcp.c:559:mca_btl_tcp_recv_blocking] recv(71) failed: Connection reset by peer (104)
[tri1042][[2261,25982],3][btl_tcp.c:559:mca_btl_tcp_recv_blocking] recv(71) failed: Connection reset by peer (104)
[tri1042][[2261,25982],32][btl_tcp.c:559:mca_btl_tcp_recv_blocking] recv(71) failed: Connection reset by peer (104)
[tri1042][[2261,25982],1][btl_tcp.c:559:mca_btl_tcp_recv_blocking] recv(71) failed: Connection reset by peer (104)
[tri1042][[2261,25982],62][btl_tcp.c:559:mca_btl_tcp_recv_blocking] recv(71) failed: Connection reset by peer (104)
[tri1042][[2261,25982],10][btl_tcp.c:559:mca_btl_tcp_recv_blocking] recv(71) failed: Connection reset by peer (104)
[tri1042][[2261,25982],61][btl_tcp.c:559:mca_btl_tcp_recv_blocking] recv(71) failed: Connection reset by peer (104)
[tri1042][[2261,25982],12][btl_tcp.c:559:mca_btl_tcp_recv_blocking] recv(71) failed: Connection reset by peer (104)
[tri1042][[2261,25982],5][btl_tcp.c:559:mca_btl_tcp_recv_blocking] recv(71) failed: Connection reset by peer (104)
[tri1042][[2261,25982],47][btl_tcp.c:559:mca_btl_tcp_recv_blocking] recv(71) failed: Connection reset by peer (104)
[tri1042][[2261,25982],42][btl_tcp.c:559:mca_btl_tcp_recv_blocking] recv(71) failed: Connection reset by peer (104)
[tri1042][[2261,25982],26][btl_tcp.c:559:mca_btl_tcp_recv_blocking] recv(71) failed: Connection reset by peer (104)
[tri1042][[2261,25982],29][btl_tcp.c:559:mca_btl_tcp_recv_blocking] recv(71) failed: Connection reset by peer (104)
[tri1042][[2261,25982],23][btl_tcp.c:559:mca_btl_tcp_recv_blocking] recv(71) failed: Connection reset by peer (104)
[tri1042][[2261,25982],16][btl_tcp.c:559:mca_btl_tcp_recv_blocking] recv(71) failed: Connection reset by peer (104)
[tri1042][[2261,25982],28][btl_tcp.c:559:mca_btl_tcp_recv_blocking] recv(71) failed: Connection reset by peer (104)
[tri1042][[2261,25982],51][btl_tcp.c:559:mca_btl_tcp_recv_blocking] recv(71) failed: Connection reset by peer (104)
[tri1042][[2261,25982],48][btl_tcp.c:559:mca_btl_tcp_recv_blocking] recv(71) failed: Connection reset by peer (104)
[tri1042][[2261,25982],54][btl_tcp.c:559:mca_btl_tcp_recv_blocking] recv(71) failed: Connection reset by peer (104)
[tri1042][[2261,25982],15][btl_tcp.c:559:mca_btl_tcp_recv_blocking] recv(71) failed: Connection reset by peer (104)
[tri1042][[2261,25982],1][btl_tcp.c:559:mca_btl_tcp_recv_blocking] recv(71) failed: Connection reset by peer (104)
[tri1042][[2261,25982],34][btl_tcp.c:559:mca_btl_tcp_recv_blocking] recv(71) failed: Connection reset by peer (104)
[tri1042][[2261,25982],4][btl_tcp.c:559:mca_btl_tcp_recv_blocking] recv(71) failed: Connection reset by peer (104)
[tri1042][[2261,25982],60][btl_tcp.c:559:mca_btl_tcp_recv_blocking] recv(71) failed: Connection reset by peer (104)
[tri1042][[2261,25982],57][btl_tcp.c:559:mca_btl_tcp_recv_blocking] recv(71) failed: Connection reset by peer (104)
[tri1042][[2261,25982],31][btl_tcp.c:559:mca_btl_tcp_recv_blocking] recv(71) failed: Connection reset by peer (104)
[tri1042][[2261,25982],24][btl_tcp.c:559:mca_btl_tcp_recv_blocking] recv(71) failed: Connection reset by peer (104)
[tri1042][[2261,25982],18][btl_tcp.c:559:mca_btl_tcp_recv_blocking] recv(71) failed: Connection reset by peer (104)
[tri1042][[2261,25982],39][btl_tcp.c:559:mca_btl_tcp_recv_blocking] recv(71) failed: Connection reset by peer (104)
[tri1042][[2261,25982],2][btl_tcp.c:559:mca_btl_tcp_recv_blocking] recv(71) failed: Connection reset by peer (104)
[tri1042][[2261,25982],63][btl_tcp.c:559:mca_btl_tcp_recv_blocking] recv(71) failed: Connection reset by peer (104)
[tri1042][[2261,25982],17][btl_tcp.c:559:mca_btl_tcp_recv_blocking] recv(71) failed: Connection reset by peer (104)
[tri1042][[2261,25982],35][btl_tcp.c:559:mca_btl_tcp_recv_blocking] recv(71) failed: Connection reset by peer (104)
[tri1042][[2261,25982],20][btl_tcp.c:559:mca_btl_tcp_recv_blocking] recv(71) failed: Connection reset by peer (104)
[tri1042][[2261,25982],53][btl_tcp.c:559:mca_btl_tcp_recv_blocking] recv(71) failed: Connection reset by peer (104)
[tri1042][[2261,25982],43][btl_tcp.c:559:mca_btl_tcp_recv_blocking] recv(71) failed: Connection reset by peer (104)
[tri1042][[2261,25982],49][btl_tcp.c:559:mca_btl_tcp_recv_blocking] recv(71) failed: Connection reset by peer (104)
[tri1042][[2261,25982],44][btl_tcp.c:559:mca_btl_tcp_recv_blocking] recv(71) failed: Connection reset by peer (104)
[tri1042][[2261,25982],52][btl_tcp.c:559:mca_btl_tcp_recv_blocking] recv(71) failed: Connection reset by peer (104)
[tri1042][[2261,25982],46][btl_tcp.c:559:mca_btl_tcp_recv_blocking] recv(71) failed: Connection reset by peer (104)
[tri1042][[2261,25982],59][btl_tcp.c:559:mca_btl_tcp_recv_blocking] recv(71) failed: Connection reset by peer (104)
[tri1042][[2261,25982],14][btl_tcp.c:559:mca_btl_tcp_recv_blocking] recv(71) failed: Connection reset by peer (104)
[tri1042][[2261,25982],41][btl_tcp.c:559:mca_btl_tcp_recv_blocking] recv(71) failed: Connection reset by peer (104)
[tri1042][[2261,25982],22][btl_tcp.c:559:mca_btl_tcp_recv_blocking] recv(71) failed: Connection reset by peer (104)
[tri1042][[2261,25982],13][btl_tcp.c:559:mca_btl_tcp_recv_blocking] recv(71) failed: Connection reset by peer (104)
[tri1042][[2261,25982],7][btl_tcp.c:559:mca_btl_tcp_recv_blocking] recv(71) failed: Connection reset by peer (104)
[tri1042][[2261,25982],50][btl_tcp.c:559:mca_btl_tcp_recv_blocking] recv(71) failed: Connection reset by peer (104)
[tri1042][[2261,25982],36][btl_tcp.c:559:mca_btl_tcp_recv_blocking] recv(71) failed: Connection reset by peer (104)
[tri1042][[2261,25982],8][btl_tcp.c:559:mca_btl_tcp_recv_blocking] recv(71) failed: Connection reset by peer (104)
[tri1042][[2261,25982],38][btl_tcp.c:559:mca_btl_tcp_recv_blocking] recv(71) failed: Connection reset by peer (104)
[tri1042][[2261,25982],55][btl_tcp.c:559:mca_btl_tcp_recv_blocking] recv(71) failed: Connection reset by peer (104)
[tri1042][[2261,25982],62][btl_tcp.c:559:mca_btl_tcp_recv_blocking] recv(71) failed: Connection reset by peer (104)
[tri1042][[2261,25982],40][btl_tcp.c:559:mca_btl_tcp_recv_blocking] recv(71) failed: Connection reset by peer (104)
[tri1042][[2261,25982],6][btl_tcp.c:559:mca_btl_tcp_recv_blocking] recv(71) failed: Connection reset by peer (104)
[tri1042][[2261,25982],11][btl_tcp.c:559:mca_btl_tcp_recv_blocking] recv(71) failed: Connection reset by peer (104)
[tri1042][[2261,25982],27][btl_tcp.c:559:mca_btl_tcp_recv_blocking] recv(71) failed: Connection reset by peer (104)
[tri1042][[2261,25982],56][btl_tcp.c:559:mca_btl_tcp_recv_blocking] recv(71) failed: Connection reset by peer (104)
[tri1042][[2261,25982],9][btl_tcp.c:559:mca_btl_tcp_recv_blocking] recv(71) failed: Connection reset by peer (104)
[tri1042][[2261,25982],56][btl_tcp.c:559:mca_btl_tcp_recv_blocking] recv(72) failed: Connection reset by peer (104)
[tri1042][[2261,25982],9][btl_tcp.c:559:mca_btl_tcp_recv_blocking] recv(72) failed: Connection reset by peer (104)
[tri1042][[2261,25982],11][btl_tcp.c:559:mca_btl_tcp_recv_blocking] recv(71) failed: Connection reset by peer (104)
[tri1042][[2261,25982],40][btl_tcp.c:559:mca_btl_tcp_recv_blocking] recv(71) failed: Connection reset by peer (104)
[tri1042][[2261,25982],6][btl_tcp.c:559:mca_btl_tcp_recv_blocking] recv(71) failed: Connection reset by peer (104)
[tri1042][[2261,25982],10][btl_tcp.c:559:mca_btl_tcp_recv_blocking] recv(71) failed: Connection reset by peer (104)
[tri1042][[2261,25982],3][btl_tcp.c:559:mca_btl_tcp_recv_blocking] recv(71) failed: Connection reset by peer (104)
[tri1042][[2261,25982],61][btl_tcp.c:559:mca_btl_tcp_recv_blocking] recv(71) failed: Connection reset by peer (104)
[tri1042][[2261,25982],5][btl_tcp.c:559:mca_btl_tcp_recv_blocking] recv(71) failed: Connection reset by peer (104)
[tri1042][[2261,25982],32][btl_tcp.c:559:mca_btl_tcp_recv_blocking] recv(71) failed: Connection reset by peer (104)
[tri1042][[2261,25982],27][btl_tcp.c:559:mca_btl_tcp_recv_blocking] recv(71) failed: Connection reset by peer (104)
[tri1042][[2261,25982],8][btl_tcp.c:559:mca_btl_tcp_recv_blocking] recv(71) failed: Connection reset by peer (104)
[tri1042][[2261,25982],47][btl_tcp.c:559:mca_btl_tcp_recv_blocking] recv(71) failed: Connection reset by peer (104)
[tri1042][[2261,25982],13][btl_tcp.c:559:mca_btl_tcp_recv_blocking] recv(71) failed: Connection reset by peer (104)
[tri1042][[2261,25982],22][btl_tcp.c:559:mca_btl_tcp_recv_blocking] recv(71) failed: Connection reset by peer (104)
[tri1042][[2261,25982],12][btl_tcp.c:559:mca_btl_tcp_recv_blocking] recv(71) failed: Connection reset by peer (104)
[tri1042][[2261,25982],26][btl_tcp.c:559:mca_btl_tcp_recv_blocking] recv(71) failed: Connection reset by peer (104)
[tri1042][[2261,25982],48][btl_tcp.c:559:mca_btl_tcp_recv_blocking] recv(71) failed: Connection reset by peer (104)
[tri1042][[2261,25982],54][btl_tcp.c:559:mca_btl_tcp_recv_blocking] recv(71) failed: Connection reset by peer (104)
[tri1042][[2261,25982],42][btl_tcp.c:559:mca_btl_tcp_recv_blocking] recv(71) failed: Connection reset by peer (104)
[tri1042][[2261,25982],16][btl_tcp.c:559:mca_btl_tcp_recv_blocking] recv(71) failed: Connection reset by peer (104)
[tri1042][[2261,25982],42][btl_tcp.c:559:mca_btl_tcp_recv_blocking] recv(71) failed: Connection reset by peer (104)
[tri1042][[2261,25982],16][btl_tcp.c:559:mca_btl_tcp_recv_blocking] recv(71) failed: Connection reset by peer (104)
[tri1042][[2261,25982],55][btl_tcp.c:559:mca_btl_tcp_recv_blocking] recv(71) failed: Connection reset by peer (104)
[tri1042][[2261,25982],16][btl_tcp.c:559:mca_btl_tcp_recv_blocking] recv(71) failed: Connection reset by peer (104)
[tri1042][[2261,25982],41][btl_tcp.c:559:mca_btl_tcp_recv_blocking] recv(71) failed: Connection reset by peer (104)
[tri1042][[2261,25982],16][btl_tcp.c:559:mca_btl_tcp_recv_blocking] recv(71) failed: Connection reset by peer (104)
[tri1042][[2261,25982],38][btl_tcp.c:559:mca_btl_tcp_recv_blocking] recv(71) failed: Connection reset by peer (104)
[tri1042][[2261,25982],7][btl_tcp.c:559:mca_btl_tcp_recv_blocking] recv(71) failed: Connection reset by peer (104)
[tri1042][[2261,25982],16][btl_tcp.c:559:mca_btl_tcp_recv_blocking] recv(71) failed: Connection reset by peer (104)
[tri1042][[2261,25982],36][btl_tcp.c:559:mca_btl_tcp_recv_blocking] recv(71) failed: Connection reset by peer (104)
[tri1042][[2261,25982],16][btl_tcp.c:559:mca_btl_tcp_recv_blocking] recv(71) failed: Connection reset by peer (104)
[tri1042][[2261,25982],1][btl_tcp.c:559:mca_btl_tcp_recv_blocking] recv(71) failed: Connection reset by peer (104)
[tri1042][[2261,25982],42][btl_tcp.c:559:mca_btl_tcp_recv_blocking] recv(71) failed: Connection reset by peer (104)
[tri1042][[2261,25982],23][btl_tcp.c:559:mca_btl_tcp_recv_blocking] recv(71) failed: Connection reset by peer (104)
[tri1042][[2261,25982],28][btl_tcp.c:559:mca_btl_tcp_recv_blocking] recv(71) failed: Connection reset by peer (104)
[tri1042][[2261,25982],51][btl_tcp.c:559:mca_btl_tcp_recv_blocking] recv(71) failed: Connection reset by peer (104)
[tri1042][[2261,25982],29][btl_tcp.c:559:mca_btl_tcp_recv_blocking] recv(71) failed: Connection reset by peer (104)
[tri1042][[2261,25982],50][btl_tcp.c:559:mca_btl_tcp_recv_blocking] recv(71) failed: Connection reset by peer (104)
[tri1042][[2261,25982],17][btl_tcp.c:559:mca_btl_tcp_recv_blocking] recv(71) failed: Connection reset by peer (104)
[tri1042][[2261,25982],43][btl_tcp.c:559:mca_btl_tcp_recv_blocking] recv(71) failed: Connection reset by peer (104)
[tri1042][[2261,25982],49][btl_tcp.c:559:mca_btl_tcp_recv_blocking] recv(71) failed: Connection reset by peer (104)
[tri1042][[2261,25982],35][btl_tcp.c:559:mca_btl_tcp_recv_blocking] recv(71) failed: Connection reset by peer (104)
[tri1042][[2261,25982],15][btl_tcp.c:559:mca_btl_tcp_recv_blocking] recv(71) failed: Connection reset by peer (104)
[tri1042][[2261,25982],34][btl_tcp.c:559:mca_btl_tcp_recv_blocking] recv(71) failed: Connection reset by peer (104)
[tri1042][[2261,25982],14][btl_tcp.c:559:mca_btl_tcp_recv_blocking] recv(71) failed: Connection reset by peer (104)
[tri1042][[2261,25982],18][btl_tcp.c:559:mca_btl_tcp_recv_blocking] recv(71) failed: Connection reset by peer (104)
[tri1042][[2261,25982],42][btl_tcp.c:559:mca_btl_tcp_recv_blocking] recv(71) failed: Connection reset by peer (104)
[tri1042][[2261,25982],2][btl_tcp.c:559:mca_btl_tcp_recv_blocking] recv(71) failed: Connection reset by peer (104)
[tri1042][[2261,25982],24][btl_tcp.c:559:mca_btl_tcp_recv_blocking] recv(71) failed: Connection reset by peer (104)
[tri1042][[2261,25982],31][btl_tcp.c:559:mca_btl_tcp_recv_blocking] recv(71) failed: Connection reset by peer (104)
[tri1042][[2261,25982],53][btl_tcp.c:559:mca_btl_tcp_recv_blocking] recv(71) failed: Connection reset by peer (104)
[tri1042][[2261,25982],42][btl_tcp.c:559:mca_btl_tcp_recv_blocking] recv(71) failed: Connection reset by peer (104)
[tri1042][[2261,25982],42][btl_tcp.c:559:mca_btl_tcp_recv_blocking] recv(71) failed: Connection reset by peer (104)
[tri1042][[2261,25982],44][btl_tcp.c:559:mca_btl_tcp_recv_blocking] recv(71) failed: Connection reset by peer (104)
[tri1042][[2261,25982],52][btl_tcp.c:559:mca_btl_tcp_recv_blocking] recv(71) failed: Connection reset by peer (104)
[tri1042][[2261,25982],46][btl_tcp.c:559:mca_btl_tcp_recv_blocking] recv(71) failed: Connection reset by peer (104)
[tri1042][[2261,25982],59][btl_tcp.c:559:mca_btl_tcp_recv_blocking] recv(71) failed: Connection reset by peer (104)
[tri1042][[2261,25982],20][btl_tcp.c:559:mca_btl_tcp_recv_blocking] recv(71) failed: Connection reset by peer (104)
[tri1042][[2261,25982],39][btl_tcp.c:559:mca_btl_tcp_recv_blocking] recv(71) failed: Connection reset by peer (104)
[tri1042][[2261,25982],57][btl_tcp.c:559:mca_btl_tcp_recv_blocking] recv(71) failed: Connection reset by peer (104)
[tri1042][[2261,25982],62][btl_tcp.c:559:mca_btl_tcp_recv_blocking] recv(71) failed: Connection reset by peer (104)
[tri1042][[2261,25982],4][btl_tcp.c:559:mca_btl_tcp_recv_blocking] recv(71) failed: Connection reset by peer (104)
[tri1042][[2261,25982],60][btl_tcp.c:559:mca_btl_tcp_recv_blocking] recv(71) failed: Connection reset by peer (104)
[tri1042][[2261,25982],63][btl_tcp.c:559:mca_btl_tcp_recv_blocking] recv(71) failed: Connection reset by peer (104)
[tri1042][[2261,25982],10][btl_tcp.c:559:mca_btl_tcp_recv_blocking] recv(71) failed: Connection reset by peer (104)
[tri1042][[2261,25982],3][btl_tcp.c:559:mca_btl_tcp_recv_blocking] recv(71) failed: Connection reset by peer (104)
[tri1042][[2261,25982],56][btl_tcp.c:559:mca_btl_tcp_recv_blocking] recv(71) failed: Connection reset by peer (104)
[tri1042][[2261,25982],14][btl_tcp.c:559:mca_btl_tcp_recv_blocking] recv(71) failed: Connection reset by peer (104)
[tri1042][[2261,25982],1][btl_tcp.c:559:mca_btl_tcp_recv_blocking] recv(71) failed: Connection reset by peer (104)
[tri1042][[2261,25982],47][btl_tcp.c:559:mca_btl_tcp_recv_blocking] recv(71) failed: Connection reset by peer (104)
[tri1042][[2261,25982],62][btl_tcp.c:559:mca_btl_tcp_recv_blocking] recv(71) failed: Connection reset by peer (104)
[tri1042][[2261,25982],9][btl_tcp.c:559:mca_btl_tcp_recv_blocking] recv(71) failed: Connection reset by peer (104)
[tri1042][[2261,25982],11][btl_tcp.c:559:mca_btl_tcp_recv_blocking] recv(71) failed: Connection reset by peer (104)
[tri1042][[2261,25982],40][btl_tcp.c:559:mca_btl_tcp_recv_blocking] recv(71) failed: Connection reset by peer (104)
[tri1042][[2261,25982],6][btl_tcp.c:559:mca_btl_tcp_recv_blocking] recv(71) failed: Connection reset by peer (104)
[tri1042][[2261,25982],10][btl_tcp.c:559:mca_btl_tcp_recv_blocking] recv(71) failed: Connection reset by peer (104)
[tri1042][[2261,25982],3][btl_tcp.c:559:mca_btl_tcp_recv_blocking] recv(71) failed: Connection reset by peer (104)
[tri1042][[2261,25982],61][btl_tcp.c:559:mca_btl_tcp_recv_blocking] recv(71) failed: Connection reset by peer (104)
[tri1042][[2261,25982],5][btl_tcp.c:559:mca_btl_tcp_recv_blocking] recv(71) failed: Connection reset by peer (104)
[tri1042][[2261,25982],32][btl_tcp.c:559:mca_btl_tcp_recv_blocking] recv(71) failed: Connection reset by peer (104)
[tri1042][[2261,25982],27][btl_tcp.c:559:mca_btl_tcp_recv_blocking] recv(71) failed: Connection reset by peer (104)
[tri1042][[2261,25982],8][btl_tcp.c:559:mca_btl_tcp_recv_blocking] recv(71) failed: Connection reset by peer (104)
[tri1042][[2261,25982],22][btl_tcp.c:559:mca_btl_tcp_recv_blocking] recv(71) failed: Connection reset by peer (104)
[tri1042][[2261,25982],13][btl_tcp.c:559:mca_btl_tcp_recv_blocking] recv(71) failed: Connection reset by peer (104)
[tri1042][[2261,25982],12][btl_tcp.c:559:mca_btl_tcp_recv_blocking] recv(71) failed: Connection reset by peer (104)
[tri1042][[2261,25982],48][btl_tcp.c:559:mca_btl_tcp_recv_blocking] recv(71) failed: Connection reset by peer (104)
[tri1042][[2261,25982],54][btl_tcp.c:559:mca_btl_tcp_recv_blocking] recv(71) failed: Connection reset by peer (104)
[tri1042][[2261,25982],16][btl_tcp.c:559:mca_btl_tcp_recv_blocking] recv(71) failed: Connection reset by peer (104)
[tri1042][[2261,25982],26][btl_tcp.c:559:mca_btl_tcp_recv_blocking] recv(71) failed: Connection reset by peer (104)
[tri1042][[2261,25982],36][btl_tcp.c:559:mca_btl_tcp_recv_blocking] recv(71) failed: Connection reset by peer (104)
[tri1042][[2261,25982],42][btl_tcp.c:559:mca_btl_tcp_recv_blocking] recv(71) failed: Connection reset by peer (104)
[tri1042][[2261,25982],23][btl_tcp.c:559:mca_btl_tcp_recv_blocking] recv(71) failed: Connection reset by peer (104)
[tri1042][[2261,25982],7][btl_tcp.c:559:mca_btl_tcp_recv_blocking] recv(71) failed: Connection reset by peer (104)
[tri1042][[2261,25982],28][btl_tcp.c:559:mca_btl_tcp_recv_blocking] recv(71) failed: Connection reset by peer (104)
[tri1042][[2261,25982],51][btl_tcp.c:559:mca_btl_tcp_recv_blocking] recv(71) failed: Connection reset by peer (104)
[tri1042][[2261,25982],29][btl_tcp.c:559:mca_btl_tcp_recv_blocking] recv(71) failed: Connection reset by peer (104)
[tri1042][[2261,25982],41][btl_tcp.c:559:mca_btl_tcp_recv_blocking] recv(71) failed: Connection reset by peer (104)
[tri1042][[2261,25982],55][btl_tcp.c:559:mca_btl_tcp_recv_blocking] recv(71) failed: Connection reset by peer (104)
[tri1042][[2261,25982],31][btl_tcp.c:559:mca_btl_tcp_recv_blocking] recv(71) failed: Connection reset by peer (104)
[tri1042][[2261,25982],50][btl_tcp.c:559:mca_btl_tcp_recv_blocking] recv(71) failed: Connection reset by peer (104)
[tri1042][[2261,25982],38][btl_tcp.c:559:mca_btl_tcp_recv_blocking] recv(71) failed: Connection reset by peer (104)
[tri1042][[2261,25982],44][btl_tcp.c:559:mca_btl_tcp_recv_blocking] recv(71) failed: Connection reset by peer (104)
[tri1042][[2261,25982],53][btl_tcp.c:559:mca_btl_tcp_recv_blocking] recv(71) failed: Connection reset by peer (104)
[tri1042][[2261,25982],17][btl_tcp.c:559:mca_btl_tcp_recv_blocking] recv(71) failed: Connection reset by peer (104)
[tri1042][[2261,25982],52][btl_tcp.c:559:mca_btl_tcp_recv_blocking] recv(71) failed: Connection reset by peer (104)
[tri1042][[2261,25982],43][btl_tcp.c:559:mca_btl_tcp_recv_blocking] recv(71) failed: Connection reset by peer (104)
[tri1042][[2261,25982],49][btl_tcp.c:559:mca_btl_tcp_recv_blocking] recv(71) failed: Connection reset by peer (104)
[tri1042][[2261,25982],46][btl_tcp.c:559:mca_btl_tcp_recv_blocking] recv(71) failed: Connection reset by peer (104)
[tri1042][[2261,25982],59][btl_tcp.c:559:mca_btl_tcp_recv_blocking] recv(71) failed: Connection reset by peer (104)
[tri1042][[2261,25982],35][btl_tcp.c:559:mca_btl_tcp_recv_blocking] recv(71) failed: Connection reset by peer (104)
[tri1042][[2261,25982],15][btl_tcp.c:559:mca_btl_tcp_recv_blocking] recv(71) failed: Connection reset by peer (104)
[tri1042][[2261,25982],20][btl_tcp.c:559:mca_btl_tcp_recv_blocking] recv(71) failed: Connection reset by peer (104)
[tri1042][[2261,25982],34][btl_tcp.c:559:mca_btl_tcp_recv_blocking] recv(71) failed: Connection reset by peer (104)
[tri1042][[2261,25982],18][btl_tcp.c:559:mca_btl_tcp_recv_blocking] recv(71) failed: Connection reset by peer (104)
[tri1042][[2261,25982],39][btl_tcp.c:559:mca_btl_tcp_recv_blocking] recv(71) failed: Connection reset by peer (104)
[tri1042][[2261,25982],57][btl_tcp.c:559:mca_btl_tcp_recv_blocking] recv(71) failed: Connection reset by peer (104)
[tri1042][[2261,25982],2][btl_tcp.c:559:mca_btl_tcp_recv_blocking] recv(71) failed: Connection reset by peer (104)
[tri1042][[2261,25982],4][btl_tcp.c:559:mca_btl_tcp_recv_blocking] recv(71) failed: Connection reset by peer (104)
[tri1042][[2261,25982],24][btl_tcp.c:559:mca_btl_tcp_recv_blocking] recv(71) failed: Connection reset by peer (104)
[tri1042][[2261,25982],60][btl_tcp.c:559:mca_btl_tcp_recv_blocking] recv(71) failed: Connection reset by peer (104)
[tri1042][[2261,25982],63][btl_tcp.c:559:mca_btl_tcp_recv_blocking] recv(71) failed: Connection reset by peer (104)
[tri1182][[2261,25982],72][btl_tcp.c:559:mca_btl_tcp_recv_blocking] recv(71) failed: Connection reset by peer (104)
[tri1182][[2261,25982],67][btl_tcp.c:559:mca_btl_tcp_recv_blocking] recv(71) failed: Connection reset by peer (104)
[tri1182][[2261,25982],72][btl_tcp.c:559:mca_btl_tcp_recv_blocking] recv(71) failed: Connection reset by peer (104)
[tri1182][[2261,25982],84][btl_tcp.c:559:mca_btl_tcp_recv_blocking] recv(71) failed: Connection reset by peer (104)
[tri1182][[2261,25982],97][btl_tcp.c:559:mca_btl_tcp_recv_blocking] recv(71) failed: Connection reset by peer (104)
[tri1182][[2261,25982],123][btl_tcp.c:559:mca_btl_tcp_recv_blocking] recv(71) failed: Connection reset by peer (104)
[tri1182][[2261,25982],97][btl_tcp.c:559:mca_btl_tcp_recv_blocking] recv(71) failed: Connection reset by peer (104)
[tri1182][[2261,25982],123][btl_tcp.c:559:mca_btl_tcp_recv_blocking] recv(71) failed: Connection reset by peer (104)
[tri1182][[2261,25982],67][btl_tcp.c:559:mca_btl_tcp_recv_blocking] recv(71) failed: Connection reset by peer (104)
[tri1182][[2261,25982],84][btl_tcp.c:559:mca_btl_tcp_recv_blocking] recv(71) failed: Connection reset by peer (104)
[tri1182][[2261,25982],72][btl_tcp.c:559:mca_btl_tcp_recv_blocking] recv(71) failed: Connection reset by peer (104)
[tri1182][[2261,25982],79][btl_tcp.c:559:mca_btl_tcp_recv_blocking] recv(71) failed: Connection reset by peer (104)
[tri1182][[2261,25982],117][btl_tcp.c:559:mca_btl_tcp_recv_blocking] recv(71) failed: Connection reset by peer (104)
[tri1182][[2261,25982],102][btl_tcp.c:559:mca_btl_tcp_recv_blocking] recv(71) failed: Connection reset by peer (104)
[tri1182][[2261,25982],111][btl_tcp.c:559:mca_btl_tcp_recv_blocking] recv(71) failed: Connection reset by peer (104)
[tri1182][[2261,25982],74][btl_tcp.c:559:mca_btl_tcp_recv_blocking] recv(71) failed: Connection reset by peer (104)
[tri1182][[2261,25982],79][btl_tcp.c:559:mca_btl_tcp_recv_blocking] recv(71) failed: Connection reset by peer (104)
[tri1182][[2261,25982],117][btl_tcp.c:559:mca_btl_tcp_recv_blocking] recv(71) failed: Connection reset by peer (104)
[tri1182][[2261,25982],111][btl_tcp.c:559:mca_btl_tcp_recv_blocking] recv(71) failed: Connection reset by peer (104)
[tri1182][[2261,25982],102][btl_tcp.c:559:mca_btl_tcp_recv_blocking] recv(71) failed: Connection reset by peer (104)
[tri1182][[2261,25982],74][btl_tcp.c:559:mca_btl_tcp_recv_blocking] recv(71) failed: Connection reset by peer (104)
[tri1182][[2261,25982],121][btl_tcp.c:559:mca_btl_tcp_recv_blocking] recv(71) failed: Connection reset by peer (104)
[tri1182][[2261,25982],103][btl_tcp.c:559:mca_btl_tcp_recv_blocking] recv(71) failed: Connection reset by peer (104)
[tri1182][[2261,25982],116][btl_tcp.c:559:mca_btl_tcp_recv_blocking] recv(71) failed: Connection reset by peer (104)
[tri1182][[2261,25982],65][btl_tcp.c:559:mca_btl_tcp_recv_blocking] recv(71) failed: Connection reset by peer (104)
[tri1182][[2261,25982],100][btl_tcp.c:559:mca_btl_tcp_recv_blocking] recv(71) failed: Connection reset by peer (104)
[tri1182][[2261,25982],116][btl_tcp.c:559:mca_btl_tcp_recv_blocking] recv(71) failed: Connection reset by peer (104)
[tri1182][[2261,25982],65][btl_tcp.c:559:mca_btl_tcp_recv_blocking] recv(71) failed: Connection reset by peer (104)
[tri1182][[2261,25982],100][btl_tcp.c:559:mca_btl_tcp_recv_blocking] recv(71) failed: Connection reset by peer (104)
[tri1182][[2261,25982],121][btl_tcp.c:559:mca_btl_tcp_recv_blocking] recv(71) failed: Connection reset by peer (104)
[tri1182][[2261,25982],103][btl_tcp.c:559:mca_btl_tcp_recv_blocking] recv(71) failed: Connection reset by peer (104)
[tri1182][[2261,25982],69][btl_tcp.c:559:mca_btl_tcp_recv_blocking] recv(71) failed: Connection reset by peer (104)
[tri1182][[2261,25982],92][btl_tcp.c:559:mca_btl_tcp_recv_blocking] recv(71) failed: Connection reset by peer (104)
[tri1182][[2261,25982],108][btl_tcp.c:559:mca_btl_tcp_recv_blocking] recv(71) failed: Connection reset by peer (104)
[tri1182][[2261,25982],114][btl_tcp.c:559:mca_btl_tcp_recv_blocking] recv(71) failed: Connection reset by peer (104)
[tri1182][[2261,25982],96][btl_tcp.c:559:mca_btl_tcp_recv_blocking] recv(71) failed: Connection reset by peer (104)
[tri1182][[2261,25982],69][btl_tcp.c:559:mca_btl_tcp_recv_blocking] recv(71) failed: Connection reset by peer (104)
[tri1182][[2261,25982],92][btl_tcp.c:559:mca_btl_tcp_recv_blocking] recv(71) failed: Connection reset by peer (104)
[tri1182][[2261,25982],108][btl_tcp.c:559:mca_btl_tcp_recv_blocking] recv(71) failed: Connection reset by peer (104)
[tri1182][[2261,25982],114][btl_tcp.c:559:mca_btl_tcp_recv_blocking] recv(71) failed: Connection reset by peer (104)
[tri1182][[2261,25982],96][btl_tcp.c:559:mca_btl_tcp_recv_blocking] recv(71) failed: Connection reset by peer (104)
[tri1182][[2261,25982],76][btl_tcp.c:559:mca_btl_tcp_recv_blocking] recv(71) failed: Connection reset by peer (104)
[tri1182][[2261,25982],73][btl_tcp.c:559:mca_btl_tcp_recv_blocking] recv(71) failed: Connection reset by peer (104)
[tri1182][[2261,25982],66][btl_tcp.c:559:mca_btl_tcp_recv_blocking] recv(71) failed: Connection reset by peer (104)
[tri1182][[2261,25982],83][btl_tcp.c:559:mca_btl_tcp_recv_blocking] recv(71) failed: Connection reset by peer (104)
[tri1182][[2261,25982],97][btl_tcp.c:559:mca_btl_tcp_recv_blocking] recv(71) failed: Connection reset by peer (104)
[tri1182][[2261,25982],124][btl_tcp.c:559:mca_btl_tcp_recv_blocking] recv(71) failed: Connection reset by peer (104)
[tri1182][[2261,25982],123][btl_tcp.c:559:mca_btl_tcp_recv_blocking] recv(71) failed: Connection reset by peer (104)
[tri1182][[2261,25982],76][btl_tcp.c:559:mca_btl_tcp_recv_blocking] recv(71) failed: Connection reset by peer (104)
[tri1182][[2261,25982],73][btl_tcp.c:559:mca_btl_tcp_recv_blocking] recv(71) failed: Connection reset by peer (104)
[tri1182][[2261,25982],83][btl_tcp.c:559:mca_btl_tcp_recv_blocking] recv(71) failed: Connection reset by peer (104)
[tri1182][[2261,25982],125][btl_tcp.c:559:mca_btl_tcp_recv_blocking] recv(71) failed: Connection reset by peer (104)
[tri1182][[2261,25982],87][btl_tcp.c:559:mca_btl_tcp_recv_blocking] recv(71) failed: Connection reset by peer (104)
[tri1182][[2261,25982],93][btl_tcp.c:559:mca_btl_tcp_recv_blocking] recv(71) failed: Connection reset by peer (104)
[tri1182][[2261,25982],67][btl_tcp.c:559:mca_btl_tcp_recv_blocking] recv(71) failed: Connection reset by peer (104)
[tri1182][[2261,25982],124][btl_tcp.c:559:mca_btl_tcp_recv_blocking] recv(71) failed: Connection reset by peer (104)
[tri1182][[2261,25982],66][btl_tcp.c:559:mca_btl_tcp_recv_blocking] recv(71) failed: Connection reset by peer (104)
[tri1182][[2261,25982],82][btl_tcp.c:559:mca_btl_tcp_recv_blocking] recv(71) failed: Connection reset by peer (104)
[tri1182][[2261,25982],107][btl_tcp.c:559:mca_btl_tcp_recv_blocking] recv(71) failed: Connection reset by peer (104)
[tri1182][[2261,25982],89][btl_tcp.c:559:mca_btl_tcp_recv_blocking] recv(71) failed: Connection reset by peer (104)
[tri1182][[2261,25982],84][btl_tcp.c:559:mca_btl_tcp_recv_blocking] recv(71) failed: Connection reset by peer (104)
[tri1182][[2261,25982],67][btl_tcp.c:559:mca_btl_tcp_recv_blocking] recv(71) failed: Connection reset by peer (104)
[tri1182][[2261,25982],87][btl_tcp.c:559:mca_btl_tcp_recv_blocking] recv(71) failed: Connection reset by peer (104)
[tri1182][[2261,25982],125][btl_tcp.c:559:mca_btl_tcp_recv_blocking] recv(71) failed: Connection reset by peer (104)
[tri1182][[2261,25982],93][btl_tcp.c:559:mca_btl_tcp_recv_blocking] recv(71) failed: Connection reset by peer (104)
[tri1182][[2261,25982],90][btl_tcp.c:559:mca_btl_tcp_recv_blocking] recv(71) failed: Connection reset by peer (104)
[tri1182][[2261,25982],98][btl_tcp.c:559:mca_btl_tcp_recv_blocking] recv(71) failed: Connection reset by peer (104)
[tri1182][[2261,25982],64][btl_tcp.c:559:mca_btl_tcp_recv_blocking] recv(71) failed: Connection reset by peer (104)
[tri1182][[2261,25982],72][btl_tcp.c:559:mca_btl_tcp_recv_blocking] recv(71) failed: Connection reset by peer (104)
[tri1182][[2261,25982],82][btl_tcp.c:559:mca_btl_tcp_recv_blocking] recv(71) failed: Connection reset by peer (104)
[tri1182][[2261,25982],107][btl_tcp.c:559:mca_btl_tcp_recv_blocking] recv(71) failed: Connection reset by peer (104)
[tri1182][[2261,25982],126][btl_tcp.c:559:mca_btl_tcp_recv_blocking] recv(71) failed: Connection reset by peer (104)
[tri1182][[2261,25982],86][btl_tcp.c:559:mca_btl_tcp_recv_blocking] recv(71) failed: Connection reset by peer (104)
[tri1182][[2261,25982],79][btl_tcp.c:559:mca_btl_tcp_recv_blocking] recv(71) failed: Connection reset by peer (104)
[tri1182][[2261,25982],90][btl_tcp.c:559:mca_btl_tcp_recv_blocking] recv(71) failed: Connection reset by peer (104)
[tri1182][[2261,25982],98][btl_tcp.c:559:mca_btl_tcp_recv_blocking] recv(71) failed: Connection reset by peer (104)
[tri1182][[2261,25982],64][btl_tcp.c:559:mca_btl_tcp_recv_blocking] recv(71) failed: Connection reset by peer (104)
[tri1182][[2261,25982],70][btl_tcp.c:559:mca_btl_tcp_recv_blocking] recv(71) failed: Connection reset by peer (104)
[tri1182][[2261,25982],119][btl_tcp.c:559:mca_btl_tcp_recv_blocking] recv(71) failed: Connection reset by peer (104)
[tri1182][[2261,25982],81][btl_tcp.c:559:mca_btl_tcp_recv_blocking] recv(71) failed: Connection reset by peer (104)
[tri1182][[2261,25982],117][btl_tcp.c:559:mca_btl_tcp_recv_blocking] recv(71) failed: Connection reset by peer (104)
[tri1182][[2261,25982],86][btl_tcp.c:559:mca_btl_tcp_recv_blocking] recv(71) failed: Connection reset by peer (104)
[tri1182][[2261,25982],126][btl_tcp.c:559:mca_btl_tcp_recv_blocking] recv(71) failed: Connection reset by peer (104)
[tri1182][[2261,25982],95][btl_tcp.c:559:mca_btl_tcp_recv_blocking] recv(71) failed: Connection reset by peer (104)
[tri1182][[2261,25982],122][btl_tcp.c:559:mca_btl_tcp_recv_blocking] recv(71) failed: Connection reset by peer (104)
[tri1182][[2261,25982],111][btl_tcp.c:559:mca_btl_tcp_recv_blocking] recv(71) failed: Connection reset by peer (104)
[tri1182][[2261,25982],81][btl_tcp.c:559:mca_btl_tcp_recv_blocking] recv(71) failed: Connection reset by peer (104)
[tri1182][[2261,25982],70][btl_tcp.c:559:mca_btl_tcp_recv_blocking] recv(71) failed: Connection reset by peer (104)
[tri1182][[2261,25982],119][btl_tcp.c:559:mca_btl_tcp_recv_blocking] recv(71) failed: Connection reset by peer (104)
[tri1182][[2261,25982],91][btl_tcp.c:559:mca_btl_tcp_recv_blocking] recv(71) failed: Connection reset by peer (104)
[tri1182][[2261,25982],104][btl_tcp.c:559:mca_btl_tcp_recv_blocking] recv(71) failed: Connection reset by peer (104)
[tri1182][[2261,25982],101][btl_tcp.c:559:mca_btl_tcp_recv_blocking] recv(71) failed: Connection reset by peer (104)
[tri1182][[2261,25982],102][btl_tcp.c:559:mca_btl_tcp_recv_blocking] recv(71) failed: Connection reset by peer (104)
[tri1182][[2261,25982],95][btl_tcp.c:559:mca_btl_tcp_recv_blocking] recv(71) failed: Connection reset by peer (104)
[tri1182][[2261,25982],122][btl_tcp.c:559:mca_btl_tcp_recv_blocking] recv(71) failed: Connection reset by peer (104)
[tri1182][[2261,25982],112][btl_tcp.c:559:mca_btl_tcp_recv_blocking] recv(71) failed: Connection reset by peer (104)
[tri1182][[2261,25982],68][btl_tcp.c:559:mca_btl_tcp_recv_blocking] recv(71) failed: Connection reset by peer (104)
[tri1182][[2261,25982],74][btl_tcp.c:559:mca_btl_tcp_recv_blocking] recv(71) failed: Connection reset by peer (104)
[tri1182][[2261,25982],104][btl_tcp.c:559:mca_btl_tcp_recv_blocking] recv(71) failed: Connection reset by peer (104)
[tri1182][[2261,25982],101][btl_tcp.c:559:mca_btl_tcp_recv_blocking] recv(71) failed: Connection reset by peer (104)
[tri1182][[2261,25982],91][btl_tcp.c:559:mca_btl_tcp_recv_blocking] recv(71) failed: Connection reset by peer (104)
[tri1182][[2261,25982],105][btl_tcp.c:559:mca_btl_tcp_recv_blocking] recv(71) failed: Connection reset by peer (104)
[tri1182][[2261,25982],110][btl_tcp.c:559:mca_btl_tcp_recv_blocking] recv(71) failed: Connection reset by peer (104)
[tri1182][[2261,25982],75][btl_tcp.c:559:mca_btl_tcp_recv_blocking] recv(71) failed: Connection reset by peer (104)
[tri1182][[2261,25982],116][btl_tcp.c:559:mca_btl_tcp_recv_blocking] recv(71) failed: Connection reset by peer (104)
[tri1182][[2261,25982],112][btl_tcp.c:559:mca_btl_tcp_recv_blocking] recv(71) failed: Connection reset by peer (104)
[tri1182][[2261,25982],68][btl_tcp.c:559:mca_btl_tcp_recv_blocking] recv(71) failed: Connection reset by peer (104)
[tri1182][[2261,25982],113][btl_tcp.c:559:mca_btl_tcp_recv_blocking] recv(71) failed: Connection reset by peer (104)
[tri1182][[2261,25982],127][btl_tcp.c:559:mca_btl_tcp_recv_blocking] recv(71) failed: Connection reset by peer (104)
[tri1182][[2261,25982],65][btl_tcp.c:559:mca_btl_tcp_recv_blocking] recv(71) failed: Connection reset by peer (104)
[tri1182][[2261,25982],105][btl_tcp.c:559:mca_btl_tcp_recv_blocking] recv(71) failed: Connection reset by peer (104)
[tri1182][[2261,25982],75][btl_tcp.c:559:mca_btl_tcp_recv_blocking] recv(71) failed: Connection reset by peer (104)
[tri1182][[2261,25982],110][btl_tcp.c:559:mca_btl_tcp_recv_blocking] recv(71) failed: Connection reset by peer (104)
[tri1182][[2261,25982],89][btl_tcp.c:559:mca_btl_tcp_recv_blocking] recv(71) failed: Connection reset by peer (104)
[tri1182][[2261,25982],77][btl_tcp.c:559:mca_btl_tcp_recv_blocking] recv(71) failed: Connection reset by peer (104)
[tri1182][[2261,25982],120][btl_tcp.c:559:mca_btl_tcp_recv_blocking] recv(71) failed: Connection reset by peer (104)
[tri1182][[2261,25982],100][btl_tcp.c:559:mca_btl_tcp_recv_blocking] recv(71) failed: Connection reset by peer (104)
[tri1182][[2261,25982],127][btl_tcp.c:559:mca_btl_tcp_recv_blocking] recv(71) failed: Connection reset by peer (104)
[tri1182][[2261,25982],113][btl_tcp.c:559:mca_btl_tcp_recv_blocking] recv(71) failed: Connection reset by peer (104)
[tri1182][[2261,25982],85][btl_tcp.c:559:mca_btl_tcp_recv_blocking] recv(71) failed: Connection reset by peer (104)
[tri1182][[2261,25982],80][btl_tcp.c:559:mca_btl_tcp_recv_blocking] recv(71) failed: Connection reset by peer (104)
[tri1182][[2261,25982],121][btl_tcp.c:559:mca_btl_tcp_recv_blocking] recv(71) failed: Connection reset by peer (104)
[tri1182][[2261,25982],89][btl_tcp.c:559:mca_btl_tcp_recv_blocking] recv(71) failed: Connection reset by peer (104)
[tri1182][[2261,25982],77][btl_tcp.c:559:mca_btl_tcp_recv_blocking] recv(71) failed: Connection reset by peer (104)
[tri1182][[2261,25982],120][btl_tcp.c:559:mca_btl_tcp_recv_blocking] recv(71) failed: Connection reset by peer (104)
[tri1182][[2261,25982],94][btl_tcp.c:559:mca_btl_tcp_recv_blocking] recv(71) failed: Connection reset by peer (104)
[tri1182][[2261,25982],103][btl_tcp.c:559:mca_btl_tcp_recv_blocking] recv(71) failed: Connection reset by peer (104)
[tri1182][[2261,25982],85][btl_tcp.c:559:mca_btl_tcp_recv_blocking] recv(71) failed: Connection reset by peer (104)
[tri1182][[2261,25982],80][btl_tcp.c:559:mca_btl_tcp_recv_blocking] recv(71) failed: Connection reset by peer (104)
[tri1182][[2261,25982],94][btl_tcp.c:559:mca_btl_tcp_recv_blocking] recv(71) failed: Connection reset by peer (104)
[tri1182][[2261,25982],97][btl_tcp.c:559:mca_btl_tcp_recv_blocking] recv(71) failed: Connection reset by peer (104)
[tri1182][[2261,25982],116][btl_tcp.c:559:mca_btl_tcp_recv_blocking] recv(71) failed: Connection reset by peer (104)
[tri1182][[2261,25982],65][btl_tcp.c:559:mca_btl_tcp_recv_blocking] recv(71) failed: Connection reset by peer (104)
[tri1182][[2261,25982],84][btl_tcp.c:559:mca_btl_tcp_recv_blocking] recv(71) failed: Connection reset by peer (104)
[tri1182][[2261,25982],123][btl_tcp.c:559:mca_btl_tcp_recv_blocking] recv(71) failed: Connection reset by peer (104)
[tri1182][[2261,25982],100][btl_tcp.c:559:mca_btl_tcp_recv_blocking] recv(71) failed: Connection reset by peer (104)
[tri1182][[2261,25982],121][btl_tcp.c:559:mca_btl_tcp_recv_blocking] recv(71) failed: Connection reset by peer (104)
[tri1182][[2261,25982],96][btl_tcp.c:559:mca_btl_tcp_recv_blocking] recv(71) failed: Connection reset by peer (104)
[tri1182][[2261,25982],74][btl_tcp.c:559:mca_btl_tcp_recv_blocking] recv(71) failed: Connection reset by peer (104)
[tri1182][[2261,25982],67][btl_tcp.c:559:mca_btl_tcp_recv_blocking] recv(71) failed: Connection reset by peer (104)
[tri1182][[2261,25982],97][btl_tcp.c:559:mca_btl_tcp_recv_blocking] recv(71) failed: Connection reset by peer (104)
[tri1182][[2261,25982],107][btl_tcp.c:559:mca_btl_tcp_recv_blocking] recv(71) failed: Connection reset by peer (104)
[tri1182][[2261,25982],76][btl_tcp.c:559:mca_btl_tcp_recv_blocking] recv(71) failed: Connection reset by peer (104)
[tri1182][[2261,25982],86][btl_tcp.c:559:mca_btl_tcp_recv_blocking] recv(71) failed: Connection reset by peer (104)
[tri1182][[2261,25982],90][btl_tcp.c:559:mca_btl_tcp_recv_blocking] recv(71) failed: Connection reset by peer (104)
[tri1182][[2261,25982],73][btl_tcp.c:559:mca_btl_tcp_recv_blocking] recv(71) failed: Connection reset by peer (104)
[tri1182][[2261,25982],98][btl_tcp.c:559:mca_btl_tcp_recv_blocking] recv(71) failed: Connection reset by peer (104)
[tri1182][[2261,25982],124][btl_tcp.c:559:mca_btl_tcp_recv_blocking] recv(71) failed: Connection reset by peer (104)
[tri1182][[2261,25982],64][btl_tcp.c:559:mca_btl_tcp_recv_blocking] recv(71) failed: Connection reset by peer (104)
[tri1182][[2261,25982],83][btl_tcp.c:559:mca_btl_tcp_recv_blocking] recv(71) failed: Connection reset by peer (104)
[tri1182][[2261,25982],122][btl_tcp.c:559:mca_btl_tcp_recv_blocking] recv(71) failed: Connection reset by peer (104)
[tri1182][[2261,25982],123][btl_tcp.c:559:mca_btl_tcp_recv_blocking] recv(71) failed: Connection reset by peer (104)
[tri1182][[2261,25982],85][btl_tcp.c:559:mca_btl_tcp_recv_blocking] recv(71) failed: Connection reset by peer (104)
[tri1182][[2261,25982],104][btl_tcp.c:559:mca_btl_tcp_recv_blocking] recv(71) failed: Connection reset by peer (104)
[tri1182][[2261,25982],80][btl_tcp.c:559:mca_btl_tcp_recv_blocking] recv(71) failed: Connection reset by peer (104)
[tri1182][[2261,25982],120][btl_tcp.c:559:mca_btl_tcp_recv_blocking] recv(71) failed: Connection reset by peer (104)
[tri1182][[2261,25982],68][btl_tcp.c:559:mca_btl_tcp_recv_blocking] recv(71) failed: Connection reset by peer (104)
[tri1182][[2261,25982],112][btl_tcp.c:559:mca_btl_tcp_recv_blocking] recv(71) failed: Connection reset by peer (104)
[tri1182][[2261,25982],101][btl_tcp.c:559:mca_btl_tcp_recv_blocking] recv(71) failed: Connection reset by peer (104)
[tri1182][[2261,25982],77][btl_tcp.c:559:mca_btl_tcp_recv_blocking] recv(71) failed: Connection reset by peer (104)
[tri1182][[2261,25982],91][btl_tcp.c:559:mca_btl_tcp_recv_blocking] recv(71) failed: Connection reset by peer (104)
[tri1182][[2261,25982],94][btl_tcp.c:559:mca_btl_tcp_recv_blocking] recv(71) failed: Connection reset by peer (104)
[tri1182][[2261,25982],81][btl_tcp.c:559:mca_btl_tcp_recv_blocking] recv(71) failed: Connection reset by peer (104)
[tri1182][[2261,25982],95][btl_tcp.c:559:mca_btl_tcp_recv_blocking] recv(71) failed: Connection reset by peer (104)
[tri1182][[2261,25982],89][btl_tcp.c:559:mca_btl_tcp_recv_blocking] recv(71) failed: Connection reset by peer (104)
[tri1182][[2261,25982],105][btl_tcp.c:559:mca_btl_tcp_recv_blocking] recv(71) failed: Connection reset by peer (104)
[tri1182][[2261,25982],70][btl_tcp.c:559:mca_btl_tcp_recv_blocking] recv(71) failed: Connection reset by peer (104)
[tri1182][[2261,25982],119][btl_tcp.c:559:mca_btl_tcp_recv_blocking] recv(71) failed: Connection reset by peer (104)
[tri1182][[2261,25982],75][btl_tcp.c:559:mca_btl_tcp_recv_blocking] recv(71) failed: Connection reset by peer (104)
[tri1182][[2261,25982],110][btl_tcp.c:559:mca_btl_tcp_recv_blocking] recv(71) failed: Connection reset by peer (104)
[tri1182][[2261,25982],127][btl_tcp.c:559:mca_btl_tcp_recv_blocking] recv(71) failed: Connection reset by peer (104)
[tri1182][[2261,25982],113][btl_tcp.c:559:mca_btl_tcp_recv_blocking] recv(71) failed: Connection reset by peer (104)
[tri1182][[2261,25982],67][btl_tcp.c:559:mca_btl_tcp_recv_blocking] recv(71) failed: Connection reset by peer (104)
[tri1182][[2261,25982],87][btl_tcp.c:559:mca_btl_tcp_recv_blocking] recv(71) failed: Connection reset by peer (104)
[tri1182][[2261,25982],69][btl_tcp.c:559:mca_btl_tcp_recv_blocking] recv(71) failed: Connection reset by peer (104)
[tri1182][[2261,25982],93][btl_tcp.c:559:mca_btl_tcp_recv_blocking] recv(71) failed: Connection reset by peer (104)
[tri1182][[2261,25982],126][btl_tcp.c:559:mca_btl_tcp_recv_blocking] recv(71) failed: Connection reset by peer (104)
[tri1182][[2261,25982],114][btl_tcp.c:559:mca_btl_tcp_recv_blocking] recv(71) failed: Connection reset by peer (104)
[tri1182][[2261,25982],82][btl_tcp.c:559:mca_btl_tcp_recv_blocking] recv(71) failed: Connection reset by peer (104)
[tri1182][[2261,25982],66][btl_tcp.c:559:mca_btl_tcp_recv_blocking] recv(71) failed: Connection reset by peer (104)
[tri1182][[2261,25982],92][btl_tcp.c:559:mca_btl_tcp_recv_blocking] recv(71) failed: Connection reset by peer (104)
[tri1182][[2261,25982],108][btl_tcp.c:559:mca_btl_tcp_recv_blocking] recv(71) failed: Connection reset by peer (104)
[tri1182][[2261,25982],125][btl_tcp.c:559:mca_btl_tcp_recv_blocking] recv(71) failed: Connection reset by peer (104)
[tri1182][[2261,25982],84][btl_tcp.c:559:mca_btl_tcp_recv_blocking] recv(71) failed: Connection reset by peer (104)
[tri1182][[2261,25982],111][btl_tcp.c:559:mca_btl_tcp_recv_blocking] recv(71) failed: Connection reset by peer (104)
[tri1182][[2261,25982],72][btl_tcp.c:559:mca_btl_tcp_recv_blocking] recv(71) failed: Connection reset by peer (104)
[tri1182][[2261,25982],103][btl_tcp.c:559:mca_btl_tcp_recv_blocking] recv(71) failed: Connection reset by peer (104)
[tri1182][[2261,25982],102][btl_tcp.c:559:mca_btl_tcp_recv_blocking] recv(71) failed: Connection reset by peer (104)
[tri1182][[2261,25982],79][btl_tcp.c:559:mca_btl_tcp_recv_blocking] recv(71) failed: Connection reset by peer (104)
[tri1182][[2261,25982],117][btl_tcp.c:559:mca_btl_tcp_recv_blocking] recv(71) failed: Connection reset by peer (104)
[tri1182][[2261,25982],72][btl_tcp.c:559:mca_btl_tcp_recv_blocking] recv(71) failed: Connection reset by peer (104)
[tri1182][[2261,25982],79][btl_tcp.c:559:mca_btl_tcp_recv_blocking] recv(71) failed: Connection reset by peer (104)
[tri1182][[2261,25982],117][btl_tcp.c:559:mca_btl_tcp_recv_blocking] recv(71) failed: Connection reset by peer (104)
[tri1182][[2261,25982],111][btl_tcp.c:559:mca_btl_tcp_recv_blocking] recv(71) failed: Connection reset by peer (104)
[tri1182][[2261,25982],102][btl_tcp.c:559:mca_btl_tcp_recv_blocking] recv(71) failed: Connection reset by peer (104)
[tri1182][[2261,25982],74][btl_tcp.c:559:mca_btl_tcp_recv_blocking] recv(71) failed: Connection reset by peer (104)
[tri1182][[2261,25982],116][btl_tcp.c:559:mca_btl_tcp_recv_blocking] recv(71) failed: Connection reset by peer (104)
[tri1182][[2261,25982],65][btl_tcp.c:559:mca_btl_tcp_recv_blocking] recv(71) failed: Connection reset by peer (104)
[tri1182][[2261,25982],100][btl_tcp.c:559:mca_btl_tcp_recv_blocking] recv(71) failed: Connection reset by peer (104)
[tri1182][[2261,25982],121][btl_tcp.c:559:mca_btl_tcp_recv_blocking] recv(71) failed: Connection reset by peer (104)
[tri1182][[2261,25982],103][btl_tcp.c:559:mca_btl_tcp_recv_blocking] recv(71) failed: Connection reset by peer (104)
[tri1182][[2261,25982],69][btl_tcp.c:559:mca_btl_tcp_recv_blocking] recv(71) failed: Connection reset by peer (104)
[tri1182][[2261,25982],107][btl_tcp.c:559:mca_btl_tcp_recv_blocking] recv(71) failed: Connection reset by peer (104)
[tri1182][[2261,25982],97][btl_tcp.c:559:mca_btl_tcp_recv_blocking] recv(71) failed: Connection reset by peer (104)
[tri1182][[2261,25982],92][btl_tcp.c:559:mca_btl_tcp_recv_blocking] recv(71) failed: Connection reset by peer (104)
[tri1182][[2261,25982],107][btl_tcp.c:559:mca_btl_tcp_recv_blocking] recv(71) failed: Connection reset by peer (104)
[tri1182][[2261,25982],108][btl_tcp.c:559:mca_btl_tcp_recv_blocking] recv(71) failed: Connection reset by peer (104)
[tri1182][[2261,25982],114][btl_tcp.c:559:mca_btl_tcp_recv_blocking] recv(71) failed: Connection reset by peer (104)
[tri1182][[2261,25982],73][btl_tcp.c:559:mca_btl_tcp_recv_blocking] recv(71) failed: Connection reset by peer (104)
[tri1182][[2261,25982],96][btl_tcp.c:559:mca_btl_tcp_recv_blocking] recv(71) failed: Connection reset by peer (104)
[tri1182][[2261,25982],76][btl_tcp.c:559:mca_btl_tcp_recv_blocking] recv(71) failed: Connection reset by peer (104)
[tri1182][[2261,25982],73][btl_tcp.c:559:mca_btl_tcp_recv_blocking] recv(71) failed: Connection reset by peer (104)
[tri1182][[2261,25982],73][btl_tcp.c:559:mca_btl_tcp_recv_blocking] recv(71) failed: Connection reset by peer (104)
[tri1182][[2261,25982],73][btl_tcp.c:559:mca_btl_tcp_recv_blocking] recv(71) failed: Connection reset by peer (104)
[tri1182][[2261,25982],83][btl_tcp.c:559:mca_btl_tcp_recv_blocking] recv(71) failed: Connection reset by peer (104)
[tri1182][[2261,25982],73][btl_tcp.c:559:mca_btl_tcp_recv_blocking] recv(71) failed: Connection reset by peer (104)
[tri1182][[2261,25982],124][btl_tcp.c:559:mca_btl_tcp_recv_blocking] recv(71) failed: Connection reset by peer (104)
[tri1182][[2261,25982],73][btl_tcp.c:559:mca_btl_tcp_recv_blocking] recv(71) failed: Connection reset by peer (104)
[tri1182][[2261,25982],66][btl_tcp.c:559:mca_btl_tcp_recv_blocking] recv(71) failed: Connection reset by peer (104)
[tri1182][[2261,25982],87][btl_tcp.c:559:mca_btl_tcp_recv_blocking] recv(71) failed: Connection reset by peer (104)
[tri1182][[2261,25982],125][btl_tcp.c:559:mca_btl_tcp_recv_blocking] recv(71) failed: Connection reset by peer (104)
[tri1182][[2261,25982],93][btl_tcp.c:559:mca_btl_tcp_recv_blocking] recv(71) failed: Connection reset by peer (104)
[tri1182][[2261,25982],123][btl_tcp.c:559:mca_btl_tcp_recv_blocking] recv(71) failed: Connection reset by peer (104)
[tri1182][[2261,25982],82][btl_tcp.c:559:mca_btl_tcp_recv_blocking] recv(71) failed: Connection reset by peer (104)
[tri1182][[2261,25982],107][btl_tcp.c:559:mca_btl_tcp_recv_blocking] recv(71) failed: Connection reset by peer (104)
[tri1182][[2261,25982],90][btl_tcp.c:559:mca_btl_tcp_recv_blocking] recv(71) failed: Connection reset by peer (104)
[tri1182][[2261,25982],98][btl_tcp.c:559:mca_btl_tcp_recv_blocking] recv(71) failed: Connection reset by peer (104)
[tri1182][[2261,25982],64][btl_tcp.c:559:mca_btl_tcp_recv_blocking] recv(71) failed: Connection reset by peer (104)
[tri1182][[2261,25982],86][btl_tcp.c:559:mca_btl_tcp_recv_blocking] recv(71) failed: Connection reset by peer (104)
[tri1182][[2261,25982],126][btl_tcp.c:559:mca_btl_tcp_recv_blocking] recv(71) failed: Connection reset by peer (104)
[tri1182][[2261,25982],81][btl_tcp.c:559:mca_btl_tcp_recv_blocking] recv(71) failed: Connection reset by peer (104)
[tri1182][[2261,25982],70][btl_tcp.c:559:mca_btl_tcp_recv_blocking] recv(71) failed: Connection reset by peer (104)
[tri1182][[2261,25982],119][btl_tcp.c:559:mca_btl_tcp_recv_blocking] recv(71) failed: Connection reset by peer (104)
[tri1182][[2261,25982],107][btl_tcp.c:559:mca_btl_tcp_recv_blocking] recv(71) failed: Connection reset by peer (104)
[tri1182][[2261,25982],95][btl_tcp.c:559:mca_btl_tcp_recv_blocking] recv(71) failed: Connection reset by peer (104)
[tri1182][[2261,25982],122][btl_tcp.c:559:mca_btl_tcp_recv_blocking] recv(71) failed: Connection reset by peer (104)
[tri1182][[2261,25982],67][btl_tcp.c:559:mca_btl_tcp_recv_blocking] recv(71) failed: Connection reset by peer (104)
[tri1182][[2261,25982],104][btl_tcp.c:559:mca_btl_tcp_recv_blocking] recv(71) failed: Connection reset by peer (104)
[tri1182][[2261,25982],101][btl_tcp.c:559:mca_btl_tcp_recv_blocking] recv(71) failed: Connection reset by peer (104)
[tri1182][[2261,25982],107][btl_tcp.c:559:mca_btl_tcp_recv_blocking] recv(71) failed: Connection reset by peer (104)
[tri1182][[2261,25982],107][btl_tcp.c:559:mca_btl_tcp_recv_blocking] recv(71) failed: Connection reset by peer (104)
[tri1182][[2261,25982],91][btl_tcp.c:559:mca_btl_tcp_recv_blocking] recv(71) failed: Connection reset by peer (104)
[tri1182][[2261,25982],112][btl_tcp.c:559:mca_btl_tcp_recv_blocking] recv(71) failed: Connection reset by peer (104)
[tri1182][[2261,25982],68][btl_tcp.c:559:mca_btl_tcp_recv_blocking] recv(71) failed: Connection reset by peer (104)
[tri1182][[2261,25982],105][btl_tcp.c:559:mca_btl_tcp_recv_blocking] recv(71) failed: Connection reset by peer (104)
[tri1182][[2261,25982],75][btl_tcp.c:559:mca_btl_tcp_recv_blocking] recv(71) failed: Connection reset by peer (104)
[tri1182][[2261,25982],110][btl_tcp.c:559:mca_btl_tcp_recv_blocking] recv(71) failed: Connection reset by peer (104)
[tri1182][[2261,25982],127][btl_tcp.c:559:mca_btl_tcp_recv_blocking] recv(71) failed: Connection reset by peer (104)
[tri1182][[2261,25982],113][btl_tcp.c:559:mca_btl_tcp_recv_blocking] recv(71) failed: Connection reset by peer (104)
[tri1182][[2261,25982],89][btl_tcp.c:559:mca_btl_tcp_recv_blocking] recv(71) failed: Connection reset by peer (104)
[tri1182][[2261,25982],77][btl_tcp.c:559:mca_btl_tcp_recv_blocking] recv(71) failed: Connection reset by peer (104)
[tri1182][[2261,25982],84][btl_tcp.c:559:mca_btl_tcp_recv_blocking] recv(71) failed: Connection reset by peer (104)
[tri1182][[2261,25982],120][btl_tcp.c:559:mca_btl_tcp_recv_blocking] recv(71) failed: Connection reset by peer (104)
[tri1182][[2261,25982],85][btl_tcp.c:559:mca_btl_tcp_recv_blocking] recv(71) failed: Connection reset by peer (104)
[tri1182][[2261,25982],80][btl_tcp.c:559:mca_btl_tcp_recv_blocking] recv(71) failed: Connection reset by peer (104)
[tri1182][[2261,25982],94][btl_tcp.c:559:mca_btl_tcp_recv_blocking] recv(71) failed: Connection reset by peer (104)
[tri1182][[2261,25982],74][btl_tcp.c:559:mca_btl_tcp_recv_blocking] recv(71) failed: Connection reset by peer (104)
[tri1182][[2261,25982],116][btl_tcp.c:559:mca_btl_tcp_recv_blocking] recv(71) failed: Connection reset by peer (104)
[tri1182][[2261,25982],67][btl_tcp.c:559:mca_btl_tcp_recv_blocking] recv(71) failed: Connection reset by peer (104)
[tri1182][[2261,25982],72][btl_tcp.c:559:mca_btl_tcp_recv_blocking] recv(71) failed: Connection reset by peer (104)
[tri1182][[2261,25982],84][btl_tcp.c:559:mca_btl_tcp_recv_blocking] recv(71) failed: Connection reset by peer (104)
[tri1182][[2261,25982],97][btl_tcp.c:559:mca_btl_tcp_recv_blocking] recv(71) failed: Connection reset by peer (104)
[tri1182][[2261,25982],123][btl_tcp.c:559:mca_btl_tcp_recv_blocking] recv(71) failed: Connection reset by peer (104)
[tri1182][[2261,25982],117][btl_tcp.c:559:mca_btl_tcp_recv_blocking] recv(71) failed: Connection reset by peer (104)
[tri1182][[2261,25982],111][btl_tcp.c:559:mca_btl_tcp_recv_blocking] recv(71) failed: Connection reset by peer (104)
[tri1182][[2261,25982],74][btl_tcp.c:559:mca_btl_tcp_recv_blocking] recv(71) failed: Connection reset by peer (104)
[tri1182][[2261,25982],79][btl_tcp.c:559:mca_btl_tcp_recv_blocking] recv(71) failed: Connection reset by peer (104)
[tri1182][[2261,25982],108][btl_tcp.c:559:mca_btl_tcp_recv_blocking] recv(71) failed: Connection reset by peer (104)
[tri1182][[2261,25982],102][btl_tcp.c:559:mca_btl_tcp_recv_blocking] recv(71) failed: Connection reset by peer (104)
[tri1182][[2261,25982],116][btl_tcp.c:559:mca_btl_tcp_recv_blocking] recv(71) failed: Connection reset by peer (104)
[tri1182][[2261,25982],65][btl_tcp.c:559:mca_btl_tcp_recv_blocking] recv(71) failed: Connection reset by peer (104)
[tri1182][[2261,25982],100][btl_tcp.c:559:mca_btl_tcp_recv_blocking] recv(71) failed: Connection reset by peer (104)
[tri1182][[2261,25982],121][btl_tcp.c:559:mca_btl_tcp_recv_blocking] recv(71) failed: Connection reset by peer (104)
[tri1182][[2261,25982],103][btl_tcp.c:559:mca_btl_tcp_recv_blocking] recv(71) failed: Connection reset by peer (104)
[tri1182][[2261,25982],69][btl_tcp.c:559:mca_btl_tcp_recv_blocking] recv(71) failed: Connection reset by peer (104)
[tri1182][[2261,25982],66][btl_tcp.c:559:mca_btl_tcp_recv_blocking] recv(71) failed: Connection reset by peer (104)
[tri1182][[2261,25982],92][btl_tcp.c:559:mca_btl_tcp_recv_blocking] recv(71) failed: Connection reset by peer (104)
[tri1182][[2261,25982],114][btl_tcp.c:559:mca_btl_tcp_recv_blocking] recv(71) failed: Connection reset by peer (104)
[tri1182][[2261,25982],96][btl_tcp.c:559:mca_btl_tcp_recv_blocking] recv(71) failed: Connection reset by peer (104)
[tri1182][[2261,25982],83][btl_tcp.c:559:mca_btl_tcp_recv_blocking] recv(71) failed: Connection reset by peer (104)
[tri1182][[2261,25982],76][btl_tcp.c:559:mca_btl_tcp_recv_blocking] recv(71) failed: Connection reset by peer (104)
[tri1182][[2261,25982],73][btl_tcp.c:559:mca_btl_tcp_recv_blocking] recv(71) failed: Connection reset by peer (104)
[tri1182][[2261,25982],125][btl_tcp.c:559:mca_btl_tcp_recv_blocking] recv(71) failed: Connection reset by peer (104)
[tri1182][[2261,25982],93][btl_tcp.c:559:mca_btl_tcp_recv_blocking] recv(71) failed: Connection reset by peer (104)
[tri1182][[2261,25982],82][btl_tcp.c:559:mca_btl_tcp_recv_blocking] recv(71) failed: Connection reset by peer (104)
[tri1182][[2261,25982],90][btl_tcp.c:559:mca_btl_tcp_recv_blocking] recv(71) failed: Connection reset by peer (104)
[tri1182][[2261,25982],124][btl_tcp.c:559:mca_btl_tcp_recv_blocking] recv(71) failed: Connection reset by peer (104)
[tri1182][[2261,25982],107][btl_tcp.c:559:mca_btl_tcp_recv_blocking] recv(71) failed: Connection reset by peer (104)
[tri1182][[2261,25982],122][btl_tcp.c:559:mca_btl_tcp_recv_blocking] recv(71) failed: Connection reset by peer (104)
[tri1182][[2261,25982],98][btl_tcp.c:559:mca_btl_tcp_recv_blocking] recv(71) failed: Connection reset by peer (104)
[tri1182][[2261,25982],104][btl_tcp.c:559:mca_btl_tcp_recv_blocking] recv(71) failed: Connection reset by peer (104)
[tri1182][[2261,25982],101][btl_tcp.c:559:mca_btl_tcp_recv_blocking] recv(71) failed: Connection reset by peer (104)
[tri1182][[2261,25982],87][btl_tcp.c:559:mca_btl_tcp_recv_blocking] recv(71) failed: Connection reset by peer (104)
[tri1182][[2261,25982],64][btl_tcp.c:559:mca_btl_tcp_recv_blocking] recv(71) failed: Connection reset by peer (104)
[tri1182][[2261,25982],91][btl_tcp.c:559:mca_btl_tcp_recv_blocking] recv(71) failed: Connection reset by peer (104)
[tri1182][[2261,25982],86][btl_tcp.c:559:mca_btl_tcp_recv_blocking] recv(71) failed: Connection reset by peer (104)
[tri1182][[2261,25982],112][btl_tcp.c:559:mca_btl_tcp_recv_blocking] recv(71) failed: Connection reset by peer (104)
[tri1182][[2261,25982],120][btl_tcp.c:559:mca_btl_tcp_recv_blocking] recv(71) failed: Connection reset by peer (104)
[tri1182][[2261,25982],126][btl_tcp.c:559:mca_btl_tcp_recv_blocking] recv(71) failed: Connection reset by peer (104)
[tri1182][[2261,25982],85][btl_tcp.c:559:mca_btl_tcp_recv_blocking] recv(71) failed: Connection reset by peer (104)
[tri1182][[2261,25982],68][btl_tcp.c:559:mca_btl_tcp_recv_blocking] recv(71) failed: Connection reset by peer (104)
[tri1182][[2261,25982],81][btl_tcp.c:559:mca_btl_tcp_recv_blocking] recv(71) failed: Connection reset by peer (104)
[tri1182][[2261,25982],70][btl_tcp.c:559:mca_btl_tcp_recv_blocking] recv(71) failed: Connection reset by peer (104)
[tri1182][[2261,25982],94][btl_tcp.c:559:mca_btl_tcp_recv_blocking] recv(71) failed: Connection reset by peer (104)
[tri1182][[2261,25982],80][btl_tcp.c:559:mca_btl_tcp_recv_blocking] recv(71) failed: Connection reset by peer (104)
[tri1182][[2261,25982],105][btl_tcp.c:559:mca_btl_tcp_recv_blocking] recv(71) failed: Connection reset by peer (104)
[tri1182][[2261,25982],119][btl_tcp.c:559:mca_btl_tcp_recv_blocking] recv(71) failed: Connection reset by peer (104)
[tri1182][[2261,25982],95][btl_tcp.c:559:mca_btl_tcp_recv_blocking] recv(71) failed: Connection reset by peer (104)
[tri1182][[2261,25982],75][btl_tcp.c:559:mca_btl_tcp_recv_blocking] recv(71) failed: Connection reset by peer (104)
[tri1182][[2261,25982],127][btl_tcp.c:559:mca_btl_tcp_recv_blocking] recv(71) failed: Connection reset by peer (104)
[tri1182][[2261,25982],110][btl_tcp.c:559:mca_btl_tcp_recv_blocking] recv(71) failed: Connection reset by peer (104)
[tri1182][[2261,25982],113][btl_tcp.c:559:mca_btl_tcp_recv_blocking] recv(71) failed: Connection reset by peer (104)
[tri1182][[2261,25982],89][btl_tcp.c:559:mca_btl_tcp_recv_blocking] recv(71) failed: Connection reset by peer (104)
[tri1182][[2261,25982],77][btl_tcp.c:559:mca_btl_tcp_recv_blocking] recv(71) failed: Connection reset by peer (104)
srun: Job step aborted: Waiting up to 62 seconds for job step to finish.
slurmstepd: error: *** STEP 1094557.0 ON tri1042 CANCELLED AT 2026-03-03T16:41:12 DUE TO TIME LIMIT ***
slurmstepd: error: *** JOB 1094557 ON tri1042 CANCELLED AT 2026-03-03T16:41:12 DUE TO TIME LIMIT ***
