The following modules were not unloaded:
  (Use "module --force purge" to unload all):

  1) CCconfig        6)  ucx/1.14.1         11) flexiblas/3.3.1
  2) gentoo/2023     7)  libfabric/1.18.0   12) aocl-blas/5.1
  3) gcccore/.12.3   8)  pmix/4.2.4         13) aocl-lapack/5.1
  4) gcc/12.3        9)  ucc/1.2.0          14) StdEnv/2023
  5) hwloc/2.9.1     10) openmpi/4.1.5
[tri0010][[19754,15482],11][btl_tcp.c:559:mca_btl_tcp_recv_blocking] recv(71) failed: Connection reset by peer (104)
[tri0025][[19754,15482],102][btl_tcp.c:559:mca_btl_tcp_recv_blocking] recv(71) failed: Connection reset by peer (104)
[tri0010][[19754,15482],7][btl_tcp.c:559:mca_btl_tcp_recv_blocking] recv(71) failed: Connection reset by peer (104)
[tri0010][[19754,15482],41][btl_tcp.c:559:mca_btl_tcp_recv_blocking] recv(71) failed: Connection reset by peer (104)
[tri0010][[19754,15482],36][btl_tcp.c:559:mca_btl_tcp_recv_blocking] recv(71) failed: Connection reset by peer (104)
[tri0010][[19754,15482],10][btl_tcp.c:559:mca_btl_tcp_recv_blocking] recv(71) failed: Connection reset by peer (104)
[tri0010][[19754,15482],17][btl_tcp.c:559:mca_btl_tcp_recv_blocking] recv(71) failed: Connection reset by peer (104)
[tri0025][[19754,15482],109][btl_tcp.c:559:mca_btl_tcp_recv_blocking] recv(71) failed: Connection reset by peer (104)
[tri0025][[19754,15482],101][btl_tcp.c:559:mca_btl_tcp_recv_blocking] recv(71) failed: Connection reset by peer (104)
[tri0025][[19754,15482],89][btl_tcp.c:559:mca_btl_tcp_recv_blocking] recv(71) failed: Connection reset by peer (104)
[tri0025][[19754,15482],113][btl_tcp.c:559:mca_btl_tcp_recv_blocking] recv(71) failed: Connection reset by peer (104)
[tri0025][[19754,15482],97][btl_tcp.c:559:mca_btl_tcp_recv_blocking] recv(71) failed: Connection reset by peer (104)
[tri0010][[19754,15482],36][btl_tcp.c:559:mca_btl_tcp_recv_blocking] recv(71) failed: Connection reset by peer (104)
[tri0010][[19754,15482],52][btl_tcp.c:559:mca_btl_tcp_recv_blocking] recv(71) failed: Connection reset by peer (104)
[tri0010][[19754,15482],7][btl_tcp.c:559:mca_btl_tcp_recv_blocking] recv(71) failed: Connection reset by peer (104)
[tri0010][[19754,15482],10][btl_tcp.c:559:mca_btl_tcp_recv_blocking] recv(71) failed: Connection reset by peer (104)
[tri0010][[19754,15482],17][btl_tcp.c:559:mca_btl_tcp_recv_blocking] recv(71) failed: Connection reset by peer (104)
[tri0010][[19754,15482],41][btl_tcp.c:559:mca_btl_tcp_recv_blocking] recv(71) failed: Connection reset by peer (104)
[tri0010][[19754,15482],60][btl_tcp.c:559:mca_btl_tcp_recv_blocking] recv(71) failed: Connection reset by peer (104)
[tri0010][[19754,15482],57][btl_tcp.c:559:mca_btl_tcp_recv_blocking] recv(71) failed: Connection reset by peer (104)
[tri0010][[19754,15482],25][btl_tcp.c:559:mca_btl_tcp_recv_blocking] recv(71) failed: Connection reset by peer (104)
[tri0010][[19754,15482],30][btl_tcp.c:559:mca_btl_tcp_recv_blocking] recv(71) failed: Connection reset by peer (104)
[tri0025][[19754,15482],101][btl_tcp.c:559:mca_btl_tcp_recv_blocking] recv(71) failed: Connection reset by peer (104)
[tri0025][[19754,15482],97][btl_tcp.c:559:mca_btl_tcp_recv_blocking] recv(71) failed: Connection reset by peer (104)
[tri0025][[19754,15482],89][btl_tcp.c:559:mca_btl_tcp_recv_blocking] recv(71) failed: Connection reset by peer (104)
[tri0025][[19754,15482],109][btl_tcp.c:559:mca_btl_tcp_recv_blocking] recv(71) failed: Connection reset by peer (104)
[tri0025][[19754,15482],113][btl_tcp.c:559:mca_btl_tcp_recv_blocking] recv(71) failed: Connection reset by peer (104)
[tri0025][[19754,15482],126][btl_tcp.c:559:mca_btl_tcp_recv_blocking] recv(71) failed: Connection reset by peer (104)
[tri0025][[19754,15482],73][btl_tcp.c:559:mca_btl_tcp_recv_blocking] recv(71) failed: Connection reset by peer (104)
[tri0025][[19754,15482],67][btl_tcp.c:559:mca_btl_tcp_recv_blocking] recv(71) failed: Connection reset by peer (104)
[tri0025][[19754,15482],98][btl_tcp.c:559:mca_btl_tcp_recv_blocking] recv(71) failed: Connection reset by peer (104)
[tri0025][[19754,15482],121][btl_tcp.c:559:mca_btl_tcp_recv_blocking] recv(71) failed: Connection reset by peer (104)
[tri0010][[19754,15482],52][btl_tcp.c:559:mca_btl_tcp_recv_blocking] recv(71) failed: Connection reset by peer (104)
[tri0010][[19754,15482],26][btl_tcp.c:559:mca_btl_tcp_recv_blocking] recv(71) failed: Connection reset by peer (104)
[tri0010][[19754,15482],57][btl_tcp.c:559:mca_btl_tcp_recv_blocking] recv(71) failed: Connection reset by peer (104)
[tri0010][[19754,15482],25][btl_tcp.c:559:mca_btl_tcp_recv_blocking] recv(71) failed: Connection reset by peer (104)
[tri0010][[19754,15482],60][btl_tcp.c:559:mca_btl_tcp_recv_blocking] recv(71) failed: Connection reset by peer (104)
[tri0010][[19754,15482],30][btl_tcp.c:559:mca_btl_tcp_recv_blocking] recv(71) failed: Connection reset by peer (104)
[tri0010][[19754,15482],46][btl_tcp.c:559:mca_btl_tcp_recv_blocking] recv(71) failed: Connection reset by peer (104)
[tri0010][[19754,15482],9][btl_tcp.c:559:mca_btl_tcp_recv_blocking] recv(71) failed: Connection reset by peer (104)
[tri0010][[19754,15482],50][btl_tcp.c:559:mca_btl_tcp_recv_blocking] recv(71) failed: Connection reset by peer (104)
[tri0010][[19754,15482],21][btl_tcp.c:559:mca_btl_tcp_recv_blocking] recv(71) failed: Connection reset by peer (104)
[tri0025][[19754,15482],126][btl_tcp.c:559:mca_btl_tcp_recv_blocking] recv(71) failed: Connection reset by peer (104)
[tri0025][[19754,15482],67][btl_tcp.c:559:mca_btl_tcp_recv_blocking] recv(71) failed: Connection reset by peer (104)
[tri0025][[19754,15482],73][btl_tcp.c:559:mca_btl_tcp_recv_blocking] recv(71) failed: Connection reset by peer (104)
[tri0025][[19754,15482],98][btl_tcp.c:559:mca_btl_tcp_recv_blocking] recv(71) failed: Connection reset by peer (104)
[tri0025][[19754,15482],121][btl_tcp.c:559:mca_btl_tcp_recv_blocking] recv(71) failed: Connection reset by peer (104)
[tri0025][[19754,15482],119][btl_tcp.c:559:mca_btl_tcp_recv_blocking] recv(71) failed: Connection reset by peer (104)
[tri0025][[19754,15482],91][btl_tcp.c:559:mca_btl_tcp_recv_blocking] recv(71) failed: Connection reset by peer (104)
[tri0025][[19754,15482],112][btl_tcp.c:559:mca_btl_tcp_recv_blocking] recv(71) failed: Connection reset by peer (104)
[tri0025][[19754,15482],102][btl_tcp.c:559:mca_btl_tcp_recv_blocking] recv(71) failed: Connection reset by peer (104)
[tri0025][[19754,15482],123][btl_tcp.c:559:mca_btl_tcp_recv_blocking] recv(71) failed: Connection reset by peer (104)
[tri0010][[19754,15482],26][btl_tcp.c:559:mca_btl_tcp_recv_blocking] recv(71) failed: Connection reset by peer (104)
[tri0010][[19754,15482],23][btl_tcp.c:559:mca_btl_tcp_recv_blocking] recv(71) failed: Connection reset by peer (104)
[tri0010][[19754,15482],50][btl_tcp.c:559:mca_btl_tcp_recv_blocking] recv(71) failed: Connection reset by peer (104)
[tri0010][[19754,15482],46][btl_tcp.c:559:mca_btl_tcp_recv_blocking] recv(71) failed: Connection reset by peer (104)
[tri0010][[19754,15482],9][btl_tcp.c:559:mca_btl_tcp_recv_blocking] recv(71) failed: Connection reset by peer (104)
[tri0010][[19754,15482],1][btl_tcp.c:559:mca_btl_tcp_recv_blocking] recv(71) failed: Connection reset by peer (104)
[tri0010][[19754,15482],62][btl_tcp.c:559:mca_btl_tcp_recv_blocking] recv(71) failed: Connection reset by peer (104)
[tri0010][[19754,15482],48][btl_tcp.c:559:mca_btl_tcp_recv_blocking] recv(71) failed: Connection reset by peer (104)
[tri0010][[19754,15482],21][btl_tcp.c:559:mca_btl_tcp_recv_blocking] recv(71) failed: Connection reset by peer (104)
[tri0010][[19754,15482],2][btl_tcp.c:559:mca_btl_tcp_recv_blocking] recv(71) failed: Connection reset by peer (104)
[tri0025][[19754,15482],119][btl_tcp.c:559:mca_btl_tcp_recv_blocking] recv(71) failed: Connection reset by peer (104)
[tri0025][[19754,15482],91][btl_tcp.c:559:mca_btl_tcp_recv_blocking] recv(71) failed: Connection reset by peer (104)
[tri0025][[19754,15482],112][btl_tcp.c:559:mca_btl_tcp_recv_blocking] recv(71) failed: Connection reset by peer (104)
[tri0025][[19754,15482],102][btl_tcp.c:559:mca_btl_tcp_recv_blocking] recv(71) failed: Connection reset by peer (104)
[tri0025][[19754,15482],123][btl_tcp.c:559:mca_btl_tcp_recv_blocking] recv(71) failed: Connection reset by peer (104)
[tri0025][[19754,15482],87][btl_tcp.c:559:mca_btl_tcp_recv_blocking] recv(71) failed: Connection reset by peer (104)
[tri0025][[19754,15482],79][btl_tcp.c:559:mca_btl_tcp_recv_blocking] recv(71) failed: Connection reset by peer (104)
[tri0025][[19754,15482],105][btl_tcp.c:559:mca_btl_tcp_recv_blocking] recv(71) failed: Connection reset by peer (104)
[tri0025][[19754,15482],124][btl_tcp.c:559:mca_btl_tcp_recv_blocking] recv(71) failed: Connection reset by peer (104)
[tri0025][[19754,15482],116][btl_tcp.c:559:mca_btl_tcp_recv_blocking] recv(71) failed: Connection reset by peer (104)
[tri0010][[19754,15482],36][btl_tcp.c:559:mca_btl_tcp_recv_blocking] recv(71) failed: Connection reset by peer (104)
[tri0010][[19754,15482],23][btl_tcp.c:559:mca_btl_tcp_recv_blocking] recv(71) failed: Connection reset by peer (104)
[tri0010][[19754,15482],43][btl_tcp.c:559:mca_btl_tcp_recv_blocking] recv(71) failed: Connection reset by peer (104)
[tri0010][[19754,15482],1][btl_tcp.c:559:mca_btl_tcp_recv_blocking] recv(71) failed: Connection reset by peer (104)
[tri0010][[19754,15482],62][btl_tcp.c:559:mca_btl_tcp_recv_blocking] recv(71) failed: Connection reset by peer (104)
[tri0010][[19754,15482],48][btl_tcp.c:559:mca_btl_tcp_recv_blocking] recv(71) failed: Connection reset by peer (104)
[tri0010][[19754,15482],27][btl_tcp.c:559:mca_btl_tcp_recv_blocking] recv(71) failed: Connection reset by peer (104)
[tri0010][[19754,15482],13][btl_tcp.c:559:mca_btl_tcp_recv_blocking] recv(71) failed: Connection reset by peer (104)
[tri0010][[19754,15482],44][btl_tcp.c:559:mca_btl_tcp_recv_blocking] recv(71) failed: Connection reset by peer (104)
[tri0025][[19754,15482],101][btl_tcp.c:559:mca_btl_tcp_recv_blocking] recv(71) failed: Connection reset by peer (104)
[tri0010][[19754,15482],7][btl_tcp.c:559:mca_btl_tcp_recv_blocking] recv(71) failed: Connection reset by peer (104)
[tri0010][[19754,15482],2][btl_tcp.c:559:mca_btl_tcp_recv_blocking] recv(71) failed: Connection reset by peer (104)
[tri0025][[19754,15482],87][btl_tcp.c:559:mca_btl_tcp_recv_blocking] recv(71) failed: Connection reset by peer (104)
[tri0025][[19754,15482],79][btl_tcp.c:559:mca_btl_tcp_recv_blocking] recv(71) failed: Connection reset by peer (104)
[tri0025][[19754,15482],105][btl_tcp.c:559:mca_btl_tcp_recv_blocking] recv(71) failed: Connection reset by peer (104)
[tri0025][[19754,15482],124][btl_tcp.c:559:mca_btl_tcp_recv_blocking] recv(71) failed: Connection reset by peer (104)
[tri0025][[19754,15482],116][btl_tcp.c:559:mca_btl_tcp_recv_blocking] recv(71) failed: Connection reset by peer (104)
[tri0025][[19754,15482],77][btl_tcp.c:559:mca_btl_tcp_recv_blocking] recv(71) failed: Connection reset by peer (104)
[tri0025][[19754,15482],127][btl_tcp.c:559:mca_btl_tcp_recv_blocking] recv(71) failed: Connection reset by peer (104)
[tri0010][[19754,15482],3][btl_tcp.c:559:mca_btl_tcp_recv_blocking] recv(71) failed: Connection reset by peer (104)
[tri0025][[19754,15482],66][btl_tcp.c:559:mca_btl_tcp_recv_blocking] recv(71) failed: Connection reset by peer (104)
[tri0025][[19754,15482],65][btl_tcp.c:559:mca_btl_tcp_recv_blocking] recv(71) failed: Connection reset by peer (104)
[tri0025][[19754,15482],90][btl_tcp.c:559:mca_btl_tcp_recv_blocking] recv(71) failed: Connection reset by peer (104)
[tri0025][[19754,15482],97][btl_tcp.c:559:mca_btl_tcp_recv_blocking] recv(71) failed: Connection reset by peer (104)
[tri0010][[19754,15482],10][btl_tcp.c:559:mca_btl_tcp_recv_blocking] recv(71) failed: Connection reset by peer (104)
[tri0010][[19754,15482],43][btl_tcp.c:559:mca_btl_tcp_recv_blocking] recv(71) failed: Connection reset by peer (104)
[tri0010][[19754,15482],55][btl_tcp.c:559:mca_btl_tcp_recv_blocking] recv(71) failed: Connection reset by peer (104)
[tri0010][[19754,15482],27][btl_tcp.c:559:mca_btl_tcp_recv_blocking] recv(71) failed: Connection reset by peer (104)
[tri0010][[19754,15482],13][btl_tcp.c:559:mca_btl_tcp_recv_blocking] recv(71) failed: Connection reset by peer (104)
[tri0010][[19754,15482],44][btl_tcp.c:559:mca_btl_tcp_recv_blocking] recv(71) failed: Connection reset by peer (104)
[tri0010][[19754,15482],47][btl_tcp.c:559:mca_btl_tcp_recv_blocking] recv(71) failed: Connection reset by peer (104)
[tri0010][[19754,15482],12][btl_tcp.c:559:mca_btl_tcp_recv_blocking] recv(71) failed: Connection reset by peer (104)
[tri0010][[19754,15482],51][btl_tcp.c:559:mca_btl_tcp_recv_blocking] recv(71) failed: Connection reset by peer (104)
[tri0025][[19754,15482],89][btl_tcp.c:559:mca_btl_tcp_recv_blocking] recv(71) failed: Connection reset by peer (104)
[tri0010][[19754,15482],17][btl_tcp.c:559:mca_btl_tcp_recv_blocking] recv(71) failed: Connection reset by peer (104)
[tri0010][[19754,15482],11][btl_tcp.c:559:mca_btl_tcp_recv_blocking] recv(71) failed: Connection reset by peer (104)
[tri0010][[19754,15482],3][btl_tcp.c:559:mca_btl_tcp_recv_blocking] recv(71) failed: Connection reset by peer (104)
[tri0010][[19754,15482],53][btl_tcp.c:559:mca_btl_tcp_recv_blocking] recv(71) failed: Connection reset by peer (104)
[tri0025][[19754,15482],77][btl_tcp.c:559:mca_btl_tcp_recv_blocking] recv(71) failed: Connection reset by peer (104)
[tri0025][[19754,15482],66][btl_tcp.c:559:mca_btl_tcp_recv_blocking] recv(71) failed: Connection reset by peer (104)
[tri0025][[19754,15482],90][btl_tcp.c:559:mca_btl_tcp_recv_blocking] recv(71) failed: Connection reset by peer (104)
[tri0025][[19754,15482],65][btl_tcp.c:559:mca_btl_tcp_recv_blocking] recv(71) failed: Connection reset by peer (104)
[tri0025][[19754,15482],127][btl_tcp.c:559:mca_btl_tcp_recv_blocking] recv(71) failed: Connection reset by peer (104)
[tri0025][[19754,15482],82][btl_tcp.c:559:mca_btl_tcp_recv_blocking] recv(71) failed: Connection reset by peer (104)
[tri0025][[19754,15482],64][btl_tcp.c:559:mca_btl_tcp_recv_blocking] recv(71) failed: Connection reset by peer (104)
[tri0025][[19754,15482],99][btl_tcp.c:559:mca_btl_tcp_recv_blocking] recv(71) failed: Connection reset by peer (104)
[tri0025][[19754,15482],110][btl_tcp.c:559:mca_btl_tcp_recv_blocking] recv(71) failed: Connection reset by peer (104)
[tri0025][[19754,15482],109][btl_tcp.c:559:mca_btl_tcp_recv_blocking] recv(71) failed: Connection reset by peer (104)
[tri0025][[19754,15482],114][btl_tcp.c:559:mca_btl_tcp_recv_blocking] recv(71) failed: Connection reset by peer (104)
[tri0025][[19754,15482],81][btl_tcp.c:559:mca_btl_tcp_recv_blocking] recv(71) failed: Connection reset by peer (104)
[tri0010][[19754,15482],41][btl_tcp.c:559:mca_btl_tcp_recv_blocking] recv(71) failed: Connection reset by peer (104)
[tri0010][[19754,15482],10][btl_tcp.c:559:mca_btl_tcp_recv_blocking] recv(71) failed: Connection reset by peer (104)
[tri0010][[19754,15482],55][btl_tcp.c:559:mca_btl_tcp_recv_blocking] recv(71) failed: Connection reset by peer (104)
[tri0010][[19754,15482],61][btl_tcp.c:559:mca_btl_tcp_recv_blocking] recv(71) failed: Connection reset by peer (104)
[tri0010][[19754,15482],47][btl_tcp.c:559:mca_btl_tcp_recv_blocking] recv(71) failed: Connection reset by peer (104)
[tri0010][[19754,15482],12][btl_tcp.c:559:mca_btl_tcp_recv_blocking] recv(71) failed: Connection reset by peer (104)
[tri0010][[19754,15482],51][btl_tcp.c:559:mca_btl_tcp_recv_blocking] recv(71) failed: Connection reset by peer (104)
[tri0010][[19754,15482],58][btl_tcp.c:559:mca_btl_tcp_recv_blocking] recv(71) failed: Connection reset by peer (104)
[tri0010][[19754,15482],16][btl_tcp.c:559:mca_btl_tcp_recv_blocking] recv(71) failed: Connection reset by peer (104)
[tri0010][[19754,15482],38][btl_tcp.c:559:mca_btl_tcp_recv_blocking] recv(71) failed: Connection reset by peer (104)
[tri0025][[19754,15482],113][btl_tcp.c:559:mca_btl_tcp_recv_blocking] recv(71) failed: Connection reset by peer (104)
[tri0025][[19754,15482],89][btl_tcp.c:559:mca_btl_tcp_recv_blocking] recv(71) failed: Connection reset by peer (104)
[tri0010][[19754,15482],52][btl_tcp.c:559:mca_btl_tcp_recv_blocking] recv(71) failed: Connection reset by peer (104)
[tri0010][[19754,15482],53][btl_tcp.c:559:mca_btl_tcp_recv_blocking] recv(71) failed: Connection reset by peer (104)
[tri0010][[19754,15482],39][btl_tcp.c:559:mca_btl_tcp_recv_blocking] recv(71) failed: Connection reset by peer (104)
[tri0025][[19754,15482],99][btl_tcp.c:559:mca_btl_tcp_recv_blocking] recv(71) failed: Connection reset by peer (104)
[tri0025][[19754,15482],82][btl_tcp.c:559:mca_btl_tcp_recv_blocking] recv(71) failed: Connection reset by peer (104)
[tri0025][[19754,15482],64][btl_tcp.c:559:mca_btl_tcp_recv_blocking] recv(71) failed: Connection reset by peer (104)
[tri0025][[19754,15482],110][btl_tcp.c:559:mca_btl_tcp_recv_blocking] recv(71) failed: Connection reset by peer (104)
[tri0025][[19754,15482],92][btl_tcp.c:559:mca_btl_tcp_recv_blocking] recv(71) failed: Connection reset by peer (104)
[tri0025][[19754,15482],122][btl_tcp.c:559:mca_btl_tcp_recv_blocking] recv(71) failed: Connection reset by peer (104)
[tri0025][[19754,15482],74][btl_tcp.c:559:mca_btl_tcp_recv_blocking] recv(71) failed: Connection reset by peer (104)
[tri0025][[19754,15482],69][btl_tcp.c:559:mca_btl_tcp_recv_blocking] recv(71) failed: Connection reset by peer (104)
[tri0025][[19754,15482],126][btl_tcp.c:559:mca_btl_tcp_recv_blocking] recv(71) failed: Connection reset by peer (104)
[tri0025][[19754,15482],114][btl_tcp.c:559:mca_btl_tcp_recv_blocking] recv(71) failed: Connection reset by peer (104)
[tri0025][[19754,15482],80][btl_tcp.c:559:mca_btl_tcp_recv_blocking] recv(71) failed: Connection reset by peer (104)
[tri0010][[19754,15482],57][btl_tcp.c:559:mca_btl_tcp_recv_blocking] recv(71) failed: Connection reset by peer (104)
[tri0010][[19754,15482],61][btl_tcp.c:559:mca_btl_tcp_recv_blocking] recv(71) failed: Connection reset by peer (104)
[tri0010][[19754,15482],8][btl_tcp.c:559:mca_btl_tcp_recv_blocking] recv(71) failed: Connection reset by peer (104)
[tri0010][[19754,15482],16][btl_tcp.c:559:mca_btl_tcp_recv_blocking] recv(71) failed: Connection reset by peer (104)
[tri0010][[19754,15482],58][btl_tcp.c:559:mca_btl_tcp_recv_blocking] recv(71) failed: Connection reset by peer (104)
[tri0010][[19754,15482],38][btl_tcp.c:559:mca_btl_tcp_recv_blocking] recv(71) failed: Connection reset by peer (104)
[tri0010][[19754,15482],0][btl_tcp.c:559:mca_btl_tcp_recv_blocking] recv(72) failed: Connection reset by peer (104)
[tri0010][[19754,15482],40][btl_tcp.c:559:mca_btl_tcp_recv_blocking] recv(71) failed: Connection reset by peer (104)
[tri0010][[19754,15482],42][btl_tcp.c:559:mca_btl_tcp_recv_blocking] recv(71) failed: Connection reset by peer (104)
[tri0025][[19754,15482],67][btl_tcp.c:559:mca_btl_tcp_recv_blocking] recv(71) failed: Connection reset by peer (104)
[tri0010][[19754,15482],25][btl_tcp.c:559:mca_btl_tcp_recv_blocking] recv(71) failed: Connection reset by peer (104)
[tri0010][[19754,15482],39][btl_tcp.c:559:mca_btl_tcp_recv_blocking] recv(71) failed: Connection reset by peer (104)
[tri0010][[19754,15482],56][btl_tcp.c:559:mca_btl_tcp_recv_blocking] recv(71) failed: Connection reset by peer (104)
[tri0025][[19754,15482],92][btl_tcp.c:559:mca_btl_tcp_recv_blocking] recv(71) failed: Connection reset by peer (104)
[tri0025][[19754,15482],69][btl_tcp.c:559:mca_btl_tcp_recv_blocking] recv(71) failed: Connection reset by peer (104)
[tri0025][[19754,15482],74][btl_tcp.c:559:mca_btl_tcp_recv_blocking] recv(71) failed: Connection reset by peer (104)
[tri0025][[19754,15482],122][btl_tcp.c:559:mca_btl_tcp_recv_blocking] recv(71) failed: Connection reset by peer (104)
[tri0025][[19754,15482],100][btl_tcp.c:559:mca_btl_tcp_recv_blocking] recv(71) failed: Connection reset by peer (104)
[tri0025][[19754,15482],118][btl_tcp.c:559:mca_btl_tcp_recv_blocking] recv(71) failed: Connection reset by peer (104)
[tri0025][[19754,15482],71][btl_tcp.c:559:mca_btl_tcp_recv_blocking] recv(71) failed: Connection reset by peer (104)
[tri0025][[19754,15482],76][btl_tcp.c:559:mca_btl_tcp_recv_blocking] recv(71) failed: Connection reset by peer (104)
[tri0025][[19754,15482],73][btl_tcp.c:559:mca_btl_tcp_recv_blocking] recv(71) failed: Connection reset by peer (104)
[tri0025][[19754,15482],80][btl_tcp.c:559:mca_btl_tcp_recv_blocking] recv(71) failed: Connection reset by peer (104)
[tri0025][[19754,15482],75][btl_tcp.c:559:mca_btl_tcp_recv_blocking] recv(71) failed: Connection reset by peer (104)
[tri0010][[19754,15482],60][btl_tcp.c:559:mca_btl_tcp_recv_blocking] recv(71) failed: Connection reset by peer (104)
[tri0010][[19754,15482],8][btl_tcp.c:559:mca_btl_tcp_recv_blocking] recv(71) failed: Connection reset by peer (104)
[tri0010][[19754,15482],49][btl_tcp.c:559:mca_btl_tcp_recv_blocking] recv(71) failed: Connection reset by peer (104)
[tri0010][[19754,15482],40][btl_tcp.c:559:mca_btl_tcp_recv_blocking] recv(71) failed: Connection reset by peer (104)
[tri0010][[19754,15482],0][btl_tcp.c:559:mca_btl_tcp_recv_blocking] recv(72) failed: Connection reset by peer (104)
[tri0010][[19754,15482],42][btl_tcp.c:559:mca_btl_tcp_recv_blocking] recv(71) failed: Connection reset by peer (104)
[tri0010][[19754,15482],34][btl_tcp.c:559:mca_btl_tcp_recv_blocking] recv(71) failed: Connection reset by peer (104)
[tri0010][[19754,15482],32][btl_tcp.c:559:mca_btl_tcp_recv_blocking] recv(71) failed: Connection reset by peer (104)
[tri0010][[19754,15482],5][btl_tcp.c:559:mca_btl_tcp_recv_blocking] recv(71) failed: Connection reset by peer (104)
[tri0025][[19754,15482],98][btl_tcp.c:559:mca_btl_tcp_recv_blocking] recv(71) failed: Connection reset by peer (104)
[tri0010][[19754,15482],30][btl_tcp.c:559:mca_btl_tcp_recv_blocking] recv(71) failed: Connection reset by peer (104)
[tri0010][[19754,15482],56][btl_tcp.c:559:mca_btl_tcp_recv_blocking] recv(71) failed: Connection reset by peer (104)
[tri0010][[19754,15482],4][btl_tcp.c:559:mca_btl_tcp_recv_blocking] recv(71) failed: Connection reset by peer (104)
[tri0025][[19754,15482],118][btl_tcp.c:559:mca_btl_tcp_recv_blocking] recv(71) failed: Connection reset by peer (104)
[tri0025][[19754,15482],100][btl_tcp.c:559:mca_btl_tcp_recv_blocking] recv(71) failed: Connection reset by peer (104)
[tri0025][[19754,15482],76][btl_tcp.c:559:mca_btl_tcp_recv_blocking] recv(71) failed: Connection reset by peer (104)
[tri0025][[19754,15482],71][btl_tcp.c:559:mca_btl_tcp_recv_blocking] recv(71) failed: Connection reset by peer (104)
[tri0025][[19754,15482],86][btl_tcp.c:559:mca_btl_tcp_recv_blocking] recv(71) failed: Connection reset by peer (104)
[tri0025][[19754,15482],108][btl_tcp.c:559:mca_btl_tcp_recv_blocking] recv(71) failed: Connection reset by peer (104)
[tri0025][[19754,15482],70][btl_tcp.c:559:mca_btl_tcp_recv_blocking] recv(71) failed: Connection reset by peer (104)
[tri0025][[19754,15482],111][btl_tcp.c:559:mca_btl_tcp_recv_blocking] recv(71) failed: Connection reset by peer (104)
[tri0025][[19754,15482],121][btl_tcp.c:559:mca_btl_tcp_recv_blocking] recv(71) failed: Connection reset by peer (104)
[tri0025][[19754,15482],75][btl_tcp.c:559:mca_btl_tcp_recv_blocking] recv(71) failed: Connection reset by peer (104)
[tri0025][[19754,15482],115][btl_tcp.c:559:mca_btl_tcp_recv_blocking] recv(71) failed: Connection reset by peer (104)
[tri0010][[19754,15482],49][btl_tcp.c:559:mca_btl_tcp_recv_blocking] recv(71) failed: Connection reset by peer (104)
[tri0010][[19754,15482],37][btl_tcp.c:559:mca_btl_tcp_recv_blocking] recv(71) failed: Connection reset by peer (104)
[tri0010][[19754,15482],34][btl_tcp.c:559:mca_btl_tcp_recv_blocking] recv(71) failed: Connection reset by peer (104)
[tri0010][[19754,15482],5][btl_tcp.c:559:mca_btl_tcp_recv_blocking] recv(71) failed: Connection reset by peer (104)
[tri0010][[19754,15482],32][btl_tcp.c:559:mca_btl_tcp_recv_blocking] recv(71) failed: Connection reset by peer (104)
[tri0010][[19754,15482],14][btl_tcp.c:559:mca_btl_tcp_recv_blocking] recv(71) failed: Connection reset by peer (104)
[tri0010][[19754,15482],35][btl_tcp.c:559:mca_btl_tcp_recv_blocking] recv(71) failed: Connection reset by peer (104)
[tri0010][[19754,15482],45][btl_tcp.c:559:mca_btl_tcp_recv_blocking] recv(71) failed: Connection reset by peer (104)
[tri0025][[19754,15482],119][btl_tcp.c:559:mca_btl_tcp_recv_blocking] recv(71) failed: Connection reset by peer (104)
[tri0010][[19754,15482],26][btl_tcp.c:559:mca_btl_tcp_recv_blocking] recv(71) failed: Connection reset by peer (104)
[tri0010][[19754,15482],4][btl_tcp.c:559:mca_btl_tcp_recv_blocking] recv(71) failed: Connection reset by peer (104)
[tri0010][[19754,15482],29][btl_tcp.c:559:mca_btl_tcp_recv_blocking] recv(71) failed: Connection reset by peer (104)
[tri0025][[19754,15482],86][btl_tcp.c:559:mca_btl_tcp_recv_blocking] recv(71) failed: Connection reset by peer (104)
[tri0025][[19754,15482],108][btl_tcp.c:559:mca_btl_tcp_recv_blocking] recv(71) failed: Connection reset by peer (104)
[tri0025][[19754,15482],70][btl_tcp.c:559:mca_btl_tcp_recv_blocking] recv(71) failed: Connection reset by peer (104)
[tri0025][[19754,15482],111][btl_tcp.c:559:mca_btl_tcp_recv_blocking] recv(71) failed: Connection reset by peer (104)
[tri0025][[19754,15482],88][btl_tcp.c:559:mca_btl_tcp_recv_blocking] recv(71) failed: Connection reset by peer (104)
[tri0025][[19754,15482],120][btl_tcp.c:559:mca_btl_tcp_recv_blocking] recv(71) failed: Connection reset by peer (104)
[tri0025][[19754,15482],117][btl_tcp.c:559:mca_btl_tcp_recv_blocking] recv(71) failed: Connection reset by peer (104)
[tri0025][[19754,15482],103][btl_tcp.c:559:mca_btl_tcp_recv_blocking] recv(71) failed: Connection reset by peer (104)
[tri0025][[19754,15482],91][btl_tcp.c:559:mca_btl_tcp_recv_blocking] recv(71) failed: Connection reset by peer (104)
[tri0025][[19754,15482],115][btl_tcp.c:559:mca_btl_tcp_recv_blocking] recv(71) failed: Connection reset by peer (104)
[tri0025][[19754,15482],125][btl_tcp.c:559:mca_btl_tcp_recv_blocking] recv(71) failed: Connection reset by peer (104)
[tri0010][[19754,15482],50][btl_tcp.c:559:mca_btl_tcp_recv_blocking] recv(71) failed: Connection reset by peer (104)
[tri0010][[19754,15482],37][btl_tcp.c:559:mca_btl_tcp_recv_blocking] recv(71) failed: Connection reset by peer (104)
[tri0010][[19754,15482],20][btl_tcp.c:559:mca_btl_tcp_recv_blocking] recv(71) failed: Connection reset by peer (104)
[tri0010][[19754,15482],14][btl_tcp.c:559:mca_btl_tcp_recv_blocking] recv(71) failed: Connection reset by peer (104)
[tri0010][[19754,15482],35][btl_tcp.c:559:mca_btl_tcp_recv_blocking] recv(71) failed: Connection reset by peer (104)
[tri0010][[19754,15482],45][btl_tcp.c:559:mca_btl_tcp_recv_blocking] recv(71) failed: Connection reset by peer (104)
[tri0010][[19754,15482],11][btl_tcp.c:559:mca_btl_tcp_recv_blocking] recv(71) failed: Connection reset by peer (104)
[tri0010][[19754,15482],59][btl_tcp.c:559:mca_btl_tcp_recv_blocking] recv(71) failed: Connection reset by peer (104)
[tri0010][[19754,15482],63][btl_tcp.c:559:mca_btl_tcp_recv_blocking] recv(71) failed: Connection reset by peer (104)
[tri0025][[19754,15482],112][btl_tcp.c:559:mca_btl_tcp_recv_blocking] recv(71) failed: Connection reset by peer (104)
[tri0010][[19754,15482],46][btl_tcp.c:559:mca_btl_tcp_recv_blocking] recv(71) failed: Connection reset by peer (104)
[tri0010][[19754,15482],29][btl_tcp.c:559:mca_btl_tcp_recv_blocking] recv(71) failed: Connection reset by peer (104)
[tri0025][[19754,15482],88][btl_tcp.c:559:mca_btl_tcp_recv_blocking] recv(71) failed: Connection reset by peer (104)
[tri0025][[19754,15482],120][btl_tcp.c:559:mca_btl_tcp_recv_blocking] recv(71) failed: Connection reset by peer (104)
[tri0025][[19754,15482],103][btl_tcp.c:559:mca_btl_tcp_recv_blocking] recv(71) failed: Connection reset by peer (104)
[tri0025][[19754,15482],117][btl_tcp.c:559:mca_btl_tcp_recv_blocking] recv(71) failed: Connection reset by peer (104)
[tri0025][[19754,15482],81][btl_tcp.c:559:mca_btl_tcp_recv_blocking] recv(71) failed: Connection reset by peer (104)
[tri0025][[19754,15482],78][btl_tcp.c:559:mca_btl_tcp_recv_blocking] recv(71) failed: Connection reset by peer (104)
[tri0025][[19754,15482],72][btl_tcp.c:559:mca_btl_tcp_recv_blocking] recv(71) failed: Connection reset by peer (104)
[tri0025][[19754,15482],107][btl_tcp.c:559:mca_btl_tcp_recv_blocking] recv(71) failed: Connection reset by peer (104)
[tri0010][[19754,15482],33][btl_tcp.c:559:mca_btl_tcp_recv_blocking] recv(71) failed: Connection reset by peer (104)
[tri0025][[19754,15482],102][btl_tcp.c:559:mca_btl_tcp_recv_blocking] recv(71) failed: Connection reset by peer (104)
[tri0025][[19754,15482],125][btl_tcp.c:559:mca_btl_tcp_recv_blocking] recv(71) failed: Connection reset by peer (104)
[tri0010][[19754,15482],9][btl_tcp.c:559:mca_btl_tcp_recv_blocking] recv(71) failed: Connection reset by peer (104)
[tri0025][[19754,15482],95][btl_tcp.c:559:mca_btl_tcp_recv_blocking] recv(71) failed: Connection reset by peer (104)
[tri0010][[19754,15482],20][btl_tcp.c:559:mca_btl_tcp_recv_blocking] recv(71) failed: Connection reset by peer (104)
[tri0010][[19754,15482],15][btl_tcp.c:559:mca_btl_tcp_recv_blocking] recv(71) failed: Connection reset by peer (104)
[tri0010][[19754,15482],11][btl_tcp.c:559:mca_btl_tcp_recv_blocking] recv(71) failed: Connection reset by peer (104)
[tri0010][[19754,15482],63][btl_tcp.c:559:mca_btl_tcp_recv_blocking] recv(71) failed: Connection reset by peer (104)
[tri0010][[19754,15482],59][btl_tcp.c:559:mca_btl_tcp_recv_blocking] recv(71) failed: Connection reset by peer (104)
[tri0025][[19754,15482],123][btl_tcp.c:559:mca_btl_tcp_recv_blocking] recv(71) failed: Connection reset by peer (104)
[tri0025][[19754,15482],81][btl_tcp.c:559:mca_btl_tcp_recv_blocking] recv(71) failed: Connection reset by peer (104)
[tri0025][[19754,15482],72][btl_tcp.c:559:mca_btl_tcp_recv_blocking] recv(71) failed: Connection reset by peer (104)
[tri0025][[19754,15482],78][btl_tcp.c:559:mca_btl_tcp_recv_blocking] recv(71) failed: Connection reset by peer (104)
[tri0025][[19754,15482],107][btl_tcp.c:559:mca_btl_tcp_recv_blocking] recv(71) failed: Connection reset by peer (104)
[tri0025][[19754,15482],93][btl_tcp.c:559:mca_btl_tcp_recv_blocking] recv(71) failed: Connection reset by peer (104)
[tri0010][[19754,15482],33][btl_tcp.c:559:mca_btl_tcp_recv_blocking] recv(71) failed: Connection reset by peer (104)
[tri0025][[19754,15482],95][btl_tcp.c:559:mca_btl_tcp_recv_blocking] recv(71) failed: Connection reset by peer (104)
[tri0010][[19754,15482],15][btl_tcp.c:559:mca_btl_tcp_recv_blocking] recv(71) failed: Connection reset by peer (104)
[tri0010][[19754,15482],52][btl_tcp.c:559:mca_btl_tcp_recv_blocking] recv(71) failed: Connection reset by peer (104)
[tri0010][[19754,15482],57][btl_tcp.c:559:mca_btl_tcp_recv_blocking] recv(71) failed: Connection reset by peer (104)
[tri0010][[19754,15482],1][btl_tcp.c:559:mca_btl_tcp_recv_blocking] recv(71) failed: Connection reset by peer (104)
[tri0010][[19754,15482],21][btl_tcp.c:559:mca_btl_tcp_recv_blocking] recv(71) failed: Connection reset by peer (104)
[tri0010][[19754,15482],23][btl_tcp.c:559:mca_btl_tcp_recv_blocking] recv(71) failed: Connection reset by peer (104)
[tri0010][[19754,15482],25][btl_tcp.c:559:mca_btl_tcp_recv_blocking] recv(71) failed: Connection reset by peer (104)
[tri0010][[19754,15482],62][btl_tcp.c:559:mca_btl_tcp_recv_blocking] recv(71) failed: Connection reset by peer (104)
[tri0010][[19754,15482],60][btl_tcp.c:559:mca_btl_tcp_recv_blocking] recv(71) failed: Connection reset by peer (104)
[tri0010][[19754,15482],30][btl_tcp.c:559:mca_btl_tcp_recv_blocking] recv(71) failed: Connection reset by peer (104)
[tri0010][[19754,15482],48][btl_tcp.c:559:mca_btl_tcp_recv_blocking] recv(71) failed: Connection reset by peer (104)
[tri0025][[19754,15482],93][btl_tcp.c:559:mca_btl_tcp_recv_blocking] recv(71) failed: Connection reset by peer (104)
[tri0010][[19754,15482],36][btl_tcp.c:559:mca_btl_tcp_recv_blocking] recv(71) failed: Connection reset by peer (104)
[tri0010][[19754,15482],47][btl_tcp.c:559:mca_btl_tcp_recv_blocking] recv(71) failed: Connection reset by peer (104)
[tri0010][[19754,15482],8][btl_tcp.c:559:mca_btl_tcp_recv_blocking] recv(71) failed: Connection reset by peer (104)
[tri0010][[19754,15482],12][btl_tcp.c:559:mca_btl_tcp_recv_blocking] recv(71) failed: Connection reset by peer (104)
[tri0010][[19754,15482],0][btl_tcp.c:559:mca_btl_tcp_recv_blocking] recv(72) failed: Connection reset by peer (104)
[tri0010][[19754,15482],39][btl_tcp.c:559:mca_btl_tcp_recv_blocking] recv(71) failed: Connection reset by peer (104)
[tri0010][[19754,15482],3][btl_tcp.c:559:mca_btl_tcp_recv_blocking] recv(71) failed: Connection reset by peer (104)
[tri0010][[19754,15482],40][btl_tcp.c:559:mca_btl_tcp_recv_blocking] recv(71) failed: Connection reset by peer (104)
[tri0010][[19754,15482],42][btl_tcp.c:559:mca_btl_tcp_recv_blocking] recv(71) failed: Connection reset by peer (104)
[tri0010][[19754,15482],51][btl_tcp.c:559:mca_btl_tcp_recv_blocking] recv(71) failed: Connection reset by peer (104)
[tri0010][[19754,15482],55][btl_tcp.c:559:mca_btl_tcp_recv_blocking] recv(71) failed: Connection reset by peer (104)
[tri0025][[19754,15482],126][btl_tcp.c:559:mca_btl_tcp_recv_blocking] recv(71) failed: Connection reset by peer (104)
[tri0025][[19754,15482],67][btl_tcp.c:559:mca_btl_tcp_recv_blocking] recv(71) failed: Connection reset by peer (104)
[tri0025][[19754,15482],79][btl_tcp.c:559:mca_btl_tcp_recv_blocking] recv(71) failed: Connection reset by peer (104)
[tri0025][[19754,15482],87][btl_tcp.c:559:mca_btl_tcp_recv_blocking] recv(71) failed: Connection reset by peer (104)
[tri0025][[19754,15482],105][btl_tcp.c:559:mca_btl_tcp_recv_blocking] recv(71) failed: Connection reset by peer (104)
[tri0025][[19754,15482],73][btl_tcp.c:559:mca_btl_tcp_recv_blocking] recv(71) failed: Connection reset by peer (104)
[tri0025][[19754,15482],98][btl_tcp.c:559:mca_btl_tcp_recv_blocking] recv(71) failed: Connection reset by peer (104)
[tri0025][[19754,15482],116][btl_tcp.c:559:mca_btl_tcp_recv_blocking] recv(71) failed: Connection reset by peer (104)
[tri0025][[19754,15482],121][btl_tcp.c:559:mca_btl_tcp_recv_blocking] recv(71) failed: Connection reset by peer (104)
[tri0025][[19754,15482],124][btl_tcp.c:559:mca_btl_tcp_recv_blocking] recv(71) failed: Connection reset by peer (104)
[tri0010][[19754,15482],7][btl_tcp.c:559:mca_btl_tcp_recv_blocking] recv(71) failed: Connection reset by peer (104)
[tri0025][[19754,15482],101][btl_tcp.c:559:mca_btl_tcp_recv_blocking] recv(71) failed: Connection reset by peer (104)
[tri0010][[19754,15482],29][btl_tcp.c:559:mca_btl_tcp_recv_blocking] recv(71) failed: Connection reset by peer (104)
[tri0010][[19754,15482],63][btl_tcp.c:559:mca_btl_tcp_recv_blocking] recv(71) failed: Connection reset by peer (104)
[tri0010][[19754,15482],33][btl_tcp.c:559:mca_btl_tcp_recv_blocking] recv(71) failed: Connection reset by peer (104)
[tri0010][[19754,15482],20][btl_tcp.c:559:mca_btl_tcp_recv_blocking] recv(71) failed: Connection reset by peer (104)
[tri0010][[19754,15482],37][btl_tcp.c:559:mca_btl_tcp_recv_blocking] recv(71) failed: Connection reset by peer (104)
[tri0010][[19754,15482],35][btl_tcp.c:559:mca_btl_tcp_recv_blocking] recv(71) failed: Connection reset by peer (104)
[tri0010][[19754,15482],14][btl_tcp.c:559:mca_btl_tcp_recv_blocking] recv(71) failed: Connection reset by peer (104)
[tri0010][[19754,15482],45][btl_tcp.c:559:mca_btl_tcp_recv_blocking] recv(71) failed: Connection reset by peer (104)
[tri0010][[19754,15482],59][btl_tcp.c:559:mca_btl_tcp_recv_blocking] recv(71) failed: Connection reset by peer (104)
[tri0010][[19754,15482],15][btl_tcp.c:559:mca_btl_tcp_recv_blocking] recv(71) failed: Connection reset by peer (104)
[tri0025][[19754,15482],99][btl_tcp.c:559:mca_btl_tcp_recv_blocking] recv(71) failed: Connection reset by peer (104)
[tri0025][[19754,15482],82][btl_tcp.c:559:mca_btl_tcp_recv_blocking] recv(71) failed: Connection reset by peer (104)
[tri0025][[19754,15482],71][btl_tcp.c:559:mca_btl_tcp_recv_blocking] recv(71) failed: Connection reset by peer (104)
[tri0025][[19754,15482],80][btl_tcp.c:559:mca_btl_tcp_recv_blocking] recv(71) failed: Connection reset by peer (104)
[tri0025][[19754,15482],100][btl_tcp.c:559:mca_btl_tcp_recv_blocking] recv(71) failed: Connection reset by peer (104)
[tri0025][[19754,15482],118][btl_tcp.c:559:mca_btl_tcp_recv_blocking] recv(71) failed: Connection reset by peer (104)
[tri0025][[19754,15482],110][btl_tcp.c:559:mca_btl_tcp_recv_blocking] recv(71) failed: Connection reset by peer (104)
[tri0025][[19754,15482],64][btl_tcp.c:559:mca_btl_tcp_recv_blocking] recv(71) failed: Connection reset by peer (104)
[tri0025][[19754,15482],76][btl_tcp.c:559:mca_btl_tcp_recv_blocking] recv(71) failed: Connection reset by peer (104)
[tri0010][[19754,15482],34][btl_tcp.c:559:mca_btl_tcp_recv_blocking] recv(71) failed: Connection reset by peer (104)
[tri0010][[19754,15482],5][btl_tcp.c:559:mca_btl_tcp_recv_blocking] recv(71) failed: Connection reset by peer (104)
[tri0010][[19754,15482],11][btl_tcp.c:559:mca_btl_tcp_recv_blocking] recv(71) failed: Connection reset by peer (104)
[tri0010][[19754,15482],32][btl_tcp.c:559:mca_btl_tcp_recv_blocking] recv(71) failed: Connection reset by peer (104)
[tri0010][[19754,15482],16][btl_tcp.c:559:mca_btl_tcp_recv_blocking] recv(71) failed: Connection reset by peer (104)
[tri0010][[19754,15482],49][btl_tcp.c:559:mca_btl_tcp_recv_blocking] recv(71) failed: Connection reset by peer (104)
[tri0010][[19754,15482],56][btl_tcp.c:559:mca_btl_tcp_recv_blocking] recv(71) failed: Connection reset by peer (104)
[tri0010][[19754,15482],58][btl_tcp.c:559:mca_btl_tcp_recv_blocking] recv(71) failed: Connection reset by peer (104)
[tri0010][[19754,15482],38][btl_tcp.c:559:mca_btl_tcp_recv_blocking] recv(71) failed: Connection reset by peer (104)
[tri0010][[19754,15482],4][btl_tcp.c:559:mca_btl_tcp_recv_blocking] recv(71) failed: Connection reset by peer (104)
[tri0010][[19754,15482],10][btl_tcp.c:559:mca_btl_tcp_recv_blocking] recv(71) failed: Connection reset by peer (104)
[tri0025][[19754,15482],97][btl_tcp.c:559:mca_btl_tcp_recv_blocking] recv(71) failed: Connection reset by peer (104)
[tri0025][[19754,15482],125][btl_tcp.c:559:mca_btl_tcp_recv_blocking] recv(71) failed: Connection reset by peer (104)
[tri0025][[19754,15482],107][btl_tcp.c:559:mca_btl_tcp_recv_blocking] recv(71) failed: Connection reset by peer (104)
[tri0025][[19754,15482],95][btl_tcp.c:559:mca_btl_tcp_recv_blocking] recv(71) failed: Connection reset by peer (104)
[tri0025][[19754,15482],88][btl_tcp.c:559:mca_btl_tcp_recv_blocking] recv(71) failed: Connection reset by peer (104)
[tri0025][[19754,15482],117][btl_tcp.c:559:mca_btl_tcp_recv_blocking] recv(71) failed: Connection reset by peer (104)
[tri0025][[19754,15482],120][btl_tcp.c:559:mca_btl_tcp_recv_blocking] recv(71) failed: Connection reset by peer (104)
[tri0025][[19754,15482],78][btl_tcp.c:559:mca_btl_tcp_recv_blocking] recv(71) failed: Connection reset by peer (104)
[tri0025][[19754,15482],103][btl_tcp.c:559:mca_btl_tcp_recv_blocking] recv(71) failed: Connection reset by peer (104)
[tri0025][[19754,15482],81][btl_tcp.c:559:mca_btl_tcp_recv_blocking] recv(71) failed: Connection reset by peer (104)
[tri0025][[19754,15482],93][btl_tcp.c:559:mca_btl_tcp_recv_blocking] recv(71) failed: Connection reset by peer (104)
[tri0010][[19754,15482],2][btl_tcp.c:559:mca_btl_tcp_recv_blocking] recv(71) failed: Connection reset by peer (104)
[tri0010][[19754,15482],13][btl_tcp.c:559:mca_btl_tcp_recv_blocking] recv(71) failed: Connection reset by peer (104)
[tri0010][[19754,15482],53][btl_tcp.c:559:mca_btl_tcp_recv_blocking] recv(71) failed: Connection reset by peer (104)
[tri0010][[19754,15482],61][btl_tcp.c:559:mca_btl_tcp_recv_blocking] recv(71) failed: Connection reset by peer (104)
[tri0010][[19754,15482],9][btl_tcp.c:559:mca_btl_tcp_recv_blocking] recv(71) failed: Connection reset by peer (104)
[tri0010][[19754,15482],43][btl_tcp.c:559:mca_btl_tcp_recv_blocking] recv(71) failed: Connection reset by peer (104)
[tri0010][[19754,15482],44][btl_tcp.c:559:mca_btl_tcp_recv_blocking] recv(71) failed: Connection reset by peer (104)
[tri0010][[19754,15482],46][btl_tcp.c:559:mca_btl_tcp_recv_blocking] recv(71) failed: Connection reset by peer (104)
[tri0010][[19754,15482],50][btl_tcp.c:559:mca_btl_tcp_recv_blocking] recv(71) failed: Connection reset by peer (104)
[tri0010][[19754,15482],27][btl_tcp.c:559:mca_btl_tcp_recv_blocking] recv(71) failed: Connection reset by peer (104)
[tri0025][[19754,15482],86][btl_tcp.c:559:mca_btl_tcp_recv_blocking] recv(71) failed: Connection reset by peer (104)
[tri0025][[19754,15482],70][btl_tcp.c:559:mca_btl_tcp_recv_blocking] recv(71) failed: Connection reset by peer (104)
[tri0025][[19754,15482],108][btl_tcp.c:559:mca_btl_tcp_recv_blocking] recv(71) failed: Connection reset by peer (104)
[tri0025][[19754,15482],72][btl_tcp.c:559:mca_btl_tcp_recv_blocking] recv(71) failed: Connection reset by peer (104)
[tri0025][[19754,15482],111][btl_tcp.c:559:mca_btl_tcp_recv_blocking] recv(71) failed: Connection reset by peer (104)
[tri0025][[19754,15482],69][btl_tcp.c:559:mca_btl_tcp_recv_blocking] recv(71) failed: Connection reset by peer (104)
[tri0025][[19754,15482],75][btl_tcp.c:559:mca_btl_tcp_recv_blocking] recv(71) failed: Connection reset by peer (104)
[tri0025][[19754,15482],74][btl_tcp.c:559:mca_btl_tcp_recv_blocking] recv(71) failed: Connection reset by peer (104)
[tri0025][[19754,15482],122][btl_tcp.c:559:mca_btl_tcp_recv_blocking] recv(71) failed: Connection reset by peer (104)
[tri0025][[19754,15482],115][btl_tcp.c:559:mca_btl_tcp_recv_blocking] recv(71) failed: Connection reset by peer (104)
[tri0010][[19754,15482],17][btl_tcp.c:559:mca_btl_tcp_recv_blocking] recv(71) failed: Connection reset by peer (104)
[tri0025][[19754,15482],89][btl_tcp.c:559:mca_btl_tcp_recv_blocking] recv(71) failed: Connection reset by peer (104)
[tri0010][[19754,15482],17][btl_tcp.c:559:mca_btl_tcp_recv_blocking] recv(71) failed: Connection reset by peer (104)
[tri0010][[19754,15482],10][btl_tcp.c:559:mca_btl_tcp_recv_blocking] recv(71) failed: Connection reset by peer (104)
[tri0010][[19754,15482],36][btl_tcp.c:559:mca_btl_tcp_recv_blocking] recv(71) failed: Connection reset by peer (104)
[tri0010][[19754,15482],7][btl_tcp.c:559:mca_btl_tcp_recv_blocking] recv(71) failed: Connection reset by peer (104)
[tri0010][[19754,15482],26][btl_tcp.c:559:mca_btl_tcp_recv_blocking] recv(71) failed: Connection reset by peer (104)
[tri0010][[19754,15482],41][btl_tcp.c:559:mca_btl_tcp_recv_blocking] recv(71) failed: Connection reset by peer (104)
[tri0025][[19754,15482],66][btl_tcp.c:559:mca_btl_tcp_recv_blocking] recv(71) failed: Connection reset by peer (104)
[tri0025][[19754,15482],92][btl_tcp.c:559:mca_btl_tcp_recv_blocking] recv(71) failed: Connection reset by peer (104)
[tri0025][[19754,15482],114][btl_tcp.c:559:mca_btl_tcp_recv_blocking] recv(71) failed: Connection reset by peer (104)
[tri0025][[19754,15482],65][btl_tcp.c:559:mca_btl_tcp_recv_blocking] recv(71) failed: Connection reset by peer (104)
[tri0025][[19754,15482],123][btl_tcp.c:559:mca_btl_tcp_recv_blocking] recv(71) failed: Connection reset by peer (104)
[tri0025][[19754,15482],127][btl_tcp.c:559:mca_btl_tcp_recv_blocking] recv(71) failed: Connection reset by peer (104)
[tri0025][[19754,15482],102][btl_tcp.c:559:mca_btl_tcp_recv_blocking] recv(71) failed: Connection reset by peer (104)
[tri0025][[19754,15482],112][btl_tcp.c:559:mca_btl_tcp_recv_blocking] recv(71) failed: Connection reset by peer (104)
[tri0025][[19754,15482],77][btl_tcp.c:559:mca_btl_tcp_recv_blocking] recv(71) failed: Connection reset by peer (104)
[tri0025][[19754,15482],90][btl_tcp.c:559:mca_btl_tcp_recv_blocking] recv(71) failed: Connection reset by peer (104)
[tri0010][[19754,15482],41][btl_tcp.c:559:mca_btl_tcp_recv_blocking] recv(72) failed: Connection reset by peer (104)
[tri0025][[19754,15482],109][btl_tcp.c:559:mca_btl_tcp_recv_blocking] recv(71) failed: Connection reset by peer (104)
[tri0025][[19754,15482],97][btl_tcp.c:559:mca_btl_tcp_recv_blocking] recv(71) failed: Connection reset by peer (104)
[tri0025][[19754,15482],109][btl_tcp.c:559:mca_btl_tcp_recv_blocking] recv(71) failed: Connection reset by peer (104)
[tri0025][[19754,15482],119][btl_tcp.c:559:mca_btl_tcp_recv_blocking] recv(71) failed: Connection reset by peer (104)
[tri0025][[19754,15482],89][btl_tcp.c:559:mca_btl_tcp_recv_blocking] recv(71) failed: Connection reset by peer (104)
[tri0025][[19754,15482],113][btl_tcp.c:559:mca_btl_tcp_recv_blocking] recv(71) failed: Connection reset by peer (104)
[tri0025][[19754,15482],91][btl_tcp.c:559:mca_btl_tcp_recv_blocking] recv(71) failed: Connection reset by peer (104)
[tri0025][[19754,15482],101][btl_tcp.c:559:mca_btl_tcp_recv_blocking] recv(71) failed: Connection reset by peer (104)
[tri0025][[19754,15482],113][btl_tcp.c:559:mca_btl_tcp_recv_blocking] recv(71) failed: Connection reset by peer (104)
[tri0010][[19754,15482],57][btl_tcp.c:559:mca_btl_tcp_recv_blocking] recv(71) failed: Connection reset by peer (104)
[tri0025][[19754,15482],126][btl_tcp.c:559:mca_btl_tcp_recv_blocking] recv(71) failed: Connection reset by peer (104)
[tri0010][[19754,15482],25][btl_tcp.c:559:mca_btl_tcp_recv_blocking] recv(71) failed: Connection reset by peer (104)
[tri0025][[19754,15482],67][btl_tcp.c:559:mca_btl_tcp_recv_blocking] recv(71) failed: Connection reset by peer (104)
[tri0010][[19754,15482],60][btl_tcp.c:559:mca_btl_tcp_recv_blocking] recv(71) failed: Connection reset by peer (104)
[tri0025][[19754,15482],73][btl_tcp.c:559:mca_btl_tcp_recv_blocking] recv(71) failed: Connection reset by peer (104)
[tri0010][[19754,15482],30][btl_tcp.c:559:mca_btl_tcp_recv_blocking] recv(71) failed: Connection reset by peer (104)
[tri0025][[19754,15482],98][btl_tcp.c:559:mca_btl_tcp_recv_blocking] recv(71) failed: Connection reset by peer (104)
[tri0010][[19754,15482],26][btl_tcp.c:559:mca_btl_tcp_recv_blocking] recv(71) failed: Connection reset by peer (104)
[tri0025][[19754,15482],121][btl_tcp.c:559:mca_btl_tcp_recv_blocking] recv(71) failed: Connection reset by peer (104)
[tri0010][[19754,15482],50][btl_tcp.c:559:mca_btl_tcp_recv_blocking] recv(71) failed: Connection reset by peer (104)
[tri0025][[19754,15482],119][btl_tcp.c:559:mca_btl_tcp_recv_blocking] recv(71) failed: Connection reset by peer (104)
[tri0010][[19754,15482],46][btl_tcp.c:559:mca_btl_tcp_recv_blocking] recv(71) failed: Connection reset by peer (104)
[tri0025][[19754,15482],91][btl_tcp.c:559:mca_btl_tcp_recv_blocking] recv(71) failed: Connection reset by peer (104)
[tri0010][[19754,15482],9][btl_tcp.c:559:mca_btl_tcp_recv_blocking] recv(71) failed: Connection reset by peer (104)
[tri0025][[19754,15482],112][btl_tcp.c:559:mca_btl_tcp_recv_blocking] recv(71) failed: Connection reset by peer (104)
[tri0010][[19754,15482],21][btl_tcp.c:559:mca_btl_tcp_recv_blocking] recv(72) failed: Connection reset by peer (104)
[tri0025][[19754,15482],102][btl_tcp.c:559:mca_btl_tcp_recv_blocking] recv(71) failed: Connection reset by peer (104)
[tri0010][[19754,15482],23][btl_tcp.c:559:mca_btl_tcp_recv_blocking] recv(71) failed: Connection reset by peer (104)
[tri0025][[19754,15482],123][btl_tcp.c:559:mca_btl_tcp_recv_blocking] recv(71) failed: Connection reset by peer (104)
[tri0010][[19754,15482],52][btl_tcp.c:559:mca_btl_tcp_recv_blocking] recv(71) failed: Connection reset by peer (104)
[tri0010][[19754,15482],52][btl_tcp.c:559:mca_btl_tcp_recv_blocking] recv(71) failed: Connection reset by peer (104)
[tri0010][[19754,15482],1][btl_tcp.c:559:mca_btl_tcp_recv_blocking] recv(71) failed: Connection reset by peer (104)
[tri0025][[19754,15482],87][btl_tcp.c:559:mca_btl_tcp_recv_blocking] recv(71) failed: Connection reset by peer (104)
[tri0010][[19754,15482],12][btl_tcp.c:559:mca_btl_tcp_recv_blocking] recv(71) failed: Connection reset by peer (104)
[tri0010][[19754,15482],62][btl_tcp.c:559:mca_btl_tcp_recv_blocking] recv(71) failed: Connection reset by peer (104)
[tri0025][[19754,15482],79][btl_tcp.c:559:mca_btl_tcp_recv_blocking] recv(71) failed: Connection reset by peer (104)
[tri0010][[19754,15482],12][btl_tcp.c:559:mca_btl_tcp_recv_blocking] recv(71) failed: Connection reset by peer (104)
[tri0025][[19754,15482],126][btl_tcp.c:559:mca_btl_tcp_recv_blocking] recv(71) failed: Connection reset by peer (104)
[tri0010][[19754,15482],48][btl_tcp.c:559:mca_btl_tcp_recv_blocking] recv(71) failed: Connection reset by peer (104)
[tri0025][[19754,15482],105][btl_tcp.c:559:mca_btl_tcp_recv_blocking] recv(71) failed: Connection reset by peer (104)
[tri0010][[19754,15482],2][btl_tcp.c:559:mca_btl_tcp_recv_blocking] recv(71) failed: Connection reset by peer (104)
[tri0025][[19754,15482],124][btl_tcp.c:559:mca_btl_tcp_recv_blocking] recv(71) failed: Connection reset by peer (104)
[tri0010][[19754,15482],13][btl_tcp.c:559:mca_btl_tcp_recv_blocking] recv(71) failed: Connection reset by peer (104)
[tri0010][[19754,15482],43][btl_tcp.c:559:mca_btl_tcp_recv_blocking] recv(71) failed: Connection reset by peer (104)
[tri0025][[19754,15482],116][btl_tcp.c:559:mca_btl_tcp_recv_blocking] recv(71) failed: Connection reset by peer (104)
[tri0010][[19754,15482],13][btl_tcp.c:559:mca_btl_tcp_recv_blocking] recv(71) failed: Connection reset by peer (104)
[tri0010][[19754,15482],27][btl_tcp.c:559:mca_btl_tcp_recv_blocking] recv(71) failed: Connection reset by peer (104)
[tri0025][[19754,15482],77][btl_tcp.c:559:mca_btl_tcp_recv_blocking] recv(71) failed: Connection reset by peer (104)
[tri0010][[19754,15482],13][btl_tcp.c:559:mca_btl_tcp_recv_blocking] recv(71) failed: Connection reset by peer (104)
[tri0025][[19754,15482],66][btl_tcp.c:559:mca_btl_tcp_recv_blocking] recv(71) failed: Connection reset by peer (104)
[tri0010][[19754,15482],13][btl_tcp.c:559:mca_btl_tcp_recv_blocking] recv(71) failed: Connection reset by peer (104)
[tri0010][[19754,15482],44][btl_tcp.c:559:mca_btl_tcp_recv_blocking] recv(71) failed: Connection reset by peer (104)
[tri0025][[19754,15482],90][btl_tcp.c:559:mca_btl_tcp_recv_blocking] recv(71) failed: Connection reset by peer (104)
[tri0010][[19754,15482],13][btl_tcp.c:559:mca_btl_tcp_recv_blocking] recv(71) failed: Connection reset by peer (104)
[tri0010][[19754,15482],3][btl_tcp.c:559:mca_btl_tcp_recv_blocking] recv(71) failed: Connection reset by peer (104)
[tri0025][[19754,15482],65][btl_tcp.c:559:mca_btl_tcp_recv_blocking] recv(71) failed: Connection reset by peer (104)
[tri0025][[19754,15482],82][btl_tcp.c:559:mca_btl_tcp_recv_blocking] recv(71) failed: Connection reset by peer (104)
[tri0010][[19754,15482],13][btl_tcp.c:559:mca_btl_tcp_recv_blocking] recv(71) failed: Connection reset by peer (104)
[tri0010][[19754,15482],55][btl_tcp.c:559:mca_btl_tcp_recv_blocking] recv(71) failed: Connection reset by peer (104)
[tri0025][[19754,15482],127][btl_tcp.c:559:mca_btl_tcp_recv_blocking] recv(71) failed: Connection reset by peer (104)
[tri0025][[19754,15482],82][btl_tcp.c:559:mca_btl_tcp_recv_blocking] recv(71) failed: Connection reset by peer (104)
[tri0010][[19754,15482],47][btl_tcp.c:559:mca_btl_tcp_recv_blocking] recv(71) failed: Connection reset by peer (104)
[tri0025][[19754,15482],99][btl_tcp.c:559:mca_btl_tcp_recv_blocking] recv(71) failed: Connection reset by peer (104)
[tri0010][[19754,15482],12][btl_tcp.c:559:mca_btl_tcp_recv_blocking] recv(71) failed: Connection reset by peer (104)
[tri0025][[19754,15482],82][btl_tcp.c:559:mca_btl_tcp_recv_blocking] recv(71) failed: Connection reset by peer (104)
[tri0010][[19754,15482],57][btl_tcp.c:559:mca_btl_tcp_recv_blocking] recv(71) failed: Connection reset by peer (104)
[tri0010][[19754,15482],51][btl_tcp.c:559:mca_btl_tcp_recv_blocking] recv(71) failed: Connection reset by peer (104)
[tri0025][[19754,15482],64][btl_tcp.c:559:mca_btl_tcp_recv_blocking] recv(71) failed: Connection reset by peer (104)
[tri0025][[19754,15482],66][btl_tcp.c:559:mca_btl_tcp_recv_blocking] recv(71) failed: Connection reset by peer (104)
[tri0010][[19754,15482],53][btl_tcp.c:559:mca_btl_tcp_recv_blocking] recv(71) failed: Connection reset by peer (104)
[tri0025][[19754,15482],110][btl_tcp.c:559:mca_btl_tcp_recv_blocking] recv(71) failed: Connection reset by peer (104)
[tri0025][[19754,15482],66][btl_tcp.c:559:mca_btl_tcp_recv_blocking] recv(71) failed: Connection reset by peer (104)
[tri0025][[19754,15482],67][btl_tcp.c:559:mca_btl_tcp_recv_blocking] recv(71) failed: Connection reset by peer (104)
[tri0010][[19754,15482],61][btl_tcp.c:559:mca_btl_tcp_recv_blocking] recv(71) failed: Connection reset by peer (104)
[tri0025][[19754,15482],114][btl_tcp.c:559:mca_btl_tcp_recv_blocking] recv(71) failed: Connection reset by peer (104)
[tri0025][[19754,15482],66][btl_tcp.c:559:mca_btl_tcp_recv_blocking] recv(71) failed: Connection reset by peer (104)
[tri0010][[19754,15482],16][btl_tcp.c:559:mca_btl_tcp_recv_blocking] recv(71) failed: Connection reset by peer (104)
[tri0025][[19754,15482],92][btl_tcp.c:559:mca_btl_tcp_recv_blocking] recv(71) failed: Connection reset by peer (104)
[tri0025][[19754,15482],66][btl_tcp.c:559:mca_btl_tcp_recv_blocking] recv(71) failed: Connection reset by peer (104)
[tri0010][[19754,15482],58][btl_tcp.c:559:mca_btl_tcp_recv_blocking] recv(71) failed: Connection reset by peer (104)
[tri0025][[19754,15482],69][btl_tcp.c:559:mca_btl_tcp_recv_blocking] recv(71) failed: Connection reset by peer (104)
[tri0025][[19754,15482],66][btl_tcp.c:559:mca_btl_tcp_recv_blocking] recv(71) failed: Connection reset by peer (104)
[tri0010][[19754,15482],38][btl_tcp.c:559:mca_btl_tcp_recv_blocking] recv(71) failed: Connection reset by peer (104)
[tri0025][[19754,15482],74][btl_tcp.c:559:mca_btl_tcp_recv_blocking] recv(71) failed: Connection reset by peer (104)
[tri0010][[19754,15482],39][btl_tcp.c:559:mca_btl_tcp_recv_blocking] recv(71) failed: Connection reset by peer (104)
[tri0025][[19754,15482],122][btl_tcp.c:559:mca_btl_tcp_recv_blocking] recv(71) failed: Connection reset by peer (104)
[tri0010][[19754,15482],8][btl_tcp.c:559:mca_btl_tcp_recv_blocking] recv(71) failed: Connection reset by peer (104)
[tri0025][[19754,15482],80][btl_tcp.c:559:mca_btl_tcp_recv_blocking] recv(71) failed: Connection reset by peer (104)
[tri0010][[19754,15482],40][btl_tcp.c:559:mca_btl_tcp_recv_blocking] recv(71) failed: Connection reset by peer (104)
[tri0025][[19754,15482],118][btl_tcp.c:559:mca_btl_tcp_recv_blocking] recv(71) failed: Connection reset by peer (104)
[tri0010][[19754,15482],0][btl_tcp.c:559:mca_btl_tcp_recv_blocking] recv(72) failed: Connection reset by peer (104)
[tri0025][[19754,15482],100][btl_tcp.c:559:mca_btl_tcp_recv_blocking] recv(71) failed: Connection reset by peer (104)
[tri0010][[19754,15482],42][btl_tcp.c:559:mca_btl_tcp_recv_blocking] recv(71) failed: Connection reset by peer (104)
[tri0025][[19754,15482],76][btl_tcp.c:559:mca_btl_tcp_recv_blocking] recv(71) failed: Connection reset by peer (104)
[tri0010][[19754,15482],12][btl_tcp.c:559:mca_btl_tcp_recv_blocking] recv(71) failed: Connection reset by peer (104)
[tri0010][[19754,15482],56][btl_tcp.c:559:mca_btl_tcp_recv_blocking] recv(71) failed: Connection reset by peer (104)
[tri0025][[19754,15482],71][btl_tcp.c:559:mca_btl_tcp_recv_blocking] recv(71) failed: Connection reset by peer (104)
[tri0010][[19754,15482],25][btl_tcp.c:559:mca_btl_tcp_recv_blocking] recv(71) failed: Connection reset by peer (104)
[tri0010][[19754,15482],49][btl_tcp.c:559:mca_btl_tcp_recv_blocking] recv(71) failed: Connection reset by peer (104)
[tri0025][[19754,15482],75][btl_tcp.c:559:mca_btl_tcp_recv_blocking] recv(71) failed: Connection reset by peer (104)
[tri0010][[19754,15482],34][btl_tcp.c:559:mca_btl_tcp_recv_blocking] recv(71) failed: Connection reset by peer (104)
[tri0025][[19754,15482],86][btl_tcp.c:559:mca_btl_tcp_recv_blocking] recv(71) failed: Connection reset by peer (104)
[tri0025][[19754,15482],73][btl_tcp.c:559:mca_btl_tcp_recv_blocking] recv(71) failed: Connection reset by peer (104)
[tri0010][[19754,15482],12][btl_tcp.c:559:mca_btl_tcp_recv_blocking] recv(71) failed: Connection reset by peer (104)
[tri0010][[19754,15482],12][btl_tcp.c:559:mca_btl_tcp_recv_blocking] recv(71) failed: Connection reset by peer (104)
[tri0010][[19754,15482],5][btl_tcp.c:559:mca_btl_tcp_recv_blocking] recv(71) failed: Connection reset by peer (104)
[tri0025][[19754,15482],108][btl_tcp.c:559:mca_btl_tcp_recv_blocking] recv(71) failed: Connection reset by peer (104)
[tri0010][[19754,15482],32][btl_tcp.c:559:mca_btl_tcp_recv_blocking] recv(71) failed: Connection reset by peer (104)
[tri0025][[19754,15482],70][btl_tcp.c:559:mca_btl_tcp_recv_blocking] recv(71) failed: Connection reset by peer (104)
[tri0025][[19754,15482],82][btl_tcp.c:559:mca_btl_tcp_recv_blocking] recv(71) failed: Connection reset by peer (104)
[tri0010][[19754,15482],4][btl_tcp.c:559:mca_btl_tcp_recv_blocking] recv(71) failed: Connection reset by peer (104)
[tri0025][[19754,15482],111][btl_tcp.c:559:mca_btl_tcp_recv_blocking] recv(71) failed: Connection reset by peer (104)
[tri0010][[19754,15482],37][btl_tcp.c:559:mca_btl_tcp_recv_blocking] recv(71) failed: Connection reset by peer (104)
[tri0025][[19754,15482],115][btl_tcp.c:559:mca_btl_tcp_recv_blocking] recv(71) failed: Connection reset by peer (104)
[tri0010][[19754,15482],14][btl_tcp.c:559:mca_btl_tcp_recv_blocking] recv(71) failed: Connection reset by peer (104)
[tri0025][[19754,15482],88][btl_tcp.c:559:mca_btl_tcp_recv_blocking] recv(71) failed: Connection reset by peer (104)
[tri0010][[19754,15482],35][btl_tcp.c:559:mca_btl_tcp_recv_blocking] recv(71) failed: Connection reset by peer (104)
[tri0025][[19754,15482],120][btl_tcp.c:559:mca_btl_tcp_recv_blocking] recv(71) failed: Connection reset by peer (104)
[tri0025][[19754,15482],82][btl_tcp.c:559:mca_btl_tcp_recv_blocking] recv(71) failed: Connection reset by peer (104)
[tri0025][[19754,15482],82][btl_tcp.c:559:mca_btl_tcp_recv_blocking] recv(71) failed: Connection reset by peer (104)
[tri0010][[19754,15482],45][btl_tcp.c:559:mca_btl_tcp_recv_blocking] recv(71) failed: Connection reset by peer (104)
[tri0025][[19754,15482],103][btl_tcp.c:559:mca_btl_tcp_recv_blocking] recv(71) failed: Connection reset by peer (104)
[tri0010][[19754,15482],29][btl_tcp.c:559:mca_btl_tcp_recv_blocking] recv(71) failed: Connection reset by peer (104)
[tri0025][[19754,15482],117][btl_tcp.c:559:mca_btl_tcp_recv_blocking] recv(71) failed: Connection reset by peer (104)
[tri0010][[19754,15482],20][btl_tcp.c:559:mca_btl_tcp_recv_blocking] recv(71) failed: Connection reset by peer (104)
[tri0025][[19754,15482],125][btl_tcp.c:559:mca_btl_tcp_recv_blocking] recv(71) failed: Connection reset by peer (104)
[tri0010][[19754,15482],11][btl_tcp.c:559:mca_btl_tcp_recv_blocking] recv(71) failed: Connection reset by peer (104)
[tri0025][[19754,15482],81][btl_tcp.c:559:mca_btl_tcp_recv_blocking] recv(71) failed: Connection reset by peer (104)
[tri0010][[19754,15482],60][btl_tcp.c:559:mca_btl_tcp_recv_blocking] recv(71) failed: Connection reset by peer (104)
[tri0010][[19754,15482],59][btl_tcp.c:559:mca_btl_tcp_recv_blocking] recv(71) failed: Connection reset by peer (104)
[tri0025][[19754,15482],72][btl_tcp.c:559:mca_btl_tcp_recv_blocking] recv(71) failed: Connection reset by peer (104)
[tri0010][[19754,15482],63][btl_tcp.c:559:mca_btl_tcp_recv_blocking] recv(71) failed: Connection reset by peer (104)
[tri0025][[19754,15482],78][btl_tcp.c:559:mca_btl_tcp_recv_blocking] recv(71) failed: Connection reset by peer (104)
[tri0025][[19754,15482],98][btl_tcp.c:559:mca_btl_tcp_recv_blocking] recv(71) failed: Connection reset by peer (104)
[tri0010][[19754,15482],33][btl_tcp.c:559:mca_btl_tcp_recv_blocking] recv(71) failed: Connection reset by peer (104)
[tri0025][[19754,15482],107][btl_tcp.c:559:mca_btl_tcp_recv_blocking] recv(71) failed: Connection reset by peer (104)
[tri0010][[19754,15482],15][btl_tcp.c:559:mca_btl_tcp_recv_blocking] recv(71) failed: Connection reset by peer (104)
[tri0025][[19754,15482],95][btl_tcp.c:559:mca_btl_tcp_recv_blocking] recv(71) failed: Connection reset by peer (104)
[tri0025][[19754,15482],93][btl_tcp.c:559:mca_btl_tcp_recv_blocking] recv(71) failed: Connection reset by peer (104)
[tri0010][[19754,15482],30][btl_tcp.c:559:mca_btl_tcp_recv_blocking] recv(71) failed: Connection reset by peer (104)
[tri0025][[19754,15482],121][btl_tcp.c:559:mca_btl_tcp_recv_blocking] recv(71) failed: Connection reset by peer (104)
[tri0010][[19754,15482],21][btl_tcp.c:559:mca_btl_tcp_recv_blocking] recv(71) failed: Connection reset by peer (104)
[tri0025][[19754,15482],87][btl_tcp.c:559:mca_btl_tcp_recv_blocking] recv(71) failed: Connection reset by peer (104)
[tri0010][[19754,15482],41][btl_tcp.c:559:mca_btl_tcp_recv_blocking] recv(71) failed: Connection reset by peer (104)
[tri0010][[19754,15482],52][btl_tcp.c:559:mca_btl_tcp_recv_blocking] recv(71) failed: Connection reset by peer (104)
[tri0010][[19754,15482],7][btl_tcp.c:559:mca_btl_tcp_recv_blocking] recv(71) failed: Connection reset by peer (104)
[tri0010][[19754,15482],36][btl_tcp.c:559:mca_btl_tcp_recv_blocking] recv(71) failed: Connection reset by peer (104)
[tri0010][[19754,15482],25][btl_tcp.c:559:mca_btl_tcp_recv_blocking] recv(71) failed: Connection reset by peer (104)
[tri0010][[19754,15482],30][btl_tcp.c:559:mca_btl_tcp_recv_blocking] recv(71) failed: Connection reset by peer (104)
[tri0010][[19754,15482],57][btl_tcp.c:559:mca_btl_tcp_recv_blocking] recv(71) failed: Connection reset by peer (104)
[tri0010][[19754,15482],60][btl_tcp.c:559:mca_btl_tcp_recv_blocking] recv(71) failed: Connection reset by peer (104)
[tri0010][[19754,15482],17][btl_tcp.c:559:mca_btl_tcp_recv_blocking] recv(71) failed: Connection reset by peer (104)
[tri0010][[19754,15482],26][btl_tcp.c:559:mca_btl_tcp_recv_blocking] recv(71) failed: Connection reset by peer (104)
[tri0010][[19754,15482],9][btl_tcp.c:559:mca_btl_tcp_recv_blocking] recv(71) failed: Connection reset by peer (104)
[tri0010][[19754,15482],50][btl_tcp.c:559:mca_btl_tcp_recv_blocking] recv(71) failed: Connection reset by peer (104)
[tri0010][[19754,15482],21][btl_tcp.c:559:mca_btl_tcp_recv_blocking] recv(71) failed: Connection reset by peer (104)
[tri0010][[19754,15482],23][btl_tcp.c:559:mca_btl_tcp_recv_blocking] recv(71) failed: Connection reset by peer (104)
[tri0010][[19754,15482],48][btl_tcp.c:559:mca_btl_tcp_recv_blocking] recv(71) failed: Connection reset by peer (104)
[tri0010][[19754,15482],1][btl_tcp.c:559:mca_btl_tcp_recv_blocking] recv(71) failed: Connection reset by peer (104)
[tri0010][[19754,15482],62][btl_tcp.c:559:mca_btl_tcp_recv_blocking] recv(71) failed: Connection reset by peer (104)
[tri0010][[19754,15482],10][btl_tcp.c:559:mca_btl_tcp_recv_blocking] recv(71) failed: Connection reset by peer (104)
[tri0010][[19754,15482],2][btl_tcp.c:559:mca_btl_tcp_recv_blocking] recv(71) failed: Connection reset by peer (104)
[tri0010][[19754,15482],44][btl_tcp.c:559:mca_btl_tcp_recv_blocking] recv(71) failed: Connection reset by peer (104)
[tri0010][[19754,15482],27][btl_tcp.c:559:mca_btl_tcp_recv_blocking] recv(71) failed: Connection reset by peer (104)
[tri0010][[19754,15482],13][btl_tcp.c:559:mca_btl_tcp_recv_blocking] recv(71) failed: Connection reset by peer (104)
[tri0010][[19754,15482],43][btl_tcp.c:559:mca_btl_tcp_recv_blocking] recv(71) failed: Connection reset by peer (104)
[tri0010][[19754,15482],55][btl_tcp.c:559:mca_btl_tcp_recv_blocking] recv(71) failed: Connection reset by peer (104)
[tri0010][[19754,15482],3][btl_tcp.c:559:mca_btl_tcp_recv_blocking] recv(71) failed: Connection reset by peer (104)
[tri0010][[19754,15482],51][btl_tcp.c:559:mca_btl_tcp_recv_blocking] recv(71) failed: Connection reset by peer (104)
[tri0010][[19754,15482],61][btl_tcp.c:559:mca_btl_tcp_recv_blocking] recv(71) failed: Connection reset by peer (104)
[tri0010][[19754,15482],12][btl_tcp.c:559:mca_btl_tcp_recv_blocking] recv(71) failed: Connection reset by peer (104)
[tri0010][[19754,15482],16][btl_tcp.c:559:mca_btl_tcp_recv_blocking] recv(71) failed: Connection reset by peer (104)
[tri0010][[19754,15482],39][btl_tcp.c:559:mca_btl_tcp_recv_blocking] recv(71) failed: Connection reset by peer (104)
[tri0010][[19754,15482],5][btl_tcp.c:559:mca_btl_tcp_recv_blocking] recv(71) failed: Connection reset by peer (104)
[tri0010][[19754,15482],58][btl_tcp.c:559:mca_btl_tcp_recv_blocking] recv(71) failed: Connection reset by peer (104)
[tri0010][[19754,15482],37][btl_tcp.c:559:mca_btl_tcp_recv_blocking] recv(71) failed: Connection reset by peer (104)
[tri0010][[19754,15482],40][btl_tcp.c:559:mca_btl_tcp_recv_blocking] recv(71) failed: Connection reset by peer (104)
[tri0010][[19754,15482],42][btl_tcp.c:559:mca_btl_tcp_recv_blocking] recv(71) failed: Connection reset by peer (104)
[tri0010][[19754,15482],29][btl_tcp.c:559:mca_btl_tcp_recv_blocking] recv(71) failed: Connection reset by peer (104)
[tri0010][[19754,15482],0][btl_tcp.c:559:mca_btl_tcp_recv_blocking] recv(72) failed: Connection reset by peer (104)
[tri0010][[19754,15482],47][btl_tcp.c:559:mca_btl_tcp_recv_blocking] recv(71) failed: Connection reset by peer (104)
[tri0010][[19754,15482],35][btl_tcp.c:559:mca_btl_tcp_recv_blocking] recv(71) failed: Connection reset by peer (104)
[tri0010][[19754,15482],32][btl_tcp.c:559:mca_btl_tcp_recv_blocking] recv(71) failed: Connection reset by peer (104)
[tri0010][[19754,15482],38][btl_tcp.c:559:mca_btl_tcp_recv_blocking] recv(71) failed: Connection reset by peer (104)
[tri0010][[19754,15482],34][btl_tcp.c:559:mca_btl_tcp_recv_blocking] recv(71) failed: Connection reset by peer (104)
[tri0010][[19754,15482],53][btl_tcp.c:559:mca_btl_tcp_recv_blocking] recv(71) failed: Connection reset by peer (104)
[tri0010][[19754,15482],11][btl_tcp.c:559:mca_btl_tcp_recv_blocking] recv(71) failed: Connection reset by peer (104)
[tri0010][[19754,15482],20][btl_tcp.c:559:mca_btl_tcp_recv_blocking] recv(71) failed: Connection reset by peer (104)
[tri0010][[19754,15482],4][btl_tcp.c:559:mca_btl_tcp_recv_blocking] recv(71) failed: Connection reset by peer (104)
[tri0010][[19754,15482],8][btl_tcp.c:559:mca_btl_tcp_recv_blocking] recv(71) failed: Connection reset by peer (104)
[tri0010][[19754,15482],14][btl_tcp.c:559:mca_btl_tcp_recv_blocking] recv(71) failed: Connection reset by peer (104)
[tri0010][[19754,15482],49][btl_tcp.c:559:mca_btl_tcp_recv_blocking] recv(71) failed: Connection reset by peer (104)
[tri0010][[19754,15482],63][btl_tcp.c:559:mca_btl_tcp_recv_blocking] recv(71) failed: Connection reset by peer (104)
[tri0010][[19754,15482],45][btl_tcp.c:559:mca_btl_tcp_recv_blocking] recv(71) failed: Connection reset by peer (104)
[tri0010][[19754,15482],59][btl_tcp.c:559:mca_btl_tcp_recv_blocking] recv(71) failed: Connection reset by peer (104)
[tri0010][[19754,15482],33][btl_tcp.c:559:mca_btl_tcp_recv_blocking] recv(71) failed: Connection reset by peer (104)
[tri0010][[19754,15482],15][btl_tcp.c:559:mca_btl_tcp_recv_blocking] recv(71) failed: Connection reset by peer (104)
[tri0010][[19754,15482],46][btl_tcp.c:559:mca_btl_tcp_recv_blocking] recv(71) failed: Connection reset by peer (104)
[tri0025][[19754,15482],89][btl_tcp.c:559:mca_btl_tcp_recv_blocking] recv(71) failed: Connection reset by peer (104)
[tri0025][[19754,15482],101][btl_tcp.c:559:mca_btl_tcp_recv_blocking] recv(71) failed: Connection reset by peer (104)
[tri0025][[19754,15482],97][btl_tcp.c:559:mca_btl_tcp_recv_blocking] recv(71) failed: Connection reset by peer (104)
[tri0025][[19754,15482],67][btl_tcp.c:559:mca_btl_tcp_recv_blocking] recv(71) failed: Connection reset by peer (104)
[tri0025][[19754,15482],73][btl_tcp.c:559:mca_btl_tcp_recv_blocking] recv(71) failed: Connection reset by peer (104)
[tri0025][[19754,15482],109][btl_tcp.c:559:mca_btl_tcp_recv_blocking] recv(71) failed: Connection reset by peer (104)
[tri0025][[19754,15482],126][btl_tcp.c:559:mca_btl_tcp_recv_blocking] recv(71) failed: Connection reset by peer (104)
[tri0025][[19754,15482],121][btl_tcp.c:559:mca_btl_tcp_recv_blocking] recv(71) failed: Connection reset by peer (104)
[tri0025][[19754,15482],112][btl_tcp.c:559:mca_btl_tcp_recv_blocking] recv(71) failed: Connection reset by peer (104)
[tri0025][[19754,15482],119][btl_tcp.c:559:mca_btl_tcp_recv_blocking] recv(71) failed: Connection reset by peer (104)
[tri0025][[19754,15482],98][btl_tcp.c:559:mca_btl_tcp_recv_blocking] recv(71) failed: Connection reset by peer (104)
[tri0025][[19754,15482],123][btl_tcp.c:559:mca_btl_tcp_recv_blocking] recv(71) failed: Connection reset by peer (104)
[tri0025][[19754,15482],79][btl_tcp.c:559:mca_btl_tcp_recv_blocking] recv(71) failed: Connection reset by peer (104)
[tri0025][[19754,15482],91][btl_tcp.c:559:mca_btl_tcp_recv_blocking] recv(71) failed: Connection reset by peer (104)
[tri0025][[19754,15482],87][btl_tcp.c:559:mca_btl_tcp_recv_blocking] recv(71) failed: Connection reset by peer (104)
[tri0025][[19754,15482],102][btl_tcp.c:559:mca_btl_tcp_recv_blocking] recv(71) failed: Connection reset by peer (104)
[tri0025][[19754,15482],124][btl_tcp.c:559:mca_btl_tcp_recv_blocking] recv(71) failed: Connection reset by peer (104)
[tri0025][[19754,15482],105][btl_tcp.c:559:mca_btl_tcp_recv_blocking] recv(71) failed: Connection reset by peer (104)
[tri0025][[19754,15482],65][btl_tcp.c:559:mca_btl_tcp_recv_blocking] recv(71) failed: Connection reset by peer (104)
[tri0025][[19754,15482],116][btl_tcp.c:559:mca_btl_tcp_recv_blocking] recv(71) failed: Connection reset by peer (104)
[tri0025][[19754,15482],113][btl_tcp.c:559:mca_btl_tcp_recv_blocking] recv(71) failed: Connection reset by peer (104)
[tri0025][[19754,15482],127][btl_tcp.c:559:mca_btl_tcp_recv_blocking] recv(71) failed: Connection reset by peer (104)
[tri0025][[19754,15482],77][btl_tcp.c:559:mca_btl_tcp_recv_blocking] recv(71) failed: Connection reset by peer (104)
[tri0025][[19754,15482],66][btl_tcp.c:559:mca_btl_tcp_recv_blocking] recv(71) failed: Connection reset by peer (104)
[tri0025][[19754,15482],99][btl_tcp.c:559:mca_btl_tcp_recv_blocking] recv(71) failed: Connection reset by peer (104)
[tri0025][[19754,15482],110][btl_tcp.c:559:mca_btl_tcp_recv_blocking] recv(71) failed: Connection reset by peer (104)
[tri0025][[19754,15482],114][btl_tcp.c:559:mca_btl_tcp_recv_blocking] recv(71) failed: Connection reset by peer (104)
[tri0025][[19754,15482],90][btl_tcp.c:559:mca_btl_tcp_recv_blocking] recv(71) failed: Connection reset by peer (104)
[tri0025][[19754,15482],92][btl_tcp.c:559:mca_btl_tcp_recv_blocking] recv(71) failed: Connection reset by peer (104)
[tri0025][[19754,15482],122][btl_tcp.c:559:mca_btl_tcp_recv_blocking] recv(71) failed: Connection reset by peer (104)
[tri0025][[19754,15482],111][btl_tcp.c:559:mca_btl_tcp_recv_blocking] recv(71) failed: Connection reset by peer (104)
[tri0025][[19754,15482],64][btl_tcp.c:559:mca_btl_tcp_recv_blocking] recv(71) failed: Connection reset by peer (104)
[tri0025][[19754,15482],69][btl_tcp.c:559:mca_btl_tcp_recv_blocking] recv(71) failed: Connection reset by peer (104)
[tri0025][[19754,15482],100][btl_tcp.c:559:mca_btl_tcp_recv_blocking] recv(71) failed: Connection reset by peer (104)
[tri0025][[19754,15482],103][btl_tcp.c:559:mca_btl_tcp_recv_blocking] recv(71) failed: Connection reset by peer (104)
[tri0025][[19754,15482],80][btl_tcp.c:559:mca_btl_tcp_recv_blocking] recv(71) failed: Connection reset by peer (104)
[tri0025][[19754,15482],95][btl_tcp.c:559:mca_btl_tcp_recv_blocking] recv(71) failed: Connection reset by peer (104)
[tri0025][[19754,15482],81][btl_tcp.c:559:mca_btl_tcp_recv_blocking] recv(71) failed: Connection reset by peer (104)
[tri0025][[19754,15482],78][btl_tcp.c:559:mca_btl_tcp_recv_blocking] recv(71) failed: Connection reset by peer (104)
[tri0025][[19754,15482],118][btl_tcp.c:559:mca_btl_tcp_recv_blocking] recv(71) failed: Connection reset by peer (104)
[tri0025][[19754,15482],71][btl_tcp.c:559:mca_btl_tcp_recv_blocking] recv(71) failed: Connection reset by peer (104)
[tri0025][[19754,15482],117][btl_tcp.c:559:mca_btl_tcp_recv_blocking] recv(71) failed: Connection reset by peer (104)
[tri0025][[19754,15482],107][btl_tcp.c:559:mca_btl_tcp_recv_blocking] recv(71) failed: Connection reset by peer (104)
[tri0025][[19754,15482],74][btl_tcp.c:559:mca_btl_tcp_recv_blocking] recv(71) failed: Connection reset by peer (104)
[tri0025][[19754,15482],120][btl_tcp.c:559:mca_btl_tcp_recv_blocking] recv(71) failed: Connection reset by peer (104)
[tri0025][[19754,15482],82][btl_tcp.c:559:mca_btl_tcp_recv_blocking] recv(71) failed: Connection reset by peer (104)
[tri0025][[19754,15482],76][btl_tcp.c:559:mca_btl_tcp_recv_blocking] recv(71) failed: Connection reset by peer (104)
[tri0025][[19754,15482],86][btl_tcp.c:559:mca_btl_tcp_recv_blocking] recv(71) failed: Connection reset by peer (104)
[tri0025][[19754,15482],108][btl_tcp.c:559:mca_btl_tcp_recv_blocking] recv(71) failed: Connection reset by peer (104)
[tri0025][[19754,15482],75][btl_tcp.c:559:mca_btl_tcp_recv_blocking] recv(71) failed: Connection reset by peer (104)
[tri0025][[19754,15482],88][btl_tcp.c:559:mca_btl_tcp_recv_blocking] recv(71) failed: Connection reset by peer (104)
[tri0025][[19754,15482],115][btl_tcp.c:559:mca_btl_tcp_recv_blocking] recv(71) failed: Connection reset by peer (104)
[tri0025][[19754,15482],72][btl_tcp.c:559:mca_btl_tcp_recv_blocking] recv(71) failed: Connection reset by peer (104)
[tri0025][[19754,15482],70][btl_tcp.c:559:mca_btl_tcp_recv_blocking] recv(71) failed: Connection reset by peer (104)
[tri0025][[19754,15482],93][btl_tcp.c:559:mca_btl_tcp_recv_blocking] recv(71) failed: Connection reset by peer (104)
[tri0025][[19754,15482],125][btl_tcp.c:559:mca_btl_tcp_recv_blocking] recv(71) failed: Connection reset by peer (104)
srun: Job step aborted: Waiting up to 62 seconds for job step to finish.
slurmstepd: error: *** JOB 1052888 ON tri0010 CANCELLED AT 2026-02-24T20:29:40 DUE TO TIME LIMIT ***
slurmstepd: error: *** STEP 1052888.0 ON tri0010 CANCELLED AT 2026-02-24T20:29:40 DUE TO TIME LIMIT ***
