
scontrol show job 1042765
JobId=1042765 JobName=interactive
   UserId=anthonyy(3152141) GroupId=anthonyy(3152141) MCS_label=N/A
   Priority=706874 Nice=0 Account=rrg-jphickey QOS=normal
   JobState=COMPLETING Reason=None Dependency=(null)
   Requeue=0 Restarts=0 BatchFlag=0 Reboot=0 ExitCode=0:0
   RunTime=01:54:06 TimeLimit=02:00:00 TimeMin=N/A
   SubmitTime=2026-02-21T17:39:58 EligibleTime=2026-02-21T17:39:58
   AccrueTime=2026-02-21T17:39:58
   StartTime=2026-02-21T17:41:14 EndTime=2026-02-21T19:35:20 Deadline=N/A
   SuspendTime=None SecsPreSuspend=0 LastSchedEval=2026-02-21T17:41:14 Scheduler=Main
   Partition=compute AllocNode:Sid=tri-login06:2450644
   ReqNodeList=(null) ExcNodeList=(null)
   NodeList=tri0949
   BatchHost=tri0949
   NumNodes=1 NumCPUs=192 NumTasks=32 CPUs/Task=1 ReqB:S:C:T=0:0:*:*
   ReqTRES=cpu=32,mem=767000M,node=1,billing=32
   AllocTRES=cpu=192,mem=767000M,node=1,billing=192
   Socks/Node=* NtasksPerN:B:S:C=0:0:*:* CoreSpec=*
   MinCPUsNode=1 MinMemoryNode=767000M MinTmpDiskNode=0
   Features=(null) DelayBoot=00:00:00
   OverSubscribe=NO Contiguous=0 Licenses=(null) Network=(null)
   Command=/bin/sh
   WorkDir=/scratch/anthonyy/reentry/orion/cases/m9_medium
   Comment=/opt/slurm/bin/salloc --account=rrg-jphickey --nodes=1 --ntasks=32 --time=2:00:00 
   

sacct -j 1042765
JobID           JobName    Account    Elapsed  MaxVMSize     MaxRSS  SystemCPU    UserCPU ExitCode 
------------ ---------- ---------- ---------- ---------- ---------- ---------- ---------- -------- 
1042765      interacti+ rrg-jphic+   01:54:06                         00:00:00   00:00:00      0:0 
1042765.int+ interacti+ rrg-jphic+   01:54:06                         00:00:00   00:00:00      0:0 
1042765.ext+     extern rrg-jphic+   01:54:06                         00:00:00   00:00:00      0:0 

