
scontrol show job 1042992
JobId=1042992 JobName=interactive
   UserId=anthonyy(3152141) GroupId=anthonyy(3152141) MCS_label=N/A
   Priority=708290 Nice=0 Account=rrg-jphickey QOS=normal
   JobState=COMPLETING Reason=None Dependency=(null)
   Requeue=0 Restarts=0 BatchFlag=0 Reboot=0 ExitCode=0:0
   RunTime=01:34:45 TimeLimit=02:00:00 TimeMin=N/A
   SubmitTime=2026-02-21T19:35:27 EligibleTime=2026-02-21T19:35:27
   AccrueTime=Unknown
   StartTime=2026-02-21T19:35:27 EndTime=2026-02-21T21:10:12 Deadline=N/A
   SuspendTime=None SecsPreSuspend=0 LastSchedEval=2026-02-21T19:35:27 Scheduler=Main
   Partition=compute AllocNode:Sid=tri-login06:2450644
   ReqNodeList=(null) ExcNodeList=(null)
   NodeList=tri0124
   BatchHost=tri0124
   NumNodes=1 NumCPUs=192 NumTasks=32 CPUs/Task=1 ReqB:S:C:T=0:0:*:*
   ReqTRES=cpu=32,mem=767000M,node=1,billing=32
   AllocTRES=cpu=192,mem=767000M,node=1,billing=192
   Socks/Node=* NtasksPerN:B:S:C=0:0:*:* CoreSpec=*
   MinCPUsNode=1 MinMemoryNode=767000M MinTmpDiskNode=0
   Features=(null) DelayBoot=00:00:00
   OverSubscribe=NO Contiguous=0 Licenses=(null) Network=(null)
   Command=/bin/sh
   WorkDir=/scratch/anthonyy/reentry/orion/cases/m9_medium
   Comment=/opt/slurm/bin/salloc --account=rrg-jphickey --nodes=1 --ntasks=32 --time=2:00:00 
   

sacct -j 1042992
JobID           JobName    Account    Elapsed  MaxVMSize     MaxRSS  SystemCPU    UserCPU ExitCode 
------------ ---------- ---------- ---------- ---------- ---------- ---------- ---------- -------- 
1042992      interacti+ rrg-jphic+   01:34:45                        20:05.088 2-01:15:57      0:0 
1042992.int+ interacti+ rrg-jphic+   01:35:48          0 482897028K  20:05.087 2-01:15:57      0:9 
1042992.ext+     extern rrg-jphic+   01:35:44          0          0   00:00:00   00:00:00      0:0 

