
scontrol show job 1198918
JobId=1198918 JobName=m6_aoa40
   UserId=anthonyy(3152141) GroupId=anthonyy(3152141) MCS_label=N/A
   Priority=541882 Nice=0 Account=rrg-jphickey QOS=normal
   JobState=CANCELLED Reason=None Dependency=(null)
   Requeue=0 Restarts=0 BatchFlag=1 Reboot=0 ExitCode=0:54
   RunTime=00:00:03 TimeLimit=18:00:00 TimeMin=N/A
   SubmitTime=2026-03-19T02:41:46 EligibleTime=2026-03-19T02:41:46
   AccrueTime=2026-03-19T02:41:46
   StartTime=2026-03-19T02:47:53 EndTime=2026-03-19T02:47:56 Deadline=N/A
   SuspendTime=None SecsPreSuspend=0 LastSchedEval=2026-03-19T02:47:53 Scheduler=Main
   Partition=compute AllocNode:Sid=tri-login05:535502
   ReqNodeList=(null) ExcNodeList=(null)
   NodeList=tri[0291,0397]
   BatchHost=tri0291
   NumNodes=2 NumCPUs=384 NumTasks=128 CPUs/Task=1 ReqB:S:C:T=0:0:*:*
   ReqTRES=cpu=128,mem=1534000M,node=2,billing=128
   AllocTRES=cpu=384,mem=1534000M,node=2,billing=384
   Socks/Node=* NtasksPerN:B:S:C=64:0:*:* CoreSpec=*
   MinCPUsNode=64 MinMemoryNode=767000M MinTmpDiskNode=0
   Features=(null) DelayBoot=00:00:00
   OverSubscribe=NO Contiguous=0 Licenses=(null) Network=(null)
   Command=/scratch/anthonyy/reentry/orion/config/run.sh
   WorkDir=/scratch/anthonyy/reentry/orion/cases/m6_aoa40
   Comment=/opt/slurm/bin/sbatch --export=NONE --get-user-env=L --job-name m6_aoa40 --nodes 2 --ntasks-per-node 64 --cpus-per-task 1 --mem 0 --time 18:00:00 --account rrg-jphickey --output orion_%j.out --error orion_%j.err --chdir /scratch/anthonyy/reentry/orion/cases/m6_aoa40 /scratch/anthonyy/reentry/orion/config/run.sh /scratch/anthonyy/reentry/orion/config/generated/m6_aoa40.cfg 
   StdErr=/scratch/anthonyy/reentry/orion/cases/m6_aoa40/orion_1198918.err
   StdIn=/dev/null
   StdOut=/scratch/anthonyy/reentry/orion/cases/m6_aoa40/orion_1198918.out
   TresPerTask=cpu=1
   

sacct -j 1198918
JobID           JobName    Account    Elapsed  MaxVMSize     MaxRSS  SystemCPU    UserCPU ExitCode 
------------ ---------- ---------- ---------- ---------- ---------- ---------- ---------- -------- 
1198918        m6_aoa40 rrg-jphic+   00:00:03                        00:00.001   00:00:00     0:54 
1198918.bat+      batch rrg-jphic+   00:00:04          0      1192K  00:00.001   00:00:00     0:15 
1198918.ext+     extern rrg-jphic+   00:00:03                         00:00:00   00:00:00      0:0 

