The following modules were not unloaded:
  (Use "module --force purge" to unload all):

  1) CCconfig        6)  ucx/1.14.1         11) flexiblas/3.3.1
  2) gentoo/2023     7)  libfabric/1.18.0   12) aocl-blas/5.1
  3) gcccore/.12.3   8)  pmix/4.2.4         13) aocl-lapack/5.1
  4) gcc/12.3        9)  ucc/1.2.0          14) StdEnv/2023
  5) hwloc/2.9.1     10) openmpi/4.1.5
mca_fbtl_posix_pwritev: error in (p)write(v):Stale file handle
mca_fbtl_posix_pwritev: error in writev:Stale file handle
vulcan_write_all: fbtl_pwritev failed
mca_fbtl_posix_pwritev: error in (p)write(v):Stale file handle
vulcan_write_all: fbtl_pwritev failed
mca_fbtl_posix_pwritev: error in (p)write(v):Stale file handle
vulcan_write_all: fbtl_pwritev failed
mca_fbtl_posix_pwritev: error in (p)write(v):Stale file handle
vulcan_write_all: fbtl_pwritev failed
mca_fbtl_posix_pwritev: error in (p)write(v):Stale file handle
vulcan_write_all: fbtl_pwritev failed
mca_fbtl_posix_pwritev: error in (p)write(v):Stale file handle
vulcan_write_all: fbtl_pwritev failed
mca_fbtl_posix_pwritev: error in (p)write(v):Stale file handle
vulcan_write_all: fbtl_pwritev failed
mca_fbtl_posix_pwritev: error in (p)write(v):Stale file handle
vulcan_write_all: fbtl_pwritev failed
mca_fbtl_posix_pwritev: error in (p)write(v):Stale file handle
vulcan_write_all: fbtl_pwritev failed
mca_fbtl_posix_pwritev: error in (p)write(v):Stale file handle
vulcan_write_all: fbtl_pwritev failed
mca_fbtl_posix_pwritev: error in (p)write(v):Stale file handle
vulcan_write_all: fbtl_pwritev failed
mca_fbtl_posix_pwritev: error in (p)write(v):Stale file handle
vulcan_write_all: fbtl_pwritev failed
mca_fbtl_posix_pwritev: error in (p)write(v):Stale file handle
vulcan_write_all: fbtl_pwritev failed
mca_fbtl_posix_pwritev: error in (p)write(v):Stale file handle
vulcan_write_all: fbtl_pwritev failed
mca_fbtl_posix_pwritev: error in (p)write(v):Stale file handle
vulcan_write_all: fbtl_pwritev failed
mca_fbtl_posix_pwritev: error in (p)write(v):Stale file handle
vulcan_write_all: fbtl_pwritev failed
mca_fbtl_posix_pwritev: error in (p)write(v):Stale file handle
mca_fbtl_posix_pwritev: error in writev:Stale file handle
vulcan_write_all: fbtl_pwritev failed
mca_fbtl_posix_pwritev: error in (p)write(v):Stale file handle
vulcan_write_all: fbtl_pwritev failed
mca_fbtl_posix_pwritev: error in (p)write(v):Stale file handle
mca_fbtl_posix_pwritev: error in (p)write(v):Stale file handle
vulcan_write_all: fbtl_pwritev failed
mca_fbtl_posix_pwritev: error in (p)write(v):Stale file handle
vulcan_write_all: fbtl_pwritev failed
mca_fbtl_posix_pwritev: error in (p)write(v):Stale file handle
mca_fbtl_posix_pwritev: error in (p)write(v):Stale file handle
vulcan_write_all: fbtl_pwritev failed
vulcan_write_all: fbtl_pwritev failed
mca_fbtl_posix_pwritev: error in (p)write(v):Stale file handle
vulcan_write_all: fbtl_pwritev failed
vulcan_write_all: fbtl_pwritev failed
mca_fbtl_posix_pwritev: error in (p)write(v):Stale file handle
vulcan_write_all: fbtl_pwritev failed
mca_fbtl_posix_pwritev: error in (p)write(v):Stale file handle
vulcan_write_all: fbtl_pwritev failed
mca_fbtl_posix_pwritev: error in (p)write(v):Stale file handle
vulcan_write_all: fbtl_pwritev failed
mca_fbtl_posix_pwritev: error in (p)write(v):Stale file handle
vulcan_write_all: fbtl_pwritev failed
mca_fbtl_posix_pwritev: error in (p)write(v):Stale file handle
vulcan_write_all: fbtl_pwritev failed
mca_fbtl_posix_pwritev: error in (p)write(v):Stale file handle
vulcan_write_all: fbtl_pwritev failed
mca_fbtl_posix_pwritev: error in (p)write(v):Stale file handle
vulcan_write_all: fbtl_pwritev failed
mca_fbtl_posix_pwritev: error in (p)write(v):Stale file handle
vulcan_write_all: fbtl_pwritev failed
mca_fbtl_posix_pwritev: error in (p)write(v):Stale file handle
mca_fbtl_posix_pwritev: error in writev:Stale file handle
vulcan_write_all: fbtl_pwritev failed
mca_fbtl_posix_pwritev: error in (p)write(v):Stale file handle
vulcan_write_all: fbtl_pwritev failed
mca_fbtl_posix_pwritev: error in (p)write(v):Stale file handle
vulcan_write_all: fbtl_pwritev failed
mca_fbtl_posix_pwritev: error in (p)write(v):Stale file handle
vulcan_write_all: fbtl_pwritev failed
mca_fbtl_posix_pwritev: error in (p)write(v):Stale file handle
vulcan_write_all: fbtl_pwritev failed
mca_fbtl_posix_pwritev: error in (p)write(v):Stale file handle
vulcan_write_all: fbtl_pwritev failed
mca_fbtl_posix_pwritev: error in (p)write(v):Stale file handle
vulcan_write_all: fbtl_pwritev failed
mca_fbtl_posix_pwritev: error in (p)write(v):Stale file handle
vulcan_write_all: fbtl_pwritev failed
mca_fbtl_posix_pwritev: error in (p)write(v):Stale file handle
vulcan_write_all: fbtl_pwritev failed
mca_fbtl_posix_pwritev: error in (p)write(v):Stale file handle
vulcan_write_all: fbtl_pwritev failed
mca_fbtl_posix_pwritev: error in (p)write(v):Stale file handle
vulcan_write_all: fbtl_pwritev failed
mca_fbtl_posix_pwritev: error in (p)write(v):Stale file handle
vulcan_write_all: fbtl_pwritev failed
mca_fbtl_posix_pwritev: error in (p)write(v):Stale file handle
vulcan_write_all: fbtl_pwritev failed
mca_fbtl_posix_pwritev: error in (p)write(v):Stale file handle
vulcan_write_all: fbtl_pwritev failed
mca_fbtl_posix_pwritev: error in (p)write(v):Stale file handle
vulcan_write_all: fbtl_pwritev failed
mca_fbtl_posix_pwritev: error in (p)write(v):Stale file handle
vulcan_write_all: fbtl_pwritev failed
mca_fbtl_posix_pwritev: error in (p)write(v):Stale file handle
mca_fbtl_posix_pwritev: error in (p)write(v):Stale file handle
vulcan_write_all: fbtl_pwritev failed
mca_fbtl_posix_pwritev: error in (p)write(v):Stale file handle
vulcan_write_all: fbtl_pwritev failed
mca_fbtl_posix_pwritev: error in (p)write(v):Stale file handle
vulcan_write_all: fbtl_pwritev failed
mca_fbtl_posix_pwritev: error in (p)write(v):Stale file handle
vulcan_write_all: fbtl_pwritev failed
mca_fbtl_posix_pwritev: error in (p)write(v):Stale file handle
vulcan_write_all: fbtl_pwritev failed
mca_fbtl_posix_pwritev: error in (p)write(v):Stale file handle
vulcan_write_all: fbtl_pwritev failed
mca_fbtl_posix_pwritev: error in (p)write(v):Stale file handle
vulcan_write_all: fbtl_pwritev failed
mca_fbtl_posix_pwritev: error in writev:Stale file handle
vulcan_write_all: fbtl_pwritev failed
mca_fbtl_posix_pwritev: error in (p)write(v):Stale file handle
vulcan_write_all: fbtl_pwritev failed
mca_fbtl_posix_pwritev: error in (p)write(v):Stale file handle
vulcan_write_all: fbtl_pwritev failed
mca_fbtl_posix_pwritev: error in (p)write(v):Stale file handle
vulcan_write_all: fbtl_pwritev failed
mca_fbtl_posix_pwritev: error in (p)write(v):Stale file handle
vulcan_write_all: fbtl_pwritev failed
mca_fbtl_posix_pwritev: error in (p)write(v):Stale file handle
vulcan_write_all: fbtl_pwritev failed
mca_fbtl_posix_pwritev: error in (p)write(v):Stale file handle
vulcan_write_all: fbtl_pwritev failed
mca_fbtl_posix_pwritev: error in (p)write(v):Stale file handle
vulcan_write_all: fbtl_pwritev failed
mca_fbtl_posix_pwritev: error in (p)write(v):Stale file handle
vulcan_write_all: fbtl_pwritev failed
mca_fbtl_posix_pwritev: error in (p)write(v):Stale file handle
mca_fbtl_posix_pwritev: error in (p)write(v):Stale file handle
vulcan_write_all: fbtl_pwritev failed
mca_fbtl_posix_pwritev: error in (p)write(v):Stale file handle
vulcan_write_all: fbtl_pwritev failed
mca_fbtl_posix_pwritev: error in (p)write(v):Stale file handle
vulcan_write_all: fbtl_pwritev failed
mca_fbtl_posix_pwritev: error in (p)write(v):Stale file handle
vulcan_write_all: fbtl_pwritev failed
mca_fbtl_posix_pwritev: error in (p)write(v):Stale file handle
vulcan_write_all: fbtl_pwritev failed
mca_fbtl_posix_pwritev: error in writev:Stale file handle
vulcan_write_all: fbtl_pwritev failed
mca_fbtl_posix_pwritev: error in (p)write(v):Stale file handle
vulcan_write_all: fbtl_pwritev failed
mca_fbtl_posix_pwritev: error in (p)write(v):Stale file handle
vulcan_write_all: fbtl_pwritev failed
mca_fbtl_posix_pwritev: error in (p)write(v):Stale file handle
vulcan_write_all: fbtl_pwritev failed
mca_fbtl_posix_pwritev: error in (p)write(v):Stale file handle
vulcan_write_all: fbtl_pwritev failed
mca_fbtl_posix_pwritev: error in (p)write(v):Stale file handle
vulcan_write_all: fbtl_pwritev failed
mca_fbtl_posix_pwritev: error in (p)write(v):Stale file handle
vulcan_write_all: fbtl_pwritev failed
mca_fbtl_posix_pwritev: error in (p)write(v):Stale file handle
vulcan_write_all: fbtl_pwritev failed
mca_fbtl_posix_pwritev: error in (p)write(v):Stale file handle
vulcan_write_all: fbtl_pwritev failed
mca_fbtl_posix_pwritev: error in (p)write(v):Stale file handle
vulcan_write_all: fbtl_pwritev failed
mca_fbtl_posix_pwritev: error in (p)write(v):Stale file handle
vulcan_write_all: fbtl_pwritev failed
mca_fbtl_posix_pwritev: error in (p)write(v):Stale file handle
mca_fbtl_posix_pwritev: error in (p)write(v):Stale file handle
vulcan_write_all: fbtl_pwritev failed
mca_fbtl_posix_pwritev: error in (p)write(v):Stale file handle
vulcan_write_all: fbtl_pwritev failed
mca_fbtl_posix_pwritev: error in (p)write(v):Stale file handle
vulcan_write_all: fbtl_pwritev failed
mca_fbtl_posix_pwritev: error in writev:Stale file handle
vulcan_write_all: fbtl_pwritev failed
mca_fbtl_posix_pwritev: error in (p)write(v):Stale file handle
vulcan_write_all: fbtl_pwritev failed
mca_fbtl_posix_pwritev: error in (p)write(v):Stale file handle
vulcan_write_all: fbtl_pwritev failed
mca_fbtl_posix_pwritev: error in (p)write(v):Stale file handle
vulcan_write_all: fbtl_pwritev failed
mca_fbtl_posix_pwritev: error in (p)write(v):Stale file handle
vulcan_write_all: fbtl_pwritev failed
mca_fbtl_posix_pwritev: error in (p)write(v):Stale file handle
vulcan_write_all: fbtl_pwritev failed
mca_fbtl_posix_pwritev: error in (p)write(v):Stale file handle
vulcan_write_all: fbtl_pwritev failed
mca_fbtl_posix_pwritev: error in (p)write(v):Stale file handle
vulcan_write_all: fbtl_pwritev failed
mca_fbtl_posix_pwritev: error in (p)write(v):Stale file handle
vulcan_write_all: fbtl_pwritev failed
mca_fbtl_posix_pwritev: error in (p)write(v):Stale file handle
vulcan_write_all: fbtl_pwritev failed
mca_fbtl_posix_pwritev: error in (p)write(v):Stale file handle
vulcan_write_all: fbtl_pwritev failed
mca_fbtl_posix_pwritev: error in (p)write(v):Stale file handle
vulcan_write_all: fbtl_pwritev failed
mca_fbtl_posix_pwritev: error in (p)write(v):Stale file handle
vulcan_write_all: fbtl_pwritev failed
mca_fbtl_posix_pwritev: error in (p)write(v):Stale file handle
mca_fbtl_posix_pwritev: error in (p)write(v):Stale file handle
vulcan_write_all: fbtl_pwritev failed
mca_fbtl_posix_pwritev: error in (p)write(v):Stale file handle
vulcan_write_all: fbtl_pwritev failed
mca_fbtl_posix_pwritev: error in writev:Stale file handle
vulcan_write_all: fbtl_pwritev failed
mca_fbtl_posix_pwritev: error in (p)write(v):Stale file handle
vulcan_write_all: fbtl_pwritev failed
mca_fbtl_posix_pwritev: error in (p)write(v):Stale file handle
vulcan_write_all: fbtl_pwritev failed
mca_fbtl_posix_pwritev: error in (p)write(v):Stale file handle
vulcan_write_all: fbtl_pwritev failed
mca_fbtl_posix_pwritev: error in (p)write(v):Stale file handle
vulcan_write_all: fbtl_pwritev failed
mca_fbtl_posix_pwritev: error in (p)write(v):Stale file handle
vulcan_write_all: fbtl_pwritev failed
mca_fbtl_posix_pwritev: error in (p)write(v):Stale file handle
vulcan_write_all: fbtl_pwritev failed
mca_fbtl_posix_pwritev: error in (p)write(v):Stale file handle
vulcan_write_all: fbtl_pwritev failed
mca_fbtl_posix_pwritev: error in (p)write(v):Stale file handle
vulcan_write_all: fbtl_pwritev failed
mca_fbtl_posix_pwritev: error in (p)write(v):Stale file handle
vulcan_write_all: fbtl_pwritev failed
mca_fbtl_posix_pwritev: error in (p)write(v):Stale file handle
vulcan_write_all: fbtl_pwritev failed
mca_fbtl_posix_pwritev: error in (p)write(v):Stale file handle
vulcan_write_all: fbtl_pwritev failed
mca_fbtl_posix_pwritev: error in (p)write(v):Stale file handle
vulcan_write_all: fbtl_pwritev failed
mca_fbtl_posix_pwritev: error in (p)write(v):Stale file handle
vulcan_write_all: fbtl_pwritev failed
mca_fbtl_posix_pwritev: error in (p)write(v):Stale file handle
mca_fbtl_posix_pwritev: error in (p)write(v):Stale file handle
srun: Job step aborted: Waiting up to 62 seconds for job step to finish.
slurmstepd: error: *** JOB 1064660 ON tri0813 CANCELLED AT 2026-02-26T14:30:30 DUE TO TIME LIMIT ***
slurmstepd: error: *** STEP 1064660.0 ON tri0813 CANCELLED AT 2026-02-26T14:30:30 DUE TO TIME LIMIT ***
