The following modules were not unloaded:
  (Use "module --force purge" to unload all):

  1) gentoo/2023
[tri1009][[13502,8515],29][btl_tcp.c:559:mca_btl_tcp_recv_blocking] recv(71) failed: Connection reset by peer (104)
[tri1039][[13502,8515],125][btl_tcp.c:559:mca_btl_tcp_recv_blocking] recv(71) failed: Connection reset by peer (104)
[tri1009][[13502,8515],32][btl_tcp.c:559:mca_btl_tcp_recv_blocking] recv(71) failed: Connection reset by peer (104)
[tri1009][[13502,8515],4][btl_tcp.c:559:mca_btl_tcp_recv_blocking] recv(71) failed: Connection reset by peer (104)
[tri1009][[13502,8515],13][btl_tcp.c:559:mca_btl_tcp_recv_blocking] recv(71) failed: Connection reset by peer (104)
[tri1009][[13502,8515],48][btl_tcp.c:559:mca_btl_tcp_recv_blocking] recv(71) failed: Connection reset by peer (104)
[tri1009][[13502,8515],24][btl_tcp.c:559:mca_btl_tcp_recv_blocking] recv(71) failed: Connection reset by peer (104)
[tri1009][[13502,8515],13][btl_tcp.c:559:mca_btl_tcp_recv_blocking] recv(71) failed: Connection reset by peer (104)
[tri1009][[13502,8515],32][btl_tcp.c:559:mca_btl_tcp_recv_blocking] recv(71) failed: Connection reset by peer (104)
[tri1009][[13502,8515],55][btl_tcp.c:559:mca_btl_tcp_recv_blocking] recv(71) failed: Connection reset by peer (104)
[tri1009][[13502,8515],36][btl_tcp.c:559:mca_btl_tcp_recv_blocking] recv(71) failed: Connection reset by peer (104)
[tri1039][[13502,8515],97][btl_tcp.c:559:mca_btl_tcp_recv_blocking] recv(71) failed: Connection reset by peer (104)
[tri1039][[13502,8515],91][btl_tcp.c:559:mca_btl_tcp_recv_blocking] recv(71) failed: Connection reset by peer (104)
[tri1039][[13502,8515],94][btl_tcp.c:559:mca_btl_tcp_recv_blocking] recv(71) failed: Connection reset by peer (104)
[tri1039][[13502,8515],78][btl_tcp.c:559:mca_btl_tcp_recv_blocking] recv(71) failed: Connection reset by peer (104)
[tri1039][[13502,8515],109][btl_tcp.c:559:mca_btl_tcp_recv_blocking] recv(71) failed: Connection reset by peer (104)
[tri1009][[13502,8515],4][btl_tcp.c:559:mca_btl_tcp_recv_blocking] recv(71) failed: Connection reset by peer (104)
[tri1009][[13502,8515],48][btl_tcp.c:559:mca_btl_tcp_recv_blocking] recv(71) failed: Connection reset by peer (104)
[tri1009][[13502,8515],24][btl_tcp.c:559:mca_btl_tcp_recv_blocking] recv(71) failed: Connection reset by peer (104)
[tri1009][[13502,8515],49][btl_tcp.c:559:mca_btl_tcp_recv_blocking] recv(71) failed: Connection reset by peer (104)
[tri1009][[13502,8515],39][btl_tcp.c:559:mca_btl_tcp_recv_blocking] recv(71) failed: Connection reset by peer (104)
[tri1009][[13502,8515],10][btl_tcp.c:559:mca_btl_tcp_recv_blocking] recv(71) failed: Connection reset by peer (104)
[tri1039][[13502,8515],97][btl_tcp.c:559:mca_btl_tcp_recv_blocking] recv(71) failed: Connection reset by peer (104)
[tri1039][[13502,8515],94][btl_tcp.c:559:mca_btl_tcp_recv_blocking] recv(71) failed: Connection reset by peer (104)
[tri1039][[13502,8515],91][btl_tcp.c:559:mca_btl_tcp_recv_blocking] recv(71) failed: Connection reset by peer (104)
[tri1009][[13502,8515],36][btl_tcp.c:559:mca_btl_tcp_recv_blocking] recv(71) failed: Connection reset by peer (104)
[tri1009][[13502,8515],55][btl_tcp.c:559:mca_btl_tcp_recv_blocking] recv(71) failed: Connection reset by peer (104)
[tri1039][[13502,8515],76][btl_tcp.c:559:mca_btl_tcp_recv_blocking] recv(71) failed: Connection reset by peer (104)
[tri1039][[13502,8515],64][btl_tcp.c:559:mca_btl_tcp_recv_blocking] recv(71) failed: Connection reset by peer (104)
[tri1039][[13502,8515],67][btl_tcp.c:559:mca_btl_tcp_recv_blocking] recv(71) failed: Connection reset by peer (104)
[tri1009][[13502,8515],18][btl_tcp.c:559:mca_btl_tcp_recv_blocking] recv(71) failed: Connection reset by peer (104)
[tri1009][[13502,8515],19][btl_tcp.c:559:mca_btl_tcp_recv_blocking] recv(71) failed: Connection reset by peer (104)
[tri1039][[13502,8515],109][btl_tcp.c:559:mca_btl_tcp_recv_blocking] recv(71) failed: Connection reset by peer (104)
[tri1039][[13502,8515],78][btl_tcp.c:559:mca_btl_tcp_recv_blocking] recv(71) failed: Connection reset by peer (104)
[tri1009][[13502,8515],39][btl_tcp.c:559:mca_btl_tcp_recv_blocking] recv(71) failed: Connection reset by peer (104)
[tri1009][[13502,8515],49][btl_tcp.c:559:mca_btl_tcp_recv_blocking] recv(71) failed: Connection reset by peer (104)
[tri1009][[13502,8515],10][btl_tcp.c:559:mca_btl_tcp_recv_blocking] recv(71) failed: Connection reset by peer (104)
[tri1039][[13502,8515],75][btl_tcp.c:559:mca_btl_tcp_recv_blocking] recv(71) failed: Connection reset by peer (104)
[tri1009][[13502,8515],31][btl_tcp.c:559:mca_btl_tcp_recv_blocking] recv(71) failed: Connection reset by peer (104)
[tri1009][[13502,8515],61][btl_tcp.c:559:mca_btl_tcp_recv_blocking] recv(71) failed: Connection reset by peer (104)
[tri1009][[13502,8515],17][btl_tcp.c:559:mca_btl_tcp_recv_blocking] recv(71) failed: Connection reset by peer (104)
[tri1039][[13502,8515],103][btl_tcp.c:559:mca_btl_tcp_recv_blocking] recv(71) failed: Connection reset by peer (104)
[tri1039][[13502,8515],64][btl_tcp.c:559:mca_btl_tcp_recv_blocking] recv(71) failed: Connection reset by peer (104)
[tri1039][[13502,8515],76][btl_tcp.c:559:mca_btl_tcp_recv_blocking] recv(71) failed: Connection reset by peer (104)
[tri1039][[13502,8515],67][btl_tcp.c:559:mca_btl_tcp_recv_blocking] recv(71) failed: Connection reset by peer (104)
[tri1039][[13502,8515],84][btl_tcp.c:559:mca_btl_tcp_recv_blocking] recv(71) failed: Connection reset by peer (104)
[tri1039][[13502,8515],117][btl_tcp.c:559:mca_btl_tcp_recv_blocking] recv(71) failed: Connection reset by peer (104)
[tri1039][[13502,8515],96][btl_tcp.c:559:mca_btl_tcp_recv_blocking] recv(71) failed: Connection reset by peer (104)
[tri1009][[13502,8515],18][btl_tcp.c:559:mca_btl_tcp_recv_blocking] recv(71) failed: Connection reset by peer (104)
[tri1009][[13502,8515],19][btl_tcp.c:559:mca_btl_tcp_recv_blocking] recv(71) failed: Connection reset by peer (104)
[tri1009][[13502,8515],50][btl_tcp.c:559:mca_btl_tcp_recv_blocking] recv(71) failed: Connection reset by peer (104)
[tri1009][[13502,8515],5][btl_tcp.c:559:mca_btl_tcp_recv_blocking] recv(71) failed: Connection reset by peer (104)
[tri1039][[13502,8515],75][btl_tcp.c:559:mca_btl_tcp_recv_blocking] recv(71) failed: Connection reset by peer (104)
[tri1039][[13502,8515],125][btl_tcp.c:559:mca_btl_tcp_recv_blocking] recv(71) failed: Connection reset by peer (104)
[tri1009][[13502,8515],61][btl_tcp.c:559:mca_btl_tcp_recv_blocking] recv(71) failed: Connection reset by peer (104)
[tri1009][[13502,8515],31][btl_tcp.c:559:mca_btl_tcp_recv_blocking] recv(71) failed: Connection reset by peer (104)
[tri1009][[13502,8515],17][btl_tcp.c:559:mca_btl_tcp_recv_blocking] recv(71) failed: Connection reset by peer (104)
[tri1039][[13502,8515],103][btl_tcp.c:559:mca_btl_tcp_recv_blocking] recv(71) failed: Connection reset by peer (104)
[tri1009][[13502,8515],42][btl_tcp.c:559:mca_btl_tcp_recv_blocking] recv(71) failed: Connection reset by peer (104)
[tri1009][[13502,8515],51][btl_tcp.c:559:mca_btl_tcp_recv_blocking] recv(71) failed: Connection reset by peer (104)
[tri1009][[13502,8515],16][btl_tcp.c:559:mca_btl_tcp_recv_blocking] recv(71) failed: Connection reset by peer (104)
[tri1039][[13502,8515],116][btl_tcp.c:559:mca_btl_tcp_recv_blocking] recv(71) failed: Connection reset by peer (104)
[tri1009][[13502,8515],13][btl_tcp.c:559:mca_btl_tcp_recv_blocking] recv(71) failed: Connection reset by peer (104)
[tri1039][[13502,8515],84][btl_tcp.c:559:mca_btl_tcp_recv_blocking] recv(71) failed: Connection reset by peer (104)
[tri1039][[13502,8515],117][btl_tcp.c:559:mca_btl_tcp_recv_blocking] recv(71) failed: Connection reset by peer (104)
[tri1039][[13502,8515],96][btl_tcp.c:559:mca_btl_tcp_recv_blocking] recv(71) failed: Connection reset by peer (104)
[tri1009][[13502,8515],50][btl_tcp.c:559:mca_btl_tcp_recv_blocking] recv(71) failed: Connection reset by peer (104)
[tri1009][[13502,8515],5][btl_tcp.c:559:mca_btl_tcp_recv_blocking] recv(71) failed: Connection reset by peer (104)
[tri1039][[13502,8515],124][btl_tcp.c:559:mca_btl_tcp_recv_blocking] recv(71) failed: Connection reset by peer (104)
[tri1009][[13502,8515],56][btl_tcp.c:559:mca_btl_tcp_recv_blocking] recv(71) failed: Connection reset by peer (104)
[tri1039][[13502,8515],82][btl_tcp.c:559:mca_btl_tcp_recv_blocking] recv(71) failed: Connection reset by peer (104)
[tri1009][[13502,8515],29][btl_tcp.c:559:mca_btl_tcp_recv_blocking] recv(71) failed: Connection reset by peer (104)
[tri1039][[13502,8515],105][btl_tcp.c:559:mca_btl_tcp_recv_blocking] recv(71) failed: Connection reset by peer (104)
[tri1039][[13502,8515],125][btl_tcp.c:559:mca_btl_tcp_recv_blocking] recv(71) failed: Connection reset by peer (104)
[tri1039][[13502,8515],66][btl_tcp.c:559:mca_btl_tcp_recv_blocking] recv(71) failed: Connection reset by peer (104)
[tri1039][[13502,8515],116][btl_tcp.c:559:mca_btl_tcp_recv_blocking] recv(71) failed: Connection reset by peer (104)
[tri1009][[13502,8515],42][btl_tcp.c:559:mca_btl_tcp_recv_blocking] recv(71) failed: Connection reset by peer (104)
[tri1009][[13502,8515],51][btl_tcp.c:559:mca_btl_tcp_recv_blocking] recv(71) failed: Connection reset by peer (104)
[tri1009][[13502,8515],16][btl_tcp.c:559:mca_btl_tcp_recv_blocking] recv(71) failed: Connection reset by peer (104)
[tri1039][[13502,8515],121][btl_tcp.c:559:mca_btl_tcp_recv_blocking] recv(71) failed: Connection reset by peer (104)
[tri1009][[13502,8515],37][btl_tcp.c:559:mca_btl_tcp_recv_blocking] recv(71) failed: Connection reset by peer (104)
[tri1009][[13502,8515],11][btl_tcp.c:559:mca_btl_tcp_recv_blocking] recv(71) failed: Connection reset by peer (104)
[tri1009][[13502,8515],25][btl_tcp.c:559:mca_btl_tcp_recv_blocking] recv(71) failed: Connection reset by peer (104)
[tri1009][[13502,8515],32][btl_tcp.c:559:mca_btl_tcp_recv_blocking] recv(71) failed: Connection reset by peer (104)
[tri1039][[13502,8515],97][btl_tcp.c:559:mca_btl_tcp_recv_blocking] recv(71) failed: Connection reset by peer (104)
[tri1009][[13502,8515],4][btl_tcp.c:559:mca_btl_tcp_recv_blocking] recv(71) failed: Connection reset by peer (104)
[tri1039][[13502,8515],82][btl_tcp.c:559:mca_btl_tcp_recv_blocking] recv(71) failed: Connection reset by peer (104)
[tri1039][[13502,8515],124][btl_tcp.c:559:mca_btl_tcp_recv_blocking] recv(71) failed: Connection reset by peer (104)
[tri1039][[13502,8515],105][btl_tcp.c:559:mca_btl_tcp_recv_blocking] recv(71) failed: Connection reset by peer (104)
[tri1009][[13502,8515],56][btl_tcp.c:559:mca_btl_tcp_recv_blocking] recv(71) failed: Connection reset by peer (104)
[tri1009][[13502,8515],29][btl_tcp.c:559:mca_btl_tcp_recv_blocking] recv(71) failed: Connection reset by peer (104)
[tri1039][[13502,8515],111][btl_tcp.c:559:mca_btl_tcp_recv_blocking] recv(71) failed: Connection reset by peer (104)
[tri1039][[13502,8515],85][btl_tcp.c:559:mca_btl_tcp_recv_blocking] recv(71) failed: Connection reset by peer (104)
[tri1039][[13502,8515],110][btl_tcp.c:559:mca_btl_tcp_recv_blocking] recv(71) failed: Connection reset by peer (104)
[tri1009][[13502,8515],21][btl_tcp.c:559:mca_btl_tcp_recv_blocking] recv(71) failed: Connection reset by peer (104)
[tri1009][[13502,8515],59][btl_tcp.c:559:mca_btl_tcp_recv_blocking] recv(71) failed: Connection reset by peer (104)
[tri1039][[13502,8515],66][btl_tcp.c:559:mca_btl_tcp_recv_blocking] recv(71) failed: Connection reset by peer (104)
[tri1039][[13502,8515],114][btl_tcp.c:559:mca_btl_tcp_recv_blocking] recv(71) failed: Connection reset by peer (104)
[tri1009][[13502,8515],37][btl_tcp.c:559:mca_btl_tcp_recv_blocking] recv(71) failed: Connection reset by peer (104)
[tri1039][[13502,8515],121][btl_tcp.c:559:mca_btl_tcp_recv_blocking] recv(71) failed: Connection reset by peer (104)
[tri1009][[13502,8515],12][btl_tcp.c:559:mca_btl_tcp_recv_blocking] recv(71) failed: Connection reset by peer (104)
[tri1009][[13502,8515],11][btl_tcp.c:559:mca_btl_tcp_recv_blocking] recv(71) failed: Connection reset by peer (104)
[tri1009][[13502,8515],25][btl_tcp.c:559:mca_btl_tcp_recv_blocking] recv(71) failed: Connection reset by peer (104)
[tri1009][[13502,8515],44][btl_tcp.c:559:mca_btl_tcp_recv_blocking] recv(71) failed: Connection reset by peer (104)
[tri1009][[13502,8515],63][btl_tcp.c:559:mca_btl_tcp_recv_blocking] recv(71) failed: Connection reset by peer (104)
[tri1039][[13502,8515],106][btl_tcp.c:559:mca_btl_tcp_recv_blocking] recv(71) failed: Connection reset by peer (104)
[tri1039][[13502,8515],94][btl_tcp.c:559:mca_btl_tcp_recv_blocking] recv(71) failed: Connection reset by peer (104)
[tri1009][[13502,8515],3][btl_tcp.c:559:mca_btl_tcp_recv_blocking] recv(71) failed: Connection reset by peer (104)
[tri1039][[13502,8515],91][btl_tcp.c:559:mca_btl_tcp_recv_blocking] recv(71) failed: Connection reset by peer (104)
[tri1009][[13502,8515],48][btl_tcp.c:559:mca_btl_tcp_recv_blocking] recv(72) failed: Connection reset by peer (104)
[tri1009][[13502,8515],48][btl_tcp.c:559:mca_btl_tcp_recv_blocking] recv(71) failed: Connection reset by peer (104)
[tri1009][[13502,8515],24][btl_tcp.c:559:mca_btl_tcp_recv_blocking] recv(71) failed: Connection reset by peer (104)
[tri1039][[13502,8515],111][btl_tcp.c:559:mca_btl_tcp_recv_blocking] recv(71) failed: Connection reset by peer (104)
[tri1039][[13502,8515],85][btl_tcp.c:559:mca_btl_tcp_recv_blocking] recv(71) failed: Connection reset by peer (104)
[tri1039][[13502,8515],110][btl_tcp.c:559:mca_btl_tcp_recv_blocking] recv(71) failed: Connection reset by peer (104)
[tri1009][[13502,8515],59][btl_tcp.c:559:mca_btl_tcp_recv_blocking] recv(71) failed: Connection reset by peer (104)
[tri1009][[13502,8515],21][btl_tcp.c:559:mca_btl_tcp_recv_blocking] recv(71) failed: Connection reset by peer (104)
[tri1039][[13502,8515],81][btl_tcp.c:559:mca_btl_tcp_recv_blocking] recv(71) failed: Connection reset by peer (104)
[tri1039][[13502,8515],70][btl_tcp.c:559:mca_btl_tcp_recv_blocking] recv(71) failed: Connection reset by peer (104)
[tri1039][[13502,8515],113][btl_tcp.c:559:mca_btl_tcp_recv_blocking] recv(71) failed: Connection reset by peer (104)
[tri1009][[13502,8515],0][btl_tcp.c:559:mca_btl_tcp_recv_blocking] recv(72) failed: Connection reset by peer (104)
[tri1009][[13502,8515],38][btl_tcp.c:559:mca_btl_tcp_recv_blocking] recv(71) failed: Connection reset by peer (104)
[tri1039][[13502,8515],114][btl_tcp.c:559:mca_btl_tcp_recv_blocking] recv(71) failed: Connection reset by peer (104)
[tri1039][[13502,8515],108][btl_tcp.c:559:mca_btl_tcp_recv_blocking] recv(71) failed: Connection reset by peer (104)
[tri1009][[13502,8515],12][btl_tcp.c:559:mca_btl_tcp_recv_blocking] recv(71) failed: Connection reset by peer (104)
[tri1039][[13502,8515],106][btl_tcp.c:559:mca_btl_tcp_recv_blocking] recv(71) failed: Connection reset by peer (104)
[tri1009][[13502,8515],44][btl_tcp.c:559:mca_btl_tcp_recv_blocking] recv(71) failed: Connection reset by peer (104)
[tri1009][[13502,8515],63][btl_tcp.c:559:mca_btl_tcp_recv_blocking] recv(71) failed: Connection reset by peer (104)
[tri1039][[13502,8515],120][btl_tcp.c:559:mca_btl_tcp_recv_blocking] recv(71) failed: Connection reset by peer (104)
[tri1009][[13502,8515],54][btl_tcp.c:559:mca_btl_tcp_recv_blocking] recv(71) failed: Connection reset by peer (104)
[tri1009][[13502,8515],52][btl_tcp.c:559:mca_btl_tcp_recv_blocking] recv(71) failed: Connection reset by peer (104)
[tri1009][[13502,8515],15][btl_tcp.c:559:mca_btl_tcp_recv_blocking] recv(71) failed: Connection reset by peer (104)
[tri1039][[13502,8515],123][btl_tcp.c:559:mca_btl_tcp_recv_blocking] recv(71) failed: Connection reset by peer (104)
[tri1039][[13502,8515],109][btl_tcp.c:559:mca_btl_tcp_recv_blocking] recv(71) failed: Connection reset by peer (104)
[tri1009][[13502,8515],36][btl_tcp.c:559:mca_btl_tcp_recv_blocking] recv(71) failed: Connection reset by peer (104)
[tri1039][[13502,8515],97][btl_tcp.c:559:mca_btl_tcp_recv_blocking] recv(71) failed: Connection reset by peer (104)
[tri1039][[13502,8515],78][btl_tcp.c:559:mca_btl_tcp_recv_blocking] recv(71) failed: Connection reset by peer (104)
[tri1009][[13502,8515],55][btl_tcp.c:559:mca_btl_tcp_recv_blocking] recv(71) failed: Connection reset by peer (104)
[tri1009][[13502,8515],38][btl_tcp.c:559:mca_btl_tcp_recv_blocking] recv(71) failed: Connection reset by peer (104)
[tri1009][[13502,8515],0][btl_tcp.c:559:mca_btl_tcp_recv_blocking] recv(72) failed: Connection reset by peer (104)
[tri1039][[13502,8515],70][btl_tcp.c:559:mca_btl_tcp_recv_blocking] recv(71) failed: Connection reset by peer (104)
[tri1039][[13502,8515],81][btl_tcp.c:559:mca_btl_tcp_recv_blocking] recv(71) failed: Connection reset by peer (104)
[tri1039][[13502,8515],113][btl_tcp.c:559:mca_btl_tcp_recv_blocking] recv(71) failed: Connection reset by peer (104)
[tri1009][[13502,8515],57][btl_tcp.c:559:mca_btl_tcp_recv_blocking] recv(71) failed: Connection reset by peer (104)
[tri1039][[13502,8515],89][btl_tcp.c:559:mca_btl_tcp_recv_blocking] recv(71) failed: Connection reset by peer (104)
[tri1009][[13502,8515],14][btl_tcp.c:559:mca_btl_tcp_recv_blocking] recv(71) failed: Connection reset by peer (104)
[tri1039][[13502,8515],119][btl_tcp.c:559:mca_btl_tcp_recv_blocking] recv(71) failed: Connection reset by peer (104)
[tri1039][[13502,8515],99][btl_tcp.c:559:mca_btl_tcp_recv_blocking] recv(71) failed: Connection reset by peer (104)
[tri1039][[13502,8515],108][btl_tcp.c:559:mca_btl_tcp_recv_blocking] recv(71) failed: Connection reset by peer (104)
[tri1039][[13502,8515],77][btl_tcp.c:559:mca_btl_tcp_recv_blocking] recv(71) failed: Connection reset by peer (104)
[tri1039][[13502,8515],120][btl_tcp.c:559:mca_btl_tcp_recv_blocking] recv(71) failed: Connection reset by peer (104)
[tri1009][[13502,8515],52][btl_tcp.c:559:mca_btl_tcp_recv_blocking] recv(71) failed: Connection reset by peer (104)
[tri1009][[13502,8515],15][btl_tcp.c:559:mca_btl_tcp_recv_blocking] recv(71) failed: Connection reset by peer (104)
[tri1009][[13502,8515],54][btl_tcp.c:559:mca_btl_tcp_recv_blocking] recv(71) failed: Connection reset by peer (104)
[tri1009][[13502,8515],26][btl_tcp.c:559:mca_btl_tcp_recv_blocking] recv(71) failed: Connection reset by peer (104)
[tri1039][[13502,8515],72][btl_tcp.c:559:mca_btl_tcp_recv_blocking] recv(71) failed: Connection reset by peer (104)
[tri1009][[13502,8515],53][btl_tcp.c:559:mca_btl_tcp_recv_blocking] recv(71) failed: Connection reset by peer (104)
[tri1009][[13502,8515],47][btl_tcp.c:559:mca_btl_tcp_recv_blocking] recv(71) failed: Connection reset by peer (104)
[tri1039][[13502,8515],64][btl_tcp.c:559:mca_btl_tcp_recv_blocking] recv(71) failed: Connection reset by peer (104)
[tri1009][[13502,8515],39][btl_tcp.c:559:mca_btl_tcp_recv_blocking] recv(71) failed: Connection reset by peer (104)
[tri1039][[13502,8515],76][btl_tcp.c:559:mca_btl_tcp_recv_blocking] recv(71) failed: Connection reset by peer (104)
[tri1009][[13502,8515],49][btl_tcp.c:559:mca_btl_tcp_recv_blocking] recv(71) failed: Connection reset by peer (104)
[tri1009][[13502,8515],57][btl_tcp.c:559:mca_btl_tcp_recv_blocking] recv(71) failed: Connection reset by peer (104)
[tri1009][[13502,8515],14][btl_tcp.c:559:mca_btl_tcp_recv_blocking] recv(71) failed: Connection reset by peer (104)
[tri1039][[13502,8515],99][btl_tcp.c:559:mca_btl_tcp_recv_blocking] recv(71) failed: Connection reset by peer (104)
[tri1039][[13502,8515],89][btl_tcp.c:559:mca_btl_tcp_recv_blocking] recv(71) failed: Connection reset by peer (104)
[tri1039][[13502,8515],119][btl_tcp.c:559:mca_btl_tcp_recv_blocking] recv(71) failed: Connection reset by peer (104)
[tri1039][[13502,8515],88][btl_tcp.c:559:mca_btl_tcp_recv_blocking] recv(71) failed: Connection reset by peer (104)
[tri1009][[13502,8515],46][btl_tcp.c:559:mca_btl_tcp_recv_blocking] recv(71) failed: Connection reset by peer (104)
[tri1039][[13502,8515],92][btl_tcp.c:559:mca_btl_tcp_recv_blocking] recv(71) failed: Connection reset by peer (104)
[tri1039][[13502,8515],98][btl_tcp.c:559:mca_btl_tcp_recv_blocking] recv(71) failed: Connection reset by peer (104)
[tri1009][[13502,8515],20][btl_tcp.c:559:mca_btl_tcp_recv_blocking] recv(71) failed: Connection reset by peer (104)
[tri1039][[13502,8515],77][btl_tcp.c:559:mca_btl_tcp_recv_blocking] recv(71) failed: Connection reset by peer (104)
[tri1039][[13502,8515],95][btl_tcp.c:559:mca_btl_tcp_recv_blocking] recv(71) failed: Connection reset by peer (104)
[tri1039][[13502,8515],72][btl_tcp.c:559:mca_btl_tcp_recv_blocking] recv(71) failed: Connection reset by peer (104)
[tri1009][[13502,8515],26][btl_tcp.c:559:mca_btl_tcp_recv_blocking] recv(71) failed: Connection reset by peer (104)
[tri1009][[13502,8515],53][btl_tcp.c:559:mca_btl_tcp_recv_blocking] recv(71) failed: Connection reset by peer (104)
[tri1009][[13502,8515],47][btl_tcp.c:559:mca_btl_tcp_recv_blocking] recv(71) failed: Connection reset by peer (104)
[tri1039][[13502,8515],69][btl_tcp.c:559:mca_btl_tcp_recv_blocking] recv(71) failed: Connection reset by peer (104)
[tri1009][[13502,8515],8][btl_tcp.c:559:mca_btl_tcp_recv_blocking] recv(71) failed: Connection reset by peer (104)
[tri1009][[13502,8515],34][btl_tcp.c:559:mca_btl_tcp_recv_blocking] recv(71) failed: Connection reset by peer (104)
[tri1039][[13502,8515],67][btl_tcp.c:559:mca_btl_tcp_recv_blocking] recv(71) failed: Connection reset by peer (104)
[tri1009][[13502,8515],58][btl_tcp.c:559:mca_btl_tcp_recv_blocking] recv(71) failed: Connection reset by peer (104)
[tri1009][[13502,8515],10][btl_tcp.c:559:mca_btl_tcp_recv_blocking] recv(71) failed: Connection reset by peer (104)
[tri1039][[13502,8515],75][btl_tcp.c:559:mca_btl_tcp_recv_blocking] recv(71) failed: Connection reset by peer (104)
[tri1009][[13502,8515],18][btl_tcp.c:559:mca_btl_tcp_recv_blocking] recv(71) failed: Connection reset by peer (104)
[tri1039][[13502,8515],92][btl_tcp.c:559:mca_btl_tcp_recv_blocking] recv(71) failed: Connection reset by peer (104)
[tri1009][[13502,8515],20][btl_tcp.c:559:mca_btl_tcp_recv_blocking] recv(71) failed: Connection reset by peer (104)
[tri1009][[13502,8515],46][btl_tcp.c:559:mca_btl_tcp_recv_blocking] recv(71) failed: Connection reset by peer (104)
[tri1039][[13502,8515],88][btl_tcp.c:559:mca_btl_tcp_recv_blocking] recv(71) failed: Connection reset by peer (104)
[tri1039][[13502,8515],98][btl_tcp.c:559:mca_btl_tcp_recv_blocking] recv(71) failed: Connection reset by peer (104)
[tri1039][[13502,8515],73][btl_tcp.c:559:mca_btl_tcp_recv_blocking] recv(71) failed: Connection reset by peer (104)
[tri1009][[13502,8515],27][btl_tcp.c:559:mca_btl_tcp_recv_blocking] recv(71) failed: Connection reset by peer (104)
[tri1009][[13502,8515],2][btl_tcp.c:559:mca_btl_tcp_recv_blocking] recv(71) failed: Connection reset by peer (104)
[tri1039][[13502,8515],102][btl_tcp.c:559:mca_btl_tcp_recv_blocking] recv(71) failed: Connection reset by peer (104)
[tri1039][[13502,8515],100][btl_tcp.c:559:mca_btl_tcp_recv_blocking] recv(71) failed: Connection reset by peer (104)
[tri1039][[13502,8515],95][btl_tcp.c:559:mca_btl_tcp_recv_blocking] recv(71) failed: Connection reset by peer (104)
[tri1039][[13502,8515],80][btl_tcp.c:559:mca_btl_tcp_recv_blocking] recv(71) failed: Connection reset by peer (104)
[tri1009][[13502,8515],34][btl_tcp.c:559:mca_btl_tcp_recv_blocking] recv(71) failed: Connection reset by peer (104)
[tri1039][[13502,8515],69][btl_tcp.c:559:mca_btl_tcp_recv_blocking] recv(71) failed: Connection reset by peer (104)
[tri1009][[13502,8515],8][btl_tcp.c:559:mca_btl_tcp_recv_blocking] recv(71) failed: Connection reset by peer (104)
[tri1009][[13502,8515],58][btl_tcp.c:559:mca_btl_tcp_recv_blocking] recv(71) failed: Connection reset by peer (104)
[tri1009][[13502,8515],45][btl_tcp.c:559:mca_btl_tcp_recv_blocking] recv(71) failed: Connection reset by peer (104)
[tri1039][[13502,8515],68][btl_tcp.c:559:mca_btl_tcp_recv_blocking] recv(71) failed: Connection reset by peer (104)
[tri1009][[13502,8515],62][btl_tcp.c:559:mca_btl_tcp_recv_blocking] recv(71) failed: Connection reset by peer (104)
[tri1009][[13502,8515],28][btl_tcp.c:559:mca_btl_tcp_recv_blocking] recv(71) failed: Connection reset by peer (104)
[tri1039][[13502,8515],103][btl_tcp.c:559:mca_btl_tcp_recv_blocking] recv(71) failed: Connection reset by peer (104)
[tri1009][[13502,8515],19][btl_tcp.c:559:mca_btl_tcp_recv_blocking] recv(71) failed: Connection reset by peer (104)
[tri1039][[13502,8515],84][btl_tcp.c:559:mca_btl_tcp_recv_blocking] recv(71) failed: Connection reset by peer (104)
[tri1009][[13502,8515],61][btl_tcp.c:559:mca_btl_tcp_recv_blocking] recv(71) failed: Connection reset by peer (104)
[tri1039][[13502,8515],73][btl_tcp.c:559:mca_btl_tcp_recv_blocking] recv(71) failed: Connection reset by peer (104)
[tri1039][[13502,8515],100][btl_tcp.c:559:mca_btl_tcp_recv_blocking] recv(71) failed: Connection reset by peer (104)
[tri1039][[13502,8515],102][btl_tcp.c:559:mca_btl_tcp_recv_blocking] recv(71) failed: Connection reset by peer (104)
[tri1009][[13502,8515],27][btl_tcp.c:559:mca_btl_tcp_recv_blocking] recv(71) failed: Connection reset by peer (104)
[tri1009][[13502,8515],2][btl_tcp.c:559:mca_btl_tcp_recv_blocking] recv(71) failed: Connection reset by peer (104)
[tri1039][[13502,8515],115][btl_tcp.c:559:mca_btl_tcp_recv_blocking] recv(71) failed: Connection reset by peer (104)
[tri1039][[13502,8515],79][btl_tcp.c:559:mca_btl_tcp_recv_blocking] recv(71) failed: Connection reset by peer (104)
[tri1039][[13502,8515],65][btl_tcp.c:559:mca_btl_tcp_recv_blocking] recv(71) failed: Connection reset by peer (104)
[tri1009][[13502,8515],3][btl_tcp.c:559:mca_btl_tcp_recv_blocking] recv(71) failed: Connection reset by peer (104)
[tri1009][[13502,8515],23][btl_tcp.c:559:mca_btl_tcp_recv_blocking] recv(71) failed: Connection reset by peer (104)
[tri1039][[13502,8515],80][btl_tcp.c:559:mca_btl_tcp_recv_blocking] recv(71) failed: Connection reset by peer (104)
[tri1039][[13502,8515],71][btl_tcp.c:559:mca_btl_tcp_recv_blocking] recv(71) failed: Connection reset by peer (104)
[tri1009][[13502,8515],62][btl_tcp.c:559:mca_btl_tcp_recv_blocking] recv(71) failed: Connection reset by peer (104)
[tri1009][[13502,8515],45][btl_tcp.c:559:mca_btl_tcp_recv_blocking] recv(71) failed: Connection reset by peer (104)
[tri1009][[13502,8515],28][btl_tcp.c:559:mca_btl_tcp_recv_blocking] recv(71) failed: Connection reset by peer (104)
[tri1039][[13502,8515],68][btl_tcp.c:559:mca_btl_tcp_recv_blocking] recv(71) failed: Connection reset by peer (104)
[tri1009][[13502,8515],35][btl_tcp.c:559:mca_btl_tcp_recv_blocking] recv(71) failed: Connection reset by peer (104)
[tri1039][[13502,8515],127][btl_tcp.c:559:mca_btl_tcp_recv_blocking] recv(71) failed: Connection reset by peer (104)
[tri1009][[13502,8515],40][btl_tcp.c:559:mca_btl_tcp_recv_blocking] recv(71) failed: Connection reset by peer (104)
[tri1039][[13502,8515],117][btl_tcp.c:559:mca_btl_tcp_recv_blocking] recv(71) failed: Connection reset by peer (104)
[tri1009][[13502,8515],31][btl_tcp.c:559:mca_btl_tcp_recv_blocking] recv(71) failed: Connection reset by peer (104)
[tri1009][[13502,8515],22][btl_tcp.c:559:mca_btl_tcp_recv_blocking] recv(71) failed: Connection reset by peer (104)
[tri1039][[13502,8515],96][btl_tcp.c:559:mca_btl_tcp_recv_blocking] recv(71) failed: Connection reset by peer (104)
[tri1009][[13502,8515],17][btl_tcp.c:559:mca_btl_tcp_recv_blocking] recv(71) failed: Connection reset by peer (104)
[tri1009][[13502,8515],3][btl_tcp.c:559:mca_btl_tcp_recv_blocking] recv(71) failed: Connection reset by peer (104)
[tri1039][[13502,8515],115][btl_tcp.c:559:mca_btl_tcp_recv_blocking] recv(71) failed: Connection reset by peer (104)
[tri1009][[13502,8515],23][btl_tcp.c:559:mca_btl_tcp_recv_blocking] recv(71) failed: Connection reset by peer (104)
[tri1039][[13502,8515],79][btl_tcp.c:559:mca_btl_tcp_recv_blocking] recv(71) failed: Connection reset by peer (104)
[tri1039][[13502,8515],65][btl_tcp.c:559:mca_btl_tcp_recv_blocking] recv(71) failed: Connection reset by peer (104)
[tri1009][[13502,8515],60][btl_tcp.c:559:mca_btl_tcp_recv_blocking] recv(71) failed: Connection reset by peer (104)
[tri1039][[13502,8515],123][btl_tcp.c:559:mca_btl_tcp_recv_blocking] recv(71) failed: Connection reset by peer (104)
[tri1039][[13502,8515],126][btl_tcp.c:559:mca_btl_tcp_recv_blocking] recv(71) failed: Connection reset by peer (104)
[tri1039][[13502,8515],71][btl_tcp.c:559:mca_btl_tcp_recv_blocking] recv(71) failed: Connection reset by peer (104)
[tri1039][[13502,8515],101][btl_tcp.c:559:mca_btl_tcp_recv_blocking] recv(71) failed: Connection reset by peer (104)
[tri1039][[13502,8515],90][btl_tcp.c:559:mca_btl_tcp_recv_blocking] recv(71) failed: Connection reset by peer (104)
[tri1009][[13502,8515],40][btl_tcp.c:559:mca_btl_tcp_recv_blocking] recv(71) failed: Connection reset by peer (104)
[tri1009][[13502,8515],35][btl_tcp.c:559:mca_btl_tcp_recv_blocking] recv(71) failed: Connection reset by peer (104)
[tri1039][[13502,8515],127][btl_tcp.c:559:mca_btl_tcp_recv_blocking] recv(71) failed: Connection reset by peer (104)
[tri1039][[13502,8515],125][btl_tcp.c:559:mca_btl_tcp_recv_blocking] recv(71) failed: Connection reset by peer (104)
[tri1009][[13502,8515],22][btl_tcp.c:559:mca_btl_tcp_recv_blocking] recv(71) failed: Connection reset by peer (104)
[tri1039][[13502,8515],93][btl_tcp.c:559:mca_btl_tcp_recv_blocking] recv(71) failed: Connection reset by peer (104)
[tri1039][[13502,8515],116][btl_tcp.c:559:mca_btl_tcp_recv_blocking] recv(71) failed: Connection reset by peer (104)
[tri1039][[13502,8515],123][btl_tcp.c:559:mca_btl_tcp_recv_blocking] recv(71) failed: Connection reset by peer (104)
[tri1039][[13502,8515],126][btl_tcp.c:559:mca_btl_tcp_recv_blocking] recv(71) failed: Connection reset by peer (104)
[tri1009][[13502,8515],60][btl_tcp.c:559:mca_btl_tcp_recv_blocking] recv(71) failed: Connection reset by peer (104)
[tri1039][[13502,8515],83][btl_tcp.c:559:mca_btl_tcp_recv_blocking] recv(71) failed: Connection reset by peer (104)
[tri1039][[13502,8515],101][btl_tcp.c:559:mca_btl_tcp_recv_blocking] recv(71) failed: Connection reset by peer (104)
[tri1039][[13502,8515],90][btl_tcp.c:559:mca_btl_tcp_recv_blocking] recv(71) failed: Connection reset by peer (104)
[tri1009][[13502,8515],32][btl_tcp.c:559:mca_btl_tcp_recv_blocking] recv(71) failed: Connection reset by peer (104)
[tri1009][[13502,8515],13][btl_tcp.c:559:mca_btl_tcp_recv_blocking] recv(71) failed: Connection reset by peer (104)
[tri1009][[13502,8515],18][btl_tcp.c:559:mca_btl_tcp_recv_blocking] recv(71) failed: Connection reset by peer (104)
[tri1009][[13502,8515],61][btl_tcp.c:559:mca_btl_tcp_recv_blocking] recv(71) failed: Connection reset by peer (104)
[tri1009][[13502,8515],4][btl_tcp.c:559:mca_btl_tcp_recv_blocking] recv(71) failed: Connection reset by peer (104)
[tri1009][[13502,8515],31][btl_tcp.c:559:mca_btl_tcp_recv_blocking] recv(71) failed: Connection reset by peer (104)
[tri1009][[13502,8515],16][btl_tcp.c:559:mca_btl_tcp_recv_blocking] recv(71) failed: Connection reset by peer (104)
[tri1009][[13502,8515],10][btl_tcp.c:559:mca_btl_tcp_recv_blocking] recv(71) failed: Connection reset by peer (104)
[tri1009][[13502,8515],48][btl_tcp.c:559:mca_btl_tcp_recv_blocking] recv(71) failed: Connection reset by peer (104)
[tri1009][[13502,8515],19][btl_tcp.c:559:mca_btl_tcp_recv_blocking] recv(71) failed: Connection reset by peer (104)
[tri1039][[13502,8515],93][btl_tcp.c:559:mca_btl_tcp_recv_blocking] recv(71) failed: Connection reset by peer (104)
[tri1009][[13502,8515],13][btl_tcp.c:559:mca_btl_tcp_recv_blocking] recv(71) failed: Connection reset by peer (104)
[tri1009][[13502,8515],15][btl_tcp.c:559:mca_btl_tcp_recv_blocking] recv(71) failed: Connection reset by peer (104)
[tri1009][[13502,8515],63][btl_tcp.c:559:mca_btl_tcp_recv_blocking] recv(71) failed: Connection reset by peer (104)
[tri1009][[13502,8515],11][btl_tcp.c:559:mca_btl_tcp_recv_blocking] recv(71) failed: Connection reset by peer (104)
[tri1009][[13502,8515],52][btl_tcp.c:559:mca_btl_tcp_recv_blocking] recv(71) failed: Connection reset by peer (104)
[tri1009][[13502,8515],38][btl_tcp.c:559:mca_btl_tcp_recv_blocking] recv(71) failed: Connection reset by peer (104)
[tri1009][[13502,8515],37][btl_tcp.c:559:mca_btl_tcp_recv_blocking] recv(71) failed: Connection reset by peer (104)
[tri1009][[13502,8515],0][btl_tcp.c:559:mca_btl_tcp_recv_blocking] recv(72) failed: Connection reset by peer (104)
[tri1009][[13502,8515],29][btl_tcp.c:559:mca_btl_tcp_recv_blocking] recv(71) failed: Connection reset by peer (104)
[tri1009][[13502,8515],56][btl_tcp.c:559:mca_btl_tcp_recv_blocking] recv(71) failed: Connection reset by peer (104)
[tri1009][[13502,8515],47][btl_tcp.c:559:mca_btl_tcp_recv_blocking] recv(71) failed: Connection reset by peer (104)
[tri1039][[13502,8515],83][btl_tcp.c:559:mca_btl_tcp_recv_blocking] recv(71) failed: Connection reset by peer (104)
[tri1009][[13502,8515],32][btl_tcp.c:559:mca_btl_tcp_recv_blocking] recv(71) failed: Connection reset by peer (104)
[tri1009][[13502,8515],20][btl_tcp.c:559:mca_btl_tcp_recv_blocking] recv(71) failed: Connection reset by peer (104)
[tri1009][[13502,8515],35][btl_tcp.c:559:mca_btl_tcp_recv_blocking] recv(71) failed: Connection reset by peer (104)
[tri1009][[13502,8515],22][btl_tcp.c:559:mca_btl_tcp_recv_blocking] recv(71) failed: Connection reset by peer (104)
[tri1009][[13502,8515],23][btl_tcp.c:559:mca_btl_tcp_recv_blocking] recv(71) failed: Connection reset by peer (104)
[tri1009][[13502,8515],58][btl_tcp.c:559:mca_btl_tcp_recv_blocking] recv(71) failed: Connection reset by peer (104)
[tri1009][[13502,8515],8][btl_tcp.c:559:mca_btl_tcp_recv_blocking] recv(71) failed: Connection reset by peer (104)
[tri1009][[13502,8515],34][btl_tcp.c:559:mca_btl_tcp_recv_blocking] recv(71) failed: Connection reset by peer (104)
[tri1009][[13502,8515],40][btl_tcp.c:559:mca_btl_tcp_recv_blocking] recv(71) failed: Connection reset by peer (104)
[tri1009][[13502,8515],46][btl_tcp.c:559:mca_btl_tcp_recv_blocking] recv(71) failed: Connection reset by peer (104)
[tri1009][[13502,8515],60][btl_tcp.c:559:mca_btl_tcp_recv_blocking] recv(71) failed: Connection reset by peer (104)
[tri1039][[13502,8515],64][btl_tcp.c:559:mca_btl_tcp_recv_blocking] recv(71) failed: Connection reset by peer (104)
[tri1039][[13502,8515],103][btl_tcp.c:559:mca_btl_tcp_recv_blocking] recv(71) failed: Connection reset by peer (104)
[tri1039][[13502,8515],76][btl_tcp.c:559:mca_btl_tcp_recv_blocking] recv(71) failed: Connection reset by peer (104)
[tri1039][[13502,8515],82][btl_tcp.c:559:mca_btl_tcp_recv_blocking] recv(71) failed: Connection reset by peer (104)
[tri1039][[13502,8515],121][btl_tcp.c:559:mca_btl_tcp_recv_blocking] recv(71) failed: Connection reset by peer (104)
[tri1039][[13502,8515],124][btl_tcp.c:559:mca_btl_tcp_recv_blocking] recv(71) failed: Connection reset by peer (104)
[tri1039][[13502,8515],75][btl_tcp.c:559:mca_btl_tcp_recv_blocking] recv(71) failed: Connection reset by peer (104)
[tri1039][[13502,8515],66][btl_tcp.c:559:mca_btl_tcp_recv_blocking] recv(71) failed: Connection reset by peer (104)
[tri1039][[13502,8515],105][btl_tcp.c:559:mca_btl_tcp_recv_blocking] recv(71) failed: Connection reset by peer (104)
[tri1039][[13502,8515],67][btl_tcp.c:559:mca_btl_tcp_recv_blocking] recv(71) failed: Connection reset by peer (104)
[tri1009][[13502,8515],26][btl_tcp.c:559:mca_btl_tcp_recv_blocking] recv(71) failed: Connection reset by peer (104)
[tri1009][[13502,8515],53][btl_tcp.c:559:mca_btl_tcp_recv_blocking] recv(71) failed: Connection reset by peer (104)
[tri1009][[13502,8515],3][btl_tcp.c:559:mca_btl_tcp_recv_blocking] recv(71) failed: Connection reset by peer (104)
[tri1009][[13502,8515],27][btl_tcp.c:559:mca_btl_tcp_recv_blocking] recv(71) failed: Connection reset by peer (104)
[tri1009][[13502,8515],57][btl_tcp.c:559:mca_btl_tcp_recv_blocking] recv(71) failed: Connection reset by peer (104)
[tri1009][[13502,8515],14][btl_tcp.c:559:mca_btl_tcp_recv_blocking] recv(71) failed: Connection reset by peer (104)
[tri1009][[13502,8515],62][btl_tcp.c:559:mca_btl_tcp_recv_blocking] recv(71) failed: Connection reset by peer (104)
[tri1009][[13502,8515],2][btl_tcp.c:559:mca_btl_tcp_recv_blocking] recv(71) failed: Connection reset by peer (104)
[tri1009][[13502,8515],28][btl_tcp.c:559:mca_btl_tcp_recv_blocking] recv(71) failed: Connection reset by peer (104)
[tri1009][[13502,8515],45][btl_tcp.c:559:mca_btl_tcp_recv_blocking] recv(71) failed: Connection reset by peer (104)
[tri1009][[13502,8515],4][btl_tcp.c:559:mca_btl_tcp_recv_blocking] recv(71) failed: Connection reset by peer (104)
[tri1039][[13502,8515],97][btl_tcp.c:559:mca_btl_tcp_recv_blocking] recv(71) failed: Connection reset by peer (104)
[tri1039][[13502,8515],120][btl_tcp.c:559:mca_btl_tcp_recv_blocking] recv(71) failed: Connection reset by peer (104)
[tri1039][[13502,8515],70][btl_tcp.c:559:mca_btl_tcp_recv_blocking] recv(71) failed: Connection reset by peer (104)
[tri1039][[13502,8515],108][btl_tcp.c:559:mca_btl_tcp_recv_blocking] recv(71) failed: Connection reset by peer (104)
[tri1039][[13502,8515],98][btl_tcp.c:559:mca_btl_tcp_recv_blocking] recv(71) failed: Connection reset by peer (104)
[tri1039][[13502,8515],92][btl_tcp.c:559:mca_btl_tcp_recv_blocking] recv(71) failed: Connection reset by peer (104)
[tri1039][[13502,8515],95][btl_tcp.c:559:mca_btl_tcp_recv_blocking] recv(71) failed: Connection reset by peer (104)
[tri1039][[13502,8515],113][btl_tcp.c:559:mca_btl_tcp_recv_blocking] recv(71) failed: Connection reset by peer (104)
[tri1039][[13502,8515],81][btl_tcp.c:559:mca_btl_tcp_recv_blocking] recv(71) failed: Connection reset by peer (104)
[tri1039][[13502,8515],69][btl_tcp.c:559:mca_btl_tcp_recv_blocking] recv(71) failed: Connection reset by peer (104)
[tri1039][[13502,8515],88][btl_tcp.c:559:mca_btl_tcp_recv_blocking] recv(71) failed: Connection reset by peer (104)
[tri1009][[13502,8515],12][btl_tcp.c:559:mca_btl_tcp_recv_blocking] recv(71) failed: Connection reset by peer (104)
[tri1009][[13502,8515],42][btl_tcp.c:559:mca_btl_tcp_recv_blocking] recv(71) failed: Connection reset by peer (104)
[tri1009][[13502,8515],21][btl_tcp.c:559:mca_btl_tcp_recv_blocking] recv(71) failed: Connection reset by peer (104)
[tri1009][[13502,8515],51][btl_tcp.c:559:mca_btl_tcp_recv_blocking] recv(71) failed: Connection reset by peer (104)
[tri1009][[13502,8515],44][btl_tcp.c:559:mca_btl_tcp_recv_blocking] recv(71) failed: Connection reset by peer (104)
[tri1009][[13502,8515],5][btl_tcp.c:559:mca_btl_tcp_recv_blocking] recv(71) failed: Connection reset by peer (104)
[tri1009][[13502,8515],54][btl_tcp.c:559:mca_btl_tcp_recv_blocking] recv(71) failed: Connection reset by peer (104)
[tri1009][[13502,8515],50][btl_tcp.c:559:mca_btl_tcp_recv_blocking] recv(71) failed: Connection reset by peer (104)
[tri1009][[13502,8515],59][btl_tcp.c:559:mca_btl_tcp_recv_blocking] recv(71) failed: Connection reset by peer (104)
[tri1009][[13502,8515],25][btl_tcp.c:559:mca_btl_tcp_recv_blocking] recv(71) failed: Connection reset by peer (104)
[tri1009][[13502,8515],48][btl_tcp.c:559:mca_btl_tcp_recv_blocking] recv(71) failed: Connection reset by peer (104)
[tri1039][[13502,8515],94][btl_tcp.c:559:mca_btl_tcp_recv_blocking] recv(71) failed: Connection reset by peer (104)
[tri1039][[13502,8515],127][btl_tcp.c:559:mca_btl_tcp_recv_blocking] recv(71) failed: Connection reset by peer (104)
[tri1039][[13502,8515],90][btl_tcp.c:559:mca_btl_tcp_recv_blocking] recv(71) failed: Connection reset by peer (104)
[tri1039][[13502,8515],93][btl_tcp.c:559:mca_btl_tcp_recv_blocking] recv(71) failed: Connection reset by peer (104)
[tri1039][[13502,8515],123][btl_tcp.c:559:mca_btl_tcp_recv_blocking] recv(71) failed: Connection reset by peer (104)
[tri1039][[13502,8515],71][btl_tcp.c:559:mca_btl_tcp_recv_blocking] recv(71) failed: Connection reset by peer (104)
[tri1039][[13502,8515],79][btl_tcp.c:559:mca_btl_tcp_recv_blocking] recv(71) failed: Connection reset by peer (104)
[tri1039][[13502,8515],65][btl_tcp.c:559:mca_btl_tcp_recv_blocking] recv(71) failed: Connection reset by peer (104)
[tri1039][[13502,8515],101][btl_tcp.c:559:mca_btl_tcp_recv_blocking] recv(71) failed: Connection reset by peer (104)
[tri1039][[13502,8515],83][btl_tcp.c:559:mca_btl_tcp_recv_blocking] recv(71) failed: Connection reset by peer (104)
[tri1009][[13502,8515],24][btl_tcp.c:559:mca_btl_tcp_recv_blocking] recv(71) failed: Connection reset by peer (104)
[tri1009][[13502,8515],55][btl_tcp.c:559:mca_btl_tcp_recv_blocking] recv(71) failed: Connection reset by peer (104)
[tri1009][[13502,8515],17][btl_tcp.c:559:mca_btl_tcp_recv_blocking] recv(71) failed: Connection reset by peer (104)
[tri1009][[13502,8515],36][btl_tcp.c:559:mca_btl_tcp_recv_blocking] recv(71) failed: Connection reset by peer (104)
[tri1009][[13502,8515],39][btl_tcp.c:559:mca_btl_tcp_recv_blocking] recv(71) failed: Connection reset by peer (104)
[tri1009][[13502,8515],49][btl_tcp.c:559:mca_btl_tcp_recv_blocking] recv(71) failed: Connection reset by peer (104)
[tri1039][[13502,8515],73][btl_tcp.c:559:mca_btl_tcp_recv_blocking] recv(71) failed: Connection reset by peer (104)
[tri1039][[13502,8515],100][btl_tcp.c:559:mca_btl_tcp_recv_blocking] recv(71) failed: Connection reset by peer (104)
[tri1039][[13502,8515],80][btl_tcp.c:559:mca_btl_tcp_recv_blocking] recv(71) failed: Connection reset by peer (104)
[tri1039][[13502,8515],115][btl_tcp.c:559:mca_btl_tcp_recv_blocking] recv(71) failed: Connection reset by peer (104)
[tri1039][[13502,8515],77][btl_tcp.c:559:mca_btl_tcp_recv_blocking] recv(71) failed: Connection reset by peer (104)
[tri1039][[13502,8515],72][btl_tcp.c:559:mca_btl_tcp_recv_blocking] recv(71) failed: Connection reset by peer (104)
[tri1039][[13502,8515],102][btl_tcp.c:559:mca_btl_tcp_recv_blocking] recv(71) failed: Connection reset by peer (104)
[tri1039][[13502,8515],119][btl_tcp.c:559:mca_btl_tcp_recv_blocking] recv(71) failed: Connection reset by peer (104)
[tri1039][[13502,8515],126][btl_tcp.c:559:mca_btl_tcp_recv_blocking] recv(71) failed: Connection reset by peer (104)
[tri1039][[13502,8515],68][btl_tcp.c:559:mca_btl_tcp_recv_blocking] recv(71) failed: Connection reset by peer (104)
[tri1009][[13502,8515],24][btl_tcp.c:559:mca_btl_tcp_recv_blocking] recv(71) failed: Connection reset by peer (104)
[tri1039][[13502,8515],91][btl_tcp.c:559:mca_btl_tcp_recv_blocking] recv(71) failed: Connection reset by peer (104)
[tri1039][[13502,8515],116][btl_tcp.c:559:mca_btl_tcp_recv_blocking] recv(71) failed: Connection reset by peer (104)
[tri1039][[13502,8515],114][btl_tcp.c:559:mca_btl_tcp_recv_blocking] recv(71) failed: Connection reset by peer (104)
[tri1039][[13502,8515],99][btl_tcp.c:559:mca_btl_tcp_recv_blocking] recv(71) failed: Connection reset by peer (104)
[tri1039][[13502,8515],96][btl_tcp.c:559:mca_btl_tcp_recv_blocking] recv(71) failed: Connection reset by peer (104)
[tri1039][[13502,8515],85][btl_tcp.c:559:mca_btl_tcp_recv_blocking] recv(71) failed: Connection reset by peer (104)
[tri1039][[13502,8515],110][btl_tcp.c:559:mca_btl_tcp_recv_blocking] recv(71) failed: Connection reset by peer (104)
[tri1039][[13502,8515],125][btl_tcp.c:559:mca_btl_tcp_recv_blocking] recv(71) failed: Connection reset by peer (104)
[tri1039][[13502,8515],89][btl_tcp.c:559:mca_btl_tcp_recv_blocking] recv(71) failed: Connection reset by peer (104)
[tri1039][[13502,8515],111][btl_tcp.c:559:mca_btl_tcp_recv_blocking] recv(71) failed: Connection reset by peer (104)
[tri1039][[13502,8515],106][btl_tcp.c:559:mca_btl_tcp_recv_blocking] recv(71) failed: Connection reset by peer (104)
[tri1009][[13502,8515],36][btl_tcp.c:559:mca_btl_tcp_recv_blocking] recv(71) failed: Connection reset by peer (104)
[tri1039][[13502,8515],109][btl_tcp.c:559:mca_btl_tcp_recv_blocking] recv(71) failed: Connection reset by peer (104)
[tri1039][[13502,8515],78][btl_tcp.c:559:mca_btl_tcp_recv_blocking] recv(71) failed: Connection reset by peer (104)
[tri1039][[13502,8515],94][btl_tcp.c:559:mca_btl_tcp_recv_blocking] recv(71) failed: Connection reset by peer (104)
[tri1039][[13502,8515],97][btl_tcp.c:559:mca_btl_tcp_recv_blocking] recv(71) failed: Connection reset by peer (104)
[tri1039][[13502,8515],91][btl_tcp.c:559:mca_btl_tcp_recv_blocking] recv(71) failed: Connection reset by peer (104)
[tri1039][[13502,8515],84][btl_tcp.c:559:mca_btl_tcp_recv_blocking] recv(71) failed: Connection reset by peer (104)
[tri1039][[13502,8515],109][btl_tcp.c:559:mca_btl_tcp_recv_blocking] recv(71) failed: Connection reset by peer (104)
[tri1039][[13502,8515],117][btl_tcp.c:559:mca_btl_tcp_recv_blocking] recv(71) failed: Connection reset by peer (104)
[tri1009][[13502,8515],55][btl_tcp.c:559:mca_btl_tcp_recv_blocking] recv(71) failed: Connection reset by peer (104)
[tri1039][[13502,8515],78][btl_tcp.c:559:mca_btl_tcp_recv_blocking] recv(71) failed: Connection reset by peer (104)
[tri1009][[13502,8515],39][btl_tcp.c:559:mca_btl_tcp_recv_blocking] recv(71) failed: Connection reset by peer (104)
[tri1039][[13502,8515],64][btl_tcp.c:559:mca_btl_tcp_recv_blocking] recv(71) failed: Connection reset by peer (104)
[tri1009][[13502,8515],49][btl_tcp.c:559:mca_btl_tcp_recv_blocking] recv(71) failed: Connection reset by peer (104)
[tri1039][[13502,8515],76][btl_tcp.c:559:mca_btl_tcp_recv_blocking] recv(71) failed: Connection reset by peer (104)
[tri1009][[13502,8515],10][btl_tcp.c:559:mca_btl_tcp_recv_blocking] recv(71) failed: Connection reset by peer (104)
[tri1039][[13502,8515],67][btl_tcp.c:559:mca_btl_tcp_recv_blocking] recv(71) failed: Connection reset by peer (104)
[tri1009][[13502,8515],18][btl_tcp.c:559:mca_btl_tcp_recv_blocking] recv(71) failed: Connection reset by peer (104)
[tri1039][[13502,8515],75][btl_tcp.c:559:mca_btl_tcp_recv_blocking] recv(71) failed: Connection reset by peer (104)
[tri1009][[13502,8515],19][btl_tcp.c:559:mca_btl_tcp_recv_blocking] recv(72) failed: Connection reset by peer (104)
[tri1039][[13502,8515],103][btl_tcp.c:559:mca_btl_tcp_recv_blocking] recv(71) failed: Connection reset by peer (104)
[tri1009][[13502,8515],61][btl_tcp.c:559:mca_btl_tcp_recv_blocking] recv(71) failed: Connection reset by peer (104)
[tri1039][[13502,8515],84][btl_tcp.c:559:mca_btl_tcp_recv_blocking] recv(71) failed: Connection reset by peer (104)
[tri1009][[13502,8515],31][btl_tcp.c:559:mca_btl_tcp_recv_blocking] recv(71) failed: Connection reset by peer (104)
[tri1039][[13502,8515],117][btl_tcp.c:559:mca_btl_tcp_recv_blocking] recv(71) failed: Connection reset by peer (104)
[tri1009][[13502,8515],17][btl_tcp.c:559:mca_btl_tcp_recv_blocking] recv(71) failed: Connection reset by peer (104)
[tri1039][[13502,8515],96][btl_tcp.c:559:mca_btl_tcp_recv_blocking] recv(71) failed: Connection reset by peer (104)
[tri1009][[13502,8515],50][btl_tcp.c:559:mca_btl_tcp_recv_blocking] recv(71) failed: Connection reset by peer (104)
[tri1039][[13502,8515],125][btl_tcp.c:559:mca_btl_tcp_recv_blocking] recv(71) failed: Connection reset by peer (104)
[tri1009][[13502,8515],5][btl_tcp.c:559:mca_btl_tcp_recv_blocking] recv(71) failed: Connection reset by peer (104)
[tri1039][[13502,8515],116][btl_tcp.c:559:mca_btl_tcp_recv_blocking] recv(71) failed: Connection reset by peer (104)
[tri1009][[13502,8515],13][btl_tcp.c:559:mca_btl_tcp_recv_blocking] recv(71) failed: Connection reset by peer (104)
[tri1009][[13502,8515],42][btl_tcp.c:559:mca_btl_tcp_recv_blocking] recv(71) failed: Connection reset by peer (104)
[tri1039][[13502,8515],82][btl_tcp.c:559:mca_btl_tcp_recv_blocking] recv(71) failed: Connection reset by peer (104)
[tri1009][[13502,8515],51][btl_tcp.c:559:mca_btl_tcp_recv_blocking] recv(71) failed: Connection reset by peer (104)
[tri1039][[13502,8515],124][btl_tcp.c:559:mca_btl_tcp_recv_blocking] recv(71) failed: Connection reset by peer (104)
[tri1039][[13502,8515],64][btl_tcp.c:559:mca_btl_tcp_recv_blocking] recv(71) failed: Connection reset by peer (104)
[tri1009][[13502,8515],16][btl_tcp.c:559:mca_btl_tcp_recv_blocking] recv(71) failed: Connection reset by peer (104)
[tri1039][[13502,8515],105][btl_tcp.c:559:mca_btl_tcp_recv_blocking] recv(71) failed: Connection reset by peer (104)
[tri1039][[13502,8515],108][btl_tcp.c:559:mca_btl_tcp_recv_blocking] recv(71) failed: Connection reset by peer (104)
[tri1009][[13502,8515],56][btl_tcp.c:559:mca_btl_tcp_recv_blocking] recv(71) failed: Connection reset by peer (104)
[tri1039][[13502,8515],66][btl_tcp.c:559:mca_btl_tcp_recv_blocking] recv(71) failed: Connection reset by peer (104)
[tri1039][[13502,8515],108][btl_tcp.c:559:mca_btl_tcp_recv_blocking] recv(71) failed: Connection reset by peer (104)
[tri1009][[13502,8515],29][btl_tcp.c:559:mca_btl_tcp_recv_blocking] recv(71) failed: Connection reset by peer (104)
[tri1039][[13502,8515],121][btl_tcp.c:559:mca_btl_tcp_recv_blocking] recv(71) failed: Connection reset by peer (104)
[tri1009][[13502,8515],37][btl_tcp.c:559:mca_btl_tcp_recv_blocking] recv(71) failed: Connection reset by peer (104)
[tri1039][[13502,8515],111][btl_tcp.c:559:mca_btl_tcp_recv_blocking] recv(71) failed: Connection reset by peer (104)
[tri1039][[13502,8515],114][btl_tcp.c:559:mca_btl_tcp_recv_blocking] recv(71) failed: Connection reset by peer (104)
[tri1009][[13502,8515],11][btl_tcp.c:559:mca_btl_tcp_recv_blocking] recv(72) failed: Connection reset by peer (104)
[tri1039][[13502,8515],85][btl_tcp.c:559:mca_btl_tcp_recv_blocking] recv(71) failed: Connection reset by peer (104)
[tri1009][[13502,8515],63][btl_tcp.c:559:mca_btl_tcp_recv_blocking] recv(71) failed: Connection reset by peer (104)
[tri1039][[13502,8515],114][btl_tcp.c:559:mca_btl_tcp_recv_blocking] recv(71) failed: Connection reset by peer (104)
[tri1009][[13502,8515],25][btl_tcp.c:559:mca_btl_tcp_recv_blocking] recv(71) failed: Connection reset by peer (104)
[tri1039][[13502,8515],110][btl_tcp.c:559:mca_btl_tcp_recv_blocking] recv(71) failed: Connection reset by peer (104)
[tri1009][[13502,8515],63][btl_tcp.c:559:mca_btl_tcp_recv_blocking] recv(71) failed: Connection reset by peer (104)
[tri1009][[13502,8515],37][btl_tcp.c:559:mca_btl_tcp_recv_blocking] recv(71) failed: Connection reset by peer (104)
[tri1009][[13502,8515],59][btl_tcp.c:559:mca_btl_tcp_recv_blocking] recv(71) failed: Connection reset by peer (104)
[tri1039][[13502,8515],114][btl_tcp.c:559:mca_btl_tcp_recv_blocking] recv(71) failed: Connection reset by peer (104)
[tri1039][[13502,8515],114][btl_tcp.c:559:mca_btl_tcp_recv_blocking] recv(71) failed: Connection reset by peer (104)
[tri1009][[13502,8515],37][btl_tcp.c:559:mca_btl_tcp_recv_blocking] recv(71) failed: Connection reset by peer (104)
[tri1009][[13502,8515],21][btl_tcp.c:559:mca_btl_tcp_recv_blocking] recv(71) failed: Connection reset by peer (104)
[tri1039][[13502,8515],106][btl_tcp.c:559:mca_btl_tcp_recv_blocking] recv(71) failed: Connection reset by peer (104)
[tri1039][[13502,8515],114][btl_tcp.c:559:mca_btl_tcp_recv_blocking] recv(71) failed: Connection reset by peer (104)
[tri1009][[13502,8515],12][btl_tcp.c:559:mca_btl_tcp_recv_blocking] recv(71) failed: Connection reset by peer (104)
[tri1039][[13502,8515],70][btl_tcp.c:559:mca_btl_tcp_recv_blocking] recv(71) failed: Connection reset by peer (104)
[tri1009][[13502,8515],37][btl_tcp.c:559:mca_btl_tcp_recv_blocking] recv(71) failed: Connection reset by peer (104)
[tri1039][[13502,8515],114][btl_tcp.c:559:mca_btl_tcp_recv_blocking] recv(71) failed: Connection reset by peer (104)
[tri1009][[13502,8515],44][btl_tcp.c:559:mca_btl_tcp_recv_blocking] recv(71) failed: Connection reset by peer (104)
[tri1039][[13502,8515],81][btl_tcp.c:559:mca_btl_tcp_recv_blocking] recv(71) failed: Connection reset by peer (104)
[tri1009][[13502,8515],37][btl_tcp.c:559:mca_btl_tcp_recv_blocking] recv(71) failed: Connection reset by peer (104)
[tri1009][[13502,8515],32][btl_tcp.c:559:mca_btl_tcp_recv_blocking] recv(71) failed: Connection reset by peer (104)
[tri1009][[13502,8515],63][btl_tcp.c:559:mca_btl_tcp_recv_blocking] recv(71) failed: Connection reset by peer (104)
[tri1039][[13502,8515],113][btl_tcp.c:559:mca_btl_tcp_recv_blocking] recv(71) failed: Connection reset by peer (104)
[tri1009][[13502,8515],37][btl_tcp.c:559:mca_btl_tcp_recv_blocking] recv(71) failed: Connection reset by peer (104)
[tri1009][[13502,8515],38][btl_tcp.c:559:mca_btl_tcp_recv_blocking] recv(71) failed: Connection reset by peer (104)
[tri1039][[13502,8515],108][btl_tcp.c:559:mca_btl_tcp_recv_blocking] recv(71) failed: Connection reset by peer (104)
[tri1039][[13502,8515],76][btl_tcp.c:559:mca_btl_tcp_recv_blocking] recv(71) failed: Connection reset by peer (104)
[tri1009][[13502,8515],0][btl_tcp.c:559:mca_btl_tcp_recv_blocking] recv(72) failed: Connection reset by peer (104)
[tri1039][[13502,8515],120][btl_tcp.c:559:mca_btl_tcp_recv_blocking] recv(71) failed: Connection reset by peer (104)
[tri1009][[13502,8515],52][btl_tcp.c:559:mca_btl_tcp_recv_blocking] recv(71) failed: Connection reset by peer (104)
[tri1039][[13502,8515],99][btl_tcp.c:559:mca_btl_tcp_recv_blocking] recv(71) failed: Connection reset by peer (104)
[tri1009][[13502,8515],15][btl_tcp.c:559:mca_btl_tcp_recv_blocking] recv(71) failed: Connection reset by peer (104)
[tri1039][[13502,8515],89][btl_tcp.c:559:mca_btl_tcp_recv_blocking] recv(71) failed: Connection reset by peer (104)
[tri1009][[13502,8515],54][btl_tcp.c:559:mca_btl_tcp_recv_blocking] recv(71) failed: Connection reset by peer (104)
[tri1039][[13502,8515],119][btl_tcp.c:559:mca_btl_tcp_recv_blocking] recv(71) failed: Connection reset by peer (104)
[tri1009][[13502,8515],57][btl_tcp.c:559:mca_btl_tcp_recv_blocking] recv(71) failed: Connection reset by peer (104)
[tri1039][[13502,8515],77][btl_tcp.c:559:mca_btl_tcp_recv_blocking] recv(71) failed: Connection reset by peer (104)
[tri1009][[13502,8515],14][btl_tcp.c:559:mca_btl_tcp_recv_blocking] recv(71) failed: Connection reset by peer (104)
[tri1039][[13502,8515],72][btl_tcp.c:559:mca_btl_tcp_recv_blocking] recv(71) failed: Connection reset by peer (104)
[tri1009][[13502,8515],26][btl_tcp.c:559:mca_btl_tcp_recv_blocking] recv(71) failed: Connection reset by peer (104)
[tri1039][[13502,8515],92][btl_tcp.c:559:mca_btl_tcp_recv_blocking] recv(71) failed: Connection reset by peer (104)
[tri1009][[13502,8515],53][btl_tcp.c:559:mca_btl_tcp_recv_blocking] recv(71) failed: Connection reset by peer (104)
[tri1039][[13502,8515],88][btl_tcp.c:559:mca_btl_tcp_recv_blocking] recv(71) failed: Connection reset by peer (104)
[tri1009][[13502,8515],47][btl_tcp.c:559:mca_btl_tcp_recv_blocking] recv(71) failed: Connection reset by peer (104)
[tri1039][[13502,8515],98][btl_tcp.c:559:mca_btl_tcp_recv_blocking] recv(71) failed: Connection reset by peer (104)
[tri1039][[13502,8515],108][btl_tcp.c:559:mca_btl_tcp_recv_blocking] recv(71) failed: Connection reset by peer (104)
[tri1009][[13502,8515],20][btl_tcp.c:559:mca_btl_tcp_recv_blocking] recv(71) failed: Connection reset by peer (104)
[tri1039][[13502,8515],95][btl_tcp.c:559:mca_btl_tcp_recv_blocking] recv(71) failed: Connection reset by peer (104)
[tri1009][[13502,8515],63][btl_tcp.c:559:mca_btl_tcp_recv_blocking] recv(71) failed: Connection reset by peer (104)
[tri1009][[13502,8515],4][btl_tcp.c:559:mca_btl_tcp_recv_blocking] recv(71) failed: Connection reset by peer (104)
[tri1009][[13502,8515],46][btl_tcp.c:559:mca_btl_tcp_recv_blocking] recv(71) failed: Connection reset by peer (104)
[tri1039][[13502,8515],69][btl_tcp.c:559:mca_btl_tcp_recv_blocking] recv(71) failed: Connection reset by peer (104)
[tri1009][[13502,8515],34][btl_tcp.c:559:mca_btl_tcp_recv_blocking] recv(71) failed: Connection reset by peer (104)
[tri1039][[13502,8515],73][btl_tcp.c:559:mca_btl_tcp_recv_blocking] recv(71) failed: Connection reset by peer (104)
[tri1039][[13502,8515],67][btl_tcp.c:559:mca_btl_tcp_recv_blocking] recv(71) failed: Connection reset by peer (104)
[tri1009][[13502,8515],8][btl_tcp.c:559:mca_btl_tcp_recv_blocking] recv(71) failed: Connection reset by peer (104)
[tri1039][[13502,8515],100][btl_tcp.c:559:mca_btl_tcp_recv_blocking] recv(71) failed: Connection reset by peer (104)
[tri1009][[13502,8515],63][btl_tcp.c:559:mca_btl_tcp_recv_blocking] recv(71) failed: Connection reset by peer (104)
[tri1009][[13502,8515],63][btl_tcp.c:559:mca_btl_tcp_recv_blocking] recv(71) failed: Connection reset by peer (104)
[tri1039][[13502,8515],108][btl_tcp.c:559:mca_btl_tcp_recv_blocking] recv(71) failed: Connection reset by peer (104)
[tri1039][[13502,8515],108][btl_tcp.c:559:mca_btl_tcp_recv_blocking] recv(71) failed: Connection reset by peer (104)
[tri1009][[13502,8515],58][btl_tcp.c:559:mca_btl_tcp_recv_blocking] recv(71) failed: Connection reset by peer (104)
[tri1039][[13502,8515],102][btl_tcp.c:559:mca_btl_tcp_recv_blocking] recv(71) failed: Connection reset by peer (104)
[tri1009][[13502,8515],27][btl_tcp.c:559:mca_btl_tcp_recv_blocking] recv(71) failed: Connection reset by peer (104)
[tri1039][[13502,8515],80][btl_tcp.c:559:mca_btl_tcp_recv_blocking] recv(71) failed: Connection reset by peer (104)
[tri1009][[13502,8515],2][btl_tcp.c:559:mca_btl_tcp_recv_blocking] recv(71) failed: Connection reset by peer (104)
[tri1039][[13502,8515],68][btl_tcp.c:559:mca_btl_tcp_recv_blocking] recv(71) failed: Connection reset by peer (104)
[tri1009][[13502,8515],62][btl_tcp.c:559:mca_btl_tcp_recv_blocking] recv(71) failed: Connection reset by peer (104)
[tri1039][[13502,8515],115][btl_tcp.c:559:mca_btl_tcp_recv_blocking] recv(71) failed: Connection reset by peer (104)
[tri1009][[13502,8515],45][btl_tcp.c:559:mca_btl_tcp_recv_blocking] recv(71) failed: Connection reset by peer (104)
[tri1039][[13502,8515],79][btl_tcp.c:559:mca_btl_tcp_recv_blocking] recv(71) failed: Connection reset by peer (104)
[tri1009][[13502,8515],28][btl_tcp.c:559:mca_btl_tcp_recv_blocking] recv(71) failed: Connection reset by peer (104)
[tri1039][[13502,8515],65][btl_tcp.c:559:mca_btl_tcp_recv_blocking] recv(71) failed: Connection reset by peer (104)
[tri1009][[13502,8515],3][btl_tcp.c:559:mca_btl_tcp_recv_blocking] recv(71) failed: Connection reset by peer (104)
[tri1039][[13502,8515],71][btl_tcp.c:559:mca_btl_tcp_recv_blocking] recv(71) failed: Connection reset by peer (104)
[tri1009][[13502,8515],23][btl_tcp.c:559:mca_btl_tcp_recv_blocking] recv(71) failed: Connection reset by peer (104)
[tri1039][[13502,8515],127][btl_tcp.c:559:mca_btl_tcp_recv_blocking] recv(71) failed: Connection reset by peer (104)
[tri1009][[13502,8515],40][btl_tcp.c:559:mca_btl_tcp_recv_blocking] recv(71) failed: Connection reset by peer (104)
[tri1039][[13502,8515],123][btl_tcp.c:559:mca_btl_tcp_recv_blocking] recv(71) failed: Connection reset by peer (104)
[tri1009][[13502,8515],48][btl_tcp.c:559:mca_btl_tcp_recv_blocking] recv(71) failed: Connection reset by peer (104)
[tri1009][[13502,8515],35][btl_tcp.c:559:mca_btl_tcp_recv_blocking] recv(71) failed: Connection reset by peer (104)
[tri1039][[13502,8515],126][btl_tcp.c:559:mca_btl_tcp_recv_blocking] recv(71) failed: Connection reset by peer (104)
[tri1009][[13502,8515],22][btl_tcp.c:559:mca_btl_tcp_recv_blocking] recv(71) failed: Connection reset by peer (104)
[tri1039][[13502,8515],101][btl_tcp.c:559:mca_btl_tcp_recv_blocking] recv(71) failed: Connection reset by peer (104)
[tri1039][[13502,8515],75][btl_tcp.c:559:mca_btl_tcp_recv_blocking] recv(71) failed: Connection reset by peer (104)
[tri1009][[13502,8515],60][btl_tcp.c:559:mca_btl_tcp_recv_blocking] recv(71) failed: Connection reset by peer (104)
[tri1039][[13502,8515],90][btl_tcp.c:559:mca_btl_tcp_recv_blocking] recv(71) failed: Connection reset by peer (104)
[tri1039][[13502,8515],93][btl_tcp.c:559:mca_btl_tcp_recv_blocking] recv(71) failed: Connection reset by peer (104)
[tri1039][[13502,8515],83][btl_tcp.c:559:mca_btl_tcp_recv_blocking] recv(71) failed: Connection reset by peer (104)
[tri1009][[13502,8515],10][btl_tcp.c:559:mca_btl_tcp_recv_blocking] recv(71) failed: Connection reset by peer (104)
[tri1039][[13502,8515],103][btl_tcp.c:559:mca_btl_tcp_recv_blocking] recv(71) failed: Connection reset by peer (104)
[tri1009][[13502,8515],18][btl_tcp.c:559:mca_btl_tcp_recv_blocking] recv(71) failed: Connection reset by peer (104)
[tri1039][[13502,8515],82][btl_tcp.c:559:mca_btl_tcp_recv_blocking] recv(71) failed: Connection reset by peer (104)
[tri1039][[13502,8515],94][btl_tcp.c:559:mca_btl_tcp_recv_blocking] recv(71) failed: Connection reset by peer (104)
[tri1039][[13502,8515],64][btl_tcp.c:559:mca_btl_tcp_recv_blocking] recv(71) failed: Connection reset by peer (104)
[tri1039][[13502,8515],78][btl_tcp.c:559:mca_btl_tcp_recv_blocking] recv(71) failed: Connection reset by peer (104)
[tri1039][[13502,8515],76][btl_tcp.c:559:mca_btl_tcp_recv_blocking] recv(71) failed: Connection reset by peer (104)
[tri1039][[13502,8515],91][btl_tcp.c:559:mca_btl_tcp_recv_blocking] recv(71) failed: Connection reset by peer (104)
[tri1039][[13502,8515],67][btl_tcp.c:559:mca_btl_tcp_recv_blocking] recv(71) failed: Connection reset by peer (104)
[tri1039][[13502,8515],84][btl_tcp.c:559:mca_btl_tcp_recv_blocking] recv(71) failed: Connection reset by peer (104)
[tri1039][[13502,8515],75][btl_tcp.c:559:mca_btl_tcp_recv_blocking] recv(71) failed: Connection reset by peer (104)
[tri1039][[13502,8515],96][btl_tcp.c:559:mca_btl_tcp_recv_blocking] recv(71) failed: Connection reset by peer (104)
[tri1039][[13502,8515],82][btl_tcp.c:559:mca_btl_tcp_recv_blocking] recv(71) failed: Connection reset by peer (104)
[tri1039][[13502,8515],66][btl_tcp.c:559:mca_btl_tcp_recv_blocking] recv(71) failed: Connection reset by peer (104)
[tri1039][[13502,8515],85][btl_tcp.c:559:mca_btl_tcp_recv_blocking] recv(71) failed: Connection reset by peer (104)
[tri1039][[13502,8515],105][btl_tcp.c:559:mca_btl_tcp_recv_blocking] recv(71) failed: Connection reset by peer (104)
[tri1039][[13502,8515],109][btl_tcp.c:559:mca_btl_tcp_recv_blocking] recv(71) failed: Connection reset by peer (104)
[tri1039][[13502,8515],111][btl_tcp.c:559:mca_btl_tcp_recv_blocking] recv(71) failed: Connection reset by peer (104)
[tri1039][[13502,8515],125][btl_tcp.c:559:mca_btl_tcp_recv_blocking] recv(71) failed: Connection reset by peer (104)
[tri1039][[13502,8515],114][btl_tcp.c:559:mca_btl_tcp_recv_blocking] recv(71) failed: Connection reset by peer (104)
[tri1039][[13502,8515],117][btl_tcp.c:559:mca_btl_tcp_recv_blocking] recv(71) failed: Connection reset by peer (104)
[tri1039][[13502,8515],124][btl_tcp.c:559:mca_btl_tcp_recv_blocking] recv(71) failed: Connection reset by peer (104)
[tri1039][[13502,8515],103][btl_tcp.c:559:mca_btl_tcp_recv_blocking] recv(71) failed: Connection reset by peer (104)
[tri1039][[13502,8515],110][btl_tcp.c:559:mca_btl_tcp_recv_blocking] recv(71) failed: Connection reset by peer (104)
[tri1039][[13502,8515],116][btl_tcp.c:559:mca_btl_tcp_recv_blocking] recv(71) failed: Connection reset by peer (104)
[tri1039][[13502,8515],70][btl_tcp.c:559:mca_btl_tcp_recv_blocking] recv(71) failed: Connection reset by peer (104)
[tri1039][[13502,8515],113][btl_tcp.c:559:mca_btl_tcp_recv_blocking] recv(71) failed: Connection reset by peer (104)
[tri1039][[13502,8515],99][btl_tcp.c:559:mca_btl_tcp_recv_blocking] recv(71) failed: Connection reset by peer (104)
[tri1039][[13502,8515],121][btl_tcp.c:559:mca_btl_tcp_recv_blocking] recv(71) failed: Connection reset by peer (104)
[tri1039][[13502,8515],120][btl_tcp.c:559:mca_btl_tcp_recv_blocking] recv(71) failed: Connection reset by peer (104)
[tri1039][[13502,8515],97][btl_tcp.c:559:mca_btl_tcp_recv_blocking] recv(71) failed: Connection reset by peer (104)
[tri1039][[13502,8515],119][btl_tcp.c:559:mca_btl_tcp_recv_blocking] recv(71) failed: Connection reset by peer (104)
[tri1039][[13502,8515],106][btl_tcp.c:559:mca_btl_tcp_recv_blocking] recv(71) failed: Connection reset by peer (104)
[tri1039][[13502,8515],81][btl_tcp.c:559:mca_btl_tcp_recv_blocking] recv(71) failed: Connection reset by peer (104)
[tri1039][[13502,8515],77][btl_tcp.c:559:mca_btl_tcp_recv_blocking] recv(71) failed: Connection reset by peer (104)
[tri1039][[13502,8515],69][btl_tcp.c:559:mca_btl_tcp_recv_blocking] recv(71) failed: Connection reset by peer (104)
[tri1039][[13502,8515],108][btl_tcp.c:559:mca_btl_tcp_recv_blocking] recv(71) failed: Connection reset by peer (104)
[tri1039][[13502,8515],92][btl_tcp.c:559:mca_btl_tcp_recv_blocking] recv(71) failed: Connection reset by peer (104)
[tri1039][[13502,8515],80][btl_tcp.c:559:mca_btl_tcp_recv_blocking] recv(71) failed: Connection reset by peer (104)
[tri1039][[13502,8515],72][btl_tcp.c:559:mca_btl_tcp_recv_blocking] recv(71) failed: Connection reset by peer (104)
[tri1039][[13502,8515],89][btl_tcp.c:559:mca_btl_tcp_recv_blocking] recv(71) failed: Connection reset by peer (104)
[tri1039][[13502,8515],115][btl_tcp.c:559:mca_btl_tcp_recv_blocking] recv(71) failed: Connection reset by peer (104)
[tri1039][[13502,8515],100][btl_tcp.c:559:mca_btl_tcp_recv_blocking] recv(72) failed: Connection reset by peer (104)
[tri1039][[13502,8515],102][btl_tcp.c:559:mca_btl_tcp_recv_blocking] recv(71) failed: Connection reset by peer (104)
[tri1039][[13502,8515],88][btl_tcp.c:559:mca_btl_tcp_recv_blocking] recv(71) failed: Connection reset by peer (104)
[tri1039][[13502,8515],98][btl_tcp.c:559:mca_btl_tcp_recv_blocking] recv(71) failed: Connection reset by peer (104)
[tri1039][[13502,8515],126][btl_tcp.c:559:mca_btl_tcp_recv_blocking] recv(71) failed: Connection reset by peer (104)
[tri1039][[13502,8515],73][btl_tcp.c:559:mca_btl_tcp_recv_blocking] recv(71) failed: Connection reset by peer (104)
[tri1039][[13502,8515],95][btl_tcp.c:559:mca_btl_tcp_recv_blocking] recv(71) failed: Connection reset by peer (104)
[tri1039][[13502,8515],83][btl_tcp.c:559:mca_btl_tcp_recv_blocking] recv(71) failed: Connection reset by peer (104)
[tri1039][[13502,8515],68][btl_tcp.c:559:mca_btl_tcp_recv_blocking] recv(71) failed: Connection reset by peer (104)
[tri1039][[13502,8515],71][btl_tcp.c:559:mca_btl_tcp_recv_blocking] recv(71) failed: Connection reset by peer (104)
[tri1039][[13502,8515],101][btl_tcp.c:559:mca_btl_tcp_recv_blocking] recv(71) failed: Connection reset by peer (104)
[tri1039][[13502,8515],79][btl_tcp.c:559:mca_btl_tcp_recv_blocking] recv(71) failed: Connection reset by peer (104)
[tri1039][[13502,8515],90][btl_tcp.c:559:mca_btl_tcp_recv_blocking] recv(71) failed: Connection reset by peer (104)
[tri1039][[13502,8515],123][btl_tcp.c:559:mca_btl_tcp_recv_blocking] recv(71) failed: Connection reset by peer (104)
[tri1039][[13502,8515],65][btl_tcp.c:559:mca_btl_tcp_recv_blocking] recv(71) failed: Connection reset by peer (104)
[tri1039][[13502,8515],127][btl_tcp.c:559:mca_btl_tcp_recv_blocking] recv(71) failed: Connection reset by peer (104)
[tri1039][[13502,8515],93][btl_tcp.c:559:mca_btl_tcp_recv_blocking] recv(71) failed: Connection reset by peer (104)
[tri1009][[13502,8515],15][btl_tcp.c:559:mca_btl_tcp_recv_blocking] recv(71) failed: Connection reset by peer (104)
[tri1009][[13502,8515],14][btl_tcp.c:559:mca_btl_tcp_recv_blocking] recv(71) failed: Connection reset by peer (104)
[tri1009][[13502,8515],8][btl_tcp.c:559:mca_btl_tcp_recv_blocking] recv(71) failed: Connection reset by peer (104)
[tri1009][[13502,8515],46][btl_tcp.c:559:mca_btl_tcp_recv_blocking] recv(71) failed: Connection reset by peer (104)
[tri1009][[13502,8515],20][btl_tcp.c:559:mca_btl_tcp_recv_blocking] recv(71) failed: Connection reset by peer (104)
[tri1009][[13502,8515],44][btl_tcp.c:559:mca_btl_tcp_recv_blocking] recv(71) failed: Connection reset by peer (104)
[tri1009][[13502,8515],31][btl_tcp.c:559:mca_btl_tcp_recv_blocking] recv(71) failed: Connection reset by peer (104)
[tri1009][[13502,8515],52][btl_tcp.c:559:mca_btl_tcp_recv_blocking] recv(71) failed: Connection reset by peer (104)
[tri1009][[13502,8515],17][btl_tcp.c:559:mca_btl_tcp_recv_blocking] recv(71) failed: Connection reset by peer (104)
[tri1009][[13502,8515],53][btl_tcp.c:559:mca_btl_tcp_recv_blocking] recv(71) failed: Connection reset by peer (104)
[tri1009][[13502,8515],34][btl_tcp.c:559:mca_btl_tcp_recv_blocking] recv(71) failed: Connection reset by peer (104)
[tri1009][[13502,8515],3][btl_tcp.c:559:mca_btl_tcp_recv_blocking] recv(71) failed: Connection reset by peer (104)
[tri1009][[13502,8515],29][btl_tcp.c:559:mca_btl_tcp_recv_blocking] recv(71) failed: Connection reset by peer (104)
[tri1009][[13502,8515],60][btl_tcp.c:559:mca_btl_tcp_recv_blocking] recv(71) failed: Connection reset by peer (104)
[tri1009][[13502,8515],16][btl_tcp.c:559:mca_btl_tcp_recv_blocking] recv(71) failed: Connection reset by peer (104)
[tri1009][[13502,8515],5][btl_tcp.c:559:mca_btl_tcp_recv_blocking] recv(71) failed: Connection reset by peer (104)
[tri1009][[13502,8515],4][btl_tcp.c:559:mca_btl_tcp_recv_blocking] recv(71) failed: Connection reset by peer (104)
[tri1009][[13502,8515],42][btl_tcp.c:559:mca_btl_tcp_recv_blocking] recv(71) failed: Connection reset by peer (104)
[tri1009][[13502,8515],35][btl_tcp.c:559:mca_btl_tcp_recv_blocking] recv(71) failed: Connection reset by peer (104)
[tri1009][[13502,8515],45][btl_tcp.c:559:mca_btl_tcp_recv_blocking] recv(71) failed: Connection reset by peer (104)
[tri1009][[13502,8515],47][btl_tcp.c:559:mca_btl_tcp_recv_blocking] recv(71) failed: Connection reset by peer (104)
[tri1009][[13502,8515],0][btl_tcp.c:559:mca_btl_tcp_recv_blocking] recv(72) failed: Connection reset by peer (104)
[tri1009][[13502,8515],11][btl_tcp.c:559:mca_btl_tcp_recv_blocking] recv(71) failed: Connection reset by peer (104)
[tri1009][[13502,8515],54][btl_tcp.c:559:mca_btl_tcp_recv_blocking] recv(71) failed: Connection reset by peer (104)
[tri1009][[13502,8515],55][btl_tcp.c:559:mca_btl_tcp_recv_blocking] recv(71) failed: Connection reset by peer (104)
[tri1009][[13502,8515],63][btl_tcp.c:559:mca_btl_tcp_recv_blocking] recv(71) failed: Connection reset by peer (104)
[tri1009][[13502,8515],22][btl_tcp.c:559:mca_btl_tcp_recv_blocking] recv(71) failed: Connection reset by peer (104)
[tri1009][[13502,8515],62][btl_tcp.c:559:mca_btl_tcp_recv_blocking] recv(71) failed: Connection reset by peer (104)
[tri1009][[13502,8515],10][btl_tcp.c:559:mca_btl_tcp_recv_blocking] recv(71) failed: Connection reset by peer (104)
[tri1009][[13502,8515],18][btl_tcp.c:559:mca_btl_tcp_recv_blocking] recv(71) failed: Connection reset by peer (104)
[tri1009][[13502,8515],12][btl_tcp.c:559:mca_btl_tcp_recv_blocking] recv(71) failed: Connection reset by peer (104)
[tri1009][[13502,8515],27][btl_tcp.c:559:mca_btl_tcp_recv_blocking] recv(71) failed: Connection reset by peer (104)
[tri1009][[13502,8515],32][btl_tcp.c:559:mca_btl_tcp_recv_blocking] recv(71) failed: Connection reset by peer (104)
[tri1009][[13502,8515],57][btl_tcp.c:559:mca_btl_tcp_recv_blocking] recv(71) failed: Connection reset by peer (104)
[tri1009][[13502,8515],59][btl_tcp.c:559:mca_btl_tcp_recv_blocking] recv(71) failed: Connection reset by peer (104)
[tri1009][[13502,8515],49][btl_tcp.c:559:mca_btl_tcp_recv_blocking] recv(71) failed: Connection reset by peer (104)
[tri1009][[13502,8515],19][btl_tcp.c:559:mca_btl_tcp_recv_blocking] recv(71) failed: Connection reset by peer (104)
[tri1009][[13502,8515],40][btl_tcp.c:559:mca_btl_tcp_recv_blocking] recv(71) failed: Connection reset by peer (104)
[tri1009][[13502,8515],48][btl_tcp.c:559:mca_btl_tcp_recv_blocking] recv(71) failed: Connection reset by peer (104)
[tri1009][[13502,8515],39][btl_tcp.c:559:mca_btl_tcp_recv_blocking] recv(71) failed: Connection reset by peer (104)
[tri1009][[13502,8515],38][btl_tcp.c:559:mca_btl_tcp_recv_blocking] recv(71) failed: Connection reset by peer (104)
[tri1009][[13502,8515],50][btl_tcp.c:559:mca_btl_tcp_recv_blocking] recv(71) failed: Connection reset by peer (104)
[tri1009][[13502,8515],56][btl_tcp.c:559:mca_btl_tcp_recv_blocking] recv(71) failed: Connection reset by peer (104)
[tri1009][[13502,8515],13][btl_tcp.c:559:mca_btl_tcp_recv_blocking] recv(71) failed: Connection reset by peer (104)
[tri1009][[13502,8515],37][btl_tcp.c:559:mca_btl_tcp_recv_blocking] recv(71) failed: Connection reset by peer (104)
[tri1009][[13502,8515],61][btl_tcp.c:559:mca_btl_tcp_recv_blocking] recv(71) failed: Connection reset by peer (104)
[tri1009][[13502,8515],21][btl_tcp.c:559:mca_btl_tcp_recv_blocking] recv(71) failed: Connection reset by peer (104)
[tri1009][[13502,8515],58][btl_tcp.c:559:mca_btl_tcp_recv_blocking] recv(71) failed: Connection reset by peer (104)
[tri1009][[13502,8515],25][btl_tcp.c:559:mca_btl_tcp_recv_blocking] recv(71) failed: Connection reset by peer (104)
[tri1009][[13502,8515],24][btl_tcp.c:559:mca_btl_tcp_recv_blocking] recv(71) failed: Connection reset by peer (104)
[tri1009][[13502,8515],36][btl_tcp.c:559:mca_btl_tcp_recv_blocking] recv(71) failed: Connection reset by peer (104)
[tri1009][[13502,8515],26][btl_tcp.c:559:mca_btl_tcp_recv_blocking] recv(71) failed: Connection reset by peer (104)
[tri1009][[13502,8515],28][btl_tcp.c:559:mca_btl_tcp_recv_blocking] recv(71) failed: Connection reset by peer (104)
[tri1009][[13502,8515],23][btl_tcp.c:559:mca_btl_tcp_recv_blocking] recv(71) failed: Connection reset by peer (104)
[tri1009][[13502,8515],51][btl_tcp.c:559:mca_btl_tcp_recv_blocking] recv(71) failed: Connection reset by peer (104)
[tri1009][[13502,8515],2][btl_tcp.c:559:mca_btl_tcp_recv_blocking] recv(71) failed: Connection reset by peer (104)
srun: Job step aborted: Waiting up to 62 seconds for job step to finish.
slurmstepd: error: *** STEP 1094560.0 ON tri1009 CANCELLED AT 2026-03-03T16:41:42 DUE TO TIME LIMIT ***
slurmstepd: error: *** JOB 1094560 ON tri1009 CANCELLED AT 2026-03-03T16:41:42 DUE TO TIME LIMIT ***
